$9B/85DC 8A          TXA                     A:0000 X:0008 Y:0382 P:envmxdiZc
$9B/85DD 4A          LSR A                   A:0008 X:0008 Y:0382 P:envmxdizc
$9B/85DE 4A          LSR A                   A:0004 X:0008 Y:0382 P:envmxdizc
$9B/85DF 4A          LSR A                   A:0002 X:0008 Y:0382 P:envmxdizc
$9B/85E0 4A          LSR A                   A:0001 X:0008 Y:0382 P:envmxdizc
$9B/85E1 F0 54       BEQ $54    [$8637]      A:0000 X:0008 Y:0382 P:envmxdiZC
$9B/8637 A5 06       LDA $06    [$00:0006]   A:0000 X:0008 Y:0382 P:envmxdiZC
$9B/8639 1A          INC A                   A:036E X:0008 Y:0382 P:envmxdizC
$9B/863A 1A          INC A                   A:036F X:0008 Y:0382 P:envmxdizC
$9B/863B A8          TAY                     A:0370 X:0008 Y:0382 P:envmxdizC
$9B/863C 29 10 00    AND #$0010              A:0370 X:0008 Y:0370 P:envmxdizC
$9B/863F F0 06       BEQ $06    [$8647]      A:0010 X:0008 Y:0370 P:envmxdizC
$9B/8641 98          TYA                     A:0010 X:0008 Y:0370 P:envmxdizC
$9B/8642 18          CLC                     A:0370 X:0008 Y:0370 P:envmxdizC
$9B/8643 69 10 00    ADC #$0010              A:0370 X:0008 Y:0370 P:envmxdizc
$9B/8646 A8          TAY                     A:0380 X:0008 Y:0370 P:envmxdizc
$9B/8647 84 06       STY $06    [$00:0006]   A:0380 X:0008 Y:0380 P:envmxdizc
$9B/8649 A5 16       LDA $16    [$00:0016]   A:0380 X:0008 Y:0380 P:envmxdizc
$9B/864B 91 10       STA ($10),y[$7F:5480]   A:00C0 X:0008 Y:0380 P:envmxdizc
$9B/864D 98          TYA                     A:00C0 X:0008 Y:0380 P:envmxdizc
$9B/864E 18          CLC                     A:0380 X:0008 Y:0380 P:envmxdizc
$9B/864F 69 10 00    ADC #$0010              A:0380 X:0008 Y:0380 P:envmxdizc
$9B/8652 A8          TAY                     A:0390 X:0008 Y:0380 P:envmxdizc
$9B/8653 A5 14       LDA $14    [$00:0014]   A:0390 X:0008 Y:0390 P:envmxdizc
$9B/8655 91 10       STA ($10),y[$7F:5490]   A:20C0 X:0008 Y:0390 P:envmxdizc
$9B/8657 E6 04       INC $04    [$00:0004]   A:20C0 X:0008 Y:0390 P:envmxdizc
$9B/8659 C6 00       DEC $00    [$00:0000]   A:20C0 X:0008 Y:0390 P:envmxdizc
$9B/865B 10 8B       BPL $8B    [$85E8]      A:20C0 X:0008 Y:0390 P:envmxdizc
$9B/85E8 A2 80 00    LDX #$0080              A:20C0 X:0008 Y:0390 P:envmxdizc
$9B/85EB 64 14       STZ $14    [$00:0014]   A:20C0 X:0080 Y:0390 P:envmxdizc
$9B/85ED 64 16       STZ $16    [$00:0016]   A:20C0 X:0080 Y:0390 P:envmxdizc
$9B/85EF A5 04       LDA $04    [$00:0004]   A:20C0 X:0080 Y:0390 P:envmxdizc
$9B/85F1 0A          ASL A                   A:00E1 X:0080 Y:0390 P:envmxdizc
$9B/85F2 0A          ASL A                   A:01C2 X:0080 Y:0390 P:envmxdizc
$9B/85F3 A8          TAY                     A:0384 X:0080 Y:0390 P:envmxdizc
$9B/85F4 B1 0C       LDA ($0C),y[$7F:0384]   A:0384 X:0080 Y:0384 P:envmxdizc
$9B/85F6 F0 E4       BEQ $E4    [$85DC]      A:0066 X:0080 Y:0384 P:envmxdizc
$9B/85F8 EB          XBA                     A:0066 X:0080 Y:0384 P:envmxdizc
$9B/85F9 A8          TAY                     A:6600 X:0080 Y:0384 P:envmxdiZc
$9B/85FA 98          TYA                     A:6600 X:0080 Y:6600 P:envmxdizc
$9B/85FB 0A          ASL A                   A:6600 X:0080 Y:6600 P:envmxdizc
$9B/85FC 90 05       BCC $05    [$8603]      A:CC00 X:0080 Y:6600 P:eNvmxdizc
$9B/8603 0A          ASL A                   A:CC00 X:0080 Y:6600 P:eNvmxdizc
$9B/8604 90 05       BCC $05    [$860B]      A:9800 X:0080 Y:6600 P:eNvmxdizC
$9B/8606 A8          TAY                     A:9800 X:0080 Y:6600 P:eNvmxdizC
$9B/8607 8A          TXA                     A:9800 X:0080 Y:9800 P:eNvmxdizC
$9B/8608 04 14       TSB $14    [$00:0014]   A:0080 X:0080 Y:9800 P:envmxdizC
$9B/860A 98          TYA                     A:0080 X:0080 Y:9800 P:envmxdiZC
$9B/860B 0A          ASL A                   A:9800 X:0080 Y:9800 P:eNvmxdizC
$9B/860C 90 05       BCC $05    [$8613]      A:3000 X:0080 Y:9800 P:envmxdizC
$9B/860E A8          TAY                     A:3000 X:0080 Y:9800 P:envmxdizC
$9B/860F 8A          TXA                     A:3000 X:0080 Y:3000 P:envmxdizC
$9B/8610 04 17       TSB $17    [$00:0017]   A:0080 X:0080 Y:3000 P:envmxdizC
$9B/8612 98          TYA                     A:0080 X:0080 Y:3000 P:envmxdiZC
$9B/8613 0A          ASL A                   A:3000 X:0080 Y:3000 P:envmxdizC
$9B/8614 90 05       BCC $05    [$861B]      A:6000 X:0080 Y:3000 P:envmxdizc
$9B/861B A8          TAY                     A:6000 X:0080 Y:3000 P:envmxdizc
$9B/861C 8A          TXA                     A:6000 X:0080 Y:6000 P:envmxdizc
$9B/861D 4A          LSR A                   A:0080 X:0080 Y:6000 P:envmxdizc
$9B/861E AA          TAX                     A:0040 X:0080 Y:6000 P:envmxdizc
$9B/861F E0 10 00    CPX #$0010              A:0040 X:0040 Y:6000 P:envmxdizc
$9B/8622 B0 D6       BCS $D6    [$85FA]      A:0040 X:0040 Y:6000 P:envmxdizC
$9B/85FA 98          TYA                     A:0040 X:0040 Y:6000 P:envmxdizC
$9B/85FB 0A          ASL A                   A:6000 X:0040 Y:6000 P:envmxdizC
$9B/85FC 90 05       BCC $05    [$8603]      A:C000 X:0040 Y:6000 P:eNvmxdizc
$9B/8603 0A          ASL A                   A:C000 X:0040 Y:6000 P:eNvmxdizc
$9B/8604 90 05       BCC $05    [$860B]      A:8000 X:0040 Y:6000 P:eNvmxdizC
$9B/8606 A8          TAY                     A:8000 X:0040 Y:6000 P:eNvmxdizC
$9B/8607 8A          TXA                     A:8000 X:0040 Y:8000 P:eNvmxdizC
$9B/8608 04 14       TSB $14    [$00:0014]   A:0040 X:0040 Y:8000 P:envmxdizC
$9B/860A 98          TYA                     A:0040 X:0040 Y:8000 P:envmxdiZC
$9B/860B 0A          ASL A                   A:8000 X:0040 Y:8000 P:eNvmxdizC
$9B/860C 90 05       BCC $05    [$8613]      A:0000 X:0040 Y:8000 P:envmxdiZC
$9B/860E A8          TAY                     A:0000 X:0040 Y:8000 P:envmxdiZC
$9B/860F 8A          TXA                     A:0000 X:0040 Y:0000 P:envmxdiZC
$9B/8610 04 17       TSB $17    [$00:0017]   A:0040 X:0040 Y:0000 P:envmxdizC
$9B/8612 98          TYA                     A:0040 X:0040 Y:0000 P:envmxdiZC
$9B/8613 0A          ASL A                   A:0000 X:0040 Y:0000 P:envmxdiZC
$9B/8614 90 05       BCC $05    [$861B]      A:0000 X:0040 Y:0000 P:envmxdiZc
$9B/861B A8          TAY                     A:0000 X:0040 Y:0000 P:envmxdiZc
$9B/861C 8A          TXA                     A:0000 X:0040 Y:0000 P:envmxdiZc
$9B/861D 4A          LSR A                   A:0040 X:0040 Y:0000 P:envmxdizc
$9B/861E AA          TAX                     A:0020 X:0040 Y:0000 P:envmxdizc
$9B/861F E0 10 00    CPX #$0010              A:0020 X:0020 Y:0000 P:envmxdizc
$9B/8622 B0 D6       BCS $D6    [$85FA]      A:0020 X:0020 Y:0000 P:envmxdizC
$9B/85FA 98          TYA                     A:0020 X:0020 Y:0000 P:envmxdizC
$9B/85FB 0A          ASL A                   A:0000 X:0020 Y:0000 P:envmxdiZC
$9B/85FC 90 05       BCC $05    [$8603]      A:0000 X:0020 Y:0000 P:envmxdiZc
$9B/8603 0A          ASL A                   A:0000 X:0020 Y:0000 P:envmxdiZc
$9B/8604 90 05       BCC $05    [$860B]      A:0000 X:0020 Y:0000 P:envmxdiZc
$9B/860B 0A          ASL A                   A:0000 X:0020 Y:0000 P:envmxdiZc
$9B/860C 90 05       BCC $05    [$8613]      A:0000 X:0020 Y:0000 P:envmxdiZc
$9B/8613 0A          ASL A                   A:0000 X:0020 Y:0000 P:envmxdiZc
$9B/8614 90 05       BCC $05    [$861B]      A:0000 X:0020 Y:0000 P:envmxdiZc
$9B/861B A8          TAY                     A:0000 X:0020 Y:0000 P:envmxdiZc
$9B/861C 8A          TXA                     A:0000 X:0020 Y:0000 P:envmxdiZc
$9B/861D 4A          LSR A                   A:0020 X:0020 Y:0000 P:envmxdizc
$9B/861E AA          TAX                     A:0010 X:0020 Y:0000 P:envmxdizc
$9B/861F E0 10 00    CPX #$0010              A:0010 X:0010 Y:0000 P:envmxdizc
$9B/8622 B0 D6       BCS $D6    [$85FA]      A:0010 X:0010 Y:0000 P:envmxdiZC
$9B/85FA 98          TYA                     A:0010 X:0010 Y:0000 P:envmxdiZC
$9B/85FB 0A          ASL A                   A:0000 X:0010 Y:0000 P:envmxdiZC
$9B/85FC 90 05       BCC $05    [$8603]      A:0000 X:0010 Y:0000 P:envmxdiZc
$9B/8603 0A          ASL A                   A:0000 X:0010 Y:0000 P:envmxdiZc
$9B/8604 90 05       BCC $05    [$860B]      A:0000 X:0010 Y:0000 P:envmxdiZc
$9B/860B 0A          ASL A                   A:0000 X:0010 Y:0000 P:envmxdiZc
$9B/860C 90 05       BCC $05    [$8613]      A:0000 X:0010 Y:0000 P:envmxdiZc
$9B/8613 0A          ASL A                   A:0000 X:0010 Y:0000 P:envmxdiZc
$9B/8614 90 05       BCC $05    [$861B]      A:0000 X:0010 Y:0000 P:envmxdiZc
$9B/861B A8          TAY                     A:0000 X:0010 Y:0000 P:envmxdiZc
$9B/861C 8A          TXA                     A:0000 X:0010 Y:0000 P:envmxdiZc
$9B/861D 4A          LSR A                   A:0010 X:0010 Y:0000 P:envmxdizc
$9B/861E AA          TAX                     A:0008 X:0010 Y:0000 P:envmxdizc
$9B/861F E0 10 00    CPX #$0010              A:0008 X:0008 Y:0000 P:envmxdizc
$9B/8622 B0 D6       BCS $D6    [$85FA]      A:0008 X:0008 Y:0000 P:eNvmxdizc
$9B/8624 E0 00 00    CPX #$0000              A:0008 X:0008 Y:0000 P:eNvmxdizc
$9B/8627 F0 0E       BEQ $0E    [$8637]      A:0008 X:0008 Y:0000 P:envmxdizC
$9B/8629 E0 08 00    CPX #$0008              A:0008 X:0008 Y:0000 P:envmxdizC
$9B/862C 90 CC       BCC $CC    [$85FA]      A:0008 X:0008 Y:0000 P:envmxdiZC
$9B/862E A5 04       LDA $04    [$00:0004]   A:0008 X:0008 Y:0000 P:envmxdiZC
$9B/8630 0A          ASL A                   A:00E1 X:0008 Y:0000 P:envmxdizC
$9B/8631 0A          ASL A                   A:01C2 X:0008 Y:0000 P:envmxdizc
$9B/8632 A8          TAY                     A:0384 X:0008 Y:0000 P:envmxdizc
$9B/8633 C8          INY                     A:0384 X:0008 Y:0384 P:envmxdizc
$9B/8634 C8          INY                     A:0384 X:0008 Y:0385 P:envmxdizc
$9B/8635 80 BD       BRA $BD    [$85F4]      A:0384 X:0008 Y:0386 P:envmxdizc
$9B/85F4 B1 0C       LDA ($0C),y[$7F:0386]   A:0384 X:0008 Y:0386 P:envmxdizc
$9B/85F6 F0 E4       BEQ $E4    [$85DC]      A:0000 X:0008 Y:0386 P:envmxdiZc
$9B/85DC 8A          TXA                     A:0000 X:0008 Y:0386 P:envmxdiZc
$9B/85DD 4A          LSR A                   A:0008 X:0008 Y:0386 P:envmxdizc
$9B/85DE 4A          LSR A                   A:0004 X:0008 Y:0386 P:envmxdizc
$9B/85DF 4A          LSR A                   A:0002 X:0008 Y:0386 P:envmxdizc
$9B/85E0 4A          LSR A                   A:0001 X:0008 Y:0386 P:envmxdizc
$9B/85E1 F0 54       BEQ $54    [$8637]      A:0000 X:0008 Y:0386 P:envmxdiZC
$9B/8637 A5 06       LDA $06    [$00:0006]   A:0000 X:0008 Y:0386 P:envmxdiZC
$9B/8639 1A          INC A                   A:0380 X:0008 Y:0386 P:envmxdizC
$9B/863A 1A          INC A                   A:0381 X:0008 Y:0386 P:envmxdizC
$9B/863B A8          TAY                     A:0382 X:0008 Y:0386 P:envmxdizC
$9B/863C 29 10 00    AND #$0010              A:0382 X:0008 Y:0382 P:envmxdizC
$9B/863F F0 06       BEQ $06    [$8647]      A:0000 X:0008 Y:0382 P:envmxdiZC
$9B/8647 84 06       STY $06    [$00:0006]   A:0000 X:0008 Y:0382 P:envmxdiZC
$9B/8649 A5 16       LDA $16    [$00:0016]   A:0000 X:0008 Y:0382 P:envmxdiZC
$9B/864B 91 10       STA ($10),y[$7F:5482]   A:C000 X:0008 Y:0382 P:eNvmxdizC
$9B/864D 98          TYA                     A:C000 X:0008 Y:0382 P:eNvmxdizC
$9B/864E 18          CLC                     A:0382 X:0008 Y:0382 P:envmxdizC
$9B/864F 69 10 00    ADC #$0010              A:0382 X:0008 Y:0382 P:envmxdizc
$9B/8652 A8          TAY                     A:0392 X:0008 Y:0382 P:envmxdizc
$9B/8653 A5 14       LDA $14    [$00:0014]   A:0392 X:0008 Y:0392 P:envmxdizc
$9B/8655 91 10       STA ($10),y[$7F:5492]   A:00C0 X:0008 Y:0392 P:envmxdizc
$9B/8657 E6 04       INC $04    [$00:0004]   A:00C0 X:0008 Y:0392 P:envmxdizc
$9B/8659 C6 00       DEC $00    [$00:0000]   A:00C0 X:0008 Y:0392 P:envmxdizc
$9B/865B 10 8B       BPL $8B    [$85E8]      A:00C0 X:0008 Y:0392 P:envmxdizc
$9B/85E8 A2 80 00    LDX #$0080              A:00C0 X:0008 Y:0392 P:envmxdizc
$9B/85EB 64 14       STZ $14    [$00:0014]   A:00C0 X:0080 Y:0392 P:envmxdizc
$9B/85ED 64 16       STZ $16    [$00:0016]   A:00C0 X:0080 Y:0392 P:envmxdizc
$9B/85EF A5 04       LDA $04    [$00:0004]   A:00C0 X:0080 Y:0392 P:envmxdizc
$9B/85F1 0A          ASL A                   A:00E2 X:0080 Y:0392 P:envmxdizc
$9B/85F2 0A          ASL A                   A:01C4 X:0080 Y:0392 P:envmxdizc
$9B/85F3 A8          TAY                     A:0388 X:0080 Y:0392 P:envmxdizc
$9B/85F4 B1 0C       LDA ($0C),y[$7F:0388]   A:0388 X:0080 Y:0388 P:envmxdizc
$9B/85F6 F0 E4       BEQ $E4    [$85DC]      A:0066 X:0080 Y:0388 P:envmxdizc
$9B/85F8 EB          XBA                     A:0066 X:0080 Y:0388 P:envmxdizc
$9B/85F9 A8          TAY                     A:6600 X:0080 Y:0388 P:envmxdiZc
$9B/85FA 98          TYA                     A:6600 X:0080 Y:6600 P:envmxdizc
$9B/85FB 0A          ASL A                   A:6600 X:0080 Y:6600 P:envmxdizc
$9B/85FC 90 05       BCC $05    [$8603]      A:CC00 X:0080 Y:6600 P:eNvmxdizc
$9B/8603 0A          ASL A                   A:CC00 X:0080 Y:6600 P:eNvmxdizc
$9B/8604 90 05       BCC $05    [$860B]      A:9800 X:0080 Y:6600 P:eNvmxdizC
$9B/8606 A8          TAY                     A:9800 X:0080 Y:6600 P:eNvmxdizC
$9B/8607 8A          TXA                     A:9800 X:0080 Y:9800 P:eNvmxdizC
$9B/8608 04 14       TSB $14    [$00:0014]   A:0080 X:0080 Y:9800 P:envmxdizC
$9B/860A 98          TYA                     A:0080 X:0080 Y:9800 P:envmxdiZC
$9B/860B 0A          ASL A                   A:9800 X:0080 Y:9800 P:eNvmxdizC
$9B/860C 90 05       BCC $05    [$8613]      A:3000 X:0080 Y:9800 P:envmxdizC
$9B/860E A8          TAY                     A:3000 X:0080 Y:9800 P:envmxdizC
$9B/860F 8A          TXA                     A:3000 X:0080 Y:3000 P:envmxdizC
$9B/8610 04 17       TSB $17    [$00:0017]   A:0080 X:0080 Y:3000 P:envmxdizC
$9B/8612 98          TYA                     A:0080 X:0080 Y:3000 P:envmxdiZC
$9B/8613 0A          ASL A                   A:3000 X:0080 Y:3000 P:envmxdizC
$9B/8614 90 05       BCC $05    [$861B]      A:6000 X:0080 Y:3000 P:envmxdizc
$9B/861B A8          TAY                     A:6000 X:0080 Y:3000 P:envmxdizc
$9B/861C 8A          TXA                     A:6000 X:0080 Y:6000 P:envmxdizc
$9B/861D 4A          LSR A                   A:0080 X:0080 Y:6000 P:envmxdizc
$9B/861E AA          TAX                     A:0040 X:0080 Y:6000 P:envmxdizc
$9B/861F E0 10 00    CPX #$0010              A:0040 X:0040 Y:6000 P:envmxdizc
$9B/8622 B0 D6       BCS $D6    [$85FA]      A:0040 X:0040 Y:6000 P:envmxdizC
$9B/85FA 98          TYA                     A:0040 X:0040 Y:6000 P:envmxdizC
$9B/85FB 0A          ASL A                   A:6000 X:0040 Y:6000 P:envmxdizC
$9B/85FC 90 05       BCC $05    [$8603]      A:C000 X:0040 Y:6000 P:eNvmxdizc
$9B/8603 0A          ASL A                   A:C000 X:0040 Y:6000 P:eNvmxdizc
$9B/8604 90 05       BCC $05    [$860B]      A:8000 X:0040 Y:6000 P:eNvmxdizC
$9B/8606 A8          TAY                     A:8000 X:0040 Y:6000 P:eNvmxdizC
$9B/8607 8A          TXA                     A:8000 X:0040 Y:8000 P:eNvmxdizC
$9B/8608 04 14       TSB $14    [$00:0014]   A:0040 X:0040 Y:8000 P:envmxdizC
$9B/860A 98          TYA                     A:0040 X:0040 Y:8000 P:envmxdiZC
$9B/860B 0A          ASL A                   A:8000 X:0040 Y:8000 P:eNvmxdizC
$9B/860C 90 05       BCC $05    [$8613]      A:0000 X:0040 Y:8000 P:envmxdiZC
$9B/860E A8          TAY                     A:0000 X:0040 Y:8000 P:envmxdiZC
$9B/860F 8A          TXA                     A:0000 X:0040 Y:0000 P:envmxdiZC
$9B/8610 04 17       TSB $17    [$00:0017]   A:0040 X:0040 Y:0000 P:envmxdizC
$9B/8612 98          TYA                     A:0040 X:0040 Y:0000 P:envmxdiZC
$9B/8613 0A          ASL A                   A:0000 X:0040 Y:0000 P:envmxdiZC
$9B/8614 90 05       BCC $05    [$861B]      A:0000 X:0040 Y:0000 P:envmxdiZc
$9B/861B A8          TAY                     A:0000 X:0040 Y:0000 P:envmxdiZc
$9B/861C 8A          TXA                     A:0000 X:0040 Y:0000 P:envmxdiZc
$9B/861D 4A          LSR A                   A:0040 X:0040 Y:0000 P:envmxdizc
$9B/861E AA          TAX                     A:0020 X:0040 Y:0000 P:envmxdizc
$9B/861F E0 10 00    CPX #$0010              A:0020 X:0020 Y:0000 P:envmxdizc
$9B/8622 B0 D6       BCS $D6    [$85FA]      A:0020 X:0020 Y:0000 P:envmxdizC
$9B/85FA 98          TYA                     A:0020 X:0020 Y:0000 P:envmxdizC
$9B/85FB 0A          ASL A                   A:0000 X:0020 Y:0000 P:envmxdiZC
$9B/85FC 90 05       BCC $05    [$8603]      A:0000 X:0020 Y:0000 P:envmxdiZc
$9B/8603 0A          ASL A                   A:0000 X:0020 Y:0000 P:envmxdiZc
$9B/8604 90 05       BCC $05    [$860B]      A:0000 X:0020 Y:0000 P:envmxdiZc
$9B/860B 0A          ASL A                   A:0000 X:0020 Y:0000 P:envmxdiZc
$9B/860C 90 05       BCC $05    [$8613]      A:0000 X:0020 Y:0000 P:envmxdiZc
$9B/8613 0A          ASL A                   A:0000 X:0020 Y:0000 P:envmxdiZc
$9B/8614 90 05       BCC $05    [$861B]      A:0000 X:0020 Y:0000 P:envmxdiZc
$9B/861B A8          TAY                     A:0000 X:0020 Y:0000 P:envmxdiZc
$9B/861C 8A          TXA                     A:0000 X:0020 Y:0000 P:envmxdiZc
$9B/861D 4A          LSR A                   A:0020 X:0020 Y:0000 P:envmxdizc
$9B/861E AA          TAX                     A:0010 X:0020 Y:0000 P:envmxdizc
$9B/861F E0 10 00    CPX #$0010              A:0010 X:0010 Y:0000 P:envmxdizc
$9B/8622 B0 D6       BCS $D6    [$85FA]      A:0010 X:0010 Y:0000 P:envmxdiZC
$9B/85FA 98          TYA                     A:0010 X:0010 Y:0000 P:envmxdiZC
$9B/85FB 0A          ASL A                   A:0000 X:0010 Y:0000 P:envmxdiZC
$9B/85FC 90 05       BCC $05    [$8603]      A:0000 X:0010 Y:0000 P:envmxdiZc
$9B/8603 0A          ASL A                   A:0000 X:0010 Y:0000 P:envmxdiZc
$9B/8604 90 05       BCC $05    [$860B]      A:0000 X:0010 Y:0000 P:envmxdiZc
$9B/860B 0A          ASL A                   A:0000 X:0010 Y:0000 P:envmxdiZc
$9B/860C 90 05       BCC $05    [$8613]      A:0000 X:0010 Y:0000 P:envmxdiZc
$9B/8613 0A          ASL A                   A:0000 X:0010 Y:0000 P:envmxdiZc
$9B/8614 90 05       BCC $05    [$861B]      A:0000 X:0010 Y:0000 P:envmxdiZc
$9B/861B A8          TAY                     A:0000 X:0010 Y:0000 P:envmxdiZc
$9B/861C 8A          TXA                     A:0000 X:0010 Y:0000 P:envmxdiZc
$9B/861D 4A          LSR A                   A:0010 X:0010 Y:0000 P:envmxdizc
$9B/861E AA          TAX                     A:0008 X:0010 Y:0000 P:envmxdizc
$9B/861F E0 10 00    CPX #$0010              A:0008 X:0008 Y:0000 P:envmxdizc
$9B/8622 B0 D6       BCS $D6    [$85FA]      A:0008 X:0008 Y:0000 P:eNvmxdizc
$9B/8624 E0 00 00    CPX #$0000              A:0008 X:0008 Y:0000 P:eNvmxdizc
$9B/8627 F0 0E       BEQ $0E    [$8637]      A:0008 X:0008 Y:0000 P:envmxdizC
$9B/8629 E0 08 00    CPX #$0008              A:0008 X:0008 Y:0000 P:envmxdizC
$9B/862C 90 CC       BCC $CC    [$85FA]      A:0008 X:0008 Y:0000 P:envmxdiZC
$9B/862E A5 04       LDA $04    [$00:0004]   A:0008 X:0008 Y:0000 P:envmxdiZC
$9B/8630 0A          ASL A                   A:00E2 X:0008 Y:0000 P:envmxdizC
$9B/8631 0A          ASL A                   A:01C4 X:0008 Y:0000 P:envmxdizc
$9B/8632 A8          TAY                     A:0388 X:0008 Y:0000 P:envmxdizc
$9B/8633 C8          INY                     A:0388 X:0008 Y:0388 P:envmxdizc
$9B/8634 C8          INY                     A:0388 X:0008 Y:0389 P:envmxdizc
$9B/8635 80 BD       BRA $BD    [$85F4]      A:0388 X:0008 Y:038A P:envmxdizc
$9B/85F4 B1 0C       LDA ($0C),y[$7F:038A]   A:0388 X:0008 Y:038A P:envmxdizc
$9B/85F6 F0 E4       BEQ $E4    [$85DC]      A:0000 X:0008 Y:038A P:envmxdiZc
$9B/85DC 8A          TXA                     A:0000 X:0008 Y:038A P:envmxdiZc
$9B/85DD 4A          LSR A                   A:0008 X:0008 Y:038A P:envmxdizc
$9B/85DE 4A          LSR A                   A:0004 X:0008 Y:038A P:envmxdizc
$9B/85DF 4A          LSR A                   A:0002 X:0008 Y:038A P:envmxdizc
$9B/85E0 4A          LSR A                   A:0001 X:0008 Y:038A P:envmxdizc
$9B/85E1 F0 54       BEQ $54    [$8637]      A:0000 X:0008 Y:038A P:envmxdiZC
$9B/8637 A5 06       LDA $06    [$00:0006]   A:0000 X:0008 Y:038A P:envmxdiZC
$9B/8639 1A          INC A                   A:0382 X:0008 Y:038A P:envmxdizC
$9B/863A 1A          INC A                   A:0383 X:0008 Y:038A P:envmxdizC
$9B/863B A8          TAY                     A:0384 X:0008 Y:038A P:envmxdizC
$9B/863C 29 10 00    AND #$0010              A:0384 X:0008 Y:0384 P:envmxdizC
$9B/863F F0 06       BEQ $06    [$8647]      A:0000 X:0008 Y:0384 P:envmxdiZC
$9B/8647 84 06       STY $06    [$00:0006]   A:0000 X:0008 Y:0384 P:envmxdiZC
$9B/8649 A5 16       LDA $16    [$00:0016]   A:0000 X:0008 Y:0384 P:envmxdiZC
$9B/864B 91 10       STA ($10),y[$7F:5484]   A:C000 X:0008 Y:0384 P:eNvmxdizC
$9B/864D 98          TYA                     A:C000 X:0008 Y:0384 P:eNvmxdizC
$9B/864E 18          CLC                     A:0384 X:0008 Y:0384 P:envmxdizC
$9B/864F 69 10 00    ADC #$0010              A:0384 X:0008 Y:0384 P:envmxdizc
$9B/8652 A8          TAY                     A:0394 X:0008 Y:0384 P:envmxdizc
$9B/8653 A5 14       LDA $14    [$00:0014]   A:0394 X:0008 Y:0394 P:envmxdizc
$9B/8655 91 10       STA ($10),y[$7F:5494]   A:00C0 X:0008 Y:0394 P:envmxdizc
$9B/8657 E6 04       INC $04    [$00:0004]   A:00C0 X:0008 Y:0394 P:envmxdizc
$9B/8659 C6 00       DEC $00    [$00:0000]   A:00C0 X:0008 Y:0394 P:envmxdizc
$9B/865B 10 8B       BPL $8B    [$85E8]      A:00C0 X:0008 Y:0394 P:envmxdizc
$9B/85E8 A2 80 00    LDX #$0080              A:00C0 X:0008 Y:0394 P:envmxdizc
$9B/85EB 64 14       STZ $14    [$00:0014]   A:00C0 X:0080 Y:0394 P:envmxdizc
$9B/85ED 64 16       STZ $16    [$00:0016]   A:00C0 X:0080 Y:0394 P:envmxdizc
$9B/85EF A5 04       LDA $04    [$00:0004]   A:00C0 X:0080 Y:0394 P:envmxdizc
$9B/85F1 0A          ASL A                   A:00E3 X:0080 Y:0394 P:envmxdizc
$9B/85F2 0A          ASL A                   A:01C6 X:0080 Y:0394 P:envmxdizc
$9B/85F3 A8          TAY                     A:038C X:0080 Y:0394 P:envmxdizc
$9B/85F4 B1 0C       LDA ($0C),y[$7F:038C]   A:038C X:0080 Y:038C P:envmxdizc
$9B/85F6 F0 E4       BEQ $E4    [$85DC]      A:0066 X:0080 Y:038C P:envmxdizc
$9B/85F8 EB          XBA                     A:0066 X:0080 Y:038C P:envmxdizc
$9B/85F9 A8          TAY                     A:6600 X:0080 Y:038C P:envmxdiZc
$9B/85FA 98          TYA                     A:6600 X:0080 Y:6600 P:envmxdizc
$9B/85FB 0A          ASL A                   A:6600 X:0080 Y:6600 P:envmxdizc
$9B/85FC 90 05       BCC $05    [$8603]      A:CC00 X:0080 Y:6600 P:eNvmxdizc
$9B/8603 0A          ASL A                   A:CC00 X:0080 Y:6600 P:eNvmxdizc
$9B/8604 90 05       BCC $05    [$860B]      A:9800 X:0080 Y:6600 P:eNvmxdizC
$9B/8606 A8          TAY                     A:9800 X:0080 Y:6600 P:eNvmxdizC
$9B/8607 8A          TXA                     A:9800 X:0080 Y:9800 P:eNvmxdizC
$9B/8608 04 14       TSB $14    [$00:0014]   A:0080 X:0080 Y:9800 P:envmxdizC
$9B/860A 98          TYA                     A:0080 X:0080 Y:9800 P:envmxdiZC
$9B/860B 0A          ASL A                   A:9800 X:0080 Y:9800 P:eNvmxdizC
$9B/860C 90 05       BCC $05    [$8613]      A:3000 X:0080 Y:9800 P:envmxdizC
$9B/860E A8          TAY                     A:3000 X:0080 Y:9800 P:envmxdizC
$9B/860F 8A          TXA                     A:3000 X:0080 Y:3000 P:envmxdizC
$9B/8610 04 17       TSB $17    [$00:0017]   A:0080 X:0080 Y:3000 P:envmxdizC
$9B/8612 98          TYA                     A:0080 X:0080 Y:3000 P:envmxdiZC
$9B/8613 0A          ASL A                   A:3000 X:0080 Y:3000 P:envmxdizC
$9B/8614 90 05       BCC $05    [$861B]      A:6000 X:0080 Y:3000 P:envmxdizc
$9B/861B A8          TAY                     A:6000 X:0080 Y:3000 P:envmxdizc
$9B/861C 8A          TXA                     A:6000 X:0080 Y:6000 P:envmxdizc
$9B/861D 4A          LSR A                   A:0080 X:0080 Y:6000 P:envmxdizc
$9B/861E AA          TAX                     A:0040 X:0080 Y:6000 P:envmxdizc
$9B/861F E0 10 00    CPX #$0010              A:0040 X:0040 Y:6000 P:envmxdizc
$9B/8622 B0 D6       BCS $D6    [$85FA]      A:0040 X:0040 Y:6000 P:envmxdizC
$9B/85FA 98          TYA                     A:0040 X:0040 Y:6000 P:envmxdizC
$9B/85FB 0A          ASL A                   A:6000 X:0040 Y:6000 P:envmxdizC
$9B/85FC 90 05       BCC $05    [$8603]      A:C000 X:0040 Y:6000 P:eNvmxdizc
$9B/8603 0A          ASL A                   A:C000 X:0040 Y:6000 P:eNvmxdizc
$9B/8604 90 05       BCC $05    [$860B]      A:8000 X:0040 Y:6000 P:eNvmxdizC
$9B/8606 A8          TAY                     A:8000 X:0040 Y:6000 P:eNvmxdizC
$9B/8607 8A          TXA                     A:8000 X:0040 Y:8000 P:eNvmxdizC
$9B/8608 04 14       TSB $14    [$00:0014]   A:0040 X:0040 Y:8000 P:envmxdizC
$9B/860A 98          TYA                     A:0040 X:0040 Y:8000 P:envmxdiZC
$9B/860B 0A          ASL A                   A:8000 X:0040 Y:8000 P:eNvmxdizC
$9B/860C 90 05       BCC $05    [$8613]      A:0000 X:0040 Y:8000 P:envmxdiZC
$9B/860E A8          TAY                     A:0000 X:0040 Y:8000 P:envmxdiZC
$9B/860F 8A          TXA                     A:0000 X:0040 Y:0000 P:envmxdiZC
$9B/8610 04 17       TSB $17    [$00:0017]   A:0040 X:0040 Y:0000 P:envmxdizC
$9B/8612 98          TYA                     A:0040 X:0040 Y:0000 P:envmxdiZC
$9B/8613 0A          ASL A                   A:0000 X:0040 Y:0000 P:envmxdiZC
$9B/8614 90 05       BCC $05    [$861B]      A:0000 X:0040 Y:0000 P:envmxdiZc
$9B/861B A8          TAY                     A:0000 X:0040 Y:0000 P:envmxdiZc
$9B/861C 8A          TXA                     A:0000 X:0040 Y:0000 P:envmxdiZc
$9B/861D 4A          LSR A                   A:0040 X:0040 Y:0000 P:envmxdizc
$9B/861E AA          TAX                     A:0020 X:0040 Y:0000 P:envmxdizc
$9B/861F E0 10 00    CPX #$0010              A:0020 X:0020 Y:0000 P:envmxdizc
$9B/8622 B0 D6       BCS $D6    [$85FA]      A:0020 X:0020 Y:0000 P:envmxdizC
$9B/85FA 98          TYA                     A:0020 X:0020 Y:0000 P:envmxdizC
$9B/85FB 0A          ASL A                   A:0000 X:0020 Y:0000 P:envmxdiZC
$9B/85FC 90 05       BCC $05    [$8603]      A:0000 X:0020 Y:0000 P:envmxdiZc
$9B/8603 0A          ASL A                   A:0000 X:0020 Y:0000 P:envmxdiZc
$9B/8604 90 05       BCC $05    [$860B]      A:0000 X:0020 Y:0000 P:envmxdiZc
$9B/860B 0A          ASL A                   A:0000 X:0020 Y:0000 P:envmxdiZc
$9B/860C 90 05       BCC $05    [$8613]      A:0000 X:0020 Y:0000 P:envmxdiZc
$9B/8613 0A          ASL A                   A:0000 X:0020 Y:0000 P:envmxdiZc
$9B/8614 90 05       BCC $05    [$861B]      A:0000 X:0020 Y:0000 P:envmxdiZc
$9B/861B A8          TAY                     A:0000 X:0020 Y:0000 P:envmxdiZc
$9B/861C 8A          TXA                     A:0000 X:0020 Y:0000 P:envmxdiZc
$9B/861D 4A          LSR A                   A:0020 X:0020 Y:0000 P:envmxdizc
$9B/861E AA          TAX                     A:0010 X:0020 Y:0000 P:envmxdizc
$9B/861F E0 10 00    CPX #$0010              A:0010 X:0010 Y:0000 P:envmxdizc
$9B/8622 B0 D6       BCS $D6    [$85FA]      A:0010 X:0010 Y:0000 P:envmxdiZC
$9B/85FA 98          TYA                     A:0010 X:0010 Y:0000 P:envmxdiZC
$9B/85FB 0A          ASL A                   A:0000 X:0010 Y:0000 P:envmxdiZC
$9B/85FC 90 05       BCC $05    [$8603]      A:0000 X:0010 Y:0000 P:envmxdiZc
$9B/8603 0A          ASL A                   A:0000 X:0010 Y:0000 P:envmxdiZc
$9B/8604 90 05       BCC $05    [$860B]      A:0000 X:0010 Y:0000 P:envmxdiZc
$9B/860B 0A          ASL A                   A:0000 X:0010 Y:0000 P:envmxdiZc
$9B/860C 90 05       BCC $05    [$8613]      A:0000 X:0010 Y:0000 P:envmxdiZc
$9B/8613 0A          ASL A                   A:0000 X:0010 Y:0000 P:envmxdiZc
$9B/8614 90 05       BCC $05    [$861B]      A:0000 X:0010 Y:0000 P:envmxdiZc
$9B/861B A8          TAY                     A:0000 X:0010 Y:0000 P:envmxdiZc
$9B/861C 8A          TXA                     A:0000 X:0010 Y:0000 P:envmxdiZc
$9B/861D 4A          LSR A                   A:0010 X:0010 Y:0000 P:envmxdizc
$9B/861E AA          TAX                     A:0008 X:0010 Y:0000 P:envmxdizc
$9B/861F E0 10 00    CPX #$0010              A:0008 X:0008 Y:0000 P:envmxdizc
$9B/8622 B0 D6       BCS $D6    [$85FA]      A:0008 X:0008 Y:0000 P:eNvmxdizc
$9B/8624 E0 00 00    CPX #$0000              A:0008 X:0008 Y:0000 P:eNvmxdizc
$9B/8627 F0 0E       BEQ $0E    [$8637]      A:0008 X:0008 Y:0000 P:envmxdizC
$9B/8629 E0 08 00    CPX #$0008              A:0008 X:0008 Y:0000 P:envmxdizC
$9B/862C 90 CC       BCC $CC    [$85FA]      A:0008 X:0008 Y:0000 P:envmxdiZC
$9B/862E A5 04       LDA $04    [$00:0004]   A:0008 X:0008 Y:0000 P:envmxdiZC
$9B/8630 0A          ASL A                   A:00E3 X:0008 Y:0000 P:envmxdizC
$9B/8631 0A          ASL A                   A:01C6 X:0008 Y:0000 P:envmxdizc
$9B/8632 A8          TAY                     A:038C X:0008 Y:0000 P:envmxdizc
$9B/8633 C8          INY                     A:038C X:0008 Y:038C P:envmxdizc
$9B/8634 C8          INY                     A:038C X:0008 Y:038D P:envmxdizc
$9B/8635 80 BD       BRA $BD    [$85F4]      A:038C X:0008 Y:038E P:envmxdizc
$9B/85F4 B1 0C       LDA ($0C),y[$7F:038E]   A:038C X:0008 Y:038E P:envmxdizc
$9B/85F6 F0 E4       BEQ $E4    [$85DC]      A:0000 X:0008 Y:038E P:envmxdiZc
$9B/85DC 8A          TXA                     A:0000 X:0008 Y:038E P:envmxdiZc
$9B/85DD 4A          LSR A                   A:0008 X:0008 Y:038E P:envmxdizc
$9B/85DE 4A          LSR A                   A:0004 X:0008 Y:038E P:envmxdizc
$9B/85DF 4A          LSR A                   A:0002 X:0008 Y:038E P:envmxdizc
$9B/85E0 4A          LSR A                   A:0001 X:0008 Y:038E P:envmxdizc
$9B/85E1 F0 54       BEQ $54    [$8637]      A:0000 X:0008 Y:038E P:envmxdiZC
$9B/8637 A5 06       LDA $06    [$00:0006]   A:0000 X:0008 Y:038E P:envmxdiZC
$9B/8639 1A          INC A                   A:0384 X:0008 Y:038E P:envmxdizC
$9B/863A 1A          INC A                   A:0385 X:0008 Y:038E P:envmxdizC
$9B/863B A8          TAY                     A:0386 X:0008 Y:038E P:envmxdizC
$9B/863C 29 10 00    AND #$0010              A:0386 X:0008 Y:0386 P:envmxdizC
$9B/863F F0 06       BEQ $06    [$8647]      A:0000 X:0008 Y:0386 P:envmxdiZC
$9B/8647 84 06       STY $06    [$00:0006]   A:0000 X:0008 Y:0386 P:envmxdiZC
$9B/8649 A5 16       LDA $16    [$00:0016]   A:0000 X:0008 Y:0386 P:envmxdiZC
$9B/864B 91 10       STA ($10),y[$7F:5486]   A:C000 X:0008 Y:0386 P:eNvmxdizC
$9B/864D 98          TYA                     A:C000 X:0008 Y:0386 P:eNvmxdizC
$9B/864E 18          CLC                     A:0386 X:0008 Y:0386 P:envmxdizC
$9B/864F 69 10 00    ADC #$0010              A:0386 X:0008 Y:0386 P:envmxdizc
$9B/8652 A8          TAY                     A:0396 X:0008 Y:0386 P:envmxdizc
$9B/8653 A5 14       LDA $14    [$00:0014]   A:0396 X:0008 Y:0396 P:envmxdizc
$9B/8655 91 10       STA ($10),y[$7F:5496]   A:00C0 X:0008 Y:0396 P:envmxdizc
$9B/8657 E6 04       INC $04    [$00:0004]   A:00C0 X:0008 Y:0396 P:envmxdizc
$9B/8659 C6 00       DEC $00    [$00:0000]   A:00C0 X:0008 Y:0396 P:envmxdizc
$9B/865B 10 8B       BPL $8B    [$85E8]      A:00C0 X:0008 Y:0396 P:envmxdizc
$9B/85E8 A2 80 00    LDX #$0080              A:00C0 X:0008 Y:0396 P:envmxdizc
$9B/85EB 64 14       STZ $14    [$00:0014]   A:00C0 X:0080 Y:0396 P:envmxdizc
$9B/85ED 64 16       STZ $16    [$00:0016]   A:00C0 X:0080 Y:0396 P:envmxdizc
$9B/85EF A5 04       LDA $04    [$00:0004]   A:00C0 X:0080 Y:0396 P:envmxdizc
$9B/85F1 0A          ASL A                   A:00E4 X:0080 Y:0396 P:envmxdizc
$9B/85F2 0A          ASL A                   A:01C8 X:0080 Y:0396 P:envmxdizc
$9B/85F3 A8          TAY                     A:0390 X:0080 Y:0396 P:envmxdizc
$9B/85F4 B1 0C       LDA ($0C),y[$7F:0390]   A:0390 X:0080 Y:0390 P:envmxdizc
$9B/85F6 F0 E4       BEQ $E4    [$85DC]      A:0050 X:0080 Y:0390 P:envmxdizc
$9B/85F8 EB          XBA                     A:0050 X:0080 Y:0390 P:envmxdizc
$9B/85F9 A8          TAY                     A:5000 X:0080 Y:0390 P:envmxdiZc
$9B/85FA 98          TYA                     A:5000 X:0080 Y:5000 P:envmxdizc
$9B/85FB 0A          ASL A                   A:5000 X:0080 Y:5000 P:envmxdizc
$9B/85FC 90 05       BCC $05    [$8603]      A:A000 X:0080 Y:5000 P:eNvmxdizc
$9B/8603 0A          ASL A                   A:A000 X:0080 Y:5000 P:eNvmxdizc
$9B/8604 90 05       BCC $05    [$860B]      A:4000 X:0080 Y:5000 P:envmxdizC
$9B/8606 A8          TAY                     A:4000 X:0080 Y:5000 P:envmxdizC
$9B/8607 8A          TXA                     A:4000 X:0080 Y:4000 P:envmxdizC
$9B/8608 04 14       TSB $14    [$00:0014]   A:0080 X:0080 Y:4000 P:envmxdizC
$9B/860A 98          TYA                     A:0080 X:0080 Y:4000 P:envmxdiZC
$9B/860B 0A          ASL A                   A:4000 X:0080 Y:4000 P:envmxdizC
$9B/860C 90 05       BCC $05    [$8613]      A:8000 X:0080 Y:4000 P:eNvmxdizc
$9B/8613 0A          ASL A                   A:8000 X:0080 Y:4000 P:eNvmxdizc
$9B/8614 90 05       BCC $05    [$861B]      A:0000 X:0080 Y:4000 P:envmxdiZC
$9B/8616 A8          TAY                     A:0000 X:0080 Y:4000 P:envmxdiZC
$9B/8617 8A          TXA                     A:0000 X:0080 Y:0000 P:envmxdiZC
$9B/8618 04 16       TSB $16    [$00:0016]   A:0080 X:0080 Y:0000 P:envmxdizC
$9B/861A 98          TYA                     A:0080 X:0080 Y:0000 P:envmxdiZC
$9B/861B A8          TAY                     A:0000 X:0080 Y:0000 P:envmxdiZC
$9B/861C 8A          TXA                     A:0000 X:0080 Y:0000 P:envmxdiZC
$9B/861D 4A          LSR A                   A:0080 X:0080 Y:0000 P:envmxdizC
$9B/861E AA          TAX                     A:0040 X:0080 Y:0000 P:envmxdizc
$9B/861F E0 10 00    CPX #$0010              A:0040 X:0040 Y:0000 P:envmxdizc
$9B/8622 B0 D6       BCS $D6    [$85FA]      A:0040 X:0040 Y:0000 P:envmxdizC
$9B/85FA 98          TYA                     A:0040 X:0040 Y:0000 P:envmxdizC
$9B/85FB 0A          ASL A                   A:0000 X:0040 Y:0000 P:envmxdiZC
$9B/85FC 90 05       BCC $05    [$8603]      A:0000 X:0040 Y:0000 P:envmxdiZc
$9B/8603 0A          ASL A                   A:0000 X:0040 Y:0000 P:envmxdiZc
$9B/8604 90 05       BCC $05    [$860B]      A:0000 X:0040 Y:0000 P:envmxdiZc
$9B/860B 0A          ASL A                   A:0000 X:0040 Y:0000 P:envmxdiZc
$9B/860C 90 05       BCC $05    [$8613]      A:0000 X:0040 Y:0000 P:envmxdiZc
$9B/8613 0A          ASL A                   A:0000 X:0040 Y:0000 P:envmxdiZc
$9B/8614 90 05       BCC $05    [$861B]      A:0000 X:0040 Y:0000 P:envmxdiZc
$9B/861B A8          TAY                     A:0000 X:0040 Y:0000 P:envmxdiZc
$9B/861C 8A          TXA                     A:0000 X:0040 Y:0000 P:envmxdiZc
$9B/861D 4A          LSR A                   A:0040 X:0040 Y:0000 P:envmxdizc
$9B/861E AA          TAX                     A:0020 X:0040 Y:0000 P:envmxdizc
$9B/861F E0 10 00    CPX #$0010              A:0020 X:0020 Y:0000 P:envmxdizc
$9B/8622 B0 D6       BCS $D6    [$85FA]      A:0020 X:0020 Y:0000 P:envmxdizC
$9B/85FA 98          TYA                     A:0020 X:0020 Y:0000 P:envmxdizC
$9B/85FB 0A          ASL A                   A:0000 X:0020 Y:0000 P:envmxdiZC
$9B/85FC 90 05       BCC $05    [$8603]      A:0000 X:0020 Y:0000 P:envmxdiZc
$9B/8603 0A          ASL A                   A:0000 X:0020 Y:0000 P:envmxdiZc
$9B/8604 90 05       BCC $05    [$860B]      A:0000 X:0020 Y:0000 P:envmxdiZc
$9B/860B 0A          ASL A                   A:0000 X:0020 Y:0000 P:envmxdiZc
$9B/860C 90 05       BCC $05    [$8613]      A:0000 X:0020 Y:0000 P:envmxdiZc
$9B/8613 0A          ASL A                   A:0000 X:0020 Y:0000 P:envmxdiZc
$9B/8614 90 05       BCC $05    [$861B]      A:0000 X:0020 Y:0000 P:envmxdiZc
$9B/861B A8          TAY                     A:0000 X:0020 Y:0000 P:envmxdiZc
$9B/861C 8A          TXA                     A:0000 X:0020 Y:0000 P:envmxdiZc
$9B/861D 4A          LSR A                   A:0020 X:0020 Y:0000 P:envmxdizc
$9B/861E AA          TAX                     A:0010 X:0020 Y:0000 P:envmxdizc
$9B/861F E0 10 00    CPX #$0010              A:0010 X:0010 Y:0000 P:envmxdizc
$9B/8622 B0 D6       BCS $D6    [$85FA]      A:0010 X:0010 Y:0000 P:envmxdiZC
$9B/85FA 98          TYA                     A:0010 X:0010 Y:0000 P:envmxdiZC
$9B/85FB 0A          ASL A                   A:0000 X:0010 Y:0000 P:envmxdiZC
$9B/85FC 90 05       BCC $05    [$8603]      A:0000 X:0010 Y:0000 P:envmxdiZc
$9B/8603 0A          ASL A                   A:0000 X:0010 Y:0000 P:envmxdiZc
$9B/8604 90 05       BCC $05    [$860B]      A:0000 X:0010 Y:0000 P:envmxdiZc
$9B/860B 0A          ASL A                   A:0000 X:0010 Y:0000 P:envmxdiZc
$9B/860C 90 05       BCC $05    [$8613]      A:0000 X:0010 Y:0000 P:envmxdiZc
$9B/8613 0A          ASL A                   A:0000 X:0010 Y:0000 P:envmxdiZc
$9B/8614 90 05       BCC $05    [$861B]      A:0000 X:0010 Y:0000 P:envmxdiZc
$9B/861B A8          TAY                     A:0000 X:0010 Y:0000 P:envmxdiZc
$9B/861C 8A          TXA                     A:0000 X:0010 Y:0000 P:envmxdiZc
$9B/861D 4A          LSR A                   A:0010 X:0010 Y:0000 P:envmxdizc
$9B/861E AA          TAX                     A:0008 X:0010 Y:0000 P:envmxdizc
$9B/861F E0 10 00    CPX #$0010              A:0008 X:0008 Y:0000 P:envmxdizc
$9B/8622 B0 D6       BCS $D6    [$85FA]      A:0008 X:0008 Y:0000 P:eNvmxdizc
$9B/8624 E0 00 00    CPX #$0000              A:0008 X:0008 Y:0000 P:eNvmxdizc
$9B/8627 F0 0E       BEQ $0E    [$8637]      A:0008 X:0008 Y:0000 P:envmxdizC
$9B/8629 E0 08 00    CPX #$0008              A:0008 X:0008 Y:0000 P:envmxdizC
$9B/862C 90 CC       BCC $CC    [$85FA]      A:0008 X:0008 Y:0000 P:envmxdiZC
$9B/862E A5 04       LDA $04    [$00:0004]   A:0008 X:0008 Y:0000 P:envmxdiZC
$9B/8630 0A          ASL A                   A:00E4 X:0008 Y:0000 P:envmxdizC
$9B/8631 0A          ASL A                   A:01C8 X:0008 Y:0000 P:envmxdizc
$9B/8632 A8          TAY                     A:0390 X:0008 Y:0000 P:envmxdizc
$9B/8633 C8          INY                     A:0390 X:0008 Y:0390 P:envmxdizc
$9B/8634 C8          INY                     A:0390 X:0008 Y:0391 P:envmxdizc
$9B/8635 80 BD       BRA $BD    [$85F4]      A:0390 X:0008 Y:0392 P:envmxdizc
$9B/85F4 B1 0C       LDA ($0C),y[$7F:0392]   A:0390 X:0008 Y:0392 P:envmxdizc
$9B/85F6 F0 E4       BEQ $E4    [$85DC]      A:0000 X:0008 Y:0392 P:envmxdiZc
$9B/85DC 8A          TXA                     A:0000 X:0008 Y:0392 P:envmxdiZc
$9B/85DD 4A          LSR A                   A:0008 X:0008 Y:0392 P:envmxdizc
$9B/85DE 4A          LSR A                   A:0004 X:0008 Y:0392 P:envmxdizc
$9B/85DF 4A          LSR A                   A:0002 X:0008 Y:0392 P:envmxdizc
$9B/85E0 4A          LSR A                   A:0001 X:0008 Y:0392 P:envmxdizc
$9B/85E1 F0 54       BEQ $54    [$8637]      A:0000 X:0008 Y:0392 P:envmxdiZC
$9B/8637 A5 06       LDA $06    [$00:0006]   A:0000 X:0008 Y:0392 P:envmxdiZC
$9B/8639 1A          INC A                   A:0386 X:0008 Y:0392 P:envmxdizC
$9B/863A 1A          INC A                   A:0387 X:0008 Y:0392 P:envmxdizC
$9B/863B A8          TAY                     A:0388 X:0008 Y:0392 P:envmxdizC
$9B/863C 29 10 00    AND #$0010              A:0388 X:0008 Y:0388 P:envmxdizC
$9B/863F F0 06       BEQ $06    [$8647]      A:0000 X:0008 Y:0388 P:envmxdiZC
$9B/8647 84 06       STY $06    [$00:0006]   A:0000 X:0008 Y:0388 P:envmxdiZC
$9B/8649 A5 16       LDA $16    [$00:0016]   A:0000 X:0008 Y:0388 P:envmxdiZC
$9B/864B 91 10       STA ($10),y[$7F:5488]   A:0080 X:0008 Y:0388 P:envmxdizC
$9B/864D 98          TYA                     A:0080 X:0008 Y:0388 P:envmxdizC
$9B/864E 18          CLC                     A:0388 X:0008 Y:0388 P:envmxdizC
$9B/864F 69 10 00    ADC #$0010              A:0388 X:0008 Y:0388 P:envmxdizc
$9B/8652 A8          TAY                     A:0398 X:0008 Y:0388 P:envmxdizc
$9B/8653 A5 14       LDA $14    [$00:0014]   A:0398 X:0008 Y:0398 P:envmxdizc
$9B/8655 91 10       STA ($10),y[$7F:5498]   A:0080 X:0008 Y:0398 P:envmxdizc
$9B/8657 E6 04       INC $04    [$00:0004]   A:0080 X:0008 Y:0398 P:envmxdizc
$9B/8659 C6 00       DEC $00    [$00:0000]   A:0080 X:0008 Y:0398 P:envmxdizc
$9B/865B 10 8B       BPL $8B    [$85E8]      A:0080 X:0008 Y:0398 P:envmxdizc
$9B/85E8 A2 80 00    LDX #$0080              A:0080 X:0008 Y:0398 P:envmxdizc
$9B/85EB 64 14       STZ $14    [$00:0014]   A:0080 X:0080 Y:0398 P:envmxdizc
$9B/85ED 64 16       STZ $16    [$00:0016]   A:0080 X:0080 Y:0398 P:envmxdizc
$9B/85EF A5 04       LDA $04    [$00:0004]   A:0080 X:0080 Y:0398 P:envmxdizc
$9B/85F1 0A          ASL A                   A:00E5 X:0080 Y:0398 P:envmxdizc
$9B/85F2 0A          ASL A                   A:01CA X:0080 Y:0398 P:envmxdizc
$9B/85F3 A8          TAY                     A:0394 X:0080 Y:0398 P:envmxdizc
$9B/85F4 B1 0C       LDA ($0C),y[$7F:0394]   A:0394 X:0080 Y:0394 P:envmxdizc
$9B/85F6 F0 E4       BEQ $E4    [$85DC]      A:0050 X:0080 Y:0394 P:envmxdizc
$9B/85F8 EB          XBA                     A:0050 X:0080 Y:0394 P:envmxdizc
$9B/85F9 A8          TAY                     A:5000 X:0080 Y:0394 P:envmxdiZc
$9B/85FA 98          TYA                     A:5000 X:0080 Y:5000 P:envmxdizc
$9B/85FB 0A          ASL A                   A:5000 X:0080 Y:5000 P:envmxdizc
$9B/85FC 90 05       BCC $05    [$8603]      A:A000 X:0080 Y:5000 P:eNvmxdizc
$9B/8603 0A          ASL A                   A:A000 X:0080 Y:5000 P:eNvmxdizc
$9B/8604 90 05       BCC $05    [$860B]      A:4000 X:0080 Y:5000 P:envmxdizC
$9B/8606 A8          TAY                     A:4000 X:0080 Y:5000 P:envmxdizC
$9B/8607 8A          TXA                     A:4000 X:0080 Y:4000 P:envmxdizC
$9B/8608 04 14       TSB $14    [$00:0014]   A:0080 X:0080 Y:4000 P:envmxdizC
$9B/860A 98          TYA                     A:0080 X:0080 Y:4000 P:envmxdiZC
$9B/860B 0A          ASL A                   A:4000 X:0080 Y:4000 P:envmxdizC
$9B/860C 90 05       BCC $05    [$8613]      A:8000 X:0080 Y:4000 P:eNvmxdizc
$9B/8613 0A          ASL A                   A:8000 X:0080 Y:4000 P:eNvmxdizc
$9B/8614 90 05       BCC $05    [$861B]      A:0000 X:0080 Y:4000 P:envmxdiZC
$9B/8616 A8          TAY                     A:0000 X:0080 Y:4000 P:envmxdiZC
$9B/8617 8A          TXA                     A:0000 X:0080 Y:0000 P:envmxdiZC
$9B/8618 04 16       TSB $16    [$00:0016]   A:0080 X:0080 Y:0000 P:envmxdizC
$9B/861A 98          TYA                     A:0080 X:0080 Y:0000 P:envmxdiZC
$9B/861B A8          TAY                     A:0000 X:0080 Y:0000 P:envmxdiZC
$9B/861C 8A          TXA                     A:0000 X:0080 Y:0000 P:envmxdiZC
$9B/861D 4A          LSR A                   A:0080 X:0080 Y:0000 P:envmxdizC
$9B/861E AA          TAX                     A:0040 X:0080 Y:0000 P:envmxdizc
$9B/861F E0 10 00    CPX #$0010              A:0040 X:0040 Y:0000 P:envmxdizc
$9B/8622 B0 D6       BCS $D6    [$85FA]      A:0040 X:0040 Y:0000 P:envmxdizC
$9B/85FA 98          TYA                     A:0040 X:0040 Y:0000 P:envmxdizC
$9B/85FB 0A          ASL A                   A:0000 X:0040 Y:0000 P:envmxdiZC
$9B/85FC 90 05       BCC $05    [$8603]      A:0000 X:0040 Y:0000 P:envmxdiZc
$9B/8603 0A          ASL A                   A:0000 X:0040 Y:0000 P:envmxdiZc
$9B/8604 90 05       BCC $05    [$860B]      A:0000 X:0040 Y:0000 P:envmxdiZc
$9B/860B 0A          ASL A                   A:0000 X:0040 Y:0000 P:envmxdiZc
$9B/860C 90 05       BCC $05    [$8613]      A:0000 X:0040 Y:0000 P:envmxdiZc
$9B/8613 0A          ASL A                   A:0000 X:0040 Y:0000 P:envmxdiZc
$9B/8614 90 05       BCC $05    [$861B]      A:0000 X:0040 Y:0000 P:envmxdiZc
$9B/861B A8          TAY                     A:0000 X:0040 Y:0000 P:envmxdiZc
$9B/861C 8A          TXA                     A:0000 X:0040 Y:0000 P:envmxdiZc
$9B/861D 4A          LSR A                   A:0040 X:0040 Y:0000 P:envmxdizc
$9B/861E AA          TAX                     A:0020 X:0040 Y:0000 P:envmxdizc
$9B/861F E0 10 00    CPX #$0010              A:0020 X:0020 Y:0000 P:envmxdizc
$9B/8622 B0 D6       BCS $D6    [$85FA]      A:0020 X:0020 Y:0000 P:envmxdizC
$9B/85FA 98          TYA                     A:0020 X:0020 Y:0000 P:envmxdizC
$9B/85FB 0A          ASL A                   A:0000 X:0020 Y:0000 P:envmxdiZC
$9B/85FC 90 05       BCC $05    [$8603]      A:0000 X:0020 Y:0000 P:envmxdiZc
$9B/8603 0A          ASL A                   A:0000 X:0020 Y:0000 P:envmxdiZc
$9B/8604 90 05       BCC $05    [$860B]      A:0000 X:0020 Y:0000 P:envmxdiZc
$9B/860B 0A          ASL A                   A:0000 X:0020 Y:0000 P:envmxdiZc
$9B/860C 90 05       BCC $05    [$8613]      A:0000 X:0020 Y:0000 P:envmxdiZc
$9B/8613 0A          ASL A                   A:0000 X:0020 Y:0000 P:envmxdiZc
$9B/8614 90 05       BCC $05    [$861B]      A:0000 X:0020 Y:0000 P:envmxdiZc
$9B/861B A8          TAY                     A:0000 X:0020 Y:0000 P:envmxdiZc
$9B/861C 8A          TXA                     A:0000 X:0020 Y:0000 P:envmxdiZc
$9B/861D 4A          LSR A                   A:0020 X:0020 Y:0000 P:envmxdizc
$9B/861E AA          TAX                     A:0010 X:0020 Y:0000 P:envmxdizc
$9B/861F E0 10 00    CPX #$0010              A:0010 X:0010 Y:0000 P:envmxdizc
$9B/8622 B0 D6       BCS $D6    [$85FA]      A:0010 X:0010 Y:0000 P:envmxdiZC
$9B/85FA 98          TYA                     A:0010 X:0010 Y:0000 P:envmxdiZC
$9B/85FB 0A          ASL A                   A:0000 X:0010 Y:0000 P:envmxdiZC
$9B/85FC 90 05       BCC $05    [$8603]      A:0000 X:0010 Y:0000 P:envmxdiZc
$9B/8603 0A          ASL A                   A:0000 X:0010 Y:0000 P:envmxdiZc
$9B/8604 90 05       BCC $05    [$860B]      A:0000 X:0010 Y:0000 P:envmxdiZc
$9B/860B 0A          ASL A                   A:0000 X:0010 Y:0000 P:envmxdiZc
$9B/860C 90 05       BCC $05    [$8613]      A:0000 X:0010 Y:0000 P:envmxdiZc
$9B/8613 0A          ASL A                   A:0000 X:0010 Y:0000 P:envmxdiZc
$9B/8614 90 05       BCC $05    [$861B]      A:0000 X:0010 Y:0000 P:envmxdiZc
$9B/861B A8          TAY                     A:0000 X:0010 Y:0000 P:envmxdiZc
$9B/861C 8A          TXA                     A:0000 X:0010 Y:0000 P:envmxdiZc
$9B/861D 4A          LSR A                   A:0010 X:0010 Y:0000 P:envmxdizc
$9B/861E AA          TAX                     A:0008 X:0010 Y:0000 P:envmxdizc
$9B/861F E0 10 00    CPX #$0010              A:0008 X:0008 Y:0000 P:envmxdizc
$9B/8622 B0 D6       BCS $D6    [$85FA]      A:0008 X:0008 Y:0000 P:eNvmxdizc
$9B/8624 E0 00 00    CPX #$0000              A:0008 X:0008 Y:0000 P:eNvmxdizc
$9B/8627 F0 0E       BEQ $0E    [$8637]      A:0008 X:0008 Y:0000 P:envmxdizC
$9B/8629 E0 08 00    CPX #$0008              A:0008 X:0008 Y:0000 P:envmxdizC
$9B/862C 90 CC       BCC $CC    [$85FA]      A:0008 X:0008 Y:0000 P:envmxdiZC
$9B/862E A5 04       LDA $04    [$00:0004]   A:0008 X:0008 Y:0000 P:envmxdiZC
$9B/8630 0A          ASL A                   A:00E5 X:0008 Y:0000 P:envmxdizC
$9B/8631 0A          ASL A                   A:01CA X:0008 Y:0000 P:envmxdizc
$9B/8632 A8          TAY                     A:0394 X:0008 Y:0000 P:envmxdizc
$9B/8633 C8          INY                     A:0394 X:0008 Y:0394 P:envmxdizc
$9B/8634 C8          INY                     A:0394 X:0008 Y:0395 P:envmxdizc
$9B/8635 80 BD       BRA $BD    [$85F4]      A:0394 X:0008 Y:0396 P:envmxdizc
$9B/85F4 B1 0C       LDA ($0C),y[$7F:0396]   A:0394 X:0008 Y:0396 P:envmxdizc
$9B/85F6 F0 E4       BEQ $E4    [$85DC]      A:0000 X:0008 Y:0396 P:envmxdiZc
$9B/85DC 8A          TXA                     A:0000 X:0008 Y:0396 P:envmxdiZc
$9B/85DD 4A          LSR A                   A:0008 X:0008 Y:0396 P:envmxdizc
$9B/85DE 4A          LSR A                   A:0004 X:0008 Y:0396 P:envmxdizc
$9B/85DF 4A          LSR A                   A:0002 X:0008 Y:0396 P:envmxdizc
$9B/85E0 4A          LSR A                   A:0001 X:0008 Y:0396 P:envmxdizc
$9B/85E1 F0 54       BEQ $54    [$8637]      A:0000 X:0008 Y:0396 P:envmxdiZC
$9B/8637 A5 06       LDA $06    [$00:0006]   A:0000 X:0008 Y:0396 P:envmxdiZC
$9B/8639 1A          INC A                   A:0388 X:0008 Y:0396 P:envmxdizC
$9B/863A 1A          INC A                   A:0389 X:0008 Y:0396 P:envmxdizC
$9B/863B A8          TAY                     A:038A X:0008 Y:0396 P:envmxdizC
$9B/863C 29 10 00    AND #$0010              A:038A X:0008 Y:038A P:envmxdizC
$9B/863F F0 06       BEQ $06    [$8647]      A:0000 X:0008 Y:038A P:envmxdiZC
$9B/8647 84 06       STY $06    [$00:0006]   A:0000 X:0008 Y:038A P:envmxdiZC
$9B/8649 A5 16       LDA $16    [$00:0016]   A:0000 X:0008 Y:038A P:envmxdiZC
$9B/864B 91 10       STA ($10),y[$7F:548A]   A:0080 X:0008 Y:038A P:envmxdizC
$9B/864D 98          TYA                     A:0080 X:0008 Y:038A P:envmxdizC
$9B/864E 18          CLC                     A:038A X:0008 Y:038A P:envmxdizC
$9B/864F 69 10 00    ADC #$0010              A:038A X:0008 Y:038A P:envmxdizc
$9B/8652 A8          TAY                     A:039A X:0008 Y:038A P:envmxdizc
$9B/8653 A5 14       LDA $14    [$00:0014]   A:039A X:0008 Y:039A P:envmxdizc
$9B/8655 91 10       STA ($10),y[$7F:549A]   A:0080 X:0008 Y:039A P:envmxdizc
$9B/8657 E6 04       INC $04    [$00:0004]   A:0080 X:0008 Y:039A P:envmxdizc
$9B/8659 C6 00       DEC $00    [$00:0000]   A:0080 X:0008 Y:039A P:envmxdizc
$9B/865B 10 8B       BPL $8B    [$85E8]      A:0080 X:0008 Y:039A P:envmxdizc
$9B/85E8 A2 80 00    LDX #$0080              A:0080 X:0008 Y:039A P:envmxdizc
$9B/85EB 64 14       STZ $14    [$00:0014]   A:0080 X:0080 Y:039A P:envmxdizc
$9B/85ED 64 16       STZ $16    [$00:0016]   A:0080 X:0080 Y:039A P:envmxdizc
$9B/85EF A5 04       LDA $04    [$00:0004]   A:0080 X:0080 Y:039A P:envmxdizc
$9B/85F1 0A          ASL A                   A:00E6 X:0080 Y:039A P:envmxdizc
$9B/85F2 0A          ASL A                   A:01CC X:0080 Y:039A P:envmxdizc
$9B/85F3 A8          TAY                     A:0398 X:0080 Y:039A P:envmxdizc
$9B/85F4 B1 0C       LDA ($0C),y[$7F:0398]   A:0398 X:0080 Y:0398 P:envmxdizc
$9B/85F6 F0 E4       BEQ $E4    [$85DC]      A:0050 X:0080 Y:0398 P:envmxdizc
$9B/85F8 EB          XBA                     A:0050 X:0080 Y:0398 P:envmxdizc
$9B/85F9 A8          TAY                     A:5000 X:0080 Y:0398 P:envmxdiZc
$9B/85FA 98          TYA                     A:5000 X:0080 Y:5000 P:envmxdizc
$9B/85FB 0A          ASL A                   A:5000 X:0080 Y:5000 P:envmxdizc
$9B/85FC 90 05       BCC $05    [$8603]      A:A000 X:0080 Y:5000 P:eNvmxdizc
$9B/8603 0A          ASL A                   A:A000 X:0080 Y:5000 P:eNvmxdizc
$9B/8604 90 05       BCC $05    [$860B]      A:4000 X:0080 Y:5000 P:envmxdizC
$9B/8606 A8          TAY                     A:4000 X:0080 Y:5000 P:envmxdizC
$9B/8607 8A          TXA                     A:4000 X:0080 Y:4000 P:envmxdizC
$9B/8608 04 14       TSB $14    [$00:0014]   A:0080 X:0080 Y:4000 P:envmxdizC
$9B/860A 98          TYA                     A:0080 X:0080 Y:4000 P:envmxdiZC
$9B/860B 0A          ASL A                   A:4000 X:0080 Y:4000 P:envmxdizC
$9B/860C 90 05       BCC $05    [$8613]      A:8000 X:0080 Y:4000 P:eNvmxdizc
$9B/8613 0A          ASL A                   A:8000 X:0080 Y:4000 P:eNvmxdizc
$9B/8614 90 05       BCC $05    [$861B]      A:0000 X:0080 Y:4000 P:envmxdiZC
$9B/8616 A8          TAY                     A:0000 X:0080 Y:4000 P:envmxdiZC
$9B/8617 8A          TXA                     A:0000 X:0080 Y:0000 P:envmxdiZC
$9B/8618 04 16       TSB $16    [$00:0016]   A:0080 X:0080 Y:0000 P:envmxdizC
$9B/861A 98          TYA                     A:0080 X:0080 Y:0000 P:envmxdiZC
$9B/861B A8          TAY                     A:0000 X:0080 Y:0000 P:envmxdiZC
$9B/861C 8A          TXA                     A:0000 X:0080 Y:0000 P:envmxdiZC
$9B/861D 4A          LSR A                   A:0080 X:0080 Y:0000 P:envmxdizC
$9B/861E AA          TAX                     A:0040 X:0080 Y:0000 P:envmxdizc
$9B/861F E0 10 00    CPX #$0010              A:0040 X:0040 Y:0000 P:envmxdizc
$9B/8622 B0 D6       BCS $D6    [$85FA]      A:0040 X:0040 Y:0000 P:envmxdizC
$9B/85FA 98          TYA                     A:0040 X:0040 Y:0000 P:envmxdizC
$9B/85FB 0A          ASL A                   A:0000 X:0040 Y:0000 P:envmxdiZC
$9B/85FC 90 05       BCC $05    [$8603]      A:0000 X:0040 Y:0000 P:envmxdiZc
$9B/8603 0A          ASL A                   A:0000 X:0040 Y:0000 P:envmxdiZc
$9B/8604 90 05       BCC $05    [$860B]      A:0000 X:0040 Y:0000 P:envmxdiZc
$9B/860B 0A          ASL A                   A:0000 X:0040 Y:0000 P:envmxdiZc
$9B/860C 90 05       BCC $05    [$8613]      A:0000 X:0040 Y:0000 P:envmxdiZc
$9B/8613 0A          ASL A                   A:0000 X:0040 Y:0000 P:envmxdiZc
$9B/8614 90 05       BCC $05    [$861B]      A:0000 X:0040 Y:0000 P:envmxdiZc
$9B/861B A8          TAY                     A:0000 X:0040 Y:0000 P:envmxdiZc
$9B/861C 8A          TXA                     A:0000 X:0040 Y:0000 P:envmxdiZc
$9B/861D 4A          LSR A                   A:0040 X:0040 Y:0000 P:envmxdizc
$9B/861E AA          TAX                     A:0020 X:0040 Y:0000 P:envmxdizc
$9B/861F E0 10 00    CPX #$0010              A:0020 X:0020 Y:0000 P:envmxdizc
$9B/8622 B0 D6       BCS $D6    [$85FA]      A:0020 X:0020 Y:0000 P:envmxdizC
$9B/85FA 98          TYA                     A:0020 X:0020 Y:0000 P:envmxdizC
$9B/85FB 0A          ASL A                   A:0000 X:0020 Y:0000 P:envmxdiZC
$9B/85FC 90 05       BCC $05    [$8603]      A:0000 X:0020 Y:0000 P:envmxdiZc
$9B/8603 0A          ASL A                   A:0000 X:0020 Y:0000 P:envmxdiZc
$9B/8604 90 05       BCC $05    [$860B]      A:0000 X:0020 Y:0000 P:envmxdiZc
$9B/860B 0A          ASL A                   A:0000 X:0020 Y:0000 P:envmxdiZc
$9B/860C 90 05       BCC $05    [$8613]      A:0000 X:0020 Y:0000 P:envmxdiZc
$9B/8613 0A          ASL A                   A:0000 X:0020 Y:0000 P:envmxdiZc
$9B/8614 90 05       BCC $05    [$861B]      A:0000 X:0020 Y:0000 P:envmxdiZc
$9B/861B A8          TAY                     A:0000 X:0020 Y:0000 P:envmxdiZc
$9B/861C 8A          TXA                     A:0000 X:0020 Y:0000 P:envmxdiZc
$9B/861D 4A          LSR A                   A:0020 X:0020 Y:0000 P:envmxdizc
$9B/861E AA          TAX                     A:0010 X:0020 Y:0000 P:envmxdizc
$9B/861F E0 10 00    CPX #$0010              A:0010 X:0010 Y:0000 P:envmxdizc
$9B/8622 B0 D6       BCS $D6    [$85FA]      A:0010 X:0010 Y:0000 P:envmxdiZC
$9B/85FA 98          TYA                     A:0010 X:0010 Y:0000 P:envmxdiZC
$9B/85FB 0A          ASL A                   A:0000 X:0010 Y:0000 P:envmxdiZC
$9B/85FC 90 05       BCC $05    [$8603]      A:0000 X:0010 Y:0000 P:envmxdiZc
$9B/8603 0A          ASL A                   A:0000 X:0010 Y:0000 P:envmxdiZc
$9B/8604 90 05       BCC $05    [$860B]      A:0000 X:0010 Y:0000 P:envmxdiZc
$9B/860B 0A          ASL A                   A:0000 X:0010 Y:0000 P:envmxdiZc
$9B/860C 90 05       BCC $05    [$8613]      A:0000 X:0010 Y:0000 P:envmxdiZc
$9B/8613 0A          ASL A                   A:0000 X:0010 Y:0000 P:envmxdiZc
$9B/8614 90 05       BCC $05    [$861B]      A:0000 X:0010 Y:0000 P:envmxdiZc
$9B/861B A8          TAY                     A:0000 X:0010 Y:0000 P:envmxdiZc
$9B/861C 8A          TXA                     A:0000 X:0010 Y:0000 P:envmxdiZc
$9B/861D 4A          LSR A                   A:0010 X:0010 Y:0000 P:envmxdizc
$9B/861E AA          TAX                     A:0008 X:0010 Y:0000 P:envmxdizc
$9B/861F E0 10 00    CPX #$0010              A:0008 X:0008 Y:0000 P:envmxdizc
$9B/8622 B0 D6       BCS $D6    [$85FA]      A:0008 X:0008 Y:0000 P:eNvmxdizc
$9B/8624 E0 00 00    CPX #$0000              A:0008 X:0008 Y:0000 P:eNvmxdizc
$9B/8627 F0 0E       BEQ $0E    [$8637]      A:0008 X:0008 Y:0000 P:envmxdizC
$9B/8629 E0 08 00    CPX #$0008              A:0008 X:0008 Y:0000 P:envmxdizC
$9B/862C 90 CC       BCC $CC    [$85FA]      A:0008 X:0008 Y:0000 P:envmxdiZC
$9B/862E A5 04       LDA $04    [$00:0004]   A:0008 X:0008 Y:0000 P:envmxdiZC
$9B/8630 0A          ASL A                   A:00E6 X:0008 Y:0000 P:envmxdizC
$9B/8631 0A          ASL A                   A:01CC X:0008 Y:0000 P:envmxdizc
$9B/8632 A8          TAY                     A:0398 X:0008 Y:0000 P:envmxdizc
$9B/8633 C8          INY                     A:0398 X:0008 Y:0398 P:envmxdizc
$9B/8634 C8          INY                     A:0398 X:0008 Y:0399 P:envmxdizc
$9B/8635 80 BD       BRA $BD    [$85F4]      A:0398 X:0008 Y:039A P:envmxdizc
$9B/85F4 B1 0C       LDA ($0C),y[$7F:039A]   A:0398 X:0008 Y:039A P:envmxdizc
$9B/85F6 F0 E4       BEQ $E4    [$85DC]      A:0000 X:0008 Y:039A P:envmxdiZc
$9B/85DC 8A          TXA                     A:0000 X:0008 Y:039A P:envmxdiZc
$9B/85DD 4A          LSR A                   A:0008 X:0008 Y:039A P:envmxdizc
$9B/85DE 4A          LSR A                   A:0004 X:0008 Y:039A P:envmxdizc
$9B/85DF 4A          LSR A                   A:0002 X:0008 Y:039A P:envmxdizc
$9B/85E0 4A          LSR A                   A:0001 X:0008 Y:039A P:envmxdizc
$9B/85E1 F0 54       BEQ $54    [$8637]      A:0000 X:0008 Y:039A P:envmxdiZC
$9B/8637 A5 06       LDA $06    [$00:0006]   A:0000 X:0008 Y:039A P:envmxdiZC
$9B/8639 1A          INC A                   A:038A X:0008 Y:039A P:envmxdizC
$9B/863A 1A          INC A                   A:038B X:0008 Y:039A P:envmxdizC
$9B/863B A8          TAY                     A:038C X:0008 Y:039A P:envmxdizC
$9B/863C 29 10 00    AND #$0010              A:038C X:0008 Y:038C P:envmxdizC
$9B/863F F0 06       BEQ $06    [$8647]      A:0000 X:0008 Y:038C P:envmxdiZC
$9B/8647 84 06       STY $06    [$00:0006]   A:0000 X:0008 Y:038C P:envmxdiZC
$9B/8649 A5 16       LDA $16    [$00:0016]   A:0000 X:0008 Y:038C P:envmxdiZC
$9B/864B 91 10       STA ($10),y[$7F:548C]   A:0080 X:0008 Y:038C P:envmxdizC
$9B/864D 98          TYA                     A:0080 X:0008 Y:038C P:envmxdizC
$9B/864E 18          CLC                     A:038C X:0008 Y:038C P:envmxdizC
$9B/864F 69 10 00    ADC #$0010              A:038C X:0008 Y:038C P:envmxdizc
$9B/8652 A8          TAY                     A:039C X:0008 Y:038C P:envmxdizc
$9B/8653 A5 14       LDA $14    [$00:0014]   A:039C X:0008 Y:039C P:envmxdizc
$9B/8655 91 10       STA ($10),y[$7F:549C]   A:0080 X:0008 Y:039C P:envmxdizc
$9B/8657 E6 04       INC $04    [$00:0004]   A:0080 X:0008 Y:039C P:envmxdizc
$9B/8659 C6 00       DEC $00    [$00:0000]   A:0080 X:0008 Y:039C P:envmxdizc
$9B/865B 10 8B       BPL $8B    [$85E8]      A:0080 X:0008 Y:039C P:envmxdizc
$9B/85E8 A2 80 00    LDX #$0080              A:0080 X:0008 Y:039C P:envmxdizc
$9B/85EB 64 14       STZ $14    [$00:0014]   A:0080 X:0080 Y:039C P:envmxdizc
$9B/85ED 64 16       STZ $16    [$00:0016]   A:0080 X:0080 Y:039C P:envmxdizc
$9B/85EF A5 04       LDA $04    [$00:0004]   A:0080 X:0080 Y:039C P:envmxdizc
$9B/85F1 0A          ASL A                   A:00E7 X:0080 Y:039C P:envmxdizc
$9B/85F2 0A          ASL A                   A:01CE X:0080 Y:039C P:envmxdizc
$9B/85F3 A8          TAY                     A:039C X:0080 Y:039C P:envmxdizc
$9B/85F4 B1 0C       LDA ($0C),y[$7F:039C]   A:039C X:0080 Y:039C P:envmxdizc
$9B/85F6 F0 E4       BEQ $E4    [$85DC]      A:0057 X:0080 Y:039C P:envmxdizc
$9B/85F8 EB          XBA                     A:0057 X:0080 Y:039C P:envmxdizc
$9B/85F9 A8          TAY                     A:5700 X:0080 Y:039C P:envmxdiZc
$9B/85FA 98          TYA                     A:5700 X:0080 Y:5700 P:envmxdizc
$9B/85FB 0A          ASL A                   A:5700 X:0080 Y:5700 P:envmxdizc
$9B/85FC 90 05       BCC $05    [$8603]      A:AE00 X:0080 Y:5700 P:eNvmxdizc
$9B/8603 0A          ASL A                   A:AE00 X:0080 Y:5700 P:eNvmxdizc
$9B/8604 90 05       BCC $05    [$860B]      A:5C00 X:0080 Y:5700 P:envmxdizC
$9B/8606 A8          TAY                     A:5C00 X:0080 Y:5700 P:envmxdizC
$9B/8607 8A          TXA                     A:5C00 X:0080 Y:5C00 P:envmxdizC
$9B/8608 04 14       TSB $14    [$00:0014]   A:0080 X:0080 Y:5C00 P:envmxdizC
$9B/860A 98          TYA                     A:0080 X:0080 Y:5C00 P:envmxdiZC
$9B/860B 0A          ASL A                   A:5C00 X:0080 Y:5C00 P:envmxdizC
$9B/860C 90 05       BCC $05    [$8613]      A:B800 X:0080 Y:5C00 P:eNvmxdizc
$9B/8613 0A          ASL A                   A:B800 X:0080 Y:5C00 P:eNvmxdizc
$9B/8614 90 05       BCC $05    [$861B]      A:7000 X:0080 Y:5C00 P:envmxdizC
$9B/8616 A8          TAY                     A:7000 X:0080 Y:5C00 P:envmxdizC
$9B/8617 8A          TXA                     A:7000 X:0080 Y:7000 P:envmxdizC
$9B/8618 04 16       TSB $16    [$00:0016]   A:0080 X:0080 Y:7000 P:envmxdizC
$9B/861A 98          TYA                     A:0080 X:0080 Y:7000 P:envmxdiZC
$9B/861B A8          TAY                     A:7000 X:0080 Y:7000 P:envmxdizC
$9B/861C 8A          TXA                     A:7000 X:0080 Y:7000 P:envmxdizC
$9B/861D 4A          LSR A                   A:0080 X:0080 Y:7000 P:envmxdizC
$9B/861E AA          TAX                     A:0040 X:0080 Y:7000 P:envmxdizc
$9B/861F E0 10 00    CPX #$0010              A:0040 X:0040 Y:7000 P:envmxdizc
$9B/8622 B0 D6       BCS $D6    [$85FA]      A:0040 X:0040 Y:7000 P:envmxdizC
$9B/85FA 98          TYA                     A:0040 X:0040 Y:7000 P:envmxdizC
$9B/85FB 0A          ASL A                   A:7000 X:0040 Y:7000 P:envmxdizC
$9B/85FC 90 05       BCC $05    [$8603]      A:E000 X:0040 Y:7000 P:eNvmxdizc
$9B/8603 0A          ASL A                   A:E000 X:0040 Y:7000 P:eNvmxdizc
$9B/8604 90 05       BCC $05    [$860B]      A:C000 X:0040 Y:7000 P:eNvmxdizC
$9B/8606 A8          TAY                     A:C000 X:0040 Y:7000 P:eNvmxdizC
$9B/8607 8A          TXA                     A:C000 X:0040 Y:C000 P:eNvmxdizC
$9B/8608 04 14       TSB $14    [$00:0014]   A:0040 X:0040 Y:C000 P:envmxdizC
$9B/860A 98          TYA                     A:0040 X:0040 Y:C000 P:envmxdiZC
$9B/860B 0A          ASL A                   A:C000 X:0040 Y:C000 P:eNvmxdizC
$9B/860C 90 05       BCC $05    [$8613]      A:8000 X:0040 Y:C000 P:eNvmxdizC
$9B/860E A8          TAY                     A:8000 X:0040 Y:C000 P:eNvmxdizC
$9B/860F 8A          TXA                     A:8000 X:0040 Y:8000 P:eNvmxdizC
$9B/8610 04 17       TSB $17    [$00:0017]   A:0040 X:0040 Y:8000 P:envmxdizC
$9B/8612 98          TYA                     A:0040 X:0040 Y:8000 P:envmxdiZC
$9B/8613 0A          ASL A                   A:8000 X:0040 Y:8000 P:eNvmxdizC
$9B/8614 90 05       BCC $05    [$861B]      A:0000 X:0040 Y:8000 P:envmxdiZC
$9B/8616 A8          TAY                     A:0000 X:0040 Y:8000 P:envmxdiZC
$9B/8617 8A          TXA                     A:0000 X:0040 Y:0000 P:envmxdiZC
$9B/8618 04 16       TSB $16    [$00:0016]   A:0040 X:0040 Y:0000 P:envmxdizC
$9B/861A 98          TYA                     A:0040 X:0040 Y:0000 P:envmxdiZC
$9B/861B A8          TAY                     A:0000 X:0040 Y:0000 P:envmxdiZC
$9B/861C 8A          TXA                     A:0000 X:0040 Y:0000 P:envmxdiZC
$9B/861D 4A          LSR A                   A:0040 X:0040 Y:0000 P:envmxdizC
$9B/861E AA          TAX                     A:0020 X:0040 Y:0000 P:envmxdizc
$9B/861F E0 10 00    CPX #$0010              A:0020 X:0020 Y:0000 P:envmxdizc
$9B/8622 B0 D6       BCS $D6    [$85FA]      A:0020 X:0020 Y:0000 P:envmxdizC
$9B/85FA 98          TYA                     A:0020 X:0020 Y:0000 P:envmxdizC
$9B/85FB 0A          ASL A                   A:0000 X:0020 Y:0000 P:envmxdiZC
$9B/85FC 90 05       BCC $05    [$8603]      A:0000 X:0020 Y:0000 P:envmxdiZc
$9B/8603 0A          ASL A                   A:0000 X:0020 Y:0000 P:envmxdiZc
$9B/8604 90 05       BCC $05    [$860B]      A:0000 X:0020 Y:0000 P:envmxdiZc
$9B/860B 0A          ASL A                   A:0000 X:0020 Y:0000 P:envmxdiZc
$9B/860C 90 05       BCC $05    [$8613]      A:0000 X:0020 Y:0000 P:envmxdiZc
$9B/8613 0A          ASL A                   A:0000 X:0020 Y:0000 P:envmxdiZc
$9B/8614 90 05       BCC $05    [$861B]      A:0000 X:0020 Y:0000 P:envmxdiZc
$9B/861B A8          TAY                     A:0000 X:0020 Y:0000 P:envmxdiZc
$9B/861C 8A          TXA                     A:0000 X:0020 Y:0000 P:envmxdiZc
$9B/861D 4A          LSR A                   A:0020 X:0020 Y:0000 P:envmxdizc
$9B/861E AA          TAX                     A:0010 X:0020 Y:0000 P:envmxdizc
$9B/861F E0 10 00    CPX #$0010              A:0010 X:0010 Y:0000 P:envmxdizc
$9B/8622 B0 D6       BCS $D6    [$85FA]      A:0010 X:0010 Y:0000 P:envmxdiZC
$9B/85FA 98          TYA                     A:0010 X:0010 Y:0000 P:envmxdiZC
$9B/85FB 0A          ASL A                   A:0000 X:0010 Y:0000 P:envmxdiZC
$9B/85FC 90 05       BCC $05    [$8603]      A:0000 X:0010 Y:0000 P:envmxdiZc
$9B/8603 0A          ASL A                   A:0000 X:0010 Y:0000 P:envmxdiZc
$9B/8604 90 05       BCC $05    [$860B]      A:0000 X:0010 Y:0000 P:envmxdiZc
$9B/860B 0A          ASL A                   A:0000 X:0010 Y:0000 P:envmxdiZc
$9B/860C 90 05       BCC $05    [$8613]      A:0000 X:0010 Y:0000 P:envmxdiZc
$9B/8613 0A          ASL A                   A:0000 X:0010 Y:0000 P:envmxdiZc
$9B/8614 90 05       BCC $05    [$861B]      A:0000 X:0010 Y:0000 P:envmxdiZc
$9B/861B A8          TAY                     A:0000 X:0010 Y:0000 P:envmxdiZc
$9B/861C 8A          TXA                     A:0000 X:0010 Y:0000 P:envmxdiZc
$9B/861D 4A          LSR A                   A:0010 X:0010 Y:0000 P:envmxdizc
$9B/861E AA          TAX                     A:0008 X:0010 Y:0000 P:envmxdizc
$9B/861F E0 10 00    CPX #$0010              A:0008 X:0008 Y:0000 P:envmxdizc
$9B/8622 B0 D6       BCS $D6    [$85FA]      A:0008 X:0008 Y:0000 P:eNvmxdizc
$9B/8624 E0 00 00    CPX #$0000              A:0008 X:0008 Y:0000 P:eNvmxdizc
$9B/8627 F0 0E       BEQ $0E    [$8637]      A:0008 X:0008 Y:0000 P:envmxdizC
$9B/8629 E0 08 00    CPX #$0008              A:0008 X:0008 Y:0000 P:envmxdizC
$9B/862C 90 CC       BCC $CC    [$85FA]      A:0008 X:0008 Y:0000 P:envmxdiZC
$9B/862E A5 04       LDA $04    [$00:0004]   A:0008 X:0008 Y:0000 P:envmxdiZC
$9B/8630 0A          ASL A                   A:00E7 X:0008 Y:0000 P:envmxdizC
$9B/8631 0A          ASL A                   A:01CE X:0008 Y:0000 P:envmxdizc
$9B/8632 A8          TAY                     A:039C X:0008 Y:0000 P:envmxdizc
$9B/8633 C8          INY                     A:039C X:0008 Y:039C P:envmxdizc
$9B/8634 C8          INY                     A:039C X:0008 Y:039D P:envmxdizc
$9B/8635 80 BD       BRA $BD    [$85F4]      A:039C X:0008 Y:039E P:envmxdizc
$9B/85F4 B1 0C       LDA ($0C),y[$7F:039E]   A:039C X:0008 Y:039E P:envmxdizc
$9B/85F6 F0 E4       BEQ $E4    [$85DC]      A:0000 X:0008 Y:039E P:envmxdiZc
$9B/85DC 8A          TXA                     A:0000 X:0008 Y:039E P:envmxdiZc
$9B/85DD 4A          LSR A                   A:0008 X:0008 Y:039E P:envmxdizc
$9B/85DE 4A          LSR A                   A:0004 X:0008 Y:039E P:envmxdizc
$9B/85DF 4A          LSR A                   A:0002 X:0008 Y:039E P:envmxdizc
$9B/85E0 4A          LSR A                   A:0001 X:0008 Y:039E P:envmxdizc
$9B/85E1 F0 54       BEQ $54    [$8637]      A:0000 X:0008 Y:039E P:envmxdiZC
$9B/8637 A5 06       LDA $06    [$00:0006]   A:0000 X:0008 Y:039E P:envmxdiZC
$9B/8639 1A          INC A                   A:038C X:0008 Y:039E P:envmxdizC
$9B/863A 1A          INC A                   A:038D X:0008 Y:039E P:envmxdizC
$9B/863B A8          TAY                     A:038E X:0008 Y:039E P:envmxdizC
$9B/863C 29 10 00    AND #$0010              A:038E X:0008 Y:038E P:envmxdizC
$9B/863F F0 06       BEQ $06    [$8647]      A:0000 X:0008 Y:038E P:envmxdiZC
$9B/8647 84 06       STY $06    [$00:0006]   A:0000 X:0008 Y:038E P:envmxdiZC
$9B/8649 A5 16       LDA $16    [$00:0016]   A:0000 X:0008 Y:038E P:envmxdiZC
$9B/864B 91 10       STA ($10),y[$7F:548E]   A:40C0 X:0008 Y:038E P:envmxdizC
$9B/864D 98          TYA                     A:40C0 X:0008 Y:038E P:envmxdizC
$9B/864E 18          CLC                     A:038E X:0008 Y:038E P:envmxdizC
$9B/864F 69 10 00    ADC #$0010              A:038E X:0008 Y:038E P:envmxdizc
$9B/8652 A8          TAY                     A:039E X:0008 Y:038E P:envmxdizc
$9B/8653 A5 14       LDA $14    [$00:0014]   A:039E X:0008 Y:039E P:envmxdizc
$9B/8655 91 10       STA ($10),y[$7F:549E]   A:00C0 X:0008 Y:039E P:envmxdizc
$9B/8657 E6 04       INC $04    [$00:0004]   A:00C0 X:0008 Y:039E P:envmxdizc
$9B/8659 C6 00       DEC $00    [$00:0000]   A:00C0 X:0008 Y:039E P:envmxdizc
$9B/865B 10 8B       BPL $8B    [$85E8]      A:00C0 X:0008 Y:039E P:envmxdizc
$9B/85E8 A2 80 00    LDX #$0080              A:00C0 X:0008 Y:039E P:envmxdizc
$9B/85EB 64 14       STZ $14    [$00:0014]   A:00C0 X:0080 Y:039E P:envmxdizc
$9B/85ED 64 16       STZ $16    [$00:0016]   A:00C0 X:0080 Y:039E P:envmxdizc
$9B/85EF A5 04       LDA $04    [$00:0004]   A:00C0 X:0080 Y:039E P:envmxdizc
$9B/85F1 0A          ASL A                   A:00E8 X:0080 Y:039E P:envmxdizc
$9B/85F2 0A          ASL A                   A:01D0 X:0080 Y:039E P:envmxdizc
$9B/85F3 A8          TAY                     A:03A0 X:0080 Y:039E P:envmxdizc
$9B/85F4 B1 0C       LDA ($0C),y[$7F:03A0]   A:03A0 X:0080 Y:03A0 P:envmxdizc
$9B/85F6 F0 E4       BEQ $E4    [$85DC]      A:0000 X:0080 Y:03A0 P:envmxdiZc
$9B/85DC 8A          TXA                     A:0000 X:0080 Y:03A0 P:envmxdiZc
$9B/85DD 4A          LSR A                   A:0080 X:0080 Y:03A0 P:envmxdizc
$9B/85DE 4A          LSR A                   A:0040 X:0080 Y:03A0 P:envmxdizc
$9B/85DF 4A          LSR A                   A:0020 X:0080 Y:03A0 P:envmxdizc
$9B/85E0 4A          LSR A                   A:0010 X:0080 Y:03A0 P:envmxdizc
$9B/85E1 F0 54       BEQ $54    [$8637]      A:0008 X:0080 Y:03A0 P:envmxdizc
$9B/85E3 AA          TAX                     A:0008 X:0080 Y:03A0 P:envmxdizc
$9B/85E4 C8          INY                     A:0008 X:0008 Y:03A0 P:envmxdizc
$9B/85E5 C8          INY                     A:0008 X:0008 Y:03A1 P:envmxdizc
$9B/85E6 80 0C       BRA $0C    [$85F4]      A:0008 X:0008 Y:03A2 P:envmxdizc
$9B/85F4 B1 0C       LDA ($0C),y[$7F:03A2]   A:0008 X:0008 Y:03A2 P:envmxdizc
$9B/85F6 F0 E4       BEQ $E4    [$85DC]      A:0000 X:0008 Y:03A2 P:envmxdiZc
$9B/85DC 8A          TXA                     A:0000 X:0008 Y:03A2 P:envmxdiZc
$9B/85DD 4A          LSR A                   A:0008 X:0008 Y:03A2 P:envmxdizc
$9B/85DE 4A          LSR A                   A:0004 X:0008 Y:03A2 P:envmxdizc
$9B/85DF 4A          LSR A                   A:0002 X:0008 Y:03A2 P:envmxdizc
$9B/85E0 4A          LSR A                   A:0001 X:0008 Y:03A2 P:envmxdizc
$9B/85E1 F0 54       BEQ $54    [$8637]      A:0000 X:0008 Y:03A2 P:envmxdiZC
$9B/8637 A5 06       LDA $06    [$00:0006]   A:0000 X:0008 Y:03A2 P:envmxdiZC
$9B/8639 1A          INC A                   A:038E X:0008 Y:03A2 P:envmxdizC
$9B/863A 1A          INC A                   A:038F X:0008 Y:03A2 P:envmxdizC
$9B/863B A8          TAY                     A:0390 X:0008 Y:03A2 P:envmxdizC
$9B/863C 29 10 00    AND #$0010              A:0390 X:0008 Y:0390 P:envmxdizC
$9B/863F F0 06       BEQ $06    [$8647]      A:0010 X:0008 Y:0390 P:envmxdizC
$9B/8641 98          TYA                     A:0010 X:0008 Y:0390 P:envmxdizC
$9B/8642 18          CLC                     A:0390 X:0008 Y:0390 P:envmxdizC
$9B/8643 69 10 00    ADC #$0010              A:0390 X:0008 Y:0390 P:envmxdizc
$9B/8646 A8          TAY                     A:03A0 X:0008 Y:0390 P:envmxdizc
$9B/8647 84 06       STY $06    [$00:0006]   A:03A0 X:0008 Y:03A0 P:envmxdizc
$9B/8649 A5 16       LDA $16    [$00:0016]   A:03A0 X:0008 Y:03A0 P:envmxdizc
$9B/864B 91 10       STA ($10),y[$7F:54A0]   A:0000 X:0008 Y:03A0 P:envmxdiZc
$9B/864D 98          TYA                     A:0000 X:0008 Y:03A0 P:envmxdiZc
$9B/864E 18          CLC                     A:03A0 X:0008 Y:03A0 P:envmxdizc
$9B/864F 69 10 00    ADC #$0010              A:03A0 X:0008 Y:03A0 P:envmxdizc
$9B/8652 A8          TAY                     A:03B0 X:0008 Y:03A0 P:envmxdizc
$9B/8653 A5 14       LDA $14    [$00:0014]   A:03B0 X:0008 Y:03B0 P:envmxdizc
$9B/8655 91 10       STA ($10),y[$7F:54B0]   A:0000 X:0008 Y:03B0 P:envmxdiZc
$9B/8657 E6 04       INC $04    [$00:0004]   A:0000 X:0008 Y:03B0 P:envmxdiZc
$9B/8659 C6 00       DEC $00    [$00:0000]   A:0000 X:0008 Y:03B0 P:envmxdizc
$9B/865B 10 8B       BPL $8B    [$85E8]      A:0000 X:0008 Y:03B0 P:envmxdizc
$9B/85E8 A2 80 00    LDX #$0080              A:0000 X:0008 Y:03B0 P:envmxdizc
$9B/85EB 64 14       STZ $14    [$00:0014]   A:0000 X:0080 Y:03B0 P:envmxdizc
$9B/85ED 64 16       STZ $16    [$00:0016]   A:0000 X:0080 Y:03B0 P:envmxdizc
$9B/85EF A5 04       LDA $04    [$00:0004]   A:0000 X:0080 Y:03B0 P:envmxdizc
$9B/85F1 0A          ASL A                   A:00E9 X:0080 Y:03B0 P:envmxdizc
$9B/85F2 0A          ASL A                   A:01D2 X:0080 Y:03B0 P:envmxdizc
$9B/85F3 A8          TAY                     A:03A4 X:0080 Y:03B0 P:envmxdizc
$9B/85F4 B1 0C       LDA ($0C),y[$7F:03A4]   A:03A4 X:0080 Y:03A4 P:envmxdizc
$9B/85F6 F0 E4       BEQ $E4    [$85DC]      A:0000 X:0080 Y:03A4 P:envmxdiZc
$9B/85DC 8A          TXA                     A:0000 X:0080 Y:03A4 P:envmxdiZc
$9B/85DD 4A          LSR A                   A:0080 X:0080 Y:03A4 P:envmxdizc
$9B/85DE 4A          LSR A                   A:0040 X:0080 Y:03A4 P:envmxdizc
$9B/85DF 4A          LSR A                   A:0020 X:0080 Y:03A4 P:envmxdizc
$9B/85E0 4A          LSR A                   A:0010 X:0080 Y:03A4 P:envmxdizc
$9B/85E1 F0 54       BEQ $54    [$8637]      A:0008 X:0080 Y:03A4 P:envmxdizc
$9B/85E3 AA          TAX                     A:0008 X:0080 Y:03A4 P:envmxdizc
$9B/85E4 C8          INY                     A:0008 X:0008 Y:03A4 P:envmxdizc
$9B/85E5 C8          INY                     A:0008 X:0008 Y:03A5 P:envmxdizc
$9B/85E6 80 0C       BRA $0C    [$85F4]      A:0008 X:0008 Y:03A6 P:envmxdizc
$9B/85F4 B1 0C       LDA ($0C),y[$7F:03A6]   A:0008 X:0008 Y:03A6 P:envmxdizc
$9B/85F6 F0 E4       BEQ $E4    [$85DC]      A:0000 X:0008 Y:03A6 P:envmxdiZc
$9B/85DC 8A          TXA                     A:0000 X:0008 Y:03A6 P:envmxdiZc
$9B/85DD 4A          LSR A                   A:0008 X:0008 Y:03A6 P:envmxdizc
$9B/85DE 4A          LSR A                   A:0004 X:0008 Y:03A6 P:envmxdizc
$9B/85DF 4A          LSR A                   A:0002 X:0008 Y:03A6 P:envmxdizc
$9B/85E0 4A          LSR A                   A:0001 X:0008 Y:03A6 P:envmxdizc
$9B/85E1 F0 54       BEQ $54    [$8637]      A:0000 X:0008 Y:03A6 P:envmxdiZC
$9B/8637 A5 06       LDA $06    [$00:0006]   A:0000 X:0008 Y:03A6 P:envmxdiZC
$9B/8639 1A          INC A                   A:03A0 X:0008 Y:03A6 P:envmxdizC
$9B/863A 1A          INC A                   A:03A1 X:0008 Y:03A6 P:envmxdizC
$9B/863B A8          TAY                     A:03A2 X:0008 Y:03A6 P:envmxdizC
$9B/863C 29 10 00    AND #$0010              A:03A2 X:0008 Y:03A2 P:envmxdizC
$9B/863F F0 06       BEQ $06    [$8647]      A:0000 X:0008 Y:03A2 P:envmxdiZC
$9B/8647 84 06       STY $06    [$00:0006]   A:0000 X:0008 Y:03A2 P:envmxdiZC
$9B/8649 A5 16       LDA $16    [$00:0016]   A:0000 X:0008 Y:03A2 P:envmxdiZC
$9B/864B 91 10       STA ($10),y[$7F:54A2]   A:0000 X:0008 Y:03A2 P:envmxdiZC
$9B/864D 98          TYA                     A:0000 X:0008 Y:03A2 P:envmxdiZC
$9B/864E 18          CLC                     A:03A2 X:0008 Y:03A2 P:envmxdizC
$9B/864F 69 10 00    ADC #$0010              A:03A2 X:0008 Y:03A2 P:envmxdizc
$9B/8652 A8          TAY                     A:03B2 X:0008 Y:03A2 P:envmxdizc
$9B/8653 A5 14       LDA $14    [$00:0014]   A:03B2 X:0008 Y:03B2 P:envmxdizc
$9B/8655 91 10       STA ($10),y[$7F:54B2]   A:0000 X:0008 Y:03B2 P:envmxdiZc
$9B/8657 E6 04       INC $04    [$00:0004]   A:0000 X:0008 Y:03B2 P:envmxdiZc
$9B/8659 C6 00       DEC $00    [$00:0000]   A:0000 X:0008 Y:03B2 P:envmxdizc
$9B/865B 10 8B       BPL $8B    [$85E8]      A:0000 X:0008 Y:03B2 P:envmxdizc
$9B/85E8 A2 80 00    LDX #$0080              A:0000 X:0008 Y:03B2 P:envmxdizc
$9B/85EB 64 14       STZ $14    [$00:0014]   A:0000 X:0080 Y:03B2 P:envmxdizc
$9B/85ED 64 16       STZ $16    [$00:0016]   A:0000 X:0080 Y:03B2 P:envmxdizc
$9B/85EF A5 04       LDA $04    [$00:0004]   A:0000 X:0080 Y:03B2 P:envmxdizc
$9B/85F1 0A          ASL A                   A:00EA X:0080 Y:03B2 P:envmxdizc
$9B/85F2 0A          ASL A                   A:01D4 X:0080 Y:03B2 P:envmxdizc
$9B/85F3 A8          TAY                     A:03A8 X:0080 Y:03B2 P:envmxdizc
$9B/85F4 B1 0C       LDA ($0C),y[$7F:03A8]   A:03A8 X:0080 Y:03A8 P:envmxdizc
$9B/85F6 F0 E4       BEQ $E4    [$85DC]      A:0000 X:0080 Y:03A8 P:envmxdiZc
$9B/85DC 8A          TXA                     A:0000 X:0080 Y:03A8 P:envmxdiZc
$9B/85DD 4A          LSR A                   A:0080 X:0080 Y:03A8 P:envmxdizc
$9B/85DE 4A          LSR A                   A:0040 X:0080 Y:03A8 P:envmxdizc
$9B/85DF 4A          LSR A                   A:0020 X:0080 Y:03A8 P:envmxdizc
$9B/85E0 4A          LSR A                   A:0010 X:0080 Y:03A8 P:envmxdizc
$9B/85E1 F0 54       BEQ $54    [$8637]      A:0008 X:0080 Y:03A8 P:envmxdizc
$9B/85E3 AA          TAX                     A:0008 X:0080 Y:03A8 P:envmxdizc
$9B/85E4 C8          INY                     A:0008 X:0008 Y:03A8 P:envmxdizc
$9B/85E5 C8          INY                     A:0008 X:0008 Y:03A9 P:envmxdizc
$9B/85E6 80 0C       BRA $0C    [$85F4]      A:0008 X:0008 Y:03AA P:envmxdizc
$9B/85F4 B1 0C       LDA ($0C),y[$7F:03AA]   A:0008 X:0008 Y:03AA P:envmxdizc
$9B/85F6 F0 E4       BEQ $E4    [$85DC]      A:0000 X:0008 Y:03AA P:envmxdiZc
$9B/85DC 8A          TXA                     A:0000 X:0008 Y:03AA P:envmxdiZc
$9B/85DD 4A          LSR A                   A:0008 X:0008 Y:03AA P:envmxdizc
$9B/85DE 4A          LSR A                   A:0004 X:0008 Y:03AA P:envmxdizc
$9B/85DF 4A          LSR A                   A:0002 X:0008 Y:03AA P:envmxdizc
$9B/85E0 4A          LSR A                   A:0001 X:0008 Y:03AA P:envmxdizc
$9B/85E1 F0 54       BEQ $54    [$8637]      A:0000 X:0008 Y:03AA P:envmxdiZC
$9B/8637 A5 06       LDA $06    [$00:0006]   A:0000 X:0008 Y:03AA P:envmxdiZC
$9B/8639 1A          INC A                   A:03A2 X:0008 Y:03AA P:envmxdizC
$9B/863A 1A          INC A                   A:03A3 X:0008 Y:03AA P:envmxdizC
$9B/863B A8          TAY                     A:03A4 X:0008 Y:03AA P:envmxdizC
$9B/863C 29 10 00    AND #$0010              A:03A4 X:0008 Y:03A4 P:envmxdizC
$9B/863F F0 06       BEQ $06    [$8647]      A:0000 X:0008 Y:03A4 P:envmxdiZC
$9B/8647 84 06       STY $06    [$00:0006]   A:0000 X:0008 Y:03A4 P:envmxdiZC
$9B/8649 A5 16       LDA $16    [$00:0016]   A:0000 X:0008 Y:03A4 P:envmxdiZC
$9B/864B 91 10       STA ($10),y[$7F:54A4]   A:0000 X:0008 Y:03A4 P:envmxdiZC
$9B/864D 98          TYA                     A:0000 X:0008 Y:03A4 P:envmxdiZC
$9B/864E 18          CLC                     A:03A4 X:0008 Y:03A4 P:envmxdizC
$9B/864F 69 10 00    ADC #$0010              A:03A4 X:0008 Y:03A4 P:envmxdizc
$9B/8652 A8          TAY                     A:03B4 X:0008 Y:03A4 P:envmxdizc
$9B/8653 A5 14       LDA $14    [$00:0014]   A:03B4 X:0008 Y:03B4 P:envmxdizc
$9B/8655 91 10       STA ($10),y[$7F:54B4]   A:0000 X:0008 Y:03B4 P:envmxdiZc
$9B/8657 E6 04       INC $04    [$00:0004]   A:0000 X:0008 Y:03B4 P:envmxdiZc
$9B/8659 C6 00       DEC $00    [$00:0000]   A:0000 X:0008 Y:03B4 P:envmxdizc
$9B/865B 10 8B       BPL $8B    [$85E8]      A:0000 X:0008 Y:03B4 P:envmxdizc
$9B/85E8 A2 80 00    LDX #$0080              A:0000 X:0008 Y:03B4 P:envmxdizc
$9B/85EB 64 14       STZ $14    [$00:0014]   A:0000 X:0080 Y:03B4 P:envmxdizc
$9B/85ED 64 16       STZ $16    [$00:0016]   A:0000 X:0080 Y:03B4 P:envmxdizc
$9B/85EF A5 04       LDA $04    [$00:0004]   A:0000 X:0080 Y:03B4 P:envmxdizc
$9B/85F1 0A          ASL A                   A:00EB X:0080 Y:03B4 P:envmxdizc
$9B/85F2 0A          ASL A                   A:01D6 X:0080 Y:03B4 P:envmxdizc
$9B/85F3 A8          TAY                     A:03AC X:0080 Y:03B4 P:envmxdizc
$9B/85F4 B1 0C       LDA ($0C),y[$7F:03AC]   A:03AC X:0080 Y:03AC P:envmxdizc
$9B/85F6 F0 E4       BEQ $E4    [$85DC]      A:0000 X:0080 Y:03AC P:envmxdiZc
$9B/85DC 8A          TXA                     A:0000 X:0080 Y:03AC P:envmxdiZc
$9B/85DD 4A          LSR A                   A:0080 X:0080 Y:03AC P:envmxdizc
$9B/85DE 4A          LSR A                   A:0040 X:0080 Y:03AC P:envmxdizc
$9B/85DF 4A          LSR A                   A:0020 X:0080 Y:03AC P:envmxdizc
$9B/85E0 4A          LSR A                   A:0010 X:0080 Y:03AC P:envmxdizc
$9B/85E1 F0 54       BEQ $54    [$8637]      A:0008 X:0080 Y:03AC P:envmxdizc
$9B/85E3 AA          TAX                     A:0008 X:0080 Y:03AC P:envmxdizc
$9B/85E4 C8          INY                     A:0008 X:0008 Y:03AC P:envmxdizc
$9B/85E5 C8          INY                     A:0008 X:0008 Y:03AD P:envmxdizc
$9B/85E6 80 0C       BRA $0C    [$85F4]      A:0008 X:0008 Y:03AE P:envmxdizc
$9B/85F4 B1 0C       LDA ($0C),y[$7F:03AE]   A:0008 X:0008 Y:03AE P:envmxdizc
$9B/85F6 F0 E4       BEQ $E4    [$85DC]      A:0000 X:0008 Y:03AE P:envmxdiZc
$9B/85DC 8A          TXA                     A:0000 X:0008 Y:03AE P:envmxdiZc
$9B/85DD 4A          LSR A                   A:0008 X:0008 Y:03AE P:envmxdizc
$9B/85DE 4A          LSR A                   A:0004 X:0008 Y:03AE P:envmxdizc
$9B/85DF 4A          LSR A                   A:0002 X:0008 Y:03AE P:envmxdizc
$9B/85E0 4A          LSR A                   A:0001 X:0008 Y:03AE P:envmxdizc
$9B/85E1 F0 54       BEQ $54    [$8637]      A:0000 X:0008 Y:03AE P:envmxdiZC
$9B/8637 A5 06       LDA $06    [$00:0006]   A:0000 X:0008 Y:03AE P:envmxdiZC
$9B/8639 1A          INC A                   A:03A4 X:0008 Y:03AE P:envmxdizC
$9B/863A 1A          INC A                   A:03A5 X:0008 Y:03AE P:envmxdizC
$9B/863B A8          TAY                     A:03A6 X:0008 Y:03AE P:envmxdizC
$9B/863C 29 10 00    AND #$0010              A:03A6 X:0008 Y:03A6 P:envmxdizC
$9B/863F F0 06       BEQ $06    [$8647]      A:0000 X:0008 Y:03A6 P:envmxdiZC
$9B/8647 84 06       STY $06    [$00:0006]   A:0000 X:0008 Y:03A6 P:envmxdiZC
$9B/8649 A5 16       LDA $16    [$00:0016]   A:0000 X:0008 Y:03A6 P:envmxdiZC
$9B/864B 91 10       STA ($10),y[$7F:54A6]   A:0000 X:0008 Y:03A6 P:envmxdiZC
$9B/864D 98          TYA                     A:0000 X:0008 Y:03A6 P:envmxdiZC
$9B/864E 18          CLC                     A:03A6 X:0008 Y:03A6 P:envmxdizC
$9B/864F 69 10 00    ADC #$0010              A:03A6 X:0008 Y:03A6 P:envmxdizc
$9B/8652 A8          TAY                     A:03B6 X:0008 Y:03A6 P:envmxdizc
$9B/8653 A5 14       LDA $14    [$00:0014]   A:03B6 X:0008 Y:03B6 P:envmxdizc
$9B/8655 91 10       STA ($10),y[$7F:54B6]   A:0000 X:0008 Y:03B6 P:envmxdiZc
$9B/8657 E6 04       INC $04    [$00:0004]   A:0000 X:0008 Y:03B6 P:envmxdiZc
$9B/8659 C6 00       DEC $00    [$00:0000]   A:0000 X:0008 Y:03B6 P:envmxdizc
$9B/865B 10 8B       BPL $8B    [$85E8]      A:0000 X:0008 Y:03B6 P:envmxdizc
$9B/85E8 A2 80 00    LDX #$0080              A:0000 X:0008 Y:03B6 P:envmxdizc
$9B/85EB 64 14       STZ $14    [$00:0014]   A:0000 X:0080 Y:03B6 P:envmxdizc
$9B/85ED 64 16       STZ $16    [$00:0016]   A:0000 X:0080 Y:03B6 P:envmxdizc
$9B/85EF A5 04       LDA $04    [$00:0004]   A:0000 X:0080 Y:03B6 P:envmxdizc
$9B/85F1 0A          ASL A                   A:00EC X:0080 Y:03B6 P:envmxdizc
$9B/85F2 0A          ASL A                   A:01D8 X:0080 Y:03B6 P:envmxdizc
$9B/85F3 A8          TAY                     A:03B0 X:0080 Y:03B6 P:envmxdizc
$9B/85F4 B1 0C       LDA ($0C),y[$7F:03B0]   A:03B0 X:0080 Y:03B0 P:envmxdizc
$9B/85F6 F0 E4       BEQ $E4    [$85DC]      A:0000 X:0080 Y:03B0 P:envmxdiZc
$9B/85DC 8A          TXA                     A:0000 X:0080 Y:03B0 P:envmxdiZc
$9B/85DD 4A          LSR A                   A:0080 X:0080 Y:03B0 P:envmxdizc
$9B/85DE 4A          LSR A                   A:0040 X:0080 Y:03B0 P:envmxdizc
$9B/85DF 4A          LSR A                   A:0020 X:0080 Y:03B0 P:envmxdizc
$9B/85E0 4A          LSR A                   A:0010 X:0080 Y:03B0 P:envmxdizc
$9B/85E1 F0 54       BEQ $54    [$8637]      A:0008 X:0080 Y:03B0 P:envmxdizc
$9B/85E3 AA          TAX                     A:0008 X:0080 Y:03B0 P:envmxdizc
$9B/85E4 C8          INY                     A:0008 X:0008 Y:03B0 P:envmxdizc
$9B/85E5 C8          INY                     A:0008 X:0008 Y:03B1 P:envmxdizc
$9B/85E6 80 0C       BRA $0C    [$85F4]      A:0008 X:0008 Y:03B2 P:envmxdizc
$9B/85F4 B1 0C       LDA ($0C),y[$7F:03B2]   A:0008 X:0008 Y:03B2 P:envmxdizc
$9B/85F6 F0 E4       BEQ $E4    [$85DC]      A:0000 X:0008 Y:03B2 P:envmxdiZc
$9B/85DC 8A          TXA                     A:0000 X:0008 Y:03B2 P:envmxdiZc
$9B/85DD 4A          LSR A                   A:0008 X:0008 Y:03B2 P:envmxdizc
$9B/85DE 4A          LSR A                   A:0004 X:0008 Y:03B2 P:envmxdizc
$9B/85DF 4A          LSR A                   A:0002 X:0008 Y:03B2 P:envmxdizc
$9B/85E0 4A          LSR A                   A:0001 X:0008 Y:03B2 P:envmxdizc
$9B/85E1 F0 54       BEQ $54    [$8637]      A:0000 X:0008 Y:03B2 P:envmxdiZC
$9B/8637 A5 06       LDA $06    [$00:0006]   A:0000 X:0008 Y:03B2 P:envmxdiZC
$9B/8639 1A          INC A                   A:03A6 X:0008 Y:03B2 P:envmxdizC
$9B/863A 1A          INC A                   A:03A7 X:0008 Y:03B2 P:envmxdizC
$9B/863B A8          TAY                     A:03A8 X:0008 Y:03B2 P:envmxdizC
$9B/863C 29 10 00    AND #$0010              A:03A8 X:0008 Y:03A8 P:envmxdizC
$9B/863F F0 06       BEQ $06    [$8647]      A:0000 X:0008 Y:03A8 P:envmxdiZC
$9B/8647 84 06       STY $06    [$00:0006]   A:0000 X:0008 Y:03A8 P:envmxdiZC
$9B/8649 A5 16       LDA $16    [$00:0016]   A:0000 X:0008 Y:03A8 P:envmxdiZC
$9B/864B 91 10       STA ($10),y[$7F:54A8]   A:0000 X:0008 Y:03A8 P:envmxdiZC
$9B/864D 98          TYA                     A:0000 X:0008 Y:03A8 P:envmxdiZC
$9B/864E 18          CLC                     A:03A8 X:0008 Y:03A8 P:envmxdizC
$9B/864F 69 10 00    ADC #$0010              A:03A8 X:0008 Y:03A8 P:envmxdizc
$9B/8652 A8          TAY                     A:03B8 X:0008 Y:03A8 P:envmxdizc
$9B/8653 A5 14       LDA $14    [$00:0014]   A:03B8 X:0008 Y:03B8 P:envmxdizc
$9B/8655 91 10       STA ($10),y[$7F:54B8]   A:0000 X:0008 Y:03B8 P:envmxdiZc
$9B/8657 E6 04       INC $04    [$00:0004]   A:0000 X:0008 Y:03B8 P:envmxdiZc
$9B/8659 C6 00       DEC $00    [$00:0000]   A:0000 X:0008 Y:03B8 P:envmxdizc
$9B/865B 10 8B       BPL $8B    [$85E8]      A:0000 X:0008 Y:03B8 P:envmxdizc
$9B/85E8 A2 80 00    LDX #$0080              A:0000 X:0008 Y:03B8 P:envmxdizc
$9B/85EB 64 14       STZ $14    [$00:0014]   A:0000 X:0080 Y:03B8 P:envmxdizc
$9B/85ED 64 16       STZ $16    [$00:0016]   A:0000 X:0080 Y:03B8 P:envmxdizc
$9B/85EF A5 04       LDA $04    [$00:0004]   A:0000 X:0080 Y:03B8 P:envmxdizc
$9B/85F1 0A          ASL A                   A:00ED X:0080 Y:03B8 P:envmxdizc
$9B/85F2 0A          ASL A                   A:01DA X:0080 Y:03B8 P:envmxdizc
$9B/85F3 A8          TAY                     A:03B4 X:0080 Y:03B8 P:envmxdizc
$9B/85F4 B1 0C       LDA ($0C),y[$7F:03B4]   A:03B4 X:0080 Y:03B4 P:envmxdizc
$9B/85F6 F0 E4       BEQ $E4    [$85DC]      A:0000 X:0080 Y:03B4 P:envmxdiZc
$9B/85DC 8A          TXA                     A:0000 X:0080 Y:03B4 P:envmxdiZc
$9B/85DD 4A          LSR A                   A:0080 X:0080 Y:03B4 P:envmxdizc
$9B/85DE 4A          LSR A                   A:0040 X:0080 Y:03B4 P:envmxdizc
$9B/85DF 4A          LSR A                   A:0020 X:0080 Y:03B4 P:envmxdizc
$9B/85E0 4A          LSR A                   A:0010 X:0080 Y:03B4 P:envmxdizc
$9B/85E1 F0 54       BEQ $54    [$8637]      A:0008 X:0080 Y:03B4 P:envmxdizc
$9B/85E3 AA          TAX                     A:0008 X:0080 Y:03B4 P:envmxdizc
$9B/85E4 C8          INY                     A:0008 X:0008 Y:03B4 P:envmxdizc
$9B/85E5 C8          INY                     A:0008 X:0008 Y:03B5 P:envmxdizc
$9B/85E6 80 0C       BRA $0C    [$85F4]      A:0008 X:0008 Y:03B6 P:envmxdizc
$9B/85F4 B1 0C       LDA ($0C),y[$7F:03B6]   A:0008 X:0008 Y:03B6 P:envmxdizc
$9B/85F6 F0 E4       BEQ $E4    [$85DC]      A:0000 X:0008 Y:03B6 P:envmxdiZc
$9B/85DC 8A          TXA                     A:0000 X:0008 Y:03B6 P:envmxdiZc
$9B/85DD 4A          LSR A                   A:0008 X:0008 Y:03B6 P:envmxdizc
$9B/85DE 4A          LSR A                   A:0004 X:0008 Y:03B6 P:envmxdizc
$9B/85DF 4A          LSR A                   A:0002 X:0008 Y:03B6 P:envmxdizc
$9B/85E0 4A          LSR A                   A:0001 X:0008 Y:03B6 P:envmxdizc
$9B/85E1 F0 54       BEQ $54    [$8637]      A:0000 X:0008 Y:03B6 P:envmxdiZC
$9B/8637 A5 06       LDA $06    [$00:0006]   A:0000 X:0008 Y:03B6 P:envmxdiZC
$9B/8639 1A          INC A                   A:03A8 X:0008 Y:03B6 P:envmxdizC
$9B/863A 1A          INC A                   A:03A9 X:0008 Y:03B6 P:envmxdizC
$9B/863B A8          TAY                     A:03AA X:0008 Y:03B6 P:envmxdizC
$9B/863C 29 10 00    AND #$0010              A:03AA X:0008 Y:03AA P:envmxdizC
$9B/863F F0 06       BEQ $06    [$8647]      A:0000 X:0008 Y:03AA P:envmxdiZC
$9B/8647 84 06       STY $06    [$00:0006]   A:0000 X:0008 Y:03AA P:envmxdiZC
$9B/8649 A5 16       LDA $16    [$00:0016]   A:0000 X:0008 Y:03AA P:envmxdiZC
$9B/864B 91 10       STA ($10),y[$7F:54AA]   A:0000 X:0008 Y:03AA P:envmxdiZC
$9B/864D 98          TYA                     A:0000 X:0008 Y:03AA P:envmxdiZC
$9B/864E 18          CLC                     A:03AA X:0008 Y:03AA P:envmxdizC
$9B/864F 69 10 00    ADC #$0010              A:03AA X:0008 Y:03AA P:envmxdizc
$9B/8652 A8          TAY                     A:03BA X:0008 Y:03AA P:envmxdizc
$9B/8653 A5 14       LDA $14    [$00:0014]   A:03BA X:0008 Y:03BA P:envmxdizc
$9B/8655 91 10       STA ($10),y[$7F:54BA]   A:0000 X:0008 Y:03BA P:envmxdiZc
$9B/8657 E6 04       INC $04    [$00:0004]   A:0000 X:0008 Y:03BA P:envmxdiZc
$9B/8659 C6 00       DEC $00    [$00:0000]   A:0000 X:0008 Y:03BA P:envmxdizc
$9B/865B 10 8B       BPL $8B    [$85E8]      A:0000 X:0008 Y:03BA P:envmxdizc
$9B/85E8 A2 80 00    LDX #$0080              A:0000 X:0008 Y:03BA P:envmxdizc
$9B/85EB 64 14       STZ $14    [$00:0014]   A:0000 X:0080 Y:03BA P:envmxdizc
$9B/85ED 64 16       STZ $16    [$00:0016]   A:0000 X:0080 Y:03BA P:envmxdizc
$9B/85EF A5 04       LDA $04    [$00:0004]   A:0000 X:0080 Y:03BA P:envmxdizc
$9B/85F1 0A          ASL A                   A:00EE X:0080 Y:03BA P:envmxdizc
$9B/85F2 0A          ASL A                   A:01DC X:0080 Y:03BA P:envmxdizc
$9B/85F3 A8          TAY                     A:03B8 X:0080 Y:03BA P:envmxdizc
$9B/85F4 B1 0C       LDA ($0C),y[$7F:03B8]   A:03B8 X:0080 Y:03B8 P:envmxdizc
$9B/85F6 F0 E4       BEQ $E4    [$85DC]      A:0000 X:0080 Y:03B8 P:envmxdiZc
$9B/85DC 8A          TXA                     A:0000 X:0080 Y:03B8 P:envmxdiZc
$9B/85DD 4A          LSR A                   A:0080 X:0080 Y:03B8 P:envmxdizc
$9B/85DE 4A          LSR A                   A:0040 X:0080 Y:03B8 P:envmxdizc
$9B/85DF 4A          LSR A                   A:0020 X:0080 Y:03B8 P:envmxdizc
$9B/85E0 4A          LSR A                   A:0010 X:0080 Y:03B8 P:envmxdizc
$9B/85E1 F0 54       BEQ $54    [$8637]      A:0008 X:0080 Y:03B8 P:envmxdizc
$9B/85E3 AA          TAX                     A:0008 X:0080 Y:03B8 P:envmxdizc
$9B/85E4 C8          INY                     A:0008 X:0008 Y:03B8 P:envmxdizc
$9B/85E5 C8          INY                     A:0008 X:0008 Y:03B9 P:envmxdizc
$9B/85E6 80 0C       BRA $0C    [$85F4]      A:0008 X:0008 Y:03BA P:envmxdizc
$9B/85F4 B1 0C       LDA ($0C),y[$7F:03BA]   A:0008 X:0008 Y:03BA P:envmxdizc
$9B/85F6 F0 E4       BEQ $E4    [$85DC]      A:0000 X:0008 Y:03BA P:envmxdiZc
$9B/85DC 8A          TXA                     A:0000 X:0008 Y:03BA P:envmxdiZc
$9B/85DD 4A          LSR A                   A:0008 X:0008 Y:03BA P:envmxdizc
$9B/85DE 4A          LSR A                   A:0004 X:0008 Y:03BA P:envmxdizc
$9B/85DF 4A          LSR A                   A:0002 X:0008 Y:03BA P:envmxdizc
$9B/85E0 4A          LSR A                   A:0001 X:0008 Y:03BA P:envmxdizc
$9B/85E1 F0 54       BEQ $54    [$8637]      A:0000 X:0008 Y:03BA P:envmxdiZC
$9B/8637 A5 06       LDA $06    [$00:0006]   A:0000 X:0008 Y:03BA P:envmxdiZC
$9B/8639 1A          INC A                   A:03AA X:0008 Y:03BA P:envmxdizC
$9B/863A 1A          INC A                   A:03AB X:0008 Y:03BA P:envmxdizC
$9B/863B A8          TAY                     A:03AC X:0008 Y:03BA P:envmxdizC
$9B/863C 29 10 00    AND #$0010              A:03AC X:0008 Y:03AC P:envmxdizC
$9B/863F F0 06       BEQ $06    [$8647]      A:0000 X:0008 Y:03AC P:envmxdiZC
$9B/8647 84 06       STY $06    [$00:0006]   A:0000 X:0008 Y:03AC P:envmxdiZC
$9B/8649 A5 16       LDA $16    [$00:0016]   A:0000 X:0008 Y:03AC P:envmxdiZC
$9B/864B 91 10       STA ($10),y[$7F:54AC]   A:0000 X:0008 Y:03AC P:envmxdiZC
$9B/864D 98          TYA                     A:0000 X:0008 Y:03AC P:envmxdiZC
$9B/864E 18          CLC                     A:03AC X:0008 Y:03AC P:envmxdizC
$9B/864F 69 10 00    ADC #$0010              A:03AC X:0008 Y:03AC P:envmxdizc
$9B/8652 A8          TAY                     A:03BC X:0008 Y:03AC P:envmxdizc
$9B/8653 A5 14       LDA $14    [$00:0014]   A:03BC X:0008 Y:03BC P:envmxdizc
$9B/8655 91 10       STA ($10),y[$7F:54BC]   A:0000 X:0008 Y:03BC P:envmxdiZc
$9B/8657 E6 04       INC $04    [$00:0004]   A:0000 X:0008 Y:03BC P:envmxdiZc
$9B/8659 C6 00       DEC $00    [$00:0000]   A:0000 X:0008 Y:03BC P:envmxdizc
$9B/865B 10 8B       BPL $8B    [$85E8]      A:0000 X:0008 Y:03BC P:envmxdizc
$9B/85E8 A2 80 00    LDX #$0080              A:0000 X:0008 Y:03BC P:envmxdizc
$9B/85EB 64 14       STZ $14    [$00:0014]   A:0000 X:0080 Y:03BC P:envmxdizc
$9B/85ED 64 16       STZ $16    [$00:0016]   A:0000 X:0080 Y:03BC P:envmxdizc
$9B/85EF A5 04       LDA $04    [$00:0004]   A:0000 X:0080 Y:03BC P:envmxdizc
$9B/85F1 0A          ASL A                   A:00EF X:0080 Y:03BC P:envmxdizc
$9B/85F2 0A          ASL A                   A:01DE X:0080 Y:03BC P:envmxdizc
$9B/85F3 A8          TAY                     A:03BC X:0080 Y:03BC P:envmxdizc
$9B/85F4 B1 0C       LDA ($0C),y[$7F:03BC]   A:03BC X:0080 Y:03BC P:envmxdizc
$9B/85F6 F0 E4       BEQ $E4    [$85DC]      A:0000 X:0080 Y:03BC P:envmxdiZc
$9B/85DC 8A          TXA                     A:0000 X:0080 Y:03BC P:envmxdiZc
$9B/85DD 4A          LSR A                   A:0080 X:0080 Y:03BC P:envmxdizc
$9B/85DE 4A          LSR A                   A:0040 X:0080 Y:03BC P:envmxdizc
$9B/85DF 4A          LSR A                   A:0020 X:0080 Y:03BC P:envmxdizc
$9B/85E0 4A          LSR A                   A:0010 X:0080 Y:03BC P:envmxdizc
$9B/85E1 F0 54       BEQ $54    [$8637]      A:0008 X:0080 Y:03BC P:envmxdizc
$9B/85E3 AA          TAX                     A:0008 X:0080 Y:03BC P:envmxdizc
$9B/85E4 C8          INY                     A:0008 X:0008 Y:03BC P:envmxdizc
$9B/85E5 C8          INY                     A:0008 X:0008 Y:03BD P:envmxdizc
$9B/85E6 80 0C       BRA $0C    [$85F4]      A:0008 X:0008 Y:03BE P:envmxdizc
$9B/85F4 B1 0C       LDA ($0C),y[$7F:03BE]   A:0008 X:0008 Y:03BE P:envmxdizc
$9B/85F6 F0 E4       BEQ $E4    [$85DC]      A:0000 X:0008 Y:03BE P:envmxdiZc
$9B/85DC 8A          TXA                     A:0000 X:0008 Y:03BE P:envmxdiZc
$9B/85DD 4A          LSR A                   A:0008 X:0008 Y:03BE P:envmxdizc
$9B/85DE 4A          LSR A                   A:0004 X:0008 Y:03BE P:envmxdizc
$9B/85DF 4A          LSR A                   A:0002 X:0008 Y:03BE P:envmxdizc
$9B/85E0 4A          LSR A                   A:0001 X:0008 Y:03BE P:envmxdizc
$9B/85E1 F0 54       BEQ $54    [$8637]      A:0000 X:0008 Y:03BE P:envmxdiZC
$9B/8637 A5 06       LDA $06    [$00:0006]   A:0000 X:0008 Y:03BE P:envmxdiZC
$9B/8639 1A          INC A                   A:03AC X:0008 Y:03BE P:envmxdizC
$9B/863A 1A          INC A                   A:03AD X:0008 Y:03BE P:envmxdizC
$9B/863B A8          TAY                     A:03AE X:0008 Y:03BE P:envmxdizC
$9B/863C 29 10 00    AND #$0010              A:03AE X:0008 Y:03AE P:envmxdizC
$9B/863F F0 06       BEQ $06    [$8647]      A:0000 X:0008 Y:03AE P:envmxdiZC
$9B/8647 84 06       STY $06    [$00:0006]   A:0000 X:0008 Y:03AE P:envmxdiZC
$9B/8649 A5 16       LDA $16    [$00:0016]   A:0000 X:0008 Y:03AE P:envmxdiZC
$9B/864B 91 10       STA ($10),y[$7F:54AE]   A:0000 X:0008 Y:03AE P:envmxdiZC
$9B/864D 98          TYA                     A:0000 X:0008 Y:03AE P:envmxdiZC
$9B/864E 18          CLC                     A:03AE X:0008 Y:03AE P:envmxdizC
$9B/864F 69 10 00    ADC #$0010              A:03AE X:0008 Y:03AE P:envmxdizc
$9B/8652 A8          TAY                     A:03BE X:0008 Y:03AE P:envmxdizc
$9B/8653 A5 14       LDA $14    [$00:0014]   A:03BE X:0008 Y:03BE P:envmxdizc
$9B/8655 91 10       STA ($10),y[$7F:54BE]   A:0000 X:0008 Y:03BE P:envmxdiZc
$9B/8657 E6 04       INC $04    [$00:0004]   A:0000 X:0008 Y:03BE P:envmxdiZc
$9B/8659 C6 00       DEC $00    [$00:0000]   A:0000 X:0008 Y:03BE P:envmxdizc
$9B/865B 10 8B       BPL $8B    [$85E8]      A:0000 X:0008 Y:03BE P:envmxdizc
$9B/85E8 A2 80 00    LDX #$0080              A:0000 X:0008 Y:03BE P:envmxdizc
$9B/85EB 64 14       STZ $14    [$00:0014]   A:0000 X:0080 Y:03BE P:envmxdizc
$9B/85ED 64 16       STZ $16    [$00:0016]   A:0000 X:0080 Y:03BE P:envmxdizc
$9B/85EF A5 04       LDA $04    [$00:0004]   A:0000 X:0080 Y:03BE P:envmxdizc
$9B/85F1 0A          ASL A                   A:00F0 X:0080 Y:03BE P:envmxdizc
$9B/85F2 0A          ASL A                   A:01E0 X:0080 Y:03BE P:envmxdizc
$9B/85F3 A8          TAY                     A:03C0 X:0080 Y:03BE P:envmxdizc
$9B/85F4 B1 0C       LDA ($0C),y[$7F:03C0]   A:03C0 X:0080 Y:03C0 P:envmxdizc
$9B/85F6 F0 E4       BEQ $E4    [$85DC]      A:0000 X:0080 Y:03C0 P:envmxdiZc
$9B/85DC 8A          TXA                     A:0000 X:0080 Y:03C0 P:envmxdiZc
$9B/85DD 4A          LSR A                   A:0080 X:0080 Y:03C0 P:envmxdizc
$9B/85DE 4A          LSR A                   A:0040 X:0080 Y:03C0 P:envmxdizc
$9B/85DF 4A          LSR A                   A:0020 X:0080 Y:03C0 P:envmxdizc
$9B/85E0 4A          LSR A                   A:0010 X:0080 Y:03C0 P:envmxdizc
$9B/85E1 F0 54       BEQ $54    [$8637]      A:0008 X:0080 Y:03C0 P:envmxdizc
$9B/85E3 AA          TAX                     A:0008 X:0080 Y:03C0 P:envmxdizc
$9B/85E4 C8          INY                     A:0008 X:0008 Y:03C0 P:envmxdizc
$9B/85E5 C8          INY                     A:0008 X:0008 Y:03C1 P:envmxdizc
$9B/85E6 80 0C       BRA $0C    [$85F4]      A:0008 X:0008 Y:03C2 P:envmxdizc
$9B/85F4 B1 0C       LDA ($0C),y[$7F:03C2]   A:0008 X:0008 Y:03C2 P:envmxdizc
$9B/85F6 F0 E4       BEQ $E4    [$85DC]      A:0000 X:0008 Y:03C2 P:envmxdiZc
$9B/85DC 8A          TXA                     A:0000 X:0008 Y:03C2 P:envmxdiZc
$9B/85DD 4A          LSR A                   A:0008 X:0008 Y:03C2 P:envmxdizc
$9B/85DE 4A          LSR A                   A:0004 X:0008 Y:03C2 P:envmxdizc
$9B/85DF 4A          LSR A                   A:0002 X:0008 Y:03C2 P:envmxdizc
$9B/85E0 4A          LSR A                   A:0001 X:0008 Y:03C2 P:envmxdizc
$9B/85E1 F0 54       BEQ $54    [$8637]      A:0000 X:0008 Y:03C2 P:envmxdiZC
$9B/8637 A5 06       LDA $06    [$00:0006]   A:0000 X:0008 Y:03C2 P:envmxdiZC
$9B/8639 1A          INC A                   A:03AE X:0008 Y:03C2 P:envmxdizC
$9B/863A 1A          INC A                   A:03AF X:0008 Y:03C2 P:envmxdizC
$9B/863B A8          TAY                     A:03B0 X:0008 Y:03C2 P:envmxdizC
$9B/863C 29 10 00    AND #$0010              A:03B0 X:0008 Y:03B0 P:envmxdizC
$9B/863F F0 06       BEQ $06    [$8647]      A:0010 X:0008 Y:03B0 P:envmxdizC
$9B/8641 98          TYA                     A:0010 X:0008 Y:03B0 P:envmxdizC
$9B/8642 18          CLC                     A:03B0 X:0008 Y:03B0 P:envmxdizC
$9B/8643 69 10 00    ADC #$0010              A:03B0 X:0008 Y:03B0 P:envmxdizc
$9B/8646 A8          TAY                     A:03C0 X:0008 Y:03B0 P:envmxdizc
$9B/8647 84 06       STY $06    [$00:0006]   A:03C0 X:0008 Y:03C0 P:envmxdizc
$9B/8649 A5 16       LDA $16    [$00:0016]   A:03C0 X:0008 Y:03C0 P:envmxdizc
$9B/864B 91 10       STA ($10),y[$7F:54C0]   A:0000 X:0008 Y:03C0 P:envmxdiZc
$9B/864D 98          TYA                     A:0000 X:0008 Y:03C0 P:envmxdiZc
$9B/864E 18          CLC                     A:03C0 X:0008 Y:03C0 P:envmxdizc
$9B/864F 69 10 00    ADC #$0010              A:03C0 X:0008 Y:03C0 P:envmxdizc
$9B/8652 A8          TAY                     A:03D0 X:0008 Y:03C0 P:envmxdizc
$9B/8653 A5 14       LDA $14    [$00:0014]   A:03D0 X:0008 Y:03D0 P:envmxdizc
$9B/8655 91 10       STA ($10),y[$7F:54D0]   A:0000 X:0008 Y:03D0 P:envmxdiZc
$9B/8657 E6 04       INC $04    [$00:0004]   A:0000 X:0008 Y:03D0 P:envmxdiZc
$9B/8659 C6 00       DEC $00    [$00:0000]   A:0000 X:0008 Y:03D0 P:envmxdizc
$9B/865B 10 8B       BPL $8B    [$85E8]      A:0000 X:0008 Y:03D0 P:envmxdizc
$9B/85E8 A2 80 00    LDX #$0080              A:0000 X:0008 Y:03D0 P:envmxdizc
$9B/85EB 64 14       STZ $14    [$00:0014]   A:0000 X:0080 Y:03D0 P:envmxdizc
$9B/85ED 64 16       STZ $16    [$00:0016]   A:0000 X:0080 Y:03D0 P:envmxdizc
$9B/85EF A5 04       LDA $04    [$00:0004]   A:0000 X:0080 Y:03D0 P:envmxdizc
$9B/85F1 0A          ASL A                   A:00F1 X:0080 Y:03D0 P:envmxdizc
$9B/85F2 0A          ASL A                   A:01E2 X:0080 Y:03D0 P:envmxdizc
$9B/85F3 A8          TAY                     A:03C4 X:0080 Y:03D0 P:envmxdizc
$9B/85F4 B1 0C       LDA ($0C),y[$7F:03C4]   A:03C4 X:0080 Y:03C4 P:envmxdizc
$9B/85F6 F0 E4       BEQ $E4    [$85DC]      A:0000 X:0080 Y:03C4 P:envmxdiZc
$9B/85DC 8A          TXA                     A:0000 X:0080 Y:03C4 P:envmxdiZc
$9B/85DD 4A          LSR A                   A:0080 X:0080 Y:03C4 P:envmxdizc
$9B/85DE 4A          LSR A                   A:0040 X:0080 Y:03C4 P:envmxdizc
$9B/85DF 4A          LSR A                   A:0020 X:0080 Y:03C4 P:envmxdizc
$9B/85E0 4A          LSR A                   A:0010 X:0080 Y:03C4 P:envmxdizc
$9B/85E1 F0 54       BEQ $54    [$8637]      A:0008 X:0080 Y:03C4 P:envmxdizc
$9B/85E3 AA          TAX                     A:0008 X:0080 Y:03C4 P:envmxdizc
$9B/85E4 C8          INY                     A:0008 X:0008 Y:03C4 P:envmxdizc
$9B/85E5 C8          INY                     A:0008 X:0008 Y:03C5 P:envmxdizc
$9B/85E6 80 0C       BRA $0C    [$85F4]      A:0008 X:0008 Y:03C6 P:envmxdizc
$9B/85F4 B1 0C       LDA ($0C),y[$7F:03C6]   A:0008 X:0008 Y:03C6 P:envmxdizc
$9B/85F6 F0 E4       BEQ $E4    [$85DC]      A:0000 X:0008 Y:03C6 P:envmxdiZc
$9B/85DC 8A          TXA                     A:0000 X:0008 Y:03C6 P:envmxdiZc
$9B/85DD 4A          LSR A                   A:0008 X:0008 Y:03C6 P:envmxdizc
$9B/85DE 4A          LSR A                   A:0004 X:0008 Y:03C6 P:envmxdizc
$9B/85DF 4A          LSR A                   A:0002 X:0008 Y:03C6 P:envmxdizc
$9B/85E0 4A          LSR A                   A:0001 X:0008 Y:03C6 P:envmxdizc
$9B/85E1 F0 54       BEQ $54    [$8637]      A:0000 X:0008 Y:03C6 P:envmxdiZC
$9B/8637 A5 06       LDA $06    [$00:0006]   A:0000 X:0008 Y:03C6 P:envmxdiZC
$9B/8639 1A          INC A                   A:03C0 X:0008 Y:03C6 P:envmxdizC
$9B/863A 1A          INC A                   A:03C1 X:0008 Y:03C6 P:envmxdizC
$9B/863B A8          TAY                     A:03C2 X:0008 Y:03C6 P:envmxdizC
$9B/863C 29 10 00    AND #$0010              A:03C2 X:0008 Y:03C2 P:envmxdizC
$9B/863F F0 06       BEQ $06    [$8647]      A:0000 X:0008 Y:03C2 P:envmxdiZC
$9B/8647 84 06       STY $06    [$00:0006]   A:0000 X:0008 Y:03C2 P:envmxdiZC
$9B/8649 A5 16       LDA $16    [$00:0016]   A:0000 X:0008 Y:03C2 P:envmxdiZC
$9B/864B 91 10       STA ($10),y[$7F:54C2]   A:0000 X:0008 Y:03C2 P:envmxdiZC
$9B/864D 98          TYA                     A:0000 X:0008 Y:03C2 P:envmxdiZC
$9B/864E 18          CLC                     A:03C2 X:0008 Y:03C2 P:envmxdizC
$9B/864F 69 10 00    ADC #$0010              A:03C2 X:0008 Y:03C2 P:envmxdizc
$9B/8652 A8          TAY                     A:03D2 X:0008 Y:03C2 P:envmxdizc
$9B/8653 A5 14       LDA $14    [$00:0014]   A:03D2 X:0008 Y:03D2 P:envmxdizc
$9B/8655 91 10       STA ($10),y[$7F:54D2]   A:0000 X:0008 Y:03D2 P:envmxdiZc
$9B/8657 E6 04       INC $04    [$00:0004]   A:0000 X:0008 Y:03D2 P:envmxdiZc
$9B/8659 C6 00       DEC $00    [$00:0000]   A:0000 X:0008 Y:03D2 P:envmxdizc
$9B/865B 10 8B       BPL $8B    [$85E8]      A:0000 X:0008 Y:03D2 P:envmxdizc
$9B/85E8 A2 80 00    LDX #$0080              A:0000 X:0008 Y:03D2 P:envmxdizc
$9B/85EB 64 14       STZ $14    [$00:0014]   A:0000 X:0080 Y:03D2 P:envmxdizc
$9B/85ED 64 16       STZ $16    [$00:0016]   A:0000 X:0080 Y:03D2 P:envmxdizc
$9B/85EF A5 04       LDA $04    [$00:0004]   A:0000 X:0080 Y:03D2 P:envmxdizc
$9B/85F1 0A          ASL A                   A:00F2 X:0080 Y:03D2 P:envmxdizc
$9B/85F2 0A          ASL A                   A:01E4 X:0080 Y:03D2 P:envmxdizc
$9B/85F3 A8          TAY                     A:03C8 X:0080 Y:03D2 P:envmxdizc
$9B/85F4 B1 0C       LDA ($0C),y[$7F:03C8]   A:03C8 X:0080 Y:03C8 P:envmxdizc
$9B/85F6 F0 E4       BEQ $E4    [$85DC]      A:0000 X:0080 Y:03C8 P:envmxdiZc
$9B/85DC 8A          TXA                     A:0000 X:0080 Y:03C8 P:envmxdiZc
$9B/85DD 4A          LSR A                   A:0080 X:0080 Y:03C8 P:envmxdizc
$9B/85DE 4A          LSR A                   A:0040 X:0080 Y:03C8 P:envmxdizc
$9B/85DF 4A          LSR A                   A:0020 X:0080 Y:03C8 P:envmxdizc
$9B/85E0 4A          LSR A                   A:0010 X:0080 Y:03C8 P:envmxdizc
$9B/85E1 F0 54       BEQ $54    [$8637]      A:0008 X:0080 Y:03C8 P:envmxdizc
$9B/85E3 AA          TAX                     A:0008 X:0080 Y:03C8 P:envmxdizc
$9B/85E4 C8          INY                     A:0008 X:0008 Y:03C8 P:envmxdizc
$9B/85E5 C8          INY                     A:0008 X:0008 Y:03C9 P:envmxdizc
$9B/85E6 80 0C       BRA $0C    [$85F4]      A:0008 X:0008 Y:03CA P:envmxdizc
$9B/85F4 B1 0C       LDA ($0C),y[$7F:03CA]   A:0008 X:0008 Y:03CA P:envmxdizc
$9B/85F6 F0 E4       BEQ $E4    [$85DC]      A:0000 X:0008 Y:03CA P:envmxdiZc
$9B/85DC 8A          TXA                     A:0000 X:0008 Y:03CA P:envmxdiZc
$9B/85DD 4A          LSR A                   A:0008 X:0008 Y:03CA P:envmxdizc
$9B/85DE 4A          LSR A                   A:0004 X:0008 Y:03CA P:envmxdizc
$9B/85DF 4A          LSR A                   A:0002 X:0008 Y:03CA P:envmxdizc
$9B/85E0 4A          LSR A                   A:0001 X:0008 Y:03CA P:envmxdizc
$9B/85E1 F0 54       BEQ $54    [$8637]      A:0000 X:0008 Y:03CA P:envmxdiZC
$9B/8637 A5 06       LDA $06    [$00:0006]   A:0000 X:0008 Y:03CA P:envmxdiZC
$9B/8639 1A          INC A                   A:03C2 X:0008 Y:03CA P:envmxdizC
$9B/863A 1A          INC A                   A:03C3 X:0008 Y:03CA P:envmxdizC
$9B/863B A8          TAY                     A:03C4 X:0008 Y:03CA P:envmxdizC
$9B/863C 29 10 00    AND #$0010              A:03C4 X:0008 Y:03C4 P:envmxdizC
$9B/863F F0 06       BEQ $06    [$8647]      A:0000 X:0008 Y:03C4 P:envmxdiZC
$9B/8647 84 06       STY $06    [$00:0006]   A:0000 X:0008 Y:03C4 P:envmxdiZC
$9B/8649 A5 16       LDA $16    [$00:0016]   A:0000 X:0008 Y:03C4 P:envmxdiZC
$9B/864B 91 10       STA ($10),y[$7F:54C4]   A:0000 X:0008 Y:03C4 P:envmxdiZC
$9B/864D 98          TYA                     A:0000 X:0008 Y:03C4 P:envmxdiZC
$9B/864E 18          CLC                     A:03C4 X:0008 Y:03C4 P:envmxdizC
$9B/864F 69 10 00    ADC #$0010              A:03C4 X:0008 Y:03C4 P:envmxdizc
$9B/8652 A8          TAY                     A:03D4 X:0008 Y:03C4 P:envmxdizc
$9B/8653 A5 14       LDA $14    [$00:0014]   A:03D4 X:0008 Y:03D4 P:envmxdizc
$9B/8655 91 10       STA ($10),y[$7F:54D4]   A:0000 X:0008 Y:03D4 P:envmxdiZc
$9B/8657 E6 04       INC $04    [$00:0004]   A:0000 X:0008 Y:03D4 P:envmxdiZc
$9B/8659 C6 00       DEC $00    [$00:0000]   A:0000 X:0008 Y:03D4 P:envmxdizc
$9B/865B 10 8B       BPL $8B    [$85E8]      A:0000 X:0008 Y:03D4 P:envmxdizc
$9B/85E8 A2 80 00    LDX #$0080              A:0000 X:0008 Y:03D4 P:envmxdizc
$9B/85EB 64 14       STZ $14    [$00:0014]   A:0000 X:0080 Y:03D4 P:envmxdizc
$9B/85ED 64 16       STZ $16    [$00:0016]   A:0000 X:0080 Y:03D4 P:envmxdizc
$9B/85EF A5 04       LDA $04    [$00:0004]   A:0000 X:0080 Y:03D4 P:envmxdizc
$9B/85F1 0A          ASL A                   A:00F3 X:0080 Y:03D4 P:envmxdizc
$9B/85F2 0A          ASL A                   A:01E6 X:0080 Y:03D4 P:envmxdizc
$9B/85F3 A8          TAY                     A:03CC X:0080 Y:03D4 P:envmxdizc
$9B/85F4 B1 0C       LDA ($0C),y[$7F:03CC]   A:03CC X:0080 Y:03CC P:envmxdizc
$9B/85F6 F0 E4       BEQ $E4    [$85DC]      A:0000 X:0080 Y:03CC P:envmxdiZc
$9B/85DC 8A          TXA                     A:0000 X:0080 Y:03CC P:envmxdiZc
$9B/85DD 4A          LSR A                   A:0080 X:0080 Y:03CC P:envmxdizc
$9B/85DE 4A          LSR A                   A:0040 X:0080 Y:03CC P:envmxdizc
$9B/85DF 4A          LSR A                   A:0020 X:0080 Y:03CC P:envmxdizc
$9B/85E0 4A          LSR A                   A:0010 X:0080 Y:03CC P:envmxdizc
$9B/85E1 F0 54       BEQ $54    [$8637]      A:0008 X:0080 Y:03CC P:envmxdizc
$9B/85E3 AA          TAX                     A:0008 X:0080 Y:03CC P:envmxdizc
$9B/85E4 C8          INY                     A:0008 X:0008 Y:03CC P:envmxdizc
$9B/85E5 C8          INY                     A:0008 X:0008 Y:03CD P:envmxdizc
$9B/85E6 80 0C       BRA $0C    [$85F4]      A:0008 X:0008 Y:03CE P:envmxdizc
$9B/85F4 B1 0C       LDA ($0C),y[$7F:03CE]   A:0008 X:0008 Y:03CE P:envmxdizc
$9B/85F6 F0 E4       BEQ $E4    [$85DC]      A:0000 X:0008 Y:03CE P:envmxdiZc
$9B/85DC 8A          TXA                     A:0000 X:0008 Y:03CE P:envmxdiZc
$9B/85DD 4A          LSR A                   A:0008 X:0008 Y:03CE P:envmxdizc
$9B/85DE 4A          LSR A                   A:0004 X:0008 Y:03CE P:envmxdizc
$9B/85DF 4A          LSR A                   A:0002 X:0008 Y:03CE P:envmxdizc
$9B/85E0 4A          LSR A                   A:0001 X:0008 Y:03CE P:envmxdizc
$9B/85E1 F0 54       BEQ $54    [$8637]      A:0000 X:0008 Y:03CE P:envmxdiZC
$9B/8637 A5 06       LDA $06    [$00:0006]   A:0000 X:0008 Y:03CE P:envmxdiZC
$9B/8639 1A          INC A                   A:03C4 X:0008 Y:03CE P:envmxdizC
$9B/863A 1A          INC A                   A:03C5 X:0008 Y:03CE P:envmxdizC
$9B/863B A8          TAY                     A:03C6 X:0008 Y:03CE P:envmxdizC
$9B/863C 29 10 00    AND #$0010              A:03C6 X:0008 Y:03C6 P:envmxdizC
$9B/863F F0 06       BEQ $06    [$8647]      A:0000 X:0008 Y:03C6 P:envmxdiZC
$9B/8647 84 06       STY $06    [$00:0006]   A:0000 X:0008 Y:03C6 P:envmxdiZC
$9B/8649 A5 16       LDA $16    [$00:0016]   A:0000 X:0008 Y:03C6 P:envmxdiZC
$9B/864B 91 10       STA ($10),y[$7F:54C6]   A:0000 X:0008 Y:03C6 P:envmxdiZC
$9B/864D 98          TYA                     A:0000 X:0008 Y:03C6 P:envmxdiZC
$9B/864E 18          CLC                     A:03C6 X:0008 Y:03C6 P:envmxdizC
$9B/864F 69 10 00    ADC #$0010              A:03C6 X:0008 Y:03C6 P:envmxdizc
$9B/8652 A8          TAY                     A:03D6 X:0008 Y:03C6 P:envmxdizc
$9B/8653 A5 14       LDA $14    [$00:0014]   A:03D6 X:0008 Y:03D6 P:envmxdizc
$9B/8655 91 10       STA ($10),y[$7F:54D6]   A:0000 X:0008 Y:03D6 P:envmxdiZc
$9B/8657 E6 04       INC $04    [$00:0004]   A:0000 X:0008 Y:03D6 P:envmxdiZc
$9B/8659 C6 00       DEC $00    [$00:0000]   A:0000 X:0008 Y:03D6 P:envmxdizc
$9B/865B 10 8B       BPL $8B    [$85E8]      A:0000 X:0008 Y:03D6 P:envmxdizc
$9B/85E8 A2 80 00    LDX #$0080              A:0000 X:0008 Y:03D6 P:envmxdizc
$9B/85EB 64 14       STZ $14    [$00:0014]   A:0000 X:0080 Y:03D6 P:envmxdizc
$9B/85ED 64 16       STZ $16    [$00:0016]   A:0000 X:0080 Y:03D6 P:envmxdizc
$9B/85EF A5 04       LDA $04    [$00:0004]   A:0000 X:0080 Y:03D6 P:envmxdizc
$9B/85F1 0A          ASL A                   A:00F4 X:0080 Y:03D6 P:envmxdizc
$9B/85F2 0A          ASL A                   A:01E8 X:0080 Y:03D6 P:envmxdizc
$9B/85F3 A8          TAY                     A:03D0 X:0080 Y:03D6 P:envmxdizc
$9B/85F4 B1 0C       LDA ($0C),y[$7F:03D0]   A:03D0 X:0080 Y:03D0 P:envmxdizc
$9B/85F6 F0 E4       BEQ $E4    [$85DC]      A:0000 X:0080 Y:03D0 P:envmxdiZc
$9B/85DC 8A          TXA                     A:0000 X:0080 Y:03D0 P:envmxdiZc
$9B/85DD 4A          LSR A                   A:0080 X:0080 Y:03D0 P:envmxdizc
$9B/85DE 4A          LSR A                   A:0040 X:0080 Y:03D0 P:envmxdizc
$9B/85DF 4A          LSR A                   A:0020 X:0080 Y:03D0 P:envmxdizc
$9B/85E0 4A          LSR A                   A:0010 X:0080 Y:03D0 P:envmxdizc
$9B/85E1 F0 54       BEQ $54    [$8637]      A:0008 X:0080 Y:03D0 P:envmxdizc
$9B/85E3 AA          TAX                     A:0008 X:0080 Y:03D0 P:envmxdizc
$9B/85E4 C8          INY                     A:0008 X:0008 Y:03D0 P:envmxdizc
$9B/85E5 C8          INY                     A:0008 X:0008 Y:03D1 P:envmxdizc
$9B/85E6 80 0C       BRA $0C    [$85F4]      A:0008 X:0008 Y:03D2 P:envmxdizc
$9B/85F4 B1 0C       LDA ($0C),y[$7F:03D2]   A:0008 X:0008 Y:03D2 P:envmxdizc
$9B/85F6 F0 E4       BEQ $E4    [$85DC]      A:0000 X:0008 Y:03D2 P:envmxdiZc
$9B/85DC 8A          TXA                     A:0000 X:0008 Y:03D2 P:envmxdiZc
$9B/85DD 4A          LSR A                   A:0008 X:0008 Y:03D2 P:envmxdizc
$9B/85DE 4A          LSR A                   A:0004 X:0008 Y:03D2 P:envmxdizc
$9B/85DF 4A          LSR A                   A:0002 X:0008 Y:03D2 P:envmxdizc
$9B/85E0 4A          LSR A                   A:0001 X:0008 Y:03D2 P:envmxdizc
$9B/85E1 F0 54       BEQ $54    [$8637]      A:0000 X:0008 Y:03D2 P:envmxdiZC
$9B/8637 A5 06       LDA $06    [$00:0006]   A:0000 X:0008 Y:03D2 P:envmxdiZC
$9B/8639 1A          INC A                   A:03C6 X:0008 Y:03D2 P:envmxdizC
$9B/863A 1A          INC A                   A:03C7 X:0008 Y:03D2 P:envmxdizC
$9B/863B A8          TAY                     A:03C8 X:0008 Y:03D2 P:envmxdizC
$9B/863C 29 10 00    AND #$0010              A:03C8 X:0008 Y:03C8 P:envmxdizC
$9B/863F F0 06       BEQ $06    [$8647]      A:0000 X:0008 Y:03C8 P:envmxdiZC
$9B/8647 84 06       STY $06    [$00:0006]   A:0000 X:0008 Y:03C8 P:envmxdiZC
$9B/8649 A5 16       LDA $16    [$00:0016]   A:0000 X:0008 Y:03C8 P:envmxdiZC
$9B/864B 91 10       STA ($10),y[$7F:54C8]   A:0000 X:0008 Y:03C8 P:envmxdiZC
$9B/864D 98          TYA                     A:0000 X:0008 Y:03C8 P:envmxdiZC
$9B/864E 18          CLC                     A:03C8 X:0008 Y:03C8 P:envmxdizC
$9B/864F 69 10 00    ADC #$0010              A:03C8 X:0008 Y:03C8 P:envmxdizc
$9B/8652 A8          TAY                     A:03D8 X:0008 Y:03C8 P:envmxdizc
$9B/8653 A5 14       LDA $14    [$00:0014]   A:03D8 X:0008 Y:03D8 P:envmxdizc
$9B/8655 91 10       STA ($10),y[$7F:54D8]   A:0000 X:0008 Y:03D8 P:envmxdiZc
$9B/8657 E6 04       INC $04    [$00:0004]   A:0000 X:0008 Y:03D8 P:envmxdiZc
$9B/8659 C6 00       DEC $00    [$00:0000]   A:0000 X:0008 Y:03D8 P:envmxdizc
$9B/865B 10 8B       BPL $8B    [$85E8]      A:0000 X:0008 Y:03D8 P:envmxdizc
$9B/85E8 A2 80 00    LDX #$0080              A:0000 X:0008 Y:03D8 P:envmxdizc
$9B/85EB 64 14       STZ $14    [$00:0014]   A:0000 X:0080 Y:03D8 P:envmxdizc
$9B/85ED 64 16       STZ $16    [$00:0016]   A:0000 X:0080 Y:03D8 P:envmxdizc
$9B/85EF A5 04       LDA $04    [$00:0004]   A:0000 X:0080 Y:03D8 P:envmxdizc
$9B/85F1 0A          ASL A                   A:00F5 X:0080 Y:03D8 P:envmxdizc
$9B/85F2 0A          ASL A                   A:01EA X:0080 Y:03D8 P:envmxdizc
$9B/85F3 A8          TAY                     A:03D4 X:0080 Y:03D8 P:envmxdizc
$9B/85F4 B1 0C       LDA ($0C),y[$7F:03D4]   A:03D4 X:0080 Y:03D4 P:envmxdizc
$9B/85F6 F0 E4       BEQ $E4    [$85DC]      A:0000 X:0080 Y:03D4 P:envmxdiZc
$9B/85DC 8A          TXA                     A:0000 X:0080 Y:03D4 P:envmxdiZc
$9B/85DD 4A          LSR A                   A:0080 X:0080 Y:03D4 P:envmxdizc
$9B/85DE 4A          LSR A                   A:0040 X:0080 Y:03D4 P:envmxdizc
$9B/85DF 4A          LSR A                   A:0020 X:0080 Y:03D4 P:envmxdizc
$9B/85E0 4A          LSR A                   A:0010 X:0080 Y:03D4 P:envmxdizc
$9B/85E1 F0 54       BEQ $54    [$8637]      A:0008 X:0080 Y:03D4 P:envmxdizc
$9B/85E3 AA          TAX                     A:0008 X:0080 Y:03D4 P:envmxdizc
$9B/85E4 C8          INY                     A:0008 X:0008 Y:03D4 P:envmxdizc
$9B/85E5 C8          INY                     A:0008 X:0008 Y:03D5 P:envmxdizc
$9B/85E6 80 0C       BRA $0C    [$85F4]      A:0008 X:0008 Y:03D6 P:envmxdizc
$9B/85F4 B1 0C       LDA ($0C),y[$7F:03D6]   A:0008 X:0008 Y:03D6 P:envmxdizc
$9B/85F6 F0 E4       BEQ $E4    [$85DC]      A:0E00 X:0008 Y:03D6 P:envmxdizc
$9B/85F8 EB          XBA                     A:0E00 X:0008 Y:03D6 P:envmxdizc
$9B/85F9 A8          TAY                     A:000E X:0008 Y:03D6 P:envmxdizc
$9B/85FA 98          TYA                     A:000E X:0008 Y:000E P:envmxdizc
$9B/85FB 0A          ASL A                   A:000E X:0008 Y:000E P:envmxdizc
$9B/85FC 90 05       BCC $05    [$8603]      A:001C X:0008 Y:000E P:envmxdizc
$9B/8603 0A          ASL A                   A:001C X:0008 Y:000E P:envmxdizc
$9B/8604 90 05       BCC $05    [$860B]      A:0038 X:0008 Y:000E P:envmxdizc
$9B/860B 0A          ASL A                   A:0038 X:0008 Y:000E P:envmxdizc
$9B/860C 90 05       BCC $05    [$8613]      A:0070 X:0008 Y:000E P:envmxdizc
$9B/8613 0A          ASL A                   A:0070 X:0008 Y:000E P:envmxdizc
$9B/8614 90 05       BCC $05    [$861B]      A:00E0 X:0008 Y:000E P:envmxdizc
$9B/861B A8          TAY                     A:00E0 X:0008 Y:000E P:envmxdizc
$9B/861C 8A          TXA                     A:00E0 X:0008 Y:00E0 P:envmxdizc
$9B/861D 4A          LSR A                   A:0008 X:0008 Y:00E0 P:envmxdizc
$9B/861E AA          TAX                     A:0004 X:0008 Y:00E0 P:envmxdizc
$9B/861F E0 10 00    CPX #$0010              A:0004 X:0004 Y:00E0 P:envmxdizc
$9B/8622 B0 D6       BCS $D6    [$85FA]      A:0004 X:0004 Y:00E0 P:eNvmxdizc
$9B/8624 E0 00 00    CPX #$0000              A:0004 X:0004 Y:00E0 P:eNvmxdizc
$9B/8627 F0 0E       BEQ $0E    [$8637]      A:0004 X:0004 Y:00E0 P:envmxdizC
$9B/8629 E0 08 00    CPX #$0008              A:0004 X:0004 Y:00E0 P:envmxdizC
$9B/862C 90 CC       BCC $CC    [$85FA]      A:0004 X:0004 Y:00E0 P:eNvmxdizc
$9B/85FA 98          TYA                     A:0004 X:0004 Y:00E0 P:eNvmxdizc
$9B/85FB 0A          ASL A                   A:00E0 X:0004 Y:00E0 P:envmxdizc
$9B/85FC 90 05       BCC $05    [$8603]      A:01C0 X:0004 Y:00E0 P:envmxdizc
$9B/8603 0A          ASL A                   A:01C0 X:0004 Y:00E0 P:envmxdizc
$9B/8604 90 05       BCC $05    [$860B]      A:0380 X:0004 Y:00E0 P:envmxdizc
$9B/860B 0A          ASL A                   A:0380 X:0004 Y:00E0 P:envmxdizc
$9B/860C 90 05       BCC $05    [$8613]      A:0700 X:0004 Y:00E0 P:envmxdizc
$9B/8613 0A          ASL A                   A:0700 X:0004 Y:00E0 P:envmxdizc
$9B/8614 90 05       BCC $05    [$861B]      A:0E00 X:0004 Y:00E0 P:envmxdizc
$9B/861B A8          TAY                     A:0E00 X:0004 Y:00E0 P:envmxdizc
$9B/861C 8A          TXA                     A:0E00 X:0004 Y:0E00 P:envmxdizc
$9B/861D 4A          LSR A                   A:0004 X:0004 Y:0E00 P:envmxdizc
$9B/861E AA          TAX                     A:0002 X:0004 Y:0E00 P:envmxdizc
$9B/861F E0 10 00    CPX #$0010              A:0002 X:0002 Y:0E00 P:envmxdizc
$9B/8622 B0 D6       BCS $D6    [$85FA]      A:0002 X:0002 Y:0E00 P:eNvmxdizc
$9B/8624 E0 00 00    CPX #$0000              A:0002 X:0002 Y:0E00 P:eNvmxdizc
$9B/8627 F0 0E       BEQ $0E    [$8637]      A:0002 X:0002 Y:0E00 P:envmxdizC
$9B/8629 E0 08 00    CPX #$0008              A:0002 X:0002 Y:0E00 P:envmxdizC
$9B/862C 90 CC       BCC $CC    [$85FA]      A:0002 X:0002 Y:0E00 P:eNvmxdizc
$9B/85FA 98          TYA                     A:0002 X:0002 Y:0E00 P:eNvmxdizc
$9B/85FB 0A          ASL A                   A:0E00 X:0002 Y:0E00 P:envmxdizc
$9B/85FC 90 05       BCC $05    [$8603]      A:1C00 X:0002 Y:0E00 P:envmxdizc
$9B/8603 0A          ASL A                   A:1C00 X:0002 Y:0E00 P:envmxdizc
$9B/8604 90 05       BCC $05    [$860B]      A:3800 X:0002 Y:0E00 P:envmxdizc
$9B/860B 0A          ASL A                   A:3800 X:0002 Y:0E00 P:envmxdizc
$9B/860C 90 05       BCC $05    [$8613]      A:7000 X:0002 Y:0E00 P:envmxdizc
$9B/8613 0A          ASL A                   A:7000 X:0002 Y:0E00 P:envmxdizc
$9B/8614 90 05       BCC $05    [$861B]      A:E000 X:0002 Y:0E00 P:eNvmxdizc
$9B/861B A8          TAY                     A:E000 X:0002 Y:0E00 P:eNvmxdizc
$9B/861C 8A          TXA                     A:E000 X:0002 Y:E000 P:eNvmxdizc
$9B/861D 4A          LSR A                   A:0002 X:0002 Y:E000 P:envmxdizc
$9B/861E AA          TAX                     A:0001 X:0002 Y:E000 P:envmxdizc
$9B/861F E0 10 00    CPX #$0010              A:0001 X:0001 Y:E000 P:envmxdizc
$9B/8622 B0 D6       BCS $D6    [$85FA]      A:0001 X:0001 Y:E000 P:eNvmxdizc
$9B/8624 E0 00 00    CPX #$0000              A:0001 X:0001 Y:E000 P:eNvmxdizc
$9B/8627 F0 0E       BEQ $0E    [$8637]      A:0001 X:0001 Y:E000 P:envmxdizC
$9B/8629 E0 08 00    CPX #$0008              A:0001 X:0001 Y:E000 P:envmxdizC
$9B/862C 90 CC       BCC $CC    [$85FA]      A:0001 X:0001 Y:E000 P:eNvmxdizc
$9B/85FA 98          TYA                     A:0001 X:0001 Y:E000 P:eNvmxdizc
$9B/85FB 0A          ASL A                   A:E000 X:0001 Y:E000 P:eNvmxdizc
$9B/85FC 90 05       BCC $05    [$8603]      A:C000 X:0001 Y:E000 P:eNvmxdizC
$9B/85FE A8          TAY                     A:C000 X:0001 Y:E000 P:eNvmxdizC
$9B/85FF 8A          TXA                     A:C000 X:0001 Y:C000 P:eNvmxdizC
$9B/8600 04 15       TSB $15    [$00:0015]   A:0001 X:0001 Y:C000 P:envmxdizC
$9B/8602 98          TYA                     A:0001 X:0001 Y:C000 P:envmxdiZC
$9B/8603 0A          ASL A                   A:C000 X:0001 Y:C000 P:eNvmxdizC
$9B/8604 90 05       BCC $05    [$860B]      A:8000 X:0001 Y:C000 P:eNvmxdizC
$9B/8606 A8          TAY                     A:8000 X:0001 Y:C000 P:eNvmxdizC
$9B/8607 8A          TXA                     A:8000 X:0001 Y:8000 P:eNvmxdizC
$9B/8608 04 14       TSB $14    [$00:0014]   A:0001 X:0001 Y:8000 P:envmxdizC
$9B/860A 98          TYA                     A:0001 X:0001 Y:8000 P:envmxdiZC
$9B/860B 0A          ASL A                   A:8000 X:0001 Y:8000 P:eNvmxdizC
$9B/860C 90 05       BCC $05    [$8613]      A:0000 X:0001 Y:8000 P:envmxdiZC
$9B/860E A8          TAY                     A:0000 X:0001 Y:8000 P:envmxdiZC
$9B/860F 8A          TXA                     A:0000 X:0001 Y:0000 P:envmxdiZC
$9B/8610 04 17       TSB $17    [$00:0017]   A:0001 X:0001 Y:0000 P:envmxdizC
$9B/8612 98          TYA                     A:0001 X:0001 Y:0000 P:envmxdiZC
$9B/8613 0A          ASL A                   A:0000 X:0001 Y:0000 P:envmxdiZC
$9B/8614 90 05       BCC $05    [$861B]      A:0000 X:0001 Y:0000 P:envmxdiZc
$9B/861B A8          TAY                     A:0000 X:0001 Y:0000 P:envmxdiZc
$9B/861C 8A          TXA                     A:0000 X:0001 Y:0000 P:envmxdiZc
$9B/861D 4A          LSR A                   A:0001 X:0001 Y:0000 P:envmxdizc
$9B/861E AA          TAX                     A:0000 X:0001 Y:0000 P:envmxdiZC
$9B/861F E0 10 00    CPX #$0010              A:0000 X:0000 Y:0000 P:envmxdiZC
$9B/8622 B0 D6       BCS $D6    [$85FA]      A:0000 X:0000 Y:0000 P:eNvmxdizc
$9B/8624 E0 00 00    CPX #$0000              A:0000 X:0000 Y:0000 P:eNvmxdizc
$9B/8627 F0 0E       BEQ $0E    [$8637]      A:0000 X:0000 Y:0000 P:envmxdiZC
$9B/8637 A5 06       LDA $06    [$00:0006]   A:0000 X:0000 Y:0000 P:envmxdiZC
$9B/8639 1A          INC A                   A:03C8 X:0000 Y:0000 P:envmxdizC
$9B/863A 1A          INC A                   A:03C9 X:0000 Y:0000 P:envmxdizC
$9B/863B A8          TAY                     A:03CA X:0000 Y:0000 P:envmxdizC
$9B/863C 29 10 00    AND #$0010              A:03CA X:0000 Y:03CA P:envmxdizC
$9B/863F F0 06       BEQ $06    [$8647]      A:0000 X:0000 Y:03CA P:envmxdiZC
$9B/8647 84 06       STY $06    [$00:0006]   A:0000 X:0000 Y:03CA P:envmxdiZC
$9B/8649 A5 16       LDA $16    [$00:0016]   A:0000 X:0000 Y:03CA P:envmxdiZC
$9B/864B 91 10       STA ($10),y[$7F:54CA]   A:0100 X:0000 Y:03CA P:envmxdizC
$9B/864D 98          TYA                     A:0100 X:0000 Y:03CA P:envmxdizC
$9B/864E 18          CLC                     A:03CA X:0000 Y:03CA P:envmxdizC
$9B/864F 69 10 00    ADC #$0010              A:03CA X:0000 Y:03CA P:envmxdizc
$9B/8652 A8          TAY                     A:03DA X:0000 Y:03CA P:envmxdizc
$9B/8653 A5 14       LDA $14    [$00:0014]   A:03DA X:0000 Y:03DA P:envmxdizc
$9B/8655 91 10       STA ($10),y[$7F:54DA]   A:0101 X:0000 Y:03DA P:envmxdizc
$9B/8657 E6 04       INC $04    [$00:0004]   A:0101 X:0000 Y:03DA P:envmxdizc
$9B/8659 C6 00       DEC $00    [$00:0000]   A:0101 X:0000 Y:03DA P:envmxdizc
$9B/865B 10 8B       BPL $8B    [$85E8]      A:0101 X:0000 Y:03DA P:envmxdizc
$9B/85E8 A2 80 00    LDX #$0080              A:0101 X:0000 Y:03DA P:envmxdizc
$9B/85EB 64 14       STZ $14    [$00:0014]   A:0101 X:0080 Y:03DA P:envmxdizc
$9B/85ED 64 16       STZ $16    [$00:0016]   A:0101 X:0080 Y:03DA P:envmxdizc
$9B/85EF A5 04       LDA $04    [$00:0004]   A:0101 X:0080 Y:03DA P:envmxdizc
$9B/85F1 0A          ASL A                   A:00F6 X:0080 Y:03DA P:envmxdizc
$9B/85F2 0A          ASL A                   A:01EC X:0080 Y:03DA P:envmxdizc
$9B/85F3 A8          TAY                     A:03D8 X:0080 Y:03DA P:envmxdizc
$9B/85F4 B1 0C       LDA ($0C),y[$7F:03D8]   A:03D8 X:0080 Y:03D8 P:envmxdizc
$9B/85F6 F0 E4       BEQ $E4    [$85DC]      A:0000 X:0080 Y:03D8 P:envmxdiZc
$9B/85DC 8A          TXA                     A:0000 X:0080 Y:03D8 P:envmxdiZc
$9B/85DD 4A          LSR A                   A:0080 X:0080 Y:03D8 P:envmxdizc
$9B/85DE 4A          LSR A                   A:0040 X:0080 Y:03D8 P:envmxdizc
$9B/85DF 4A          LSR A                   A:0020 X:0080 Y:03D8 P:envmxdizc
$9B/85E0 4A          LSR A                   A:0010 X:0080 Y:03D8 P:envmxdizc
$9B/85E1 F0 54       BEQ $54    [$8637]      A:0008 X:0080 Y:03D8 P:envmxdizc
$9B/85E3 AA          TAX                     A:0008 X:0080 Y:03D8 P:envmxdizc
$9B/85E4 C8          INY                     A:0008 X:0008 Y:03D8 P:envmxdizc
$9B/85E5 C8          INY                     A:0008 X:0008 Y:03D9 P:envmxdizc
$9B/85E6 80 0C       BRA $0C    [$85F4]      A:0008 X:0008 Y:03DA P:envmxdizc
$9B/85F4 B1 0C       LDA ($0C),y[$7F:03DA]   A:0008 X:0008 Y:03DA P:envmxdizc
$9B/85F6 F0 E4       BEQ $E4    [$85DC]      A:EEEE X:0008 Y:03DA P:eNvmxdizc
$9B/85F8 EB          XBA                     A:EEEE X:0008 Y:03DA P:eNvmxdizc
$9B/85F9 A8          TAY                     A:EEEE X:0008 Y:03DA P:eNvmxdizc
$9B/85FA 98          TYA                     A:EEEE X:0008 Y:EEEE P:eNvmxdizc
$9B/85FB 0A          ASL A                   A:EEEE X:0008 Y:EEEE P:eNvmxdizc
$9B/85FC 90 05       BCC $05    [$8603]      A:DDDC X:0008 Y:EEEE P:eNvmxdizC
$9B/85FE A8          TAY                     A:DDDC X:0008 Y:EEEE P:eNvmxdizC
$9B/85FF 8A          TXA                     A:DDDC X:0008 Y:DDDC P:eNvmxdizC
$9B/8600 04 15       TSB $15    [$00:0015]   A:0008 X:0008 Y:DDDC P:envmxdizC
$9B/8602 98          TYA                     A:0008 X:0008 Y:DDDC P:envmxdiZC
$9B/8603 0A          ASL A                   A:DDDC X:0008 Y:DDDC P:eNvmxdizC
$9B/8604 90 05       BCC $05    [$860B]      A:BBB8 X:0008 Y:DDDC P:eNvmxdizC
$9B/8606 A8          TAY                     A:BBB8 X:0008 Y:DDDC P:eNvmxdizC
$9B/8607 8A          TXA                     A:BBB8 X:0008 Y:BBB8 P:eNvmxdizC
$9B/8608 04 14       TSB $14    [$00:0014]   A:0008 X:0008 Y:BBB8 P:envmxdizC
$9B/860A 98          TYA                     A:0008 X:0008 Y:BBB8 P:envmxdiZC
$9B/860B 0A          ASL A                   A:BBB8 X:0008 Y:BBB8 P:eNvmxdizC
$9B/860C 90 05       BCC $05    [$8613]      A:7770 X:0008 Y:BBB8 P:envmxdizC
$9B/860E A8          TAY                     A:7770 X:0008 Y:BBB8 P:envmxdizC
$9B/860F 8A          TXA                     A:7770 X:0008 Y:7770 P:envmxdizC
$9B/8610 04 17       TSB $17    [$00:0017]   A:0008 X:0008 Y:7770 P:envmxdizC
$9B/8612 98          TYA                     A:0008 X:0008 Y:7770 P:envmxdiZC
$9B/8613 0A          ASL A                   A:7770 X:0008 Y:7770 P:envmxdizC
$9B/8614 90 05       BCC $05    [$861B]      A:EEE0 X:0008 Y:7770 P:eNvmxdizc
$9B/861B A8          TAY                     A:EEE0 X:0008 Y:7770 P:eNvmxdizc
$9B/861C 8A          TXA                     A:EEE0 X:0008 Y:EEE0 P:eNvmxdizc
$9B/861D 4A          LSR A                   A:0008 X:0008 Y:EEE0 P:envmxdizc
$9B/861E AA          TAX                     A:0004 X:0008 Y:EEE0 P:envmxdizc
$9B/861F E0 10 00    CPX #$0010              A:0004 X:0004 Y:EEE0 P:envmxdizc
$9B/8622 B0 D6       BCS $D6    [$85FA]      A:0004 X:0004 Y:EEE0 P:eNvmxdizc
$9B/8624 E0 00 00    CPX #$0000              A:0004 X:0004 Y:EEE0 P:eNvmxdizc
$9B/8627 F0 0E       BEQ $0E    [$8637]      A:0004 X:0004 Y:EEE0 P:envmxdizC
$9B/8629 E0 08 00    CPX #$0008              A:0004 X:0004 Y:EEE0 P:envmxdizC
$9B/862C 90 CC       BCC $CC    [$85FA]      A:0004 X:0004 Y:EEE0 P:eNvmxdizc
$9B/85FA 98          TYA                     A:0004 X:0004 Y:EEE0 P:eNvmxdizc
$9B/85FB 0A          ASL A                   A:EEE0 X:0004 Y:EEE0 P:eNvmxdizc
$9B/85FC 90 05       BCC $05    [$8603]      A:DDC0 X:0004 Y:EEE0 P:eNvmxdizC
$9B/85FE A8          TAY                     A:DDC0 X:0004 Y:EEE0 P:eNvmxdizC
$9B/85FF 8A          TXA                     A:DDC0 X:0004 Y:DDC0 P:eNvmxdizC
$9B/8600 04 15       TSB $15    [$00:0015]   A:0004 X:0004 Y:DDC0 P:envmxdizC
$9B/8602 98          TYA                     A:0004 X:0004 Y:DDC0 P:envmxdiZC
$9B/8603 0A          ASL A                   A:DDC0 X:0004 Y:DDC0 P:eNvmxdizC
$9B/8604 90 05       BCC $05    [$860B]      A:BB80 X:0004 Y:DDC0 P:eNvmxdizC
$9B/8606 A8          TAY                     A:BB80 X:0004 Y:DDC0 P:eNvmxdizC
$9B/8607 8A          TXA                     A:BB80 X:0004 Y:BB80 P:eNvmxdizC
$9B/8608 04 14       TSB $14    [$00:0014]   A:0004 X:0004 Y:BB80 P:envmxdizC
$9B/860A 98          TYA                     A:0004 X:0004 Y:BB80 P:envmxdiZC
$9B/860B 0A          ASL A                   A:BB80 X:0004 Y:BB80 P:eNvmxdizC
$9B/860C 90 05       BCC $05    [$8613]      A:7700 X:0004 Y:BB80 P:envmxdizC
$9B/860E A8          TAY                     A:7700 X:0004 Y:BB80 P:envmxdizC
$9B/860F 8A          TXA                     A:7700 X:0004 Y:7700 P:envmxdizC
$9B/8610 04 17       TSB $17    [$00:0017]   A:0004 X:0004 Y:7700 P:envmxdizC
$9B/8612 98          TYA                     A:0004 X:0004 Y:7700 P:envmxdiZC
$9B/8613 0A          ASL A                   A:7700 X:0004 Y:7700 P:envmxdizC
$9B/8614 90 05       BCC $05    [$861B]      A:EE00 X:0004 Y:7700 P:eNvmxdizc
$9B/861B A8          TAY                     A:EE00 X:0004 Y:7700 P:eNvmxdizc
$9B/861C 8A          TXA                     A:EE00 X:0004 Y:EE00 P:eNvmxdizc
$9B/861D 4A          LSR A                   A:0004 X:0004 Y:EE00 P:envmxdizc
$9B/861E AA          TAX                     A:0002 X:0004 Y:EE00 P:envmxdizc
$9B/861F E0 10 00    CPX #$0010              A:0002 X:0002 Y:EE00 P:envmxdizc
$9B/8622 B0 D6       BCS $D6    [$85FA]      A:0002 X:0002 Y:EE00 P:eNvmxdizc
$9B/8624 E0 00 00    CPX #$0000              A:0002 X:0002 Y:EE00 P:eNvmxdizc
$9B/8627 F0 0E       BEQ $0E    [$8637]      A:0002 X:0002 Y:EE00 P:envmxdizC
$9B/8629 E0 08 00    CPX #$0008              A:0002 X:0002 Y:EE00 P:envmxdizC
$9B/862C 90 CC       BCC $CC    [$85FA]      A:0002 X:0002 Y:EE00 P:eNvmxdizc
$9B/85FA 98          TYA                     A:0002 X:0002 Y:EE00 P:eNvmxdizc
$9B/85FB 0A          ASL A                   A:EE00 X:0002 Y:EE00 P:eNvmxdizc
$9B/85FC 90 05       BCC $05    [$8603]      A:DC00 X:0002 Y:EE00 P:eNvmxdizC
$9B/85FE A8          TAY                     A:DC00 X:0002 Y:EE00 P:eNvmxdizC
$9B/85FF 8A          TXA                     A:DC00 X:0002 Y:DC00 P:eNvmxdizC
$9B/8600 04 15       TSB $15    [$00:0015]   A:0002 X:0002 Y:DC00 P:envmxdizC
$9B/8602 98          TYA                     A:0002 X:0002 Y:DC00 P:envmxdiZC
$9B/8603 0A          ASL A                   A:DC00 X:0002 Y:DC00 P:eNvmxdizC
$9B/8604 90 05       BCC $05    [$860B]      A:B800 X:0002 Y:DC00 P:eNvmxdizC
$9B/8606 A8          TAY                     A:B800 X:0002 Y:DC00 P:eNvmxdizC
$9B/8607 8A          TXA                     A:B800 X:0002 Y:B800 P:eNvmxdizC
$9B/8608 04 14       TSB $14    [$00:0014]   A:0002 X:0002 Y:B800 P:envmxdizC
$9B/860A 98          TYA                     A:0002 X:0002 Y:B800 P:envmxdiZC
$9B/860B 0A          ASL A                   A:B800 X:0002 Y:B800 P:eNvmxdizC
$9B/860C 90 05       BCC $05    [$8613]      A:7000 X:0002 Y:B800 P:envmxdizC
$9B/860E A8          TAY                     A:7000 X:0002 Y:B800 P:envmxdizC
$9B/860F 8A          TXA                     A:7000 X:0002 Y:7000 P:envmxdizC
$9B/8610 04 17       TSB $17    [$00:0017]   A:0002 X:0002 Y:7000 P:envmxdizC
$9B/8612 98          TYA                     A:0002 X:0002 Y:7000 P:envmxdiZC
$9B/8613 0A          ASL A                   A:7000 X:0002 Y:7000 P:envmxdizC
$9B/8614 90 05       BCC $05    [$861B]      A:E000 X:0002 Y:7000 P:eNvmxdizc
$9B/861B A8          TAY                     A:E000 X:0002 Y:7000 P:eNvmxdizc
$9B/861C 8A          TXA                     A:E000 X:0002 Y:E000 P:eNvmxdizc
$9B/861D 4A          LSR A                   A:0002 X:0002 Y:E000 P:envmxdizc
$9B/861E AA          TAX                     A:0001 X:0002 Y:E000 P:envmxdizc
$9B/861F E0 10 00    CPX #$0010              A:0001 X:0001 Y:E000 P:envmxdizc
$9B/8622 B0 D6       BCS $D6    [$85FA]      A:0001 X:0001 Y:E000 P:eNvmxdizc
$9B/8624 E0 00 00    CPX #$0000              A:0001 X:0001 Y:E000 P:eNvmxdizc
$9B/8627 F0 0E       BEQ $0E    [$8637]      A:0001 X:0001 Y:E000 P:envmxdizC
$9B/8629 E0 08 00    CPX #$0008              A:0001 X:0001 Y:E000 P:envmxdizC
$9B/862C 90 CC       BCC $CC    [$85FA]      A:0001 X:0001 Y:E000 P:eNvmxdizc
$9B/85FA 98          TYA                     A:0001 X:0001 Y:E000 P:eNvmxdizc
$9B/85FB 0A          ASL A                   A:E000 X:0001 Y:E000 P:eNvmxdizc
$9B/85FC 90 05       BCC $05    [$8603]      A:C000 X:0001 Y:E000 P:eNvmxdizC
$9B/85FE A8          TAY                     A:C000 X:0001 Y:E000 P:eNvmxdizC
$9B/85FF 8A          TXA                     A:C000 X:0001 Y:C000 P:eNvmxdizC
$9B/8600 04 15       TSB $15    [$00:0015]   A:0001 X:0001 Y:C000 P:envmxdizC
$9B/8602 98          TYA                     A:0001 X:0001 Y:C000 P:envmxdiZC
$9B/8603 0A          ASL A                   A:C000 X:0001 Y:C000 P:eNvmxdizC
$9B/8604 90 05       BCC $05    [$860B]      A:8000 X:0001 Y:C000 P:eNvmxdizC
$9B/8606 A8          TAY                     A:8000 X:0001 Y:C000 P:eNvmxdizC
$9B/8607 8A          TXA                     A:8000 X:0001 Y:8000 P:eNvmxdizC
$9B/8608 04 14       TSB $14    [$00:0014]   A:0001 X:0001 Y:8000 P:envmxdizC
$9B/860A 98          TYA                     A:0001 X:0001 Y:8000 P:envmxdiZC
$9B/860B 0A          ASL A                   A:8000 X:0001 Y:8000 P:eNvmxdizC
$9B/860C 90 05       BCC $05    [$8613]      A:0000 X:0001 Y:8000 P:envmxdiZC
$9B/860E A8          TAY                     A:0000 X:0001 Y:8000 P:envmxdiZC
$9B/860F 8A          TXA                     A:0000 X:0001 Y:0000 P:envmxdiZC
$9B/8610 04 17       TSB $17    [$00:0017]   A:0001 X:0001 Y:0000 P:envmxdizC
$9B/8612 98          TYA                     A:0001 X:0001 Y:0000 P:envmxdiZC
$9B/8613 0A          ASL A                   A:0000 X:0001 Y:0000 P:envmxdiZC
$9B/8614 90 05       BCC $05    [$861B]      A:0000 X:0001 Y:0000 P:envmxdiZc
$9B/861B A8          TAY                     A:0000 X:0001 Y:0000 P:envmxdiZc
$9B/861C 8A          TXA                     A:0000 X:0001 Y:0000 P:envmxdiZc
$9B/861D 4A          LSR A                   A:0001 X:0001 Y:0000 P:envmxdizc
$9B/861E AA          TAX                     A:0000 X:0001 Y:0000 P:envmxdiZC
$9B/861F E0 10 00    CPX #$0010              A:0000 X:0000 Y:0000 P:envmxdiZC
$9B/8622 B0 D6       BCS $D6    [$85FA]      A:0000 X:0000 Y:0000 P:eNvmxdizc
$9B/8624 E0 00 00    CPX #$0000              A:0000 X:0000 Y:0000 P:eNvmxdizc
$9B/8627 F0 0E       BEQ $0E    [$8637]      A:0000 X:0000 Y:0000 P:envmxdiZC
$9B/8637 A5 06       LDA $06    [$00:0006]   A:0000 X:0000 Y:0000 P:envmxdiZC
$9B/8639 1A          INC A                   A:03CA X:0000 Y:0000 P:envmxdizC
$9B/863A 1A          INC A                   A:03CB X:0000 Y:0000 P:envmxdizC
$9B/863B A8          TAY                     A:03CC X:0000 Y:0000 P:envmxdizC
$9B/863C 29 10 00    AND #$0010              A:03CC X:0000 Y:03CC P:envmxdizC
$9B/863F F0 06       BEQ $06    [$8647]      A:0000 X:0000 Y:03CC P:envmxdiZC
$9B/8647 84 06       STY $06    [$00:0006]   A:0000 X:0000 Y:03CC P:envmxdiZC
$9B/8649 A5 16       LDA $16    [$00:0016]   A:0000 X:0000 Y:03CC P:envmxdiZC
$9B/864B 91 10       STA ($10),y[$7F:54CC]   A:0F00 X:0000 Y:03CC P:envmxdizC
$9B/864D 98          TYA                     A:0F00 X:0000 Y:03CC P:envmxdizC
$9B/864E 18          CLC                     A:03CC X:0000 Y:03CC P:envmxdizC
$9B/864F 69 10 00    ADC #$0010              A:03CC X:0000 Y:03CC P:envmxdizc
$9B/8652 A8          TAY                     A:03DC X:0000 Y:03CC P:envmxdizc
$9B/8653 A5 14       LDA $14    [$00:0014]   A:03DC X:0000 Y:03DC P:envmxdizc
$9B/8655 91 10       STA ($10),y[$7F:54DC]   A:0F0F X:0000 Y:03DC P:envmxdizc
$9B/8657 E6 04       INC $04    [$00:0004]   A:0F0F X:0000 Y:03DC P:envmxdizc
$9B/8659 C6 00       DEC $00    [$00:0000]   A:0F0F X:0000 Y:03DC P:envmxdizc
$9B/865B 10 8B       BPL $8B    [$85E8]      A:0F0F X:0000 Y:03DC P:envmxdizc
$9B/85E8 A2 80 00    LDX #$0080              A:0F0F X:0000 Y:03DC P:envmxdizc
$9B/85EB 64 14       STZ $14    [$00:0014]   A:0F0F X:0080 Y:03DC P:envmxdizc
$9B/85ED 64 16       STZ $16    [$00:0016]   A:0F0F X:0080 Y:03DC P:envmxdizc
$9B/85EF A5 04       LDA $04    [$00:0004]   A:0F0F X:0080 Y:03DC P:envmxdizc
$9B/85F1 0A          ASL A                   A:00F7 X:0080 Y:03DC P:envmxdizc
$9B/85F2 0A          ASL A                   A:01EE X:0080 Y:03DC P:envmxdizc
$9B/85F3 A8          TAY                     A:03DC X:0080 Y:03DC P:envmxdizc
$9B/85F4 B1 0C       LDA ($0C),y[$7F:03DC]   A:03DC X:0080 Y:03DC P:envmxdizc
$9B/85F6 F0 E4       BEQ $E4    [$85DC]      A:EE0E X:0080 Y:03DC P:eNvmxdizc
$9B/85F8 EB          XBA                     A:EE0E X:0080 Y:03DC P:eNvmxdizc
$9B/85F9 A8          TAY                     A:0EEE X:0080 Y:03DC P:eNvmxdizc
$9B/85FA 98          TYA                     A:0EEE X:0080 Y:0EEE P:envmxdizc
$9B/85FB 0A          ASL A                   A:0EEE X:0080 Y:0EEE P:envmxdizc
$9B/85FC 90 05       BCC $05    [$8603]      A:1DDC X:0080 Y:0EEE P:envmxdizc
$9B/8603 0A          ASL A                   A:1DDC X:0080 Y:0EEE P:envmxdizc
$9B/8604 90 05       BCC $05    [$860B]      A:3BB8 X:0080 Y:0EEE P:envmxdizc
$9B/860B 0A          ASL A                   A:3BB8 X:0080 Y:0EEE P:envmxdizc
$9B/860C 90 05       BCC $05    [$8613]      A:7770 X:0080 Y:0EEE P:envmxdizc
$9B/8613 0A          ASL A                   A:7770 X:0080 Y:0EEE P:envmxdizc
$9B/8614 90 05       BCC $05    [$861B]      A:EEE0 X:0080 Y:0EEE P:eNvmxdizc
$9B/861B A8          TAY                     A:EEE0 X:0080 Y:0EEE P:eNvmxdizc
$9B/861C 8A          TXA                     A:EEE0 X:0080 Y:EEE0 P:eNvmxdizc
$9B/861D 4A          LSR A                   A:0080 X:0080 Y:EEE0 P:envmxdizc
$9B/861E AA          TAX                     A:0040 X:0080 Y:EEE0 P:envmxdizc
$9B/861F E0 10 00    CPX #$0010              A:0040 X:0040 Y:EEE0 P:envmxdizc
$9B/8622 B0 D6       BCS $D6    [$85FA]      A:0040 X:0040 Y:EEE0 P:envmxdizC
$9B/85FA 98          TYA                     A:0040 X:0040 Y:EEE0 P:envmxdizC
$9B/85FB 0A          ASL A                   A:EEE0 X:0040 Y:EEE0 P:eNvmxdizC
$9B/85FC 90 05       BCC $05    [$8603]      A:DDC0 X:0040 Y:EEE0 P:eNvmxdizC
$9B/85FE A8          TAY                     A:DDC0 X:0040 Y:EEE0 P:eNvmxdizC
$9B/85FF 8A          TXA                     A:DDC0 X:0040 Y:DDC0 P:eNvmxdizC
$9B/8600 04 15       TSB $15    [$00:0015]   A:0040 X:0040 Y:DDC0 P:envmxdizC
$9B/8602 98          TYA                     A:0040 X:0040 Y:DDC0 P:envmxdiZC
$9B/8603 0A          ASL A                   A:DDC0 X:0040 Y:DDC0 P:eNvmxdizC
$9B/8604 90 05       BCC $05    [$860B]      A:BB80 X:0040 Y:DDC0 P:eNvmxdizC
$9B/8606 A8          TAY                     A:BB80 X:0040 Y:DDC0 P:eNvmxdizC
$9B/8607 8A          TXA                     A:BB80 X:0040 Y:BB80 P:eNvmxdizC
$9B/8608 04 14       TSB $14    [$00:0014]   A:0040 X:0040 Y:BB80 P:envmxdizC
$9B/860A 98          TYA                     A:0040 X:0040 Y:BB80 P:envmxdiZC
$9B/860B 0A          ASL A                   A:BB80 X:0040 Y:BB80 P:eNvmxdizC
$9B/860C 90 05       BCC $05    [$8613]      A:7700 X:0040 Y:BB80 P:envmxdizC
$9B/860E A8          TAY                     A:7700 X:0040 Y:BB80 P:envmxdizC
$9B/860F 8A          TXA                     A:7700 X:0040 Y:7700 P:envmxdizC
$9B/8610 04 17       TSB $17    [$00:0017]   A:0040 X:0040 Y:7700 P:envmxdizC
$9B/8612 98          TYA                     A:0040 X:0040 Y:7700 P:envmxdiZC
$9B/8613 0A          ASL A                   A:7700 X:0040 Y:7700 P:envmxdizC
$9B/8614 90 05       BCC $05    [$861B]      A:EE00 X:0040 Y:7700 P:eNvmxdizc
$9B/861B A8          TAY                     A:EE00 X:0040 Y:7700 P:eNvmxdizc
$9B/861C 8A          TXA                     A:EE00 X:0040 Y:EE00 P:eNvmxdizc
$9B/861D 4A          LSR A                   A:0040 X:0040 Y:EE00 P:envmxdizc
$9B/861E AA          TAX                     A:0020 X:0040 Y:EE00 P:envmxdizc
$9B/861F E0 10 00    CPX #$0010              A:0020 X:0020 Y:EE00 P:envmxdizc
$9B/8622 B0 D6       BCS $D6    [$85FA]      A:0020 X:0020 Y:EE00 P:envmxdizC
$9B/85FA 98          TYA                     A:0020 X:0020 Y:EE00 P:envmxdizC
$9B/85FB 0A          ASL A                   A:EE00 X:0020 Y:EE00 P:eNvmxdizC
$9B/85FC 90 05       BCC $05    [$8603]      A:DC00 X:0020 Y:EE00 P:eNvmxdizC
$9B/85FE A8          TAY                     A:DC00 X:0020 Y:EE00 P:eNvmxdizC
$9B/85FF 8A          TXA                     A:DC00 X:0020 Y:DC00 P:eNvmxdizC
$9B/8600 04 15       TSB $15    [$00:0015]   A:0020 X:0020 Y:DC00 P:envmxdizC
$9B/8602 98          TYA                     A:0020 X:0020 Y:DC00 P:envmxdiZC
$9B/8603 0A          ASL A                   A:DC00 X:0020 Y:DC00 P:eNvmxdizC
$9B/8604 90 05       BCC $05    [$860B]      A:B800 X:0020 Y:DC00 P:eNvmxdizC
$9B/8606 A8          TAY                     A:B800 X:0020 Y:DC00 P:eNvmxdizC
$9B/8607 8A          TXA                     A:B800 X:0020 Y:B800 P:eNvmxdizC
$9B/8608 04 14       TSB $14    [$00:0014]   A:0020 X:0020 Y:B800 P:envmxdizC
$9B/860A 98          TYA                     A:0020 X:0020 Y:B800 P:envmxdiZC
$9B/860B 0A          ASL A                   A:B800 X:0020 Y:B800 P:eNvmxdizC
$9B/860C 90 05       BCC $05    [$8613]      A:7000 X:0020 Y:B800 P:envmxdizC
$9B/860E A8          TAY                     A:7000 X:0020 Y:B800 P:envmxdizC
$9B/860F 8A          TXA                     A:7000 X:0020 Y:7000 P:envmxdizC
$9B/8610 04 17       TSB $17    [$00:0017]   A:0020 X:0020 Y:7000 P:envmxdizC
$9B/8612 98          TYA                     A:0020 X:0020 Y:7000 P:envmxdiZC
$9B/8613 0A          ASL A                   A:7000 X:0020 Y:7000 P:envmxdizC
$9B/8614 90 05       BCC $05    [$861B]      A:E000 X:0020 Y:7000 P:eNvmxdizc
$9B/861B A8          TAY                     A:E000 X:0020 Y:7000 P:eNvmxdizc
$9B/861C 8A          TXA                     A:E000 X:0020 Y:E000 P:eNvmxdizc
$9B/861D 4A          LSR A                   A:0020 X:0020 Y:E000 P:envmxdizc
$9B/861E AA          TAX                     A:0010 X:0020 Y:E000 P:envmxdizc
$9B/861F E0 10 00    CPX #$0010              A:0010 X:0010 Y:E000 P:envmxdizc
$9B/8622 B0 D6       BCS $D6    [$85FA]      A:0010 X:0010 Y:E000 P:envmxdiZC
$9B/85FA 98          TYA                     A:0010 X:0010 Y:E000 P:envmxdiZC
$9B/85FB 0A          ASL A                   A:E000 X:0010 Y:E000 P:eNvmxdizC
$9B/85FC 90 05       BCC $05    [$8603]      A:C000 X:0010 Y:E000 P:eNvmxdizC
$9B/85FE A8          TAY                     A:C000 X:0010 Y:E000 P:eNvmxdizC
$9B/85FF 8A          TXA                     A:C000 X:0010 Y:C000 P:eNvmxdizC
$9B/8600 04 15       TSB $15    [$00:0015]   A:0010 X:0010 Y:C000 P:envmxdizC
$9B/8602 98          TYA                     A:0010 X:0010 Y:C000 P:envmxdiZC
$9B/8603 0A          ASL A                   A:C000 X:0010 Y:C000 P:eNvmxdizC
$9B/8604 90 05       BCC $05    [$860B]      A:8000 X:0010 Y:C000 P:eNvmxdizC
$9B/8606 A8          TAY                     A:8000 X:0010 Y:C000 P:eNvmxdizC
$9B/8607 8A          TXA                     A:8000 X:0010 Y:8000 P:eNvmxdizC
$9B/8608 04 14       TSB $14    [$00:0014]   A:0010 X:0010 Y:8000 P:envmxdizC
$9B/860A 98          TYA                     A:0010 X:0010 Y:8000 P:envmxdiZC
$9B/860B 0A          ASL A                   A:8000 X:0010 Y:8000 P:eNvmxdizC
$9B/860C 90 05       BCC $05    [$8613]      A:0000 X:0010 Y:8000 P:envmxdiZC
$9B/860E A8          TAY                     A:0000 X:0010 Y:8000 P:envmxdiZC
$9B/860F 8A          TXA                     A:0000 X:0010 Y:0000 P:envmxdiZC
$9B/8610 04 17       TSB $17    [$00:0017]   A:0010 X:0010 Y:0000 P:envmxdizC
$9B/8612 98          TYA                     A:0010 X:0010 Y:0000 P:envmxdiZC
$9B/8613 0A          ASL A                   A:0000 X:0010 Y:0000 P:envmxdiZC
$9B/8614 90 05       BCC $05    [$861B]      A:0000 X:0010 Y:0000 P:envmxdiZc
$9B/861B A8          TAY                     A:0000 X:0010 Y:0000 P:envmxdiZc
$9B/861C 8A          TXA                     A:0000 X:0010 Y:0000 P:envmxdiZc
$9B/861D 4A          LSR A                   A:0010 X:0010 Y:0000 P:envmxdizc
$9B/861E AA          TAX                     A:0008 X:0010 Y:0000 P:envmxdizc
$9B/861F E0 10 00    CPX #$0010              A:0008 X:0008 Y:0000 P:envmxdizc
$9B/8622 B0 D6       BCS $D6    [$85FA]      A:0008 X:0008 Y:0000 P:eNvmxdizc
$9B/8624 E0 00 00    CPX #$0000              A:0008 X:0008 Y:0000 P:eNvmxdizc
$9B/8627 F0 0E       BEQ $0E    [$8637]      A:0008 X:0008 Y:0000 P:envmxdizC
$9B/8629 E0 08 00    CPX #$0008              A:0008 X:0008 Y:0000 P:envmxdizC
$9B/862C 90 CC       BCC $CC    [$85FA]      A:0008 X:0008 Y:0000 P:envmxdiZC
$9B/862E A5 04       LDA $04    [$00:0004]   A:0008 X:0008 Y:0000 P:envmxdiZC
$9B/8630 0A          ASL A                   A:00F7 X:0008 Y:0000 P:envmxdizC
$9B/8631 0A          ASL A                   A:01EE X:0008 Y:0000 P:envmxdizc
$9B/8632 A8          TAY                     A:03DC X:0008 Y:0000 P:envmxdizc
$9B/8633 C8          INY                     A:03DC X:0008 Y:03DC P:envmxdizc
$9B/8634 C8          INY                     A:03DC X:0008 Y:03DD P:envmxdizc
$9B/8635 80 BD       BRA $BD    [$85F4]      A:03DC X:0008 Y:03DE P:envmxdizc
$9B/85F4 B1 0C       LDA ($0C),y[$7F:03DE]   A:03DC X:0008 Y:03DE P:envmxdizc
$9B/85F6 F0 E4       BEQ $E4    [$85DC]      A:EEEE X:0008 Y:03DE P:eNvmxdizc
$9B/85F8 EB          XBA                     A:EEEE X:0008 Y:03DE P:eNvmxdizc
$9B/85F9 A8          TAY                     A:EEEE X:0008 Y:03DE P:eNvmxdizc
$9B/85FA 98          TYA                     A:EEEE X:0008 Y:EEEE P:eNvmxdizc
$9B/85FB 0A          ASL A                   A:EEEE X:0008 Y:EEEE P:eNvmxdizc
$9B/85FC 90 05       BCC $05    [$8603]      A:DDDC X:0008 Y:EEEE P:eNvmxdizC
$9B/85FE A8          TAY                     A:DDDC X:0008 Y:EEEE P:eNvmxdizC
$9B/85FF 8A          TXA                     A:DDDC X:0008 Y:DDDC P:eNvmxdizC
$9B/8600 04 15       TSB $15    [$00:0015]   A:0008 X:0008 Y:DDDC P:envmxdizC
$9B/8602 98          TYA                     A:0008 X:0008 Y:DDDC P:envmxdiZC
$9B/8603 0A          ASL A                   A:DDDC X:0008 Y:DDDC P:eNvmxdizC
$9B/8604 90 05       BCC $05    [$860B]      A:BBB8 X:0008 Y:DDDC P:eNvmxdizC
$9B/8606 A8          TAY                     A:BBB8 X:0008 Y:DDDC P:eNvmxdizC
$9B/8607 8A          TXA                     A:BBB8 X:0008 Y:BBB8 P:eNvmxdizC
$9B/8608 04 14       TSB $14    [$00:0014]   A:0008 X:0008 Y:BBB8 P:envmxdizC
$9B/860A 98          TYA                     A:0008 X:0008 Y:BBB8 P:envmxdiZC
$9B/860B 0A          ASL A                   A:BBB8 X:0008 Y:BBB8 P:eNvmxdizC
$9B/860C 90 05       BCC $05    [$8613]      A:7770 X:0008 Y:BBB8 P:envmxdizC
$9B/860E A8          TAY                     A:7770 X:0008 Y:BBB8 P:envmxdizC
$9B/860F 8A          TXA                     A:7770 X:0008 Y:7770 P:envmxdizC
$9B/8610 04 17       TSB $17    [$00:0017]   A:0008 X:0008 Y:7770 P:envmxdizC
$9B/8612 98          TYA                     A:0008 X:0008 Y:7770 P:envmxdiZC
$9B/8613 0A          ASL A                   A:7770 X:0008 Y:7770 P:envmxdizC
$9B/8614 90 05       BCC $05    [$861B]      A:EEE0 X:0008 Y:7770 P:eNvmxdizc
$9B/861B A8          TAY                     A:EEE0 X:0008 Y:7770 P:eNvmxdizc
$9B/861C 8A          TXA                     A:EEE0 X:0008 Y:EEE0 P:eNvmxdizc
$9B/861D 4A          LSR A                   A:0008 X:0008 Y:EEE0 P:envmxdizc
$9B/861E AA          TAX                     A:0004 X:0008 Y:EEE0 P:envmxdizc
$9B/861F E0 10 00    CPX #$0010              A:0004 X:0004 Y:EEE0 P:envmxdizc
$9B/8622 B0 D6       BCS $D6    [$85FA]      A:0004 X:0004 Y:EEE0 P:eNvmxdizc
$9B/8624 E0 00 00    CPX #$0000              A:0004 X:0004 Y:EEE0 P:eNvmxdizc
$9B/8627 F0 0E       BEQ $0E    [$8637]      A:0004 X:0004 Y:EEE0 P:envmxdizC
$9B/8629 E0 08 00    CPX #$0008              A:0004 X:0004 Y:EEE0 P:envmxdizC
$9B/862C 90 CC       BCC $CC    [$85FA]      A:0004 X:0004 Y:EEE0 P:eNvmxdizc
$9B/85FA 98          TYA                     A:0004 X:0004 Y:EEE0 P:eNvmxdizc
$9B/85FB 0A          ASL A                   A:EEE0 X:0004 Y:EEE0 P:eNvmxdizc
$9B/85FC 90 05       BCC $05    [$8603]      A:DDC0 X:0004 Y:EEE0 P:eNvmxdizC
$9B/85FE A8          TAY                     A:DDC0 X:0004 Y:EEE0 P:eNvmxdizC
$9B/85FF 8A          TXA                     A:DDC0 X:0004 Y:DDC0 P:eNvmxdizC
$9B/8600 04 15       TSB $15    [$00:0015]   A:0004 X:0004 Y:DDC0 P:envmxdizC
$9B/8602 98          TYA                     A:0004 X:0004 Y:DDC0 P:envmxdiZC
$9B/8603 0A          ASL A                   A:DDC0 X:0004 Y:DDC0 P:eNvmxdizC
$9B/8604 90 05       BCC $05    [$860B]      A:BB80 X:0004 Y:DDC0 P:eNvmxdizC
$9B/8606 A8          TAY                     A:BB80 X:0004 Y:DDC0 P:eNvmxdizC
$9B/8607 8A          TXA                     A:BB80 X:0004 Y:BB80 P:eNvmxdizC
$9B/8608 04 14       TSB $14    [$00:0014]   A:0004 X:0004 Y:BB80 P:envmxdizC
$9B/860A 98          TYA                     A:0004 X:0004 Y:BB80 P:envmxdiZC
$9B/860B 0A          ASL A                   A:BB80 X:0004 Y:BB80 P:eNvmxdizC
$9B/860C 90 05       BCC $05    [$8613]      A:7700 X:0004 Y:BB80 P:envmxdizC
$9B/860E A8          TAY                     A:7700 X:0004 Y:BB80 P:envmxdizC
$9B/860F 8A          TXA                     A:7700 X:0004 Y:7700 P:envmxdizC
$9B/8610 04 17       TSB $17    [$00:0017]   A:0004 X:0004 Y:7700 P:envmxdizC
$9B/8612 98          TYA                     A:0004 X:0004 Y:7700 P:envmxdiZC
$9B/8613 0A          ASL A                   A:7700 X:0004 Y:7700 P:envmxdizC
$9B/8614 90 05       BCC $05    [$861B]      A:EE00 X:0004 Y:7700 P:eNvmxdizc
$9B/861B A8          TAY                     A:EE00 X:0004 Y:7700 P:eNvmxdizc
$9B/861C 8A          TXA                     A:EE00 X:0004 Y:EE00 P:eNvmxdizc
$9B/861D 4A          LSR A                   A:0004 X:0004 Y:EE00 P:envmxdizc
$9B/861E AA          TAX                     A:0002 X:0004 Y:EE00 P:envmxdizc
$9B/861F E0 10 00    CPX #$0010              A:0002 X:0002 Y:EE00 P:envmxdizc
$9B/8622 B0 D6       BCS $D6    [$85FA]      A:0002 X:0002 Y:EE00 P:eNvmxdizc
$9B/8624 E0 00 00    CPX #$0000              A:0002 X:0002 Y:EE00 P:eNvmxdizc
$9B/8627 F0 0E       BEQ $0E    [$8637]      A:0002 X:0002 Y:EE00 P:envmxdizC
$9B/8629 E0 08 00    CPX #$0008              A:0002 X:0002 Y:EE00 P:envmxdizC
$9B/862C 90 CC       BCC $CC    [$85FA]      A:0002 X:0002 Y:EE00 P:eNvmxdizc
$9B/85FA 98          TYA                     A:0002 X:0002 Y:EE00 P:eNvmxdizc
$9B/85FB 0A          ASL A                   A:EE00 X:0002 Y:EE00 P:eNvmxdizc
$9B/85FC 90 05       BCC $05    [$8603]      A:DC00 X:0002 Y:EE00 P:eNvmxdizC
$9B/85FE A8          TAY                     A:DC00 X:0002 Y:EE00 P:eNvmxdizC
$9B/85FF 8A          TXA                     A:DC00 X:0002 Y:DC00 P:eNvmxdizC
$9B/8600 04 15       TSB $15    [$00:0015]   A:0002 X:0002 Y:DC00 P:envmxdizC
$9B/8602 98          TYA                     A:0002 X:0002 Y:DC00 P:envmxdiZC
$9B/8603 0A          ASL A                   A:DC00 X:0002 Y:DC00 P:eNvmxdizC
$9B/8604 90 05       BCC $05    [$860B]      A:B800 X:0002 Y:DC00 P:eNvmxdizC
$9B/8606 A8          TAY                     A:B800 X:0002 Y:DC00 P:eNvmxdizC
$9B/8607 8A          TXA                     A:B800 X:0002 Y:B800 P:eNvmxdizC
$9B/8608 04 14       TSB $14    [$00:0014]   A:0002 X:0002 Y:B800 P:envmxdizC
$9B/860A 98          TYA                     A:0002 X:0002 Y:B800 P:envmxdiZC
$9B/860B 0A          ASL A                   A:B800 X:0002 Y:B800 P:eNvmxdizC
$9B/860C 90 05       BCC $05    [$8613]      A:7000 X:0002 Y:B800 P:envmxdizC
$9B/860E A8          TAY                     A:7000 X:0002 Y:B800 P:envmxdizC
$9B/860F 8A          TXA                     A:7000 X:0002 Y:7000 P:envmxdizC
$9B/8610 04 17       TSB $17    [$00:0017]   A:0002 X:0002 Y:7000 P:envmxdizC
$9B/8612 98          TYA                     A:0002 X:0002 Y:7000 P:envmxdiZC
$9B/8613 0A          ASL A                   A:7000 X:0002 Y:7000 P:envmxdizC
$9B/8614 90 05       BCC $05    [$861B]      A:E000 X:0002 Y:7000 P:eNvmxdizc
$9B/861B A8          TAY                     A:E000 X:0002 Y:7000 P:eNvmxdizc
$9B/861C 8A          TXA                     A:E000 X:0002 Y:E000 P:eNvmxdizc
$9B/861D 4A          LSR A                   A:0002 X:0002 Y:E000 P:envmxdizc
$9B/861E AA          TAX                     A:0001 X:0002 Y:E000 P:envmxdizc
$9B/861F E0 10 00    CPX #$0010              A:0001 X:0001 Y:E000 P:envmxdizc
$9B/8622 B0 D6       BCS $D6    [$85FA]      A:0001 X:0001 Y:E000 P:eNvmxdizc
$9B/8624 E0 00 00    CPX #$0000              A:0001 X:0001 Y:E000 P:eNvmxdizc
$9B/8627 F0 0E       BEQ $0E    [$8637]      A:0001 X:0001 Y:E000 P:envmxdizC
$9B/8629 E0 08 00    CPX #$0008              A:0001 X:0001 Y:E000 P:envmxdizC
$9B/862C 90 CC       BCC $CC    [$85FA]      A:0001 X:0001 Y:E000 P:eNvmxdizc
$9B/85FA 98          TYA                     A:0001 X:0001 Y:E000 P:eNvmxdizc
$9B/85FB 0A          ASL A                   A:E000 X:0001 Y:E000 P:eNvmxdizc
$9B/85FC 90 05       BCC $05    [$8603]      A:C000 X:0001 Y:E000 P:eNvmxdizC
$9B/85FE A8          TAY                     A:C000 X:0001 Y:E000 P:eNvmxdizC
$9B/85FF 8A          TXA                     A:C000 X:0001 Y:C000 P:eNvmxdizC
$9B/8600 04 15       TSB $15    [$00:0015]   A:0001 X:0001 Y:C000 P:envmxdizC
$9B/8602 98          TYA                     A:0001 X:0001 Y:C000 P:envmxdiZC
$9B/8603 0A          ASL A                   A:C000 X:0001 Y:C000 P:eNvmxdizC
$9B/8604 90 05       BCC $05    [$860B]      A:8000 X:0001 Y:C000 P:eNvmxdizC
$9B/8606 A8          TAY                     A:8000 X:0001 Y:C000 P:eNvmxdizC
$9B/8607 8A          TXA                     A:8000 X:0001 Y:8000 P:eNvmxdizC
$9B/8608 04 14       TSB $14    [$00:0014]   A:0001 X:0001 Y:8000 P:envmxdizC
$9B/860A 98          TYA                     A:0001 X:0001 Y:8000 P:envmxdiZC
$9B/860B 0A          ASL A                   A:8000 X:0001 Y:8000 P:eNvmxdizC
$9B/860C 90 05       BCC $05    [$8613]      A:0000 X:0001 Y:8000 P:envmxdiZC
$9B/860E A8          TAY                     A:0000 X:0001 Y:8000 P:envmxdiZC
$9B/860F 8A          TXA                     A:0000 X:0001 Y:0000 P:envmxdiZC
$9B/8610 04 17       TSB $17    [$00:0017]   A:0001 X:0001 Y:0000 P:envmxdizC
$9B/8612 98          TYA                     A:0001 X:0001 Y:0000 P:envmxdiZC
$9B/8613 0A          ASL A                   A:0000 X:0001 Y:0000 P:envmxdiZC
$9B/8614 90 05       BCC $05    [$861B]      A:0000 X:0001 Y:0000 P:envmxdiZc
$9B/861B A8          TAY                     A:0000 X:0001 Y:0000 P:envmxdiZc
$9B/861C 8A          TXA                     A:0000 X:0001 Y:0000 P:envmxdiZc
$9B/861D 4A          LSR A                   A:0001 X:0001 Y:0000 P:envmxdizc
$9B/861E AA          TAX                     A:0000 X:0001 Y:0000 P:envmxdiZC
$9B/861F E0 10 00    CPX #$0010              A:0000 X:0000 Y:0000 P:envmxdiZC
$9B/8622 B0 D6       BCS $D6    [$85FA]      A:0000 X:0000 Y:0000 P:eNvmxdizc
$9B/8624 E0 00 00    CPX #$0000              A:0000 X:0000 Y:0000 P:eNvmxdizc
$9B/8627 F0 0E       BEQ $0E    [$8637]      A:0000 X:0000 Y:0000 P:envmxdiZC
$9B/8637 A5 06       LDA $06    [$00:0006]   A:0000 X:0000 Y:0000 P:envmxdiZC
$9B/8639 1A          INC A                   A:03CC X:0000 Y:0000 P:envmxdizC
$9B/863A 1A          INC A                   A:03CD X:0000 Y:0000 P:envmxdizC
$9B/863B A8          TAY                     A:03CE X:0000 Y:0000 P:envmxdizC
$9B/863C 29 10 00    AND #$0010              A:03CE X:0000 Y:03CE P:envmxdizC
$9B/863F F0 06       BEQ $06    [$8647]      A:0000 X:0000 Y:03CE P:envmxdiZC
$9B/8647 84 06       STY $06    [$00:0006]   A:0000 X:0000 Y:03CE P:envmxdiZC
$9B/8649 A5 16       LDA $16    [$00:0016]   A:0000 X:0000 Y:03CE P:envmxdiZC
$9B/864B 91 10       STA ($10),y[$7F:54CE]   A:7F00 X:0000 Y:03CE P:envmxdizC
$9B/864D 98          TYA                     A:7F00 X:0000 Y:03CE P:envmxdizC
$9B/864E 18          CLC                     A:03CE X:0000 Y:03CE P:envmxdizC
$9B/864F 69 10 00    ADC #$0010              A:03CE X:0000 Y:03CE P:envmxdizc
$9B/8652 A8          TAY                     A:03DE X:0000 Y:03CE P:envmxdizc
$9B/8653 A5 14       LDA $14    [$00:0014]   A:03DE X:0000 Y:03DE P:envmxdizc
$9B/8655 91 10       STA ($10),y[$7F:54DE]   A:7F7F X:0000 Y:03DE P:envmxdizc
$9B/8657 E6 04       INC $04    [$00:0004]   A:7F7F X:0000 Y:03DE P:envmxdizc
$9B/8659 C6 00       DEC $00    [$00:0000]   A:7F7F X:0000 Y:03DE P:envmxdizc
$9B/865B 10 8B       BPL $8B    [$85E8]      A:7F7F X:0000 Y:03DE P:envmxdizc
$9B/85E8 A2 80 00    LDX #$0080              A:7F7F X:0000 Y:03DE P:envmxdizc
$9B/85EB 64 14       STZ $14    [$00:0014]   A:7F7F X:0080 Y:03DE P:envmxdizc
$9B/85ED 64 16       STZ $16    [$00:0016]   A:7F7F X:0080 Y:03DE P:envmxdizc
$9B/85EF A5 04       LDA $04    [$00:0004]   A:7F7F X:0080 Y:03DE P:envmxdizc
$9B/85F1 0A          ASL A                   A:00F8 X:0080 Y:03DE P:envmxdizc
$9B/85F2 0A          ASL A                   A:01F0 X:0080 Y:03DE P:envmxdizc
$9B/85F3 A8          TAY                     A:03E0 X:0080 Y:03DE P:envmxdizc
$9B/85F4 B1 0C       LDA ($0C),y[$7F:03E0]   A:03E0 X:0080 Y:03E0 P:envmxdizc
$9B/85F6 F0 E4       BEQ $E4    [$85DC]      A:0000 X:0080 Y:03E0 P:envmxdiZc
$9B/85DC 8A          TXA                     A:0000 X:0080 Y:03E0 P:envmxdiZc
$9B/85DD 4A          LSR A                   A:0080 X:0080 Y:03E0 P:envmxdizc
$9B/85DE 4A          LSR A                   A:0040 X:0080 Y:03E0 P:envmxdizc
$9B/85DF 4A          LSR A                   A:0020 X:0080 Y:03E0 P:envmxdizc
$9B/85E0 4A          LSR A                   A:0010 X:0080 Y:03E0 P:envmxdizc
$9B/85E1 F0 54       BEQ $54    [$8637]      A:0008 X:0080 Y:03E0 P:envmxdizc
$9B/85E3 AA          TAX                     A:0008 X:0080 Y:03E0 P:envmxdizc
$9B/85E4 C8          INY                     A:0008 X:0008 Y:03E0 P:envmxdizc
$9B/85E5 C8          INY                     A:0008 X:0008 Y:03E1 P:envmxdizc
$9B/85E6 80 0C       BRA $0C    [$85F4]      A:0008 X:0008 Y:03E2 P:envmxdizc
$9B/85F4 B1 0C       LDA ($0C),y[$7F:03E2]   A:0008 X:0008 Y:03E2 P:envmxdizc
$9B/85F6 F0 E4       BEQ $E4    [$85DC]      A:0000 X:0008 Y:03E2 P:envmxdiZc
$9B/85DC 8A          TXA                     A:0000 X:0008 Y:03E2 P:envmxdiZc
$9B/85DD 4A          LSR A                   A:0008 X:0008 Y:03E2 P:envmxdizc
$9B/85DE 4A          LSR A                   A:0004 X:0008 Y:03E2 P:envmxdizc
$9B/85DF 4A          LSR A                   A:0002 X:0008 Y:03E2 P:envmxdizc
$9B/85E0 4A          LSR A                   A:0001 X:0008 Y:03E2 P:envmxdizc
$9B/85E1 F0 54       BEQ $54    [$8637]      A:0000 X:0008 Y:03E2 P:envmxdiZC
$9B/8637 A5 06       LDA $06    [$00:0006]   A:0000 X:0008 Y:03E2 P:envmxdiZC
$9B/8639 1A          INC A                   A:03CE X:0008 Y:03E2 P:envmxdizC
$9B/863A 1A          INC A                   A:03CF X:0008 Y:03E2 P:envmxdizC
$9B/863B A8          TAY                     A:03D0 X:0008 Y:03E2 P:envmxdizC
$9B/863C 29 10 00    AND #$0010              A:03D0 X:0008 Y:03D0 P:envmxdizC
$9B/863F F0 06       BEQ $06    [$8647]      A:0010 X:0008 Y:03D0 P:envmxdizC
$9B/8641 98          TYA                     A:0010 X:0008 Y:03D0 P:envmxdizC
$9B/8642 18          CLC                     A:03D0 X:0008 Y:03D0 P:envmxdizC
$9B/8643 69 10 00    ADC #$0010              A:03D0 X:0008 Y:03D0 P:envmxdizc
$9B/8646 A8          TAY                     A:03E0 X:0008 Y:03D0 P:envmxdizc
$9B/8647 84 06       STY $06    [$00:0006]   A:03E0 X:0008 Y:03E0 P:envmxdizc
$9B/8649 A5 16       LDA $16    [$00:0016]   A:03E0 X:0008 Y:03E0 P:envmxdizc
$9B/864B 91 10       STA ($10),y[$7F:54E0]   A:0000 X:0008 Y:03E0 P:envmxdiZc
$9B/864D 98          TYA                     A:0000 X:0008 Y:03E0 P:envmxdiZc
$9B/864E 18          CLC                     A:03E0 X:0008 Y:03E0 P:envmxdizc
$9B/864F 69 10 00    ADC #$0010              A:03E0 X:0008 Y:03E0 P:envmxdizc
$9B/8652 A8          TAY                     A:03F0 X:0008 Y:03E0 P:envmxdizc
$9B/8653 A5 14       LDA $14    [$00:0014]   A:03F0 X:0008 Y:03F0 P:envmxdizc
$9B/8655 91 10       STA ($10),y[$7F:54F0]   A:0000 X:0008 Y:03F0 P:envmxdiZc
$9B/8657 E6 04       INC $04    [$00:0004]   A:0000 X:0008 Y:03F0 P:envmxdiZc
$9B/8659 C6 00       DEC $00    [$00:0000]   A:0000 X:0008 Y:03F0 P:envmxdizc
$9B/865B 10 8B       BPL $8B    [$85E8]      A:0000 X:0008 Y:03F0 P:envmxdizc
$9B/85E8 A2 80 00    LDX #$0080              A:0000 X:0008 Y:03F0 P:envmxdizc
$9B/85EB 64 14       STZ $14    [$00:0014]   A:0000 X:0080 Y:03F0 P:envmxdizc
$9B/85ED 64 16       STZ $16    [$00:0016]   A:0000 X:0080 Y:03F0 P:envmxdizc
$9B/85EF A5 04       LDA $04    [$00:0004]   A:0000 X:0080 Y:03F0 P:envmxdizc
$9B/85F1 0A          ASL A                   A:00F9 X:0080 Y:03F0 P:envmxdizc
$9B/85F2 0A          ASL A                   A:01F2 X:0080 Y:03F0 P:envmxdizc
$9B/85F3 A8          TAY                     A:03E4 X:0080 Y:03F0 P:envmxdizc
$9B/85F4 B1 0C       LDA ($0C),y[$7F:03E4]   A:03E4 X:0080 Y:03E4 P:envmxdizc
$9B/85F6 F0 E4       BEQ $E4    [$85DC]      A:0000 X:0080 Y:03E4 P:envmxdiZc
$9B/85DC 8A          TXA                     A:0000 X:0080 Y:03E4 P:envmxdiZc
$9B/85DD 4A          LSR A                   A:0080 X:0080 Y:03E4 P:envmxdizc
$9B/85DE 4A          LSR A                   A:0040 X:0080 Y:03E4 P:envmxdizc
$9B/85DF 4A          LSR A                   A:0020 X:0080 Y:03E4 P:envmxdizc
$9B/85E0 4A          LSR A                   A:0010 X:0080 Y:03E4 P:envmxdizc
$9B/85E1 F0 54       BEQ $54    [$8637]      A:0008 X:0080 Y:03E4 P:envmxdizc
$9B/85E3 AA          TAX                     A:0008 X:0080 Y:03E4 P:envmxdizc
$9B/85E4 C8          INY                     A:0008 X:0008 Y:03E4 P:envmxdizc
$9B/85E5 C8          INY                     A:0008 X:0008 Y:03E5 P:envmxdizc
$9B/85E6 80 0C       BRA $0C    [$85F4]      A:0008 X:0008 Y:03E6 P:envmxdizc
$9B/85F4 B1 0C       LDA ($0C),y[$7F:03E6]   A:0008 X:0008 Y:03E6 P:envmxdizc
$9B/85F6 F0 E4       BEQ $E4    [$85DC]      A:0000 X:0008 Y:03E6 P:envmxdiZc
$9B/85DC 8A          TXA                     A:0000 X:0008 Y:03E6 P:envmxdiZc
$9B/85DD 4A          LSR A                   A:0008 X:0008 Y:03E6 P:envmxdizc
$9B/85DE 4A          LSR A                   A:0004 X:0008 Y:03E6 P:envmxdizc
$9B/85DF 4A          LSR A                   A:0002 X:0008 Y:03E6 P:envmxdizc
$9B/85E0 4A          LSR A                   A:0001 X:0008 Y:03E6 P:envmxdizc
$9B/85E1 F0 54       BEQ $54    [$8637]      A:0000 X:0008 Y:03E6 P:envmxdiZC
$9B/8637 A5 06       LDA $06    [$00:0006]   A:0000 X:0008 Y:03E6 P:envmxdiZC
$9B/8639 1A          INC A                   A:03E0 X:0008 Y:03E6 P:envmxdizC
$9B/863A 1A          INC A                   A:03E1 X:0008 Y:03E6 P:envmxdizC
$9B/863B A8          TAY                     A:03E2 X:0008 Y:03E6 P:envmxdizC
$9B/863C 29 10 00    AND #$0010              A:03E2 X:0008 Y:03E2 P:envmxdizC
$9B/863F F0 06       BEQ $06    [$8647]      A:0000 X:0008 Y:03E2 P:envmxdiZC
$9B/8647 84 06       STY $06    [$00:0006]   A:0000 X:0008 Y:03E2 P:envmxdiZC
$9B/8649 A5 16       LDA $16    [$00:0016]   A:0000 X:0008 Y:03E2 P:envmxdiZC
$9B/864B 91 10       STA ($10),y[$7F:54E2]   A:0000 X:0008 Y:03E2 P:envmxdiZC
$9B/864D 98          TYA                     A:0000 X:0008 Y:03E2 P:envmxdiZC
$9B/864E 18          CLC                     A:03E2 X:0008 Y:03E2 P:envmxdizC
$9B/864F 69 10 00    ADC #$0010              A:03E2 X:0008 Y:03E2 P:envmxdizc
$9B/8652 A8          TAY                     A:03F2 X:0008 Y:03E2 P:envmxdizc
$9B/8653 A5 14       LDA $14    [$00:0014]   A:03F2 X:0008 Y:03F2 P:envmxdizc
$9B/8655 91 10       STA ($10),y[$7F:54F2]   A:0000 X:0008 Y:03F2 P:envmxdiZc
$9B/8657 E6 04       INC $04    [$00:0004]   A:0000 X:0008 Y:03F2 P:envmxdiZc
$9B/8659 C6 00       DEC $00    [$00:0000]   A:0000 X:0008 Y:03F2 P:envmxdizc
$9B/865B 10 8B       BPL $8B    [$85E8]      A:0000 X:0008 Y:03F2 P:envmxdizc
$9B/85E8 A2 80 00    LDX #$0080              A:0000 X:0008 Y:03F2 P:envmxdizc
$9B/85EB 64 14       STZ $14    [$00:0014]   A:0000 X:0080 Y:03F2 P:envmxdizc
$9B/85ED 64 16       STZ $16    [$00:0016]   A:0000 X:0080 Y:03F2 P:envmxdizc
$9B/85EF A5 04       LDA $04    [$00:0004]   A:0000 X:0080 Y:03F2 P:envmxdizc
$9B/85F1 0A          ASL A                   A:00FA X:0080 Y:03F2 P:envmxdizc
$9B/85F2 0A          ASL A                   A:01F4 X:0080 Y:03F2 P:envmxdizc
$9B/85F3 A8          TAY                     A:03E8 X:0080 Y:03F2 P:envmxdizc
$9B/85F4 B1 0C       LDA ($0C),y[$7F:03E8]   A:03E8 X:0080 Y:03E8 P:envmxdizc
$9B/85F6 F0 E4       BEQ $E4    [$85DC]      A:0000 X:0080 Y:03E8 P:envmxdiZc
$9B/85DC 8A          TXA                     A:0000 X:0080 Y:03E8 P:envmxdiZc
$9B/85DD 4A          LSR A                   A:0080 X:0080 Y:03E8 P:envmxdizc
$9B/85DE 4A          LSR A                   A:0040 X:0080 Y:03E8 P:envmxdizc
$9B/85DF 4A          LSR A                   A:0020 X:0080 Y:03E8 P:envmxdizc
$9B/85E0 4A          LSR A                   A:0010 X:0080 Y:03E8 P:envmxdizc
$9B/85E1 F0 54       BEQ $54    [$8637]      A:0008 X:0080 Y:03E8 P:envmxdizc
$9B/85E3 AA          TAX                     A:0008 X:0080 Y:03E8 P:envmxdizc
$9B/85E4 C8          INY                     A:0008 X:0008 Y:03E8 P:envmxdizc
$9B/85E5 C8          INY                     A:0008 X:0008 Y:03E9 P:envmxdizc
$9B/85E6 80 0C       BRA $0C    [$85F4]      A:0008 X:0008 Y:03EA P:envmxdizc
$9B/85F4 B1 0C       LDA ($0C),y[$7F:03EA]   A:0008 X:0008 Y:03EA P:envmxdizc
$9B/85F6 F0 E4       BEQ $E4    [$85DC]      A:0000 X:0008 Y:03EA P:envmxdiZc
$9B/85DC 8A          TXA                     A:0000 X:0008 Y:03EA P:envmxdiZc
$9B/85DD 4A          LSR A                   A:0008 X:0008 Y:03EA P:envmxdizc
$9B/85DE 4A          LSR A                   A:0004 X:0008 Y:03EA P:envmxdizc
$9B/85DF 4A          LSR A                   A:0002 X:0008 Y:03EA P:envmxdizc
$9B/85E0 4A          LSR A                   A:0001 X:0008 Y:03EA P:envmxdizc
$9B/85E1 F0 54       BEQ $54    [$8637]      A:0000 X:0008 Y:03EA P:envmxdiZC
$9B/8637 A5 06       LDA $06    [$00:0006]   A:0000 X:0008 Y:03EA P:envmxdiZC
$9B/8639 1A          INC A                   A:03E2 X:0008 Y:03EA P:envmxdizC
$9B/863A 1A          INC A                   A:03E3 X:0008 Y:03EA P:envmxdizC
$9B/863B A8          TAY                     A:03E4 X:0008 Y:03EA P:envmxdizC
$9B/863C 29 10 00    AND #$0010              A:03E4 X:0008 Y:03E4 P:envmxdizC
$9B/863F F0 06       BEQ $06    [$8647]      A:0000 X:0008 Y:03E4 P:envmxdiZC
$9B/8647 84 06       STY $06    [$00:0006]   A:0000 X:0008 Y:03E4 P:envmxdiZC
$9B/8649 A5 16       LDA $16    [$00:0016]   A:0000 X:0008 Y:03E4 P:envmxdiZC
$9B/864B 91 10       STA ($10),y[$7F:54E4]   A:0000 X:0008 Y:03E4 P:envmxdiZC
$9B/864D 98          TYA                     A:0000 X:0008 Y:03E4 P:envmxdiZC
$9B/864E 18          CLC                     A:03E4 X:0008 Y:03E4 P:envmxdizC
$9B/864F 69 10 00    ADC #$0010              A:03E4 X:0008 Y:03E4 P:envmxdizc
$9B/8652 A8          TAY                     A:03F4 X:0008 Y:03E4 P:envmxdizc
$9B/8653 A5 14       LDA $14    [$00:0014]   A:03F4 X:0008 Y:03F4 P:envmxdizc
$9B/8655 91 10       STA ($10),y[$7F:54F4]   A:0000 X:0008 Y:03F4 P:envmxdiZc
$9B/8657 E6 04       INC $04    [$00:0004]   A:0000 X:0008 Y:03F4 P:envmxdiZc
$9B/8659 C6 00       DEC $00    [$00:0000]   A:0000 X:0008 Y:03F4 P:envmxdizc
$9B/865B 10 8B       BPL $8B    [$85E8]      A:0000 X:0008 Y:03F4 P:envmxdizc
$9B/85E8 A2 80 00    LDX #$0080              A:0000 X:0008 Y:03F4 P:envmxdizc
$9B/85EB 64 14       STZ $14    [$00:0014]   A:0000 X:0080 Y:03F4 P:envmxdizc
$9B/85ED 64 16       STZ $16    [$00:0016]   A:0000 X:0080 Y:03F4 P:envmxdizc
$9B/85EF A5 04       LDA $04    [$00:0004]   A:0000 X:0080 Y:03F4 P:envmxdizc
$9B/85F1 0A          ASL A                   A:00FB X:0080 Y:03F4 P:envmxdizc
$9B/85F2 0A          ASL A                   A:01F6 X:0080 Y:03F4 P:envmxdizc
$9B/85F3 A8          TAY                     A:03EC X:0080 Y:03F4 P:envmxdizc
$9B/85F4 B1 0C       LDA ($0C),y[$7F:03EC]   A:03EC X:0080 Y:03EC P:envmxdizc
$9B/85F6 F0 E4       BEQ $E4    [$85DC]      A:0000 X:0080 Y:03EC P:envmxdiZc
$9B/85DC 8A          TXA                     A:0000 X:0080 Y:03EC P:envmxdiZc
$9B/85DD 4A          LSR A                   A:0080 X:0080 Y:03EC P:envmxdizc
$9B/85DE 4A          LSR A                   A:0040 X:0080 Y:03EC P:envmxdizc
$9B/85DF 4A          LSR A                   A:0020 X:0080 Y:03EC P:envmxdizc
$9B/85E0 4A          LSR A                   A:0010 X:0080 Y:03EC P:envmxdizc
$9B/85E1 F0 54       BEQ $54    [$8637]      A:0008 X:0080 Y:03EC P:envmxdizc
$9B/85E3 AA          TAX                     A:0008 X:0080 Y:03EC P:envmxdizc
$9B/85E4 C8          INY                     A:0008 X:0008 Y:03EC P:envmxdizc
$9B/85E5 C8          INY                     A:0008 X:0008 Y:03ED P:envmxdizc
$9B/85E6 80 0C       BRA $0C    [$85F4]      A:0008 X:0008 Y:03EE P:envmxdizc
$9B/85F4 B1 0C       LDA ($0C),y[$7F:03EE]   A:0008 X:0008 Y:03EE P:envmxdizc
$9B/85F6 F0 E4       BEQ $E4    [$85DC]      A:EFEE X:0008 Y:03EE P:eNvmxdizc
$9B/85F8 EB          XBA                     A:EFEE X:0008 Y:03EE P:eNvmxdizc
$9B/85F9 A8          TAY                     A:EEEF X:0008 Y:03EE P:eNvmxdizc
$9B/85FA 98          TYA                     A:EEEF X:0008 Y:EEEF P:eNvmxdizc
$9B/85FB 0A          ASL A                   A:EEEF X:0008 Y:EEEF P:eNvmxdizc
$9B/85FC 90 05       BCC $05    [$8603]      A:DDDE X:0008 Y:EEEF P:eNvmxdizC
$9B/85FE A8          TAY                     A:DDDE X:0008 Y:EEEF P:eNvmxdizC
$9B/85FF 8A          TXA                     A:DDDE X:0008 Y:DDDE P:eNvmxdizC
$9B/8600 04 15       TSB $15    [$00:0015]   A:0008 X:0008 Y:DDDE P:envmxdizC
$9B/8602 98          TYA                     A:0008 X:0008 Y:DDDE P:envmxdiZC
$9B/8603 0A          ASL A                   A:DDDE X:0008 Y:DDDE P:eNvmxdizC
$9B/8604 90 05       BCC $05    [$860B]      A:BBBC X:0008 Y:DDDE P:eNvmxdizC
$9B/8606 A8          TAY                     A:BBBC X:0008 Y:DDDE P:eNvmxdizC
$9B/8607 8A          TXA                     A:BBBC X:0008 Y:BBBC P:eNvmxdizC
$9B/8608 04 14       TSB $14    [$00:0014]   A:0008 X:0008 Y:BBBC P:envmxdizC
$9B/860A 98          TYA                     A:0008 X:0008 Y:BBBC P:envmxdiZC
$9B/860B 0A          ASL A                   A:BBBC X:0008 Y:BBBC P:eNvmxdizC
$9B/860C 90 05       BCC $05    [$8613]      A:7778 X:0008 Y:BBBC P:envmxdizC
$9B/860E A8          TAY                     A:7778 X:0008 Y:BBBC P:envmxdizC
$9B/860F 8A          TXA                     A:7778 X:0008 Y:7778 P:envmxdizC
$9B/8610 04 17       TSB $17    [$00:0017]   A:0008 X:0008 Y:7778 P:envmxdizC
$9B/8612 98          TYA                     A:0008 X:0008 Y:7778 P:envmxdiZC
$9B/8613 0A          ASL A                   A:7778 X:0008 Y:7778 P:envmxdizC
$9B/8614 90 05       BCC $05    [$861B]      A:EEF0 X:0008 Y:7778 P:eNvmxdizc
$9B/861B A8          TAY                     A:EEF0 X:0008 Y:7778 P:eNvmxdizc
$9B/861C 8A          TXA                     A:EEF0 X:0008 Y:EEF0 P:eNvmxdizc
$9B/861D 4A          LSR A                   A:0008 X:0008 Y:EEF0 P:envmxdizc
$9B/861E AA          TAX                     A:0004 X:0008 Y:EEF0 P:envmxdizc
$9B/861F E0 10 00    CPX #$0010              A:0004 X:0004 Y:EEF0 P:envmxdizc
$9B/8622 B0 D6       BCS $D6    [$85FA]      A:0004 X:0004 Y:EEF0 P:eNvmxdizc
$9B/8624 E0 00 00    CPX #$0000              A:0004 X:0004 Y:EEF0 P:eNvmxdizc
$9B/8627 F0 0E       BEQ $0E    [$8637]      A:0004 X:0004 Y:EEF0 P:envmxdizC
$9B/8629 E0 08 00    CPX #$0008              A:0004 X:0004 Y:EEF0 P:envmxdizC
$9B/862C 90 CC       BCC $CC    [$85FA]      A:0004 X:0004 Y:EEF0 P:eNvmxdizc
$9B/85FA 98          TYA                     A:0004 X:0004 Y:EEF0 P:eNvmxdizc
$9B/85FB 0A          ASL A                   A:EEF0 X:0004 Y:EEF0 P:eNvmxdizc
$9B/85FC 90 05       BCC $05    [$8603]      A:DDE0 X:0004 Y:EEF0 P:eNvmxdizC
$9B/85FE A8          TAY                     A:DDE0 X:0004 Y:EEF0 P:eNvmxdizC
$9B/85FF 8A          TXA                     A:DDE0 X:0004 Y:DDE0 P:eNvmxdizC
$9B/8600 04 15       TSB $15    [$00:0015]   A:0004 X:0004 Y:DDE0 P:envmxdizC
$9B/8602 98          TYA                     A:0004 X:0004 Y:DDE0 P:envmxdiZC
$9B/8603 0A          ASL A                   A:DDE0 X:0004 Y:DDE0 P:eNvmxdizC
$9B/8604 90 05       BCC $05    [$860B]      A:BBC0 X:0004 Y:DDE0 P:eNvmxdizC
$9B/8606 A8          TAY                     A:BBC0 X:0004 Y:DDE0 P:eNvmxdizC
$9B/8607 8A          TXA                     A:BBC0 X:0004 Y:BBC0 P:eNvmxdizC
$9B/8608 04 14       TSB $14    [$00:0014]   A:0004 X:0004 Y:BBC0 P:envmxdizC
$9B/860A 98          TYA                     A:0004 X:0004 Y:BBC0 P:envmxdiZC
$9B/860B 0A          ASL A                   A:BBC0 X:0004 Y:BBC0 P:eNvmxdizC
$9B/860C 90 05       BCC $05    [$8613]      A:7780 X:0004 Y:BBC0 P:envmxdizC
$9B/860E A8          TAY                     A:7780 X:0004 Y:BBC0 P:envmxdizC
$9B/860F 8A          TXA                     A:7780 X:0004 Y:7780 P:envmxdizC
$9B/8610 04 17       TSB $17    [$00:0017]   A:0004 X:0004 Y:7780 P:envmxdizC
$9B/8612 98          TYA                     A:0004 X:0004 Y:7780 P:envmxdiZC
$9B/8613 0A          ASL A                   A:7780 X:0004 Y:7780 P:envmxdizC
$9B/8614 90 05       BCC $05    [$861B]      A:EF00 X:0004 Y:7780 P:eNvmxdizc
$9B/861B A8          TAY                     A:EF00 X:0004 Y:7780 P:eNvmxdizc
$9B/861C 8A          TXA                     A:EF00 X:0004 Y:EF00 P:eNvmxdizc
$9B/861D 4A          LSR A                   A:0004 X:0004 Y:EF00 P:envmxdizc
$9B/861E AA          TAX                     A:0002 X:0004 Y:EF00 P:envmxdizc
$9B/861F E0 10 00    CPX #$0010              A:0002 X:0002 Y:EF00 P:envmxdizc
$9B/8622 B0 D6       BCS $D6    [$85FA]      A:0002 X:0002 Y:EF00 P:eNvmxdizc
$9B/8624 E0 00 00    CPX #$0000              A:0002 X:0002 Y:EF00 P:eNvmxdizc
$9B/8627 F0 0E       BEQ $0E    [$8637]      A:0002 X:0002 Y:EF00 P:envmxdizC
$9B/8629 E0 08 00    CPX #$0008              A:0002 X:0002 Y:EF00 P:envmxdizC
$9B/862C 90 CC       BCC $CC    [$85FA]      A:0002 X:0002 Y:EF00 P:eNvmxdizc
$9B/85FA 98          TYA                     A:0002 X:0002 Y:EF00 P:eNvmxdizc
$9B/85FB 0A          ASL A                   A:EF00 X:0002 Y:EF00 P:eNvmxdizc
$9B/85FC 90 05       BCC $05    [$8603]      A:DE00 X:0002 Y:EF00 P:eNvmxdizC
$9B/85FE A8          TAY                     A:DE00 X:0002 Y:EF00 P:eNvmxdizC
$9B/85FF 8A          TXA                     A:DE00 X:0002 Y:DE00 P:eNvmxdizC
$9B/8600 04 15       TSB $15    [$00:0015]   A:0002 X:0002 Y:DE00 P:envmxdizC
$9B/8602 98          TYA                     A:0002 X:0002 Y:DE00 P:envmxdiZC
$9B/8603 0A          ASL A                   A:DE00 X:0002 Y:DE00 P:eNvmxdizC
$9B/8604 90 05       BCC $05    [$860B]      A:BC00 X:0002 Y:DE00 P:eNvmxdizC
$9B/8606 A8          TAY                     A:BC00 X:0002 Y:DE00 P:eNvmxdizC
$9B/8607 8A          TXA                     A:BC00 X:0002 Y:BC00 P:eNvmxdizC
$9B/8608 04 14       TSB $14    [$00:0014]   A:0002 X:0002 Y:BC00 P:envmxdizC
$9B/860A 98          TYA                     A:0002 X:0002 Y:BC00 P:envmxdiZC
$9B/860B 0A          ASL A                   A:BC00 X:0002 Y:BC00 P:eNvmxdizC
$9B/860C 90 05       BCC $05    [$8613]      A:7800 X:0002 Y:BC00 P:envmxdizC
$9B/860E A8          TAY                     A:7800 X:0002 Y:BC00 P:envmxdizC
$9B/860F 8A          TXA                     A:7800 X:0002 Y:7800 P:envmxdizC
$9B/8610 04 17       TSB $17    [$00:0017]   A:0002 X:0002 Y:7800 P:envmxdizC
$9B/8612 98          TYA                     A:0002 X:0002 Y:7800 P:envmxdiZC
$9B/8613 0A          ASL A                   A:7800 X:0002 Y:7800 P:envmxdizC
$9B/8614 90 05       BCC $05    [$861B]      A:F000 X:0002 Y:7800 P:eNvmxdizc
$9B/861B A8          TAY                     A:F000 X:0002 Y:7800 P:eNvmxdizc
$9B/861C 8A          TXA                     A:F000 X:0002 Y:F000 P:eNvmxdizc
$9B/861D 4A          LSR A                   A:0002 X:0002 Y:F000 P:envmxdizc
$9B/861E AA          TAX                     A:0001 X:0002 Y:F000 P:envmxdizc
$9B/861F E0 10 00    CPX #$0010              A:0001 X:0001 Y:F000 P:envmxdizc
$9B/8622 B0 D6       BCS $D6    [$85FA]      A:0001 X:0001 Y:F000 P:eNvmxdizc
$9B/8624 E0 00 00    CPX #$0000              A:0001 X:0001 Y:F000 P:eNvmxdizc
$9B/8627 F0 0E       BEQ $0E    [$8637]      A:0001 X:0001 Y:F000 P:envmxdizC
$9B/8629 E0 08 00    CPX #$0008              A:0001 X:0001 Y:F000 P:envmxdizC
$9B/862C 90 CC       BCC $CC    [$85FA]      A:0001 X:0001 Y:F000 P:eNvmxdizc
$9B/85FA 98          TYA                     A:0001 X:0001 Y:F000 P:eNvmxdizc
$9B/85FB 0A          ASL A                   A:F000 X:0001 Y:F000 P:eNvmxdizc
$9B/85FC 90 05       BCC $05    [$8603]      A:E000 X:0001 Y:F000 P:eNvmxdizC
$9B/85FE A8          TAY                     A:E000 X:0001 Y:F000 P:eNvmxdizC
$9B/85FF 8A          TXA                     A:E000 X:0001 Y:E000 P:eNvmxdizC
$9B/8600 04 15       TSB $15    [$00:0015]   A:0001 X:0001 Y:E000 P:envmxdizC
$9B/8602 98          TYA                     A:0001 X:0001 Y:E000 P:envmxdiZC
$9B/8603 0A          ASL A                   A:E000 X:0001 Y:E000 P:eNvmxdizC
$9B/8604 90 05       BCC $05    [$860B]      A:C000 X:0001 Y:E000 P:eNvmxdizC
$9B/8606 A8          TAY                     A:C000 X:0001 Y:E000 P:eNvmxdizC
$9B/8607 8A          TXA                     A:C000 X:0001 Y:C000 P:eNvmxdizC
$9B/8608 04 14       TSB $14    [$00:0014]   A:0001 X:0001 Y:C000 P:envmxdizC
$9B/860A 98          TYA                     A:0001 X:0001 Y:C000 P:envmxdiZC
$9B/860B 0A          ASL A                   A:C000 X:0001 Y:C000 P:eNvmxdizC
$9B/860C 90 05       BCC $05    [$8613]      A:8000 X:0001 Y:C000 P:eNvmxdizC
$9B/860E A8          TAY                     A:8000 X:0001 Y:C000 P:eNvmxdizC
$9B/860F 8A          TXA                     A:8000 X:0001 Y:8000 P:eNvmxdizC
$9B/8610 04 17       TSB $17    [$00:0017]   A:0001 X:0001 Y:8000 P:envmxdizC
$9B/8612 98          TYA                     A:0001 X:0001 Y:8000 P:envmxdiZC
$9B/8613 0A          ASL A                   A:8000 X:0001 Y:8000 P:eNvmxdizC
$9B/8614 90 05       BCC $05    [$861B]      A:0000 X:0001 Y:8000 P:envmxdiZC
$9B/8616 A8          TAY                     A:0000 X:0001 Y:8000 P:envmxdiZC
$9B/8617 8A          TXA                     A:0000 X:0001 Y:0000 P:envmxdiZC
$9B/8618 04 16       TSB $16    [$00:0016]   A:0001 X:0001 Y:0000 P:envmxdizC
$9B/861A 98          TYA                     A:0001 X:0001 Y:0000 P:envmxdiZC
$9B/861B A8          TAY                     A:0000 X:0001 Y:0000 P:envmxdiZC
$9B/861C 8A          TXA                     A:0000 X:0001 Y:0000 P:envmxdiZC
$9B/861D 4A          LSR A                   A:0001 X:0001 Y:0000 P:envmxdizC
$9B/861E AA          TAX                     A:0000 X:0001 Y:0000 P:envmxdiZC
$9B/861F E0 10 00    CPX #$0010              A:0000 X:0000 Y:0000 P:envmxdiZC
$9B/8622 B0 D6       BCS $D6    [$85FA]      A:0000 X:0000 Y:0000 P:eNvmxdizc
$9B/8624 E0 00 00    CPX #$0000              A:0000 X:0000 Y:0000 P:eNvmxdizc
$9B/8627 F0 0E       BEQ $0E    [$8637]      A:0000 X:0000 Y:0000 P:envmxdiZC
$9B/8637 A5 06       LDA $06    [$00:0006]   A:0000 X:0000 Y:0000 P:envmxdiZC
$9B/8639 1A          INC A                   A:03E4 X:0000 Y:0000 P:envmxdizC
$9B/863A 1A          INC A                   A:03E5 X:0000 Y:0000 P:envmxdizC
$9B/863B A8          TAY                     A:03E6 X:0000 Y:0000 P:envmxdizC
$9B/863C 29 10 00    AND #$0010              A:03E6 X:0000 Y:03E6 P:envmxdizC
$9B/863F F0 06       BEQ $06    [$8647]      A:0000 X:0000 Y:03E6 P:envmxdiZC
$9B/8647 84 06       STY $06    [$00:0006]   A:0000 X:0000 Y:03E6 P:envmxdiZC
$9B/8649 A5 16       LDA $16    [$00:0016]   A:0000 X:0000 Y:03E6 P:envmxdiZC
$9B/864B 91 10       STA ($10),y[$7F:54E6]   A:0F01 X:0000 Y:03E6 P:envmxdizC
$9B/864D 98          TYA                     A:0F01 X:0000 Y:03E6 P:envmxdizC
$9B/864E 18          CLC                     A:03E6 X:0000 Y:03E6 P:envmxdizC
$9B/864F 69 10 00    ADC #$0010              A:03E6 X:0000 Y:03E6 P:envmxdizc
$9B/8652 A8          TAY                     A:03F6 X:0000 Y:03E6 P:envmxdizc
$9B/8653 A5 14       LDA $14    [$00:0014]   A:03F6 X:0000 Y:03F6 P:envmxdizc
$9B/8655 91 10       STA ($10),y[$7F:54F6]   A:0F0F X:0000 Y:03F6 P:envmxdizc
$9B/8657 E6 04       INC $04    [$00:0004]   A:0F0F X:0000 Y:03F6 P:envmxdizc
$9B/8659 C6 00       DEC $00    [$00:0000]   A:0F0F X:0000 Y:03F6 P:envmxdizc
$9B/865B 10 8B       BPL $8B    [$85E8]      A:0F0F X:0000 Y:03F6 P:envmxdizc
$9B/85E8 A2 80 00    LDX #$0080              A:0F0F X:0000 Y:03F6 P:envmxdizc
$9B/85EB 64 14       STZ $14    [$00:0014]   A:0F0F X:0080 Y:03F6 P:envmxdizc
$9B/85ED 64 16       STZ $16    [$00:0016]   A:0F0F X:0080 Y:03F6 P:envmxdizc
$9B/85EF A5 04       LDA $04    [$00:0004]   A:0F0F X:0080 Y:03F6 P:envmxdizc
$9B/85F1 0A          ASL A                   A:00FC X:0080 Y:03F6 P:envmxdizc
$9B/85F2 0A          ASL A                   A:01F8 X:0080 Y:03F6 P:envmxdizc
$9B/85F3 A8          TAY                     A:03F0 X:0080 Y:03F6 P:envmxdizc
$9B/85F4 B1 0C       LDA ($0C),y[$7F:03F0]   A:03F0 X:0080 Y:03F0 P:envmxdizc
$9B/85F6 F0 E4       BEQ $E4    [$85DC]      A:EE00 X:0080 Y:03F0 P:eNvmxdizc
$9B/85F8 EB          XBA                     A:EE00 X:0080 Y:03F0 P:eNvmxdizc
$9B/85F9 A8          TAY                     A:00EE X:0080 Y:03F0 P:eNvmxdizc
$9B/85FA 98          TYA                     A:00EE X:0080 Y:00EE P:envmxdizc
$9B/85FB 0A          ASL A                   A:00EE X:0080 Y:00EE P:envmxdizc
$9B/85FC 90 05       BCC $05    [$8603]      A:01DC X:0080 Y:00EE P:envmxdizc
$9B/8603 0A          ASL A                   A:01DC X:0080 Y:00EE P:envmxdizc
$9B/8604 90 05       BCC $05    [$860B]      A:03B8 X:0080 Y:00EE P:envmxdizc
$9B/860B 0A          ASL A                   A:03B8 X:0080 Y:00EE P:envmxdizc
$9B/860C 90 05       BCC $05    [$8613]      A:0770 X:0080 Y:00EE P:envmxdizc
$9B/8613 0A          ASL A                   A:0770 X:0080 Y:00EE P:envmxdizc
$9B/8614 90 05       BCC $05    [$861B]      A:0EE0 X:0080 Y:00EE P:envmxdizc
$9B/861B A8          TAY                     A:0EE0 X:0080 Y:00EE P:envmxdizc
$9B/861C 8A          TXA                     A:0EE0 X:0080 Y:0EE0 P:envmxdizc
$9B/861D 4A          LSR A                   A:0080 X:0080 Y:0EE0 P:envmxdizc
$9B/861E AA          TAX                     A:0040 X:0080 Y:0EE0 P:envmxdizc
$9B/861F E0 10 00    CPX #$0010              A:0040 X:0040 Y:0EE0 P:envmxdizc
$9B/8622 B0 D6       BCS $D6    [$85FA]      A:0040 X:0040 Y:0EE0 P:envmxdizC
$9B/85FA 98          TYA                     A:0040 X:0040 Y:0EE0 P:envmxdizC
$9B/85FB 0A          ASL A                   A:0EE0 X:0040 Y:0EE0 P:envmxdizC
$9B/85FC 90 05       BCC $05    [$8603]      A:1DC0 X:0040 Y:0EE0 P:envmxdizc
$9B/8603 0A          ASL A                   A:1DC0 X:0040 Y:0EE0 P:envmxdizc
$9B/8604 90 05       BCC $05    [$860B]      A:3B80 X:0040 Y:0EE0 P:envmxdizc
$9B/860B 0A          ASL A                   A:3B80 X:0040 Y:0EE0 P:envmxdizc
$9B/860C 90 05       BCC $05    [$8613]      A:7700 X:0040 Y:0EE0 P:envmxdizc
$9B/8613 0A          ASL A                   A:7700 X:0040 Y:0EE0 P:envmxdizc
$9B/8614 90 05       BCC $05    [$861B]      A:EE00 X:0040 Y:0EE0 P:eNvmxdizc
$9B/861B A8          TAY                     A:EE00 X:0040 Y:0EE0 P:eNvmxdizc
$9B/861C 8A          TXA                     A:EE00 X:0040 Y:EE00 P:eNvmxdizc
$9B/861D 4A          LSR A                   A:0040 X:0040 Y:EE00 P:envmxdizc
$9B/861E AA          TAX                     A:0020 X:0040 Y:EE00 P:envmxdizc
$9B/861F E0 10 00    CPX #$0010              A:0020 X:0020 Y:EE00 P:envmxdizc
$9B/8622 B0 D6       BCS $D6    [$85FA]      A:0020 X:0020 Y:EE00 P:envmxdizC
$9B/85FA 98          TYA                     A:0020 X:0020 Y:EE00 P:envmxdizC
$9B/85FB 0A          ASL A                   A:EE00 X:0020 Y:EE00 P:eNvmxdizC
$9B/85FC 90 05       BCC $05    [$8603]      A:DC00 X:0020 Y:EE00 P:eNvmxdizC
$9B/85FE A8          TAY                     A:DC00 X:0020 Y:EE00 P:eNvmxdizC
$9B/85FF 8A          TXA                     A:DC00 X:0020 Y:DC00 P:eNvmxdizC
$9B/8600 04 15       TSB $15    [$00:0015]   A:0020 X:0020 Y:DC00 P:envmxdizC
$9B/8602 98          TYA                     A:0020 X:0020 Y:DC00 P:envmxdiZC
$9B/8603 0A          ASL A                   A:DC00 X:0020 Y:DC00 P:eNvmxdizC
$9B/8604 90 05       BCC $05    [$860B]      A:B800 X:0020 Y:DC00 P:eNvmxdizC
$9B/8606 A8          TAY                     A:B800 X:0020 Y:DC00 P:eNvmxdizC
$9B/8607 8A          TXA                     A:B800 X:0020 Y:B800 P:eNvmxdizC
$9B/8608 04 14       TSB $14    [$00:0014]   A:0020 X:0020 Y:B800 P:envmxdizC
$9B/860A 98          TYA                     A:0020 X:0020 Y:B800 P:envmxdiZC
$9B/860B 0A          ASL A                   A:B800 X:0020 Y:B800 P:eNvmxdizC
$9B/860C 90 05       BCC $05    [$8613]      A:7000 X:0020 Y:B800 P:envmxdizC
$9B/860E A8          TAY                     A:7000 X:0020 Y:B800 P:envmxdizC
$9B/860F 8A          TXA                     A:7000 X:0020 Y:7000 P:envmxdizC
$9B/8610 04 17       TSB $17    [$00:0017]   A:0020 X:0020 Y:7000 P:envmxdizC
$9B/8612 98          TYA                     A:0020 X:0020 Y:7000 P:envmxdiZC
$9B/8613 0A          ASL A                   A:7000 X:0020 Y:7000 P:envmxdizC
$9B/8614 90 05       BCC $05    [$861B]      A:E000 X:0020 Y:7000 P:eNvmxdizc
$9B/861B A8          TAY                     A:E000 X:0020 Y:7000 P:eNvmxdizc
$9B/861C 8A          TXA                     A:E000 X:0020 Y:E000 P:eNvmxdizc
$9B/861D 4A          LSR A                   A:0020 X:0020 Y:E000 P:envmxdizc
$9B/861E AA          TAX                     A:0010 X:0020 Y:E000 P:envmxdizc
$9B/861F E0 10 00    CPX #$0010              A:0010 X:0010 Y:E000 P:envmxdizc
$9B/8622 B0 D6       BCS $D6    [$85FA]      A:0010 X:0010 Y:E000 P:envmxdiZC
$9B/85FA 98          TYA                     A:0010 X:0010 Y:E000 P:envmxdiZC
$9B/85FB 0A          ASL A                   A:E000 X:0010 Y:E000 P:eNvmxdizC
$9B/85FC 90 05       BCC $05    [$8603]      A:C000 X:0010 Y:E000 P:eNvmxdizC
$9B/85FE A8          TAY                     A:C000 X:0010 Y:E000 P:eNvmxdizC
$9B/85FF 8A          TXA                     A:C000 X:0010 Y:C000 P:eNvmxdizC
$9B/8600 04 15       TSB $15    [$00:0015]   A:0010 X:0010 Y:C000 P:envmxdizC
$9B/8602 98          TYA                     A:0010 X:0010 Y:C000 P:envmxdiZC
$9B/8603 0A          ASL A                   A:C000 X:0010 Y:C000 P:eNvmxdizC
$9B/8604 90 05       BCC $05    [$860B]      A:8000 X:0010 Y:C000 P:eNvmxdizC
$9B/8606 A8          TAY                     A:8000 X:0010 Y:C000 P:eNvmxdizC
$9B/8607 8A          TXA                     A:8000 X:0010 Y:8000 P:eNvmxdizC
$9B/8608 04 14       TSB $14    [$00:0014]   A:0010 X:0010 Y:8000 P:envmxdizC
$9B/860A 98          TYA                     A:0010 X:0010 Y:8000 P:envmxdiZC
$9B/860B 0A          ASL A                   A:8000 X:0010 Y:8000 P:eNvmxdizC
$9B/860C 90 05       BCC $05    [$8613]      A:0000 X:0010 Y:8000 P:envmxdiZC
$9B/860E A8          TAY                     A:0000 X:0010 Y:8000 P:envmxdiZC
$9B/860F 8A          TXA                     A:0000 X:0010 Y:0000 P:envmxdiZC
$9B/8610 04 17       TSB $17    [$00:0017]   A:0010 X:0010 Y:0000 P:envmxdizC
$9B/8612 98          TYA                     A:0010 X:0010 Y:0000 P:envmxdiZC
$9B/8613 0A          ASL A                   A:0000 X:0010 Y:0000 P:envmxdiZC
$9B/8614 90 05       BCC $05    [$861B]      A:0000 X:0010 Y:0000 P:envmxdiZc
$9B/861B A8          TAY                     A:0000 X:0010 Y:0000 P:envmxdiZc
$9B/861C 8A          TXA                     A:0000 X:0010 Y:0000 P:envmxdiZc
$9B/861D 4A          LSR A                   A:0010 X:0010 Y:0000 P:envmxdizc
$9B/861E AA          TAX                     A:0008 X:0010 Y:0000 P:envmxdizc
$9B/861F E0 10 00    CPX #$0010              A:0008 X:0008 Y:0000 P:envmxdizc
$9B/8622 B0 D6       BCS $D6    [$85FA]      A:0008 X:0008 Y:0000 P:eNvmxdizc
$9B/8624 E0 00 00    CPX #$0000              A:0008 X:0008 Y:0000 P:eNvmxdizc
$9B/8627 F0 0E       BEQ $0E    [$8637]      A:0008 X:0008 Y:0000 P:envmxdizC
$9B/8629 E0 08 00    CPX #$0008              A:0008 X:0008 Y:0000 P:envmxdizC
$9B/862C 90 CC       BCC $CC    [$85FA]      A:0008 X:0008 Y:0000 P:envmxdiZC
$9B/862E A5 04       LDA $04    [$00:0004]   A:0008 X:0008 Y:0000 P:envmxdiZC
$9B/8630 0A          ASL A                   A:00FC X:0008 Y:0000 P:envmxdizC
$9B/8631 0A          ASL A                   A:01F8 X:0008 Y:0000 P:envmxdizc
$9B/8632 A8          TAY                     A:03F0 X:0008 Y:0000 P:envmxdizc
$9B/8633 C8          INY                     A:03F0 X:0008 Y:03F0 P:envmxdizc
$9B/8634 C8          INY                     A:03F0 X:0008 Y:03F1 P:envmxdizc
$9B/8635 80 BD       BRA $BD    [$85F4]      A:03F0 X:0008 Y:03F2 P:envmxdizc
$9B/85F4 B1 0C       LDA ($0C),y[$7F:03F2]   A:03F0 X:0008 Y:03F2 P:envmxdizc
$9B/85F6 F0 E4       BEQ $E4    [$85DC]      A:EFEE X:0008 Y:03F2 P:eNvmxdizc
$9B/85F8 EB          XBA                     A:EFEE X:0008 Y:03F2 P:eNvmxdizc
$9B/85F9 A8          TAY                     A:EEEF X:0008 Y:03F2 P:eNvmxdizc
$9B/85FA 98          TYA                     A:EEEF X:0008 Y:EEEF P:eNvmxdizc
$9B/85FB 0A          ASL A                   A:EEEF X:0008 Y:EEEF P:eNvmxdizc
$9B/85FC 90 05       BCC $05    [$8603]      A:DDDE X:0008 Y:EEEF P:eNvmxdizC
$9B/85FE A8          TAY                     A:DDDE X:0008 Y:EEEF P:eNvmxdizC
$9B/85FF 8A          TXA                     A:DDDE X:0008 Y:DDDE P:eNvmxdizC
$9B/8600 04 15       TSB $15    [$00:0015]   A:0008 X:0008 Y:DDDE P:envmxdizC
$9B/8602 98          TYA                     A:0008 X:0008 Y:DDDE P:envmxdiZC
$9B/8603 0A          ASL A                   A:DDDE X:0008 Y:DDDE P:eNvmxdizC
$9B/8604 90 05       BCC $05    [$860B]      A:BBBC X:0008 Y:DDDE P:eNvmxdizC
$9B/8606 A8          TAY                     A:BBBC X:0008 Y:DDDE P:eNvmxdizC
$9B/8607 8A          TXA                     A:BBBC X:0008 Y:BBBC P:eNvmxdizC
$9B/8608 04 14       TSB $14    [$00:0014]   A:0008 X:0008 Y:BBBC P:envmxdizC
$9B/860A 98          TYA                     A:0008 X:0008 Y:BBBC P:envmxdiZC
$9B/860B 0A          ASL A                   A:BBBC X:0008 Y:BBBC P:eNvmxdizC
$9B/860C 90 05       BCC $05    [$8613]      A:7778 X:0008 Y:BBBC P:envmxdizC
$9B/860E A8          TAY                     A:7778 X:0008 Y:BBBC P:envmxdizC
$9B/860F 8A          TXA                     A:7778 X:0008 Y:7778 P:envmxdizC
$9B/8610 04 17       TSB $17    [$00:0017]   A:0008 X:0008 Y:7778 P:envmxdizC
$9B/8612 98          TYA                     A:0008 X:0008 Y:7778 P:envmxdiZC
$9B/8613 0A          ASL A                   A:7778 X:0008 Y:7778 P:envmxdizC
$9B/8614 90 05       BCC $05    [$861B]      A:EEF0 X:0008 Y:7778 P:eNvmxdizc
$9B/861B A8          TAY                     A:EEF0 X:0008 Y:7778 P:eNvmxdizc
$9B/861C 8A          TXA                     A:EEF0 X:0008 Y:EEF0 P:eNvmxdizc
$9B/861D 4A          LSR A                   A:0008 X:0008 Y:EEF0 P:envmxdizc
$9B/861E AA          TAX                     A:0004 X:0008 Y:EEF0 P:envmxdizc
$9B/861F E0 10 00    CPX #$0010              A:0004 X:0004 Y:EEF0 P:envmxdizc
$9B/8622 B0 D6       BCS $D6    [$85FA]      A:0004 X:0004 Y:EEF0 P:eNvmxdizc
$9B/8624 E0 00 00    CPX #$0000              A:0004 X:0004 Y:EEF0 P:eNvmxdizc
$9B/8627 F0 0E       BEQ $0E    [$8637]      A:0004 X:0004 Y:EEF0 P:envmxdizC
$9B/8629 E0 08 00    CPX #$0008              A:0004 X:0004 Y:EEF0 P:envmxdizC
$9B/862C 90 CC       BCC $CC    [$85FA]      A:0004 X:0004 Y:EEF0 P:eNvmxdizc
$9B/85FA 98          TYA                     A:0004 X:0004 Y:EEF0 P:eNvmxdizc
$9B/85FB 0A          ASL A                   A:EEF0 X:0004 Y:EEF0 P:eNvmxdizc
$9B/85FC 90 05       BCC $05    [$8603]      A:DDE0 X:0004 Y:EEF0 P:eNvmxdizC
$9B/85FE A8          TAY                     A:DDE0 X:0004 Y:EEF0 P:eNvmxdizC
$9B/85FF 8A          TXA                     A:DDE0 X:0004 Y:DDE0 P:eNvmxdizC
$9B/8600 04 15       TSB $15    [$00:0015]   A:0004 X:0004 Y:DDE0 P:envmxdizC
$9B/8602 98          TYA                     A:0004 X:0004 Y:DDE0 P:envmxdiZC
$9B/8603 0A          ASL A                   A:DDE0 X:0004 Y:DDE0 P:eNvmxdizC
$9B/8604 90 05       BCC $05    [$860B]      A:BBC0 X:0004 Y:DDE0 P:eNvmxdizC
$9B/8606 A8          TAY                     A:BBC0 X:0004 Y:DDE0 P:eNvmxdizC
$9B/8607 8A          TXA                     A:BBC0 X:0004 Y:BBC0 P:eNvmxdizC
$9B/8608 04 14       TSB $14    [$00:0014]   A:0004 X:0004 Y:BBC0 P:envmxdizC
$9B/860A 98          TYA                     A:0004 X:0004 Y:BBC0 P:envmxdiZC
$9B/860B 0A          ASL A                   A:BBC0 X:0004 Y:BBC0 P:eNvmxdizC
$9B/860C 90 05       BCC $05    [$8613]      A:7780 X:0004 Y:BBC0 P:envmxdizC
$9B/860E A8          TAY                     A:7780 X:0004 Y:BBC0 P:envmxdizC
$9B/860F 8A          TXA                     A:7780 X:0004 Y:7780 P:envmxdizC
$9B/8610 04 17       TSB $17    [$00:0017]   A:0004 X:0004 Y:7780 P:envmxdizC
$9B/8612 98          TYA                     A:0004 X:0004 Y:7780 P:envmxdiZC
$9B/8613 0A          ASL A                   A:7780 X:0004 Y:7780 P:envmxdizC
$9B/8614 90 05       BCC $05    [$861B]      A:EF00 X:0004 Y:7780 P:eNvmxdizc
$9B/861B A8          TAY                     A:EF00 X:0004 Y:7780 P:eNvmxdizc
$9B/861C 8A          TXA                     A:EF00 X:0004 Y:EF00 P:eNvmxdizc
$9B/861D 4A          LSR A                   A:0004 X:0004 Y:EF00 P:envmxdizc
$9B/861E AA          TAX                     A:0002 X:0004 Y:EF00 P:envmxdizc
$9B/861F E0 10 00    CPX #$0010              A:0002 X:0002 Y:EF00 P:envmxdizc
$9B/8622 B0 D6       BCS $D6    [$85FA]      A:0002 X:0002 Y:EF00 P:eNvmxdizc
$9B/8624 E0 00 00    CPX #$0000              A:0002 X:0002 Y:EF00 P:eNvmxdizc
$9B/8627 F0 0E       BEQ $0E    [$8637]      A:0002 X:0002 Y:EF00 P:envmxdizC
$9B/8629 E0 08 00    CPX #$0008              A:0002 X:0002 Y:EF00 P:envmxdizC
$9B/862C 90 CC       BCC $CC    [$85FA]      A:0002 X:0002 Y:EF00 P:eNvmxdizc
$9B/85FA 98          TYA                     A:0002 X:0002 Y:EF00 P:eNvmxdizc
$9B/85FB 0A          ASL A                   A:EF00 X:0002 Y:EF00 P:eNvmxdizc
$9B/85FC 90 05       BCC $05    [$8603]      A:DE00 X:0002 Y:EF00 P:eNvmxdizC
$9B/85FE A8          TAY                     A:DE00 X:0002 Y:EF00 P:eNvmxdizC
$9B/85FF 8A          TXA                     A:DE00 X:0002 Y:DE00 P:eNvmxdizC
$9B/8600 04 15       TSB $15    [$00:0015]   A:0002 X:0002 Y:DE00 P:envmxdizC
$9B/8602 98          TYA                     A:0002 X:0002 Y:DE00 P:envmxdiZC
$9B/8603 0A          ASL A                   A:DE00 X:0002 Y:DE00 P:eNvmxdizC
$9B/8604 90 05       BCC $05    [$860B]      A:BC00 X:0002 Y:DE00 P:eNvmxdizC
$9B/8606 A8          TAY                     A:BC00 X:0002 Y:DE00 P:eNvmxdizC
$9B/8607 8A          TXA                     A:BC00 X:0002 Y:BC00 P:eNvmxdizC
$9B/8608 04 14       TSB $14    [$00:0014]   A:0002 X:0002 Y:BC00 P:envmxdizC
$9B/860A 98          TYA                     A:0002 X:0002 Y:BC00 P:envmxdiZC
$9B/860B 0A          ASL A                   A:BC00 X:0002 Y:BC00 P:eNvmxdizC
$9B/860C 90 05       BCC $05    [$8613]      A:7800 X:0002 Y:BC00 P:envmxdizC
$9B/860E A8          TAY                     A:7800 X:0002 Y:BC00 P:envmxdizC
$9B/860F 8A          TXA                     A:7800 X:0002 Y:7800 P:envmxdizC
$9B/8610 04 17       TSB $17    [$00:0017]   A:0002 X:0002 Y:7800 P:envmxdizC
$9B/8612 98          TYA                     A:0002 X:0002 Y:7800 P:envmxdiZC
$9B/8613 0A          ASL A                   A:7800 X:0002 Y:7800 P:envmxdizC
$9B/8614 90 05       BCC $05    [$861B]      A:F000 X:0002 Y:7800 P:eNvmxdizc
$9B/861B A8          TAY                     A:F000 X:0002 Y:7800 P:eNvmxdizc
$9B/861C 8A          TXA                     A:F000 X:0002 Y:F000 P:eNvmxdizc
$9B/861D 4A          LSR A                   A:0002 X:0002 Y:F000 P:envmxdizc
$9B/861E AA          TAX                     A:0001 X:0002 Y:F000 P:envmxdizc
$9B/861F E0 10 00    CPX #$0010              A:0001 X:0001 Y:F000 P:envmxdizc
$9B/8622 B0 D6       BCS $D6    [$85FA]      A:0001 X:0001 Y:F000 P:eNvmxdizc
$9B/8624 E0 00 00    CPX #$0000              A:0001 X:0001 Y:F000 P:eNvmxdizc
$9B/8627 F0 0E       BEQ $0E    [$8637]      A:0001 X:0001 Y:F000 P:envmxdizC
$9B/8629 E0 08 00    CPX #$0008              A:0001 X:0001 Y:F000 P:envmxdizC
$9B/862C 90 CC       BCC $CC    [$85FA]      A:0001 X:0001 Y:F000 P:eNvmxdizc
$9B/85FA 98          TYA                     A:0001 X:0001 Y:F000 P:eNvmxdizc
$9B/85FB 0A          ASL A                   A:F000 X:0001 Y:F000 P:eNvmxdizc
$9B/85FC 90 05       BCC $05    [$8603]      A:E000 X:0001 Y:F000 P:eNvmxdizC
$9B/85FE A8          TAY                     A:E000 X:0001 Y:F000 P:eNvmxdizC
$9B/85FF 8A          TXA                     A:E000 X:0001 Y:E000 P:eNvmxdizC
$9B/8600 04 15       TSB $15    [$00:0015]   A:0001 X:0001 Y:E000 P:envmxdizC
$9B/8602 98          TYA                     A:0001 X:0001 Y:E000 P:envmxdiZC
$9B/8603 0A          ASL A                   A:E000 X:0001 Y:E000 P:eNvmxdizC
$9B/8604 90 05       BCC $05    [$860B]      A:C000 X:0001 Y:E000 P:eNvmxdizC
$9B/8606 A8          TAY                     A:C000 X:0001 Y:E000 P:eNvmxdizC
$9B/8607 8A          TXA                     A:C000 X:0001 Y:C000 P:eNvmxdizC
$9B/8608 04 14       TSB $14    [$00:0014]   A:0001 X:0001 Y:C000 P:envmxdizC
$9B/860A 98          TYA                     A:0001 X:0001 Y:C000 P:envmxdiZC
$9B/860B 0A          ASL A                   A:C000 X:0001 Y:C000 P:eNvmxdizC
$9B/860C 90 05       BCC $05    [$8613]      A:8000 X:0001 Y:C000 P:eNvmxdizC
$9B/860E A8          TAY                     A:8000 X:0001 Y:C000 P:eNvmxdizC
$9B/860F 8A          TXA                     A:8000 X:0001 Y:8000 P:eNvmxdizC
$9B/8610 04 17       TSB $17    [$00:0017]   A:0001 X:0001 Y:8000 P:envmxdizC
$9B/8612 98          TYA                     A:0001 X:0001 Y:8000 P:envmxdiZC
$9B/8613 0A          ASL A                   A:8000 X:0001 Y:8000 P:eNvmxdizC
$9B/8614 90 05       BCC $05    [$861B]      A:0000 X:0001 Y:8000 P:envmxdiZC
$9B/8616 A8          TAY                     A:0000 X:0001 Y:8000 P:envmxdiZC
$9B/8617 8A          TXA                     A:0000 X:0001 Y:0000 P:envmxdiZC
$9B/8618 04 16       TSB $16    [$00:0016]   A:0001 X:0001 Y:0000 P:envmxdizC
$9B/861A 98          TYA                     A:0001 X:0001 Y:0000 P:envmxdiZC
$9B/861B A8          TAY                     A:0000 X:0001 Y:0000 P:envmxdiZC
$9B/861C 8A          TXA                     A:0000 X:0001 Y:0000 P:envmxdiZC
$9B/861D 4A          LSR A                   A:0001 X:0001 Y:0000 P:envmxdizC
$9B/861E AA          TAX                     A:0000 X:0001 Y:0000 P:envmxdiZC
$9B/861F E0 10 00    CPX #$0010              A:0000 X:0000 Y:0000 P:envmxdiZC
$9B/8622 B0 D6       BCS $D6    [$85FA]      A:0000 X:0000 Y:0000 P:eNvmxdizc
$9B/8624 E0 00 00    CPX #$0000              A:0000 X:0000 Y:0000 P:eNvmxdizc
$9B/8627 F0 0E       BEQ $0E    [$8637]      A:0000 X:0000 Y:0000 P:envmxdiZC
$9B/8637 A5 06       LDA $06    [$00:0006]   A:0000 X:0000 Y:0000 P:envmxdiZC
$9B/8639 1A          INC A                   A:03E6 X:0000 Y:0000 P:envmxdizC
$9B/863A 1A          INC A                   A:03E7 X:0000 Y:0000 P:envmxdizC
$9B/863B A8          TAY                     A:03E8 X:0000 Y:0000 P:envmxdizC
$9B/863C 29 10 00    AND #$0010              A:03E8 X:0000 Y:03E8 P:envmxdizC
$9B/863F F0 06       BEQ $06    [$8647]      A:0000 X:0000 Y:03E8 P:envmxdiZC
$9B/8647 84 06       STY $06    [$00:0006]   A:0000 X:0000 Y:03E8 P:envmxdiZC
$9B/8649 A5 16       LDA $16    [$00:0016]   A:0000 X:0000 Y:03E8 P:envmxdiZC
$9B/864B 91 10       STA ($10),y[$7F:54E8]   A:3F01 X:0000 Y:03E8 P:envmxdizC
$9B/864D 98          TYA                     A:3F01 X:0000 Y:03E8 P:envmxdizC
$9B/864E 18          CLC                     A:03E8 X:0000 Y:03E8 P:envmxdizC
$9B/864F 69 10 00    ADC #$0010              A:03E8 X:0000 Y:03E8 P:envmxdizc
$9B/8652 A8          TAY                     A:03F8 X:0000 Y:03E8 P:envmxdizc
$9B/8653 A5 14       LDA $14    [$00:0014]   A:03F8 X:0000 Y:03F8 P:envmxdizc
$9B/8655 91 10       STA ($10),y[$7F:54F8]   A:3F3F X:0000 Y:03F8 P:envmxdizc
$9B/8657 E6 04       INC $04    [$00:0004]   A:3F3F X:0000 Y:03F8 P:envmxdizc
$9B/8659 C6 00       DEC $00    [$00:0000]   A:3F3F X:0000 Y:03F8 P:envmxdizc
$9B/865B 10 8B       BPL $8B    [$85E8]      A:3F3F X:0000 Y:03F8 P:envmxdizc
$9B/85E8 A2 80 00    LDX #$0080              A:3F3F X:0000 Y:03F8 P:envmxdizc
$9B/85EB 64 14       STZ $14    [$00:0014]   A:3F3F X:0080 Y:03F8 P:envmxdizc
$9B/85ED 64 16       STZ $16    [$00:0016]   A:3F3F X:0080 Y:03F8 P:envmxdizc
$9B/85EF A5 04       LDA $04    [$00:0004]   A:3F3F X:0080 Y:03F8 P:envmxdizc
$9B/85F1 0A          ASL A                   A:00FD X:0080 Y:03F8 P:envmxdizc
$9B/85F2 0A          ASL A                   A:01FA X:0080 Y:03F8 P:envmxdizc
$9B/85F3 A8          TAY                     A:03F4 X:0080 Y:03F8 P:envmxdizc
$9B/85F4 B1 0C       LDA ($0C),y[$7F:03F4]   A:03F4 X:0080 Y:03F4 P:envmxdizc
$9B/85F6 F0 E4       BEQ $E4    [$85DC]      A:EEEE X:0080 Y:03F4 P:eNvmxdizc
$9B/85F8 EB          XBA                     A:EEEE X:0080 Y:03F4 P:eNvmxdizc
$9B/85F9 A8          TAY                     A:EEEE X:0080 Y:03F4 P:eNvmxdizc
$9B/85FA 98          TYA                     A:EEEE X:0080 Y:EEEE P:eNvmxdizc
$9B/85FB 0A          ASL A                   A:EEEE X:0080 Y:EEEE P:eNvmxdizc
$9B/85FC 90 05       BCC $05    [$8603]      A:DDDC X:0080 Y:EEEE P:eNvmxdizC
$9B/85FE A8          TAY                     A:DDDC X:0080 Y:EEEE P:eNvmxdizC
$9B/85FF 8A          TXA                     A:DDDC X:0080 Y:DDDC P:eNvmxdizC
$9B/8600 04 15       TSB $15    [$00:0015]   A:0080 X:0080 Y:DDDC P:envmxdizC
$9B/8602 98          TYA                     A:0080 X:0080 Y:DDDC P:envmxdiZC
$9B/8603 0A          ASL A                   A:DDDC X:0080 Y:DDDC P:eNvmxdizC
$9B/8604 90 05       BCC $05    [$860B]      A:BBB8 X:0080 Y:DDDC P:eNvmxdizC
$9B/8606 A8          TAY                     A:BBB8 X:0080 Y:DDDC P:eNvmxdizC
$9B/8607 8A          TXA                     A:BBB8 X:0080 Y:BBB8 P:eNvmxdizC
$9B/8608 04 14       TSB $14    [$00:0014]   A:0080 X:0080 Y:BBB8 P:envmxdizC
$9B/860A 98          TYA                     A:0080 X:0080 Y:BBB8 P:envmxdiZC
$9B/860B 0A          ASL A                   A:BBB8 X:0080 Y:BBB8 P:eNvmxdizC
$9B/860C 90 05       BCC $05    [$8613]      A:7770 X:0080 Y:BBB8 P:envmxdizC
$9B/860E A8          TAY                     A:7770 X:0080 Y:BBB8 P:envmxdizC
$9B/860F 8A          TXA                     A:7770 X:0080 Y:7770 P:envmxdizC
$9B/8610 04 17       TSB $17    [$00:0017]   A:0080 X:0080 Y:7770 P:envmxdizC
$9B/8612 98          TYA                     A:0080 X:0080 Y:7770 P:envmxdiZC
$9B/8613 0A          ASL A                   A:7770 X:0080 Y:7770 P:envmxdizC
$9B/8614 90 05       BCC $05    [$861B]      A:EEE0 X:0080 Y:7770 P:eNvmxdizc
$9B/861B A8          TAY                     A:EEE0 X:0080 Y:7770 P:eNvmxdizc
$9B/861C 8A          TXA                     A:EEE0 X:0080 Y:EEE0 P:eNvmxdizc
$9B/861D 4A          LSR A                   A:0080 X:0080 Y:EEE0 P:envmxdizc
$9B/861E AA          TAX                     A:0040 X:0080 Y:EEE0 P:envmxdizc
$9B/861F E0 10 00    CPX #$0010              A:0040 X:0040 Y:EEE0 P:envmxdizc
$9B/8622 B0 D6       BCS $D6    [$85FA]      A:0040 X:0040 Y:EEE0 P:envmxdizC
$9B/85FA 98          TYA                     A:0040 X:0040 Y:EEE0 P:envmxdizC
$9B/85FB 0A          ASL A                   A:EEE0 X:0040 Y:EEE0 P:eNvmxdizC
$9B/85FC 90 05       BCC $05    [$8603]      A:DDC0 X:0040 Y:EEE0 P:eNvmxdizC
$9B/85FE A8          TAY                     A:DDC0 X:0040 Y:EEE0 P:eNvmxdizC
$9B/85FF 8A          TXA                     A:DDC0 X:0040 Y:DDC0 P:eNvmxdizC
$9B/8600 04 15       TSB $15    [$00:0015]   A:0040 X:0040 Y:DDC0 P:envmxdizC
$9B/8602 98          TYA                     A:0040 X:0040 Y:DDC0 P:envmxdiZC
$9B/8603 0A          ASL A                   A:DDC0 X:0040 Y:DDC0 P:eNvmxdizC
$9B/8604 90 05       BCC $05    [$860B]      A:BB80 X:0040 Y:DDC0 P:eNvmxdizC
$9B/8606 A8          TAY                     A:BB80 X:0040 Y:DDC0 P:eNvmxdizC
$9B/8607 8A          TXA                     A:BB80 X:0040 Y:BB80 P:eNvmxdizC
$9B/8608 04 14       TSB $14    [$00:0014]   A:0040 X:0040 Y:BB80 P:envmxdizC
$9B/860A 98          TYA                     A:0040 X:0040 Y:BB80 P:envmxdiZC
$9B/860B 0A          ASL A                   A:BB80 X:0040 Y:BB80 P:eNvmxdizC
$9B/860C 90 05       BCC $05    [$8613]      A:7700 X:0040 Y:BB80 P:envmxdizC
$9B/860E A8          TAY                     A:7700 X:0040 Y:BB80 P:envmxdizC
$9B/860F 8A          TXA                     A:7700 X:0040 Y:7700 P:envmxdizC
$9B/8610 04 17       TSB $17    [$00:0017]   A:0040 X:0040 Y:7700 P:envmxdizC
$9B/8612 98          TYA                     A:0040 X:0040 Y:7700 P:envmxdiZC
$9B/8613 0A          ASL A                   A:7700 X:0040 Y:7700 P:envmxdizC
$9B/8614 90 05       BCC $05    [$861B]      A:EE00 X:0040 Y:7700 P:eNvmxdizc
$9B/861B A8          TAY                     A:EE00 X:0040 Y:7700 P:eNvmxdizc
$9B/861C 8A          TXA                     A:EE00 X:0040 Y:EE00 P:eNvmxdizc
$9B/861D 4A          LSR A                   A:0040 X:0040 Y:EE00 P:envmxdizc
$9B/861E AA          TAX                     A:0020 X:0040 Y:EE00 P:envmxdizc
$9B/861F E0 10 00    CPX #$0010              A:0020 X:0020 Y:EE00 P:envmxdizc
$9B/8622 B0 D6       BCS $D6    [$85FA]      A:0020 X:0020 Y:EE00 P:envmxdizC
$9B/85FA 98          TYA                     A:0020 X:0020 Y:EE00 P:envmxdizC
$9B/85FB 0A          ASL A                   A:EE00 X:0020 Y:EE00 P:eNvmxdizC
$9B/85FC 90 05       BCC $05    [$8603]      A:DC00 X:0020 Y:EE00 P:eNvmxdizC
$9B/85FE A8          TAY                     A:DC00 X:0020 Y:EE00 P:eNvmxdizC
$9B/85FF 8A          TXA                     A:DC00 X:0020 Y:DC00 P:eNvmxdizC
$9B/8600 04 15       TSB $15    [$00:0015]   A:0020 X:0020 Y:DC00 P:envmxdizC
$9B/8602 98          TYA                     A:0020 X:0020 Y:DC00 P:envmxdiZC
$9B/8603 0A          ASL A                   A:DC00 X:0020 Y:DC00 P:eNvmxdizC
$9B/8604 90 05       BCC $05    [$860B]      A:B800 X:0020 Y:DC00 P:eNvmxdizC
$9B/8606 A8          TAY                     A:B800 X:0020 Y:DC00 P:eNvmxdizC
$9B/8607 8A          TXA                     A:B800 X:0020 Y:B800 P:eNvmxdizC
$9B/8608 04 14       TSB $14    [$00:0014]   A:0020 X:0020 Y:B800 P:envmxdizC
$9B/860A 98          TYA                     A:0020 X:0020 Y:B800 P:envmxdiZC
$9B/860B 0A          ASL A                   A:B800 X:0020 Y:B800 P:eNvmxdizC
$9B/860C 90 05       BCC $05    [$8613]      A:7000 X:0020 Y:B800 P:envmxdizC
$9B/860E A8          TAY                     A:7000 X:0020 Y:B800 P:envmxdizC
$9B/860F 8A          TXA                     A:7000 X:0020 Y:7000 P:envmxdizC
$9B/8610 04 17       TSB $17    [$00:0017]   A:0020 X:0020 Y:7000 P:envmxdizC
$9B/8612 98          TYA                     A:0020 X:0020 Y:7000 P:envmxdiZC
$9B/8613 0A          ASL A                   A:7000 X:0020 Y:7000 P:envmxdizC
$9B/8614 90 05       BCC $05    [$861B]      A:E000 X:0020 Y:7000 P:eNvmxdizc
$9B/861B A8          TAY                     A:E000 X:0020 Y:7000 P:eNvmxdizc
$9B/861C 8A          TXA                     A:E000 X:0020 Y:E000 P:eNvmxdizc
$9B/861D 4A          LSR A                   A:0020 X:0020 Y:E000 P:envmxdizc
$9B/861E AA          TAX                     A:0010 X:0020 Y:E000 P:envmxdizc
$9B/861F E0 10 00    CPX #$0010              A:0010 X:0010 Y:E000 P:envmxdizc
$9B/8622 B0 D6       BCS $D6    [$85FA]      A:0010 X:0010 Y:E000 P:envmxdiZC
$9B/85FA 98          TYA                     A:0010 X:0010 Y:E000 P:envmxdiZC
$9B/85FB 0A          ASL A                   A:E000 X:0010 Y:E000 P:eNvmxdizC
$9B/85FC 90 05       BCC $05    [$8603]      A:C000 X:0010 Y:E000 P:eNvmxdizC
$9B/85FE A8          TAY                     A:C000 X:0010 Y:E000 P:eNvmxdizC
$9B/85FF 8A          TXA                     A:C000 X:0010 Y:C000 P:eNvmxdizC
$9B/8600 04 15       TSB $15    [$00:0015]   A:0010 X:0010 Y:C000 P:envmxdizC
$9B/8602 98          TYA                     A:0010 X:0010 Y:C000 P:envmxdiZC
$9B/8603 0A          ASL A                   A:C000 X:0010 Y:C000 P:eNvmxdizC
$9B/8604 90 05       BCC $05    [$860B]      A:8000 X:0010 Y:C000 P:eNvmxdizC
$9B/8606 A8          TAY                     A:8000 X:0010 Y:C000 P:eNvmxdizC
$9B/8607 8A          TXA                     A:8000 X:0010 Y:8000 P:eNvmxdizC
$9B/8608 04 14       TSB $14    [$00:0014]   A:0010 X:0010 Y:8000 P:envmxdizC
$9B/860A 98          TYA                     A:0010 X:0010 Y:8000 P:envmxdiZC
$9B/860B 0A          ASL A                   A:8000 X:0010 Y:8000 P:eNvmxdizC
$9B/860C 90 05       BCC $05    [$8613]      A:0000 X:0010 Y:8000 P:envmxdiZC
$9B/860E A8          TAY                     A:0000 X:0010 Y:8000 P:envmxdiZC
$9B/860F 8A          TXA                     A:0000 X:0010 Y:0000 P:envmxdiZC
$9B/8610 04 17       TSB $17    [$00:0017]   A:0010 X:0010 Y:0000 P:envmxdizC
$9B/8612 98          TYA                     A:0010 X:0010 Y:0000 P:envmxdiZC
$9B/8613 0A          ASL A                   A:0000 X:0010 Y:0000 P:envmxdiZC
$9B/8614 90 05       BCC $05    [$861B]      A:0000 X:0010 Y:0000 P:envmxdiZc
$9B/861B A8          TAY                     A:0000 X:0010 Y:0000 P:envmxdiZc
$9B/861C 8A          TXA                     A:0000 X:0010 Y:0000 P:envmxdiZc
$9B/861D 4A          LSR A                   A:0010 X:0010 Y:0000 P:envmxdizc
$9B/861E AA          TAX                     A:0008 X:0010 Y:0000 P:envmxdizc
$9B/861F E0 10 00    CPX #$0010              A:0008 X:0008 Y:0000 P:envmxdizc
$9B/8622 B0 D6       BCS $D6    [$85FA]      A:0008 X:0008 Y:0000 P:eNvmxdizc
$9B/8624 E0 00 00    CPX #$0000              A:0008 X:0008 Y:0000 P:eNvmxdizc
$9B/8627 F0 0E       BEQ $0E    [$8637]      A:0008 X:0008 Y:0000 P:envmxdizC
$9B/8629 E0 08 00    CPX #$0008              A:0008 X:0008 Y:0000 P:envmxdizC
$9B/862C 90 CC       BCC $CC    [$85FA]      A:0008 X:0008 Y:0000 P:envmxdiZC
$9B/862E A5 04       LDA $04    [$00:0004]   A:0008 X:0008 Y:0000 P:envmxdiZC
$9B/8630 0A          ASL A                   A:00FD X:0008 Y:0000 P:envmxdizC
$9B/8631 0A          ASL A                   A:01FA X:0008 Y:0000 P:envmxdizc
$9B/8632 A8          TAY                     A:03F4 X:0008 Y:0000 P:envmxdizc
$9B/8633 C8          INY                     A:03F4 X:0008 Y:03F4 P:envmxdizc
$9B/8634 C8          INY                     A:03F4 X:0008 Y:03F5 P:envmxdizc
$9B/8635 80 BD       BRA $BD    [$85F4]      A:03F4 X:0008 Y:03F6 P:envmxdizc
$9B/85F4 B1 0C       LDA ($0C),y[$7F:03F6]   A:03F4 X:0008 Y:03F6 P:envmxdizc
$9B/85F6 F0 E4       BEQ $E4    [$85DC]      A:EFEE X:0008 Y:03F6 P:eNvmxdizc
$9B/85F8 EB          XBA                     A:EFEE X:0008 Y:03F6 P:eNvmxdizc
$9B/85F9 A8          TAY                     A:EEEF X:0008 Y:03F6 P:eNvmxdizc
$9B/85FA 98          TYA                     A:EEEF X:0008 Y:EEEF P:eNvmxdizc
$9B/85FB 0A          ASL A                   A:EEEF X:0008 Y:EEEF P:eNvmxdizc
$9B/85FC 90 05       BCC $05    [$8603]      A:DDDE X:0008 Y:EEEF P:eNvmxdizC
$9B/85FE A8          TAY                     A:DDDE X:0008 Y:EEEF P:eNvmxdizC
$9B/85FF 8A          TXA                     A:DDDE X:0008 Y:DDDE P:eNvmxdizC
$9B/8600 04 15       TSB $15    [$00:0015]   A:0008 X:0008 Y:DDDE P:envmxdizC
$9B/8602 98          TYA                     A:0008 X:0008 Y:DDDE P:envmxdiZC
$9B/8603 0A          ASL A                   A:DDDE X:0008 Y:DDDE P:eNvmxdizC
$9B/8604 90 05       BCC $05    [$860B]      A:BBBC X:0008 Y:DDDE P:eNvmxdizC
$9B/8606 A8          TAY                     A:BBBC X:0008 Y:DDDE P:eNvmxdizC
$9B/8607 8A          TXA                     A:BBBC X:0008 Y:BBBC P:eNvmxdizC
$9B/8608 04 14       TSB $14    [$00:0014]   A:0008 X:0008 Y:BBBC P:envmxdizC
$9B/860A 98          TYA                     A:0008 X:0008 Y:BBBC P:envmxdiZC
$9B/860B 0A          ASL A                   A:BBBC X:0008 Y:BBBC P:eNvmxdizC
$9B/860C 90 05       BCC $05    [$8613]      A:7778 X:0008 Y:BBBC P:envmxdizC
$9B/860E A8          TAY                     A:7778 X:0008 Y:BBBC P:envmxdizC
$9B/860F 8A          TXA                     A:7778 X:0008 Y:7778 P:envmxdizC
$9B/8610 04 17       TSB $17    [$00:0017]   A:0008 X:0008 Y:7778 P:envmxdizC
$9B/8612 98          TYA                     A:0008 X:0008 Y:7778 P:envmxdiZC
$9B/8613 0A          ASL A                   A:7778 X:0008 Y:7778 P:envmxdizC
$9B/8614 90 05       BCC $05    [$861B]      A:EEF0 X:0008 Y:7778 P:eNvmxdizc
$9B/861B A8          TAY                     A:EEF0 X:0008 Y:7778 P:eNvmxdizc
$9B/861C 8A          TXA                     A:EEF0 X:0008 Y:EEF0 P:eNvmxdizc
$9B/861D 4A          LSR A                   A:0008 X:0008 Y:EEF0 P:envmxdizc
$9B/861E AA          TAX                     A:0004 X:0008 Y:EEF0 P:envmxdizc
$9B/861F E0 10 00    CPX #$0010              A:0004 X:0004 Y:EEF0 P:envmxdizc
$9B/8622 B0 D6       BCS $D6    [$85FA]      A:0004 X:0004 Y:EEF0 P:eNvmxdizc
$9B/8624 E0 00 00    CPX #$0000              A:0004 X:0004 Y:EEF0 P:eNvmxdizc
$9B/8627 F0 0E       BEQ $0E    [$8637]      A:0004 X:0004 Y:EEF0 P:envmxdizC
$9B/8629 E0 08 00    CPX #$0008              A:0004 X:0004 Y:EEF0 P:envmxdizC
$9B/862C 90 CC       BCC $CC    [$85FA]      A:0004 X:0004 Y:EEF0 P:eNvmxdizc
$9B/85FA 98          TYA                     A:0004 X:0004 Y:EEF0 P:eNvmxdizc
$9B/85FB 0A          ASL A                   A:EEF0 X:0004 Y:EEF0 P:eNvmxdizc
$9B/85FC 90 05       BCC $05    [$8603]      A:DDE0 X:0004 Y:EEF0 P:eNvmxdizC
$9B/85FE A8          TAY                     A:DDE0 X:0004 Y:EEF0 P:eNvmxdizC
$9B/85FF 8A          TXA                     A:DDE0 X:0004 Y:DDE0 P:eNvmxdizC
$9B/8600 04 15       TSB $15    [$00:0015]   A:0004 X:0004 Y:DDE0 P:envmxdizC
$9B/8602 98          TYA                     A:0004 X:0004 Y:DDE0 P:envmxdiZC
$9B/8603 0A          ASL A                   A:DDE0 X:0004 Y:DDE0 P:eNvmxdizC
$9B/8604 90 05       BCC $05    [$860B]      A:BBC0 X:0004 Y:DDE0 P:eNvmxdizC
$9B/8606 A8          TAY                     A:BBC0 X:0004 Y:DDE0 P:eNvmxdizC
$9B/8607 8A          TXA                     A:BBC0 X:0004 Y:BBC0 P:eNvmxdizC
$9B/8608 04 14       TSB $14    [$00:0014]   A:0004 X:0004 Y:BBC0 P:envmxdizC
$9B/860A 98          TYA                     A:0004 X:0004 Y:BBC0 P:envmxdiZC
$9B/860B 0A          ASL A                   A:BBC0 X:0004 Y:BBC0 P:eNvmxdizC
$9B/860C 90 05       BCC $05    [$8613]      A:7780 X:0004 Y:BBC0 P:envmxdizC
$9B/860E A8          TAY                     A:7780 X:0004 Y:BBC0 P:envmxdizC
$9B/860F 8A          TXA                     A:7780 X:0004 Y:7780 P:envmxdizC
$9B/8610 04 17       TSB $17    [$00:0017]   A:0004 X:0004 Y:7780 P:envmxdizC
$9B/8612 98          TYA                     A:0004 X:0004 Y:7780 P:envmxdiZC
$9B/8613 0A          ASL A                   A:7780 X:0004 Y:7780 P:envmxdizC
$9B/8614 90 05       BCC $05    [$861B]      A:EF00 X:0004 Y:7780 P:eNvmxdizc
$9B/861B A8          TAY                     A:EF00 X:0004 Y:7780 P:eNvmxdizc
$9B/861C 8A          TXA                     A:EF00 X:0004 Y:EF00 P:eNvmxdizc
$9B/861D 4A          LSR A                   A:0004 X:0004 Y:EF00 P:envmxdizc
$9B/861E AA          TAX                     A:0002 X:0004 Y:EF00 P:envmxdizc
$9B/861F E0 10 00    CPX #$0010              A:0002 X:0002 Y:EF00 P:envmxdizc
$9B/8622 B0 D6       BCS $D6    [$85FA]      A:0002 X:0002 Y:EF00 P:eNvmxdizc
$9B/8624 E0 00 00    CPX #$0000              A:0002 X:0002 Y:EF00 P:eNvmxdizc
$9B/8627 F0 0E       BEQ $0E    [$8637]      A:0002 X:0002 Y:EF00 P:envmxdizC
$9B/8629 E0 08 00    CPX #$0008              A:0002 X:0002 Y:EF00 P:envmxdizC
$9B/862C 90 CC       BCC $CC    [$85FA]      A:0002 X:0002 Y:EF00 P:eNvmxdizc
$9B/85FA 98          TYA                     A:0002 X:0002 Y:EF00 P:eNvmxdizc
$9B/85FB 0A          ASL A                   A:EF00 X:0002 Y:EF00 P:eNvmxdizc
$9B/85FC 90 05       BCC $05    [$8603]      A:DE00 X:0002 Y:EF00 P:eNvmxdizC
$9B/85FE A8          TAY                     A:DE00 X:0002 Y:EF00 P:eNvmxdizC
$9B/85FF 8A          TXA                     A:DE00 X:0002 Y:DE00 P:eNvmxdizC
$9B/8600 04 15       TSB $15    [$00:0015]   A:0002 X:0002 Y:DE00 P:envmxdizC
$9B/8602 98          TYA                     A:0002 X:0002 Y:DE00 P:envmxdiZC
$9B/8603 0A          ASL A                   A:DE00 X:0002 Y:DE00 P:eNvmxdizC
$9B/8604 90 05       BCC $05    [$860B]      A:BC00 X:0002 Y:DE00 P:eNvmxdizC
$9B/8606 A8          TAY                     A:BC00 X:0002 Y:DE00 P:eNvmxdizC
$9B/8607 8A          TXA                     A:BC00 X:0002 Y:BC00 P:eNvmxdizC
$9B/8608 04 14       TSB $14    [$00:0014]   A:0002 X:0002 Y:BC00 P:envmxdizC
$9B/860A 98          TYA                     A:0002 X:0002 Y:BC00 P:envmxdiZC
$9B/860B 0A          ASL A                   A:BC00 X:0002 Y:BC00 P:eNvmxdizC
$9B/860C 90 05       BCC $05    [$8613]      A:7800 X:0002 Y:BC00 P:envmxdizC
$9B/860E A8          TAY                     A:7800 X:0002 Y:BC00 P:envmxdizC
$9B/860F 8A          TXA                     A:7800 X:0002 Y:7800 P:envmxdizC
$9B/8610 04 17       TSB $17    [$00:0017]   A:0002 X:0002 Y:7800 P:envmxdizC
$9B/8612 98          TYA                     A:0002 X:0002 Y:7800 P:envmxdiZC
$9B/8613 0A          ASL A                   A:7800 X:0002 Y:7800 P:envmxdizC
$9B/8614 90 05       BCC $05    [$861B]      A:F000 X:0002 Y:7800 P:eNvmxdizc
$9B/861B A8          TAY                     A:F000 X:0002 Y:7800 P:eNvmxdizc
$9B/861C 8A          TXA                     A:F000 X:0002 Y:F000 P:eNvmxdizc
$9B/861D 4A          LSR A                   A:0002 X:0002 Y:F000 P:envmxdizc
$9B/861E AA          TAX                     A:0001 X:0002 Y:F000 P:envmxdizc
$9B/861F E0 10 00    CPX #$0010              A:0001 X:0001 Y:F000 P:envmxdizc
$9B/8622 B0 D6       BCS $D6    [$85FA]      A:0001 X:0001 Y:F000 P:eNvmxdizc
$9B/8624 E0 00 00    CPX #$0000              A:0001 X:0001 Y:F000 P:eNvmxdizc
$9B/8627 F0 0E       BEQ $0E    [$8637]      A:0001 X:0001 Y:F000 P:envmxdizC
$9B/8629 E0 08 00    CPX #$0008              A:0001 X:0001 Y:F000 P:envmxdizC
$9B/862C 90 CC       BCC $CC    [$85FA]      A:0001 X:0001 Y:F000 P:eNvmxdizc
$9B/85FA 98          TYA                     A:0001 X:0001 Y:F000 P:eNvmxdizc
$9B/85FB 0A          ASL A                   A:F000 X:0001 Y:F000 P:eNvmxdizc
$9B/85FC 90 05       BCC $05    [$8603]      A:E000 X:0001 Y:F000 P:eNvmxdizC
$9B/85FE A8          TAY                     A:E000 X:0001 Y:F000 P:eNvmxdizC
$9B/85FF 8A          TXA                     A:E000 X:0001 Y:E000 P:eNvmxdizC
$9B/8600 04 15       TSB $15    [$00:0015]   A:0001 X:0001 Y:E000 P:envmxdizC
$9B/8602 98          TYA                     A:0001 X:0001 Y:E000 P:envmxdiZC
$9B/8603 0A          ASL A                   A:E000 X:0001 Y:E000 P:eNvmxdizC
$9B/8604 90 05       BCC $05    [$860B]      A:C000 X:0001 Y:E000 P:eNvmxdizC
$9B/8606 A8          TAY                     A:C000 X:0001 Y:E000 P:eNvmxdizC
$9B/8607 8A          TXA                     A:C000 X:0001 Y:C000 P:eNvmxdizC
$9B/8608 04 14       TSB $14    [$00:0014]   A:0001 X:0001 Y:C000 P:envmxdizC
$9B/860A 98          TYA                     A:0001 X:0001 Y:C000 P:envmxdiZC
$9B/860B 0A          ASL A                   A:C000 X:0001 Y:C000 P:eNvmxdizC
$9B/860C 90 05       BCC $05    [$8613]      A:8000 X:0001 Y:C000 P:eNvmxdizC
$9B/860E A8          TAY                     A:8000 X:0001 Y:C000 P:eNvmxdizC
$9B/860F 8A          TXA                     A:8000 X:0001 Y:8000 P:eNvmxdizC
$9B/8610 04 17       TSB $17    [$00:0017]   A:0001 X:0001 Y:8000 P:envmxdizC
$9B/8612 98          TYA                     A:0001 X:0001 Y:8000 P:envmxdiZC
$9B/8613 0A          ASL A                   A:8000 X:0001 Y:8000 P:eNvmxdizC
$9B/8614 90 05       BCC $05    [$861B]      A:0000 X:0001 Y:8000 P:envmxdiZC
$9B/8616 A8          TAY                     A:0000 X:0001 Y:8000 P:envmxdiZC
$9B/8617 8A          TXA                     A:0000 X:0001 Y:0000 P:envmxdiZC
$9B/8618 04 16       TSB $16    [$00:0016]   A:0001 X:0001 Y:0000 P:envmxdizC
$9B/861A 98          TYA                     A:0001 X:0001 Y:0000 P:envmxdiZC
$9B/861B A8          TAY                     A:0000 X:0001 Y:0000 P:envmxdiZC
$9B/861C 8A          TXA                     A:0000 X:0001 Y:0000 P:envmxdiZC
$9B/861D 4A          LSR A                   A:0001 X:0001 Y:0000 P:envmxdizC
$9B/861E AA          TAX                     A:0000 X:0001 Y:0000 P:envmxdiZC
$9B/861F E0 10 00    CPX #$0010              A:0000 X:0000 Y:0000 P:envmxdiZC
$9B/8622 B0 D6       BCS $D6    [$85FA]      A:0000 X:0000 Y:0000 P:eNvmxdizc
$9B/8624 E0 00 00    CPX #$0000              A:0000 X:0000 Y:0000 P:eNvmxdizc
$9B/8627 F0 0E       BEQ $0E    [$8637]      A:0000 X:0000 Y:0000 P:envmxdiZC
$9B/8637 A5 06       LDA $06    [$00:0006]   A:0000 X:0000 Y:0000 P:envmxdiZC
$9B/8639 1A          INC A                   A:03E8 X:0000 Y:0000 P:envmxdizC
$9B/863A 1A          INC A                   A:03E9 X:0000 Y:0000 P:envmxdizC
$9B/863B A8          TAY                     A:03EA X:0000 Y:0000 P:envmxdizC
$9B/863C 29 10 00    AND #$0010              A:03EA X:0000 Y:03EA P:envmxdizC
$9B/863F F0 06       BEQ $06    [$8647]      A:0000 X:0000 Y:03EA P:envmxdiZC
$9B/8647 84 06       STY $06    [$00:0006]   A:0000 X:0000 Y:03EA P:envmxdiZC
$9B/8649 A5 16       LDA $16    [$00:0016]   A:0000 X:0000 Y:03EA P:envmxdiZC
$9B/864B 91 10       STA ($10),y[$7F:54EA]   A:FF01 X:0000 Y:03EA P:eNvmxdizC
$9B/864D 98          TYA                     A:FF01 X:0000 Y:03EA P:eNvmxdizC
$9B/864E 18          CLC                     A:03EA X:0000 Y:03EA P:envmxdizC
$9B/864F 69 10 00    ADC #$0010              A:03EA X:0000 Y:03EA P:envmxdizc
$9B/8652 A8          TAY                     A:03FA X:0000 Y:03EA P:envmxdizc
$9B/8653 A5 14       LDA $14    [$00:0014]   A:03FA X:0000 Y:03FA P:envmxdizc
$9B/8655 91 10       STA ($10),y[$7F:54FA]   A:FFFF X:0000 Y:03FA P:eNvmxdizc
$9B/8657 E6 04       INC $04    [$00:0004]   A:FFFF X:0000 Y:03FA P:eNvmxdizc
$9B/8659 C6 00       DEC $00    [$00:0000]   A:FFFF X:0000 Y:03FA P:envmxdizc
$9B/865B 10 8B       BPL $8B    [$85E8]      A:FFFF X:0000 Y:03FA P:envmxdizc
$9B/85E8 A2 80 00    LDX #$0080              A:FFFF X:0000 Y:03FA P:envmxdizc
$9B/85EB 64 14       STZ $14    [$00:0014]   A:FFFF X:0080 Y:03FA P:envmxdizc
$9B/85ED 64 16       STZ $16    [$00:0016]   A:FFFF X:0080 Y:03FA P:envmxdizc
$9B/85EF A5 04       LDA $04    [$00:0004]   A:FFFF X:0080 Y:03FA P:envmxdizc
$9B/85F1 0A          ASL A                   A:00FE X:0080 Y:03FA P:envmxdizc
$9B/85F2 0A          ASL A                   A:01FC X:0080 Y:03FA P:envmxdizc
$9B/85F3 A8          TAY                     A:03F8 X:0080 Y:03FA P:envmxdizc
$9B/85F4 B1 0C       LDA ($0C),y[$7F:03F8]   A:03F8 X:0080 Y:03F8 P:envmxdizc
$9B/85F6 F0 E4       BEQ $E4    [$85DC]      A:EEEE X:0080 Y:03F8 P:eNvmxdizc
$9B/85F8 EB          XBA                     A:EEEE X:0080 Y:03F8 P:eNvmxdizc
$9B/85F9 A8          TAY                     A:EEEE X:0080 Y:03F8 P:eNvmxdizc
$9B/85FA 98          TYA                     A:EEEE X:0080 Y:EEEE P:eNvmxdizc
$9B/85FB 0A          ASL A                   A:EEEE X:0080 Y:EEEE P:eNvmxdizc
$9B/85FC 90 05       BCC $05    [$8603]      A:DDDC X:0080 Y:EEEE P:eNvmxdizC
$9B/85FE A8          TAY                     A:DDDC X:0080 Y:EEEE P:eNvmxdizC
$9B/85FF 8A          TXA                     A:DDDC X:0080 Y:DDDC P:eNvmxdizC
$9B/8600 04 15       TSB $15    [$00:0015]   A:0080 X:0080 Y:DDDC P:envmxdizC
$9B/8602 98          TYA                     A:0080 X:0080 Y:DDDC P:envmxdiZC
$9B/8603 0A          ASL A                   A:DDDC X:0080 Y:DDDC P:eNvmxdizC
$9B/8604 90 05       BCC $05    [$860B]      A:BBB8 X:0080 Y:DDDC P:eNvmxdizC
$9B/8606 A8          TAY                     A:BBB8 X:0080 Y:DDDC P:eNvmxdizC
$9B/8607 8A          TXA                     A:BBB8 X:0080 Y:BBB8 P:eNvmxdizC
$9B/8608 04 14       TSB $14    [$00:0014]   A:0080 X:0080 Y:BBB8 P:envmxdizC
$9B/860A 98          TYA                     A:0080 X:0080 Y:BBB8 P:envmxdiZC
$9B/860B 0A          ASL A                   A:BBB8 X:0080 Y:BBB8 P:eNvmxdizC
$9B/860C 90 05       BCC $05    [$8613]      A:7770 X:0080 Y:BBB8 P:envmxdizC
$9B/860E A8          TAY                     A:7770 X:0080 Y:BBB8 P:envmxdizC
$9B/860F 8A          TXA                     A:7770 X:0080 Y:7770 P:envmxdizC
$9B/8610 04 17       TSB $17    [$00:0017]   A:0080 X:0080 Y:7770 P:envmxdizC
$9B/8612 98          TYA                     A:0080 X:0080 Y:7770 P:envmxdiZC
$9B/8613 0A          ASL A                   A:7770 X:0080 Y:7770 P:envmxdizC
$9B/8614 90 05       BCC $05    [$861B]      A:EEE0 X:0080 Y:7770 P:eNvmxdizc
$9B/861B A8          TAY                     A:EEE0 X:0080 Y:7770 P:eNvmxdizc
$9B/861C 8A          TXA                     A:EEE0 X:0080 Y:EEE0 P:eNvmxdizc
$9B/861D 4A          LSR A                   A:0080 X:0080 Y:EEE0 P:envmxdizc
$9B/861E AA          TAX                     A:0040 X:0080 Y:EEE0 P:envmxdizc
$9B/861F E0 10 00    CPX #$0010              A:0040 X:0040 Y:EEE0 P:envmxdizc
$9B/8622 B0 D6       BCS $D6    [$85FA]      A:0040 X:0040 Y:EEE0 P:envmxdizC
$9B/85FA 98          TYA                     A:0040 X:0040 Y:EEE0 P:envmxdizC
$9B/85FB 0A          ASL A                   A:EEE0 X:0040 Y:EEE0 P:eNvmxdizC
$9B/85FC 90 05       BCC $05    [$8603]      A:DDC0 X:0040 Y:EEE0 P:eNvmxdizC
$9B/85FE A8          TAY                     A:DDC0 X:0040 Y:EEE0 P:eNvmxdizC
$9B/85FF 8A          TXA                     A:DDC0 X:0040 Y:DDC0 P:eNvmxdizC
$9B/8600 04 15       TSB $15    [$00:0015]   A:0040 X:0040 Y:DDC0 P:envmxdizC
$9B/8602 98          TYA                     A:0040 X:0040 Y:DDC0 P:envmxdiZC
$9B/8603 0A          ASL A                   A:DDC0 X:0040 Y:DDC0 P:eNvmxdizC
$9B/8604 90 05       BCC $05    [$860B]      A:BB80 X:0040 Y:DDC0 P:eNvmxdizC
$9B/8606 A8          TAY                     A:BB80 X:0040 Y:DDC0 P:eNvmxdizC
$9B/8607 8A          TXA                     A:BB80 X:0040 Y:BB80 P:eNvmxdizC
$9B/8608 04 14       TSB $14    [$00:0014]   A:0040 X:0040 Y:BB80 P:envmxdizC
$9B/860A 98          TYA                     A:0040 X:0040 Y:BB80 P:envmxdiZC
$9B/860B 0A          ASL A                   A:BB80 X:0040 Y:BB80 P:eNvmxdizC
$9B/860C 90 05       BCC $05    [$8613]      A:7700 X:0040 Y:BB80 P:envmxdizC
$9B/860E A8          TAY                     A:7700 X:0040 Y:BB80 P:envmxdizC
$9B/860F 8A          TXA                     A:7700 X:0040 Y:7700 P:envmxdizC
$9B/8610 04 17       TSB $17    [$00:0017]   A:0040 X:0040 Y:7700 P:envmxdizC
$9B/8612 98          TYA                     A:0040 X:0040 Y:7700 P:envmxdiZC
$9B/8613 0A          ASL A                   A:7700 X:0040 Y:7700 P:envmxdizC
$9B/8614 90 05       BCC $05    [$861B]      A:EE00 X:0040 Y:7700 P:eNvmxdizc
$9B/861B A8          TAY                     A:EE00 X:0040 Y:7700 P:eNvmxdizc
$9B/861C 8A          TXA                     A:EE00 X:0040 Y:EE00 P:eNvmxdizc
$9B/861D 4A          LSR A                   A:0040 X:0040 Y:EE00 P:envmxdizc
$9B/861E AA          TAX                     A:0020 X:0040 Y:EE00 P:envmxdizc
$9B/861F E0 10 00    CPX #$0010              A:0020 X:0020 Y:EE00 P:envmxdizc
$9B/8622 B0 D6       BCS $D6    [$85FA]      A:0020 X:0020 Y:EE00 P:envmxdizC
$9B/85FA 98          TYA                     A:0020 X:0020 Y:EE00 P:envmxdizC
$9B/85FB 0A          ASL A                   A:EE00 X:0020 Y:EE00 P:eNvmxdizC
$9B/85FC 90 05       BCC $05    [$8603]      A:DC00 X:0020 Y:EE00 P:eNvmxdizC
$9B/85FE A8          TAY                     A:DC00 X:0020 Y:EE00 P:eNvmxdizC
$9B/85FF 8A          TXA                     A:DC00 X:0020 Y:DC00 P:eNvmxdizC
$9B/8600 04 15       TSB $15    [$00:0015]   A:0020 X:0020 Y:DC00 P:envmxdizC
$9B/8602 98          TYA                     A:0020 X:0020 Y:DC00 P:envmxdiZC
$9B/8603 0A          ASL A                   A:DC00 X:0020 Y:DC00 P:eNvmxdizC
$9B/8604 90 05       BCC $05    [$860B]      A:B800 X:0020 Y:DC00 P:eNvmxdizC
$9B/8606 A8          TAY                     A:B800 X:0020 Y:DC00 P:eNvmxdizC
$9B/8607 8A          TXA                     A:B800 X:0020 Y:B800 P:eNvmxdizC
$9B/8608 04 14       TSB $14    [$00:0014]   A:0020 X:0020 Y:B800 P:envmxdizC
$9B/860A 98          TYA                     A:0020 X:0020 Y:B800 P:envmxdiZC
$9B/860B 0A          ASL A                   A:B800 X:0020 Y:B800 P:eNvmxdizC
$9B/860C 90 05       BCC $05    [$8613]      A:7000 X:0020 Y:B800 P:envmxdizC
$9B/860E A8          TAY                     A:7000 X:0020 Y:B800 P:envmxdizC
$9B/860F 8A          TXA                     A:7000 X:0020 Y:7000 P:envmxdizC
$9B/8610 04 17       TSB $17    [$00:0017]   A:0020 X:0020 Y:7000 P:envmxdizC
$9B/8612 98          TYA                     A:0020 X:0020 Y:7000 P:envmxdiZC
$9B/8613 0A          ASL A                   A:7000 X:0020 Y:7000 P:envmxdizC
$9B/8614 90 05       BCC $05    [$861B]      A:E000 X:0020 Y:7000 P:eNvmxdizc
$9B/861B A8          TAY                     A:E000 X:0020 Y:7000 P:eNvmxdizc
$9B/861C 8A          TXA                     A:E000 X:0020 Y:E000 P:eNvmxdizc
$9B/861D 4A          LSR A                   A:0020 X:0020 Y:E000 P:envmxdizc
$9B/861E AA          TAX                     A:0010 X:0020 Y:E000 P:envmxdizc
$9B/861F E0 10 00    CPX #$0010              A:0010 X:0010 Y:E000 P:envmxdizc
$9B/8622 B0 D6       BCS $D6    [$85FA]      A:0010 X:0010 Y:E000 P:envmxdiZC
$9B/85FA 98          TYA                     A:0010 X:0010 Y:E000 P:envmxdiZC
$9B/85FB 0A          ASL A                   A:E000 X:0010 Y:E000 P:eNvmxdizC
$9B/85FC 90 05       BCC $05    [$8603]      A:C000 X:0010 Y:E000 P:eNvmxdizC
$9B/85FE A8          TAY                     A:C000 X:0010 Y:E000 P:eNvmxdizC
$9B/85FF 8A          TXA                     A:C000 X:0010 Y:C000 P:eNvmxdizC
$9B/8600 04 15       TSB $15    [$00:0015]   A:0010 X:0010 Y:C000 P:envmxdizC
$9B/8602 98          TYA                     A:0010 X:0010 Y:C000 P:envmxdiZC
$9B/8603 0A          ASL A                   A:C000 X:0010 Y:C000 P:eNvmxdizC
$9B/8604 90 05       BCC $05    [$860B]      A:8000 X:0010 Y:C000 P:eNvmxdizC
$9B/8606 A8          TAY                     A:8000 X:0010 Y:C000 P:eNvmxdizC
$9B/8607 8A          TXA                     A:8000 X:0010 Y:8000 P:eNvmxdizC
$9B/8608 04 14       TSB $14    [$00:0014]   A:0010 X:0010 Y:8000 P:envmxdizC
$9B/860A 98          TYA                     A:0010 X:0010 Y:8000 P:envmxdiZC
$9B/860B 0A          ASL A                   A:8000 X:0010 Y:8000 P:eNvmxdizC
$9B/860C 90 05       BCC $05    [$8613]      A:0000 X:0010 Y:8000 P:envmxdiZC
$9B/860E A8          TAY                     A:0000 X:0010 Y:8000 P:envmxdiZC
$9B/860F 8A          TXA                     A:0000 X:0010 Y:0000 P:envmxdiZC
$9B/8610 04 17       TSB $17    [$00:0017]   A:0010 X:0010 Y:0000 P:envmxdizC
$9B/8612 98          TYA                     A:0010 X:0010 Y:0000 P:envmxdiZC
$9B/8613 0A          ASL A                   A:0000 X:0010 Y:0000 P:envmxdiZC
$9B/8614 90 05       BCC $05    [$861B]      A:0000 X:0010 Y:0000 P:envmxdiZc
$9B/861B A8          TAY                     A:0000 X:0010 Y:0000 P:envmxdiZc
$9B/861C 8A          TXA                     A:0000 X:0010 Y:0000 P:envmxdiZc
$9B/861D 4A          LSR A                   A:0010 X:0010 Y:0000 P:envmxdizc
$9B/861E AA          TAX                     A:0008 X:0010 Y:0000 P:envmxdizc
$9B/861F E0 10 00    CPX #$0010              A:0008 X:0008 Y:0000 P:envmxdizc
$9B/8622 B0 D6       BCS $D6    [$85FA]      A:0008 X:0008 Y:0000 P:eNvmxdizc
$9B/8624 E0 00 00    CPX #$0000              A:0008 X:0008 Y:0000 P:eNvmxdizc
$9B/8627 F0 0E       BEQ $0E    [$8637]      A:0008 X:0008 Y:0000 P:envmxdizC
$9B/8629 E0 08 00    CPX #$0008              A:0008 X:0008 Y:0000 P:envmxdizC
$9B/862C 90 CC       BCC $CC    [$85FA]      A:0008 X:0008 Y:0000 P:envmxdiZC
$9B/862E A5 04       LDA $04    [$00:0004]   A:0008 X:0008 Y:0000 P:envmxdiZC
$9B/8630 0A          ASL A                   A:00FE X:0008 Y:0000 P:envmxdizC
$9B/8631 0A          ASL A                   A:01FC X:0008 Y:0000 P:envmxdizc
$9B/8632 A8          TAY                     A:03F8 X:0008 Y:0000 P:envmxdizc
$9B/8633 C8          INY                     A:03F8 X:0008 Y:03F8 P:envmxdizc
$9B/8634 C8          INY                     A:03F8 X:0008 Y:03F9 P:envmxdizc
$9B/8635 80 BD       BRA $BD    [$85F4]      A:03F8 X:0008 Y:03FA P:envmxdizc
$9B/85F4 B1 0C       LDA ($0C),y[$7F:03FA]   A:03F8 X:0008 Y:03FA P:envmxdizc
$9B/85F6 F0 E4       BEQ $E4    [$85DC]      A:EFEE X:0008 Y:03FA P:eNvmxdizc
$9B/85F8 EB          XBA                     A:EFEE X:0008 Y:03FA P:eNvmxdizc
$9B/85F9 A8          TAY                     A:EEEF X:0008 Y:03FA P:eNvmxdizc
$9B/85FA 98          TYA                     A:EEEF X:0008 Y:EEEF P:eNvmxdizc
$9B/85FB 0A          ASL A                   A:EEEF X:0008 Y:EEEF P:eNvmxdizc
$9B/85FC 90 05       BCC $05    [$8603]      A:DDDE X:0008 Y:EEEF P:eNvmxdizC
$9B/85FE A8          TAY                     A:DDDE X:0008 Y:EEEF P:eNvmxdizC
$9B/85FF 8A          TXA                     A:DDDE X:0008 Y:DDDE P:eNvmxdizC
$9B/8600 04 15       TSB $15    [$00:0015]   A:0008 X:0008 Y:DDDE P:envmxdizC
$9B/8602 98          TYA                     A:0008 X:0008 Y:DDDE P:envmxdiZC
$9B/8603 0A          ASL A                   A:DDDE X:0008 Y:DDDE P:eNvmxdizC
$9B/8604 90 05       BCC $05    [$860B]      A:BBBC X:0008 Y:DDDE P:eNvmxdizC
$9B/8606 A8          TAY                     A:BBBC X:0008 Y:DDDE P:eNvmxdizC
$9B/8607 8A          TXA                     A:BBBC X:0008 Y:BBBC P:eNvmxdizC
$9B/8608 04 14       TSB $14    [$00:0014]   A:0008 X:0008 Y:BBBC P:envmxdizC
$9B/860A 98          TYA                     A:0008 X:0008 Y:BBBC P:envmxdiZC
$9B/860B 0A          ASL A                   A:BBBC X:0008 Y:BBBC P:eNvmxdizC
$9B/860C 90 05       BCC $05    [$8613]      A:7778 X:0008 Y:BBBC P:envmxdizC
$9B/860E A8          TAY                     A:7778 X:0008 Y:BBBC P:envmxdizC
$9B/860F 8A          TXA                     A:7778 X:0008 Y:7778 P:envmxdizC
$9B/8610 04 17       TSB $17    [$00:0017]   A:0008 X:0008 Y:7778 P:envmxdizC
$9B/8612 98          TYA                     A:0008 X:0008 Y:7778 P:envmxdiZC
$9B/8613 0A          ASL A                   A:7778 X:0008 Y:7778 P:envmxdizC
$9B/8614 90 05       BCC $05    [$861B]      A:EEF0 X:0008 Y:7778 P:eNvmxdizc
$9B/861B A8          TAY                     A:EEF0 X:0008 Y:7778 P:eNvmxdizc
$9B/861C 8A          TXA                     A:EEF0 X:0008 Y:EEF0 P:eNvmxdizc
$9B/861D 4A          LSR A                   A:0008 X:0008 Y:EEF0 P:envmxdizc
$9B/861E AA          TAX                     A:0004 X:0008 Y:EEF0 P:envmxdizc
$9B/861F E0 10 00    CPX #$0010              A:0004 X:0004 Y:EEF0 P:envmxdizc
$9B/8622 B0 D6       BCS $D6    [$85FA]      A:0004 X:0004 Y:EEF0 P:eNvmxdizc
$9B/8624 E0 00 00    CPX #$0000              A:0004 X:0004 Y:EEF0 P:eNvmxdizc
$9B/8627 F0 0E       BEQ $0E    [$8637]      A:0004 X:0004 Y:EEF0 P:envmxdizC
$9B/8629 E0 08 00    CPX #$0008              A:0004 X:0004 Y:EEF0 P:envmxdizC
$9B/862C 90 CC       BCC $CC    [$85FA]      A:0004 X:0004 Y:EEF0 P:eNvmxdizc
$9B/85FA 98          TYA                     A:0004 X:0004 Y:EEF0 P:eNvmxdizc
$9B/85FB 0A          ASL A                   A:EEF0 X:0004 Y:EEF0 P:eNvmxdizc
$9B/85FC 90 05       BCC $05    [$8603]      A:DDE0 X:0004 Y:EEF0 P:eNvmxdizC
$9B/85FE A8          TAY                     A:DDE0 X:0004 Y:EEF0 P:eNvmxdizC
$9B/85FF 8A          TXA                     A:DDE0 X:0004 Y:DDE0 P:eNvmxdizC
$9B/8600 04 15       TSB $15    [$00:0015]   A:0004 X:0004 Y:DDE0 P:envmxdizC
$9B/8602 98          TYA                     A:0004 X:0004 Y:DDE0 P:envmxdiZC
$9B/8603 0A          ASL A                   A:DDE0 X:0004 Y:DDE0 P:eNvmxdizC
$9B/8604 90 05       BCC $05    [$860B]      A:BBC0 X:0004 Y:DDE0 P:eNvmxdizC
$9B/8606 A8          TAY                     A:BBC0 X:0004 Y:DDE0 P:eNvmxdizC
$9B/8607 8A          TXA                     A:BBC0 X:0004 Y:BBC0 P:eNvmxdizC
$9B/8608 04 14       TSB $14    [$00:0014]   A:0004 X:0004 Y:BBC0 P:envmxdizC
$9B/860A 98          TYA                     A:0004 X:0004 Y:BBC0 P:envmxdiZC
$9B/860B 0A          ASL A                   A:BBC0 X:0004 Y:BBC0 P:eNvmxdizC
$9B/860C 90 05       BCC $05    [$8613]      A:7780 X:0004 Y:BBC0 P:envmxdizC
$9B/860E A8          TAY                     A:7780 X:0004 Y:BBC0 P:envmxdizC
$9B/860F 8A          TXA                     A:7780 X:0004 Y:7780 P:envmxdizC
$9B/8610 04 17       TSB $17    [$00:0017]   A:0004 X:0004 Y:7780 P:envmxdizC
$9B/8612 98          TYA                     A:0004 X:0004 Y:7780 P:envmxdiZC
$9B/8613 0A          ASL A                   A:7780 X:0004 Y:7780 P:envmxdizC
$9B/8614 90 05       BCC $05    [$861B]      A:EF00 X:0004 Y:7780 P:eNvmxdizc
$9B/861B A8          TAY                     A:EF00 X:0004 Y:7780 P:eNvmxdizc
$9B/861C 8A          TXA                     A:EF00 X:0004 Y:EF00 P:eNvmxdizc
$9B/861D 4A          LSR A                   A:0004 X:0004 Y:EF00 P:envmxdizc
$9B/861E AA          TAX                     A:0002 X:0004 Y:EF00 P:envmxdizc
$9B/861F E0 10 00    CPX #$0010              A:0002 X:0002 Y:EF00 P:envmxdizc
$9B/8622 B0 D6       BCS $D6    [$85FA]      A:0002 X:0002 Y:EF00 P:eNvmxdizc
$9B/8624 E0 00 00    CPX #$0000              A:0002 X:0002 Y:EF00 P:eNvmxdizc
$9B/8627 F0 0E       BEQ $0E    [$8637]      A:0002 X:0002 Y:EF00 P:envmxdizC
$9B/8629 E0 08 00    CPX #$0008              A:0002 X:0002 Y:EF00 P:envmxdizC
$9B/862C 90 CC       BCC $CC    [$85FA]      A:0002 X:0002 Y:EF00 P:eNvmxdizc
$9B/85FA 98          TYA                     A:0002 X:0002 Y:EF00 P:eNvmxdizc
$9B/85FB 0A          ASL A                   A:EF00 X:0002 Y:EF00 P:eNvmxdizc
$9B/85FC 90 05       BCC $05    [$8603]      A:DE00 X:0002 Y:EF00 P:eNvmxdizC
$9B/85FE A8          TAY                     A:DE00 X:0002 Y:EF00 P:eNvmxdizC
$9B/85FF 8A          TXA                     A:DE00 X:0002 Y:DE00 P:eNvmxdizC
$9B/8600 04 15       TSB $15    [$00:0015]   A:0002 X:0002 Y:DE00 P:envmxdizC
$9B/8602 98          TYA                     A:0002 X:0002 Y:DE00 P:envmxdiZC
$9B/8603 0A          ASL A                   A:DE00 X:0002 Y:DE00 P:eNvmxdizC
$9B/8604 90 05       BCC $05    [$860B]      A:BC00 X:0002 Y:DE00 P:eNvmxdizC
$9B/8606 A8          TAY                     A:BC00 X:0002 Y:DE00 P:eNvmxdizC
$9B/8607 8A          TXA                     A:BC00 X:0002 Y:BC00 P:eNvmxdizC
$9B/8608 04 14       TSB $14    [$00:0014]   A:0002 X:0002 Y:BC00 P:envmxdizC
$9B/860A 98          TYA                     A:0002 X:0002 Y:BC00 P:envmxdiZC
$9B/860B 0A          ASL A                   A:BC00 X:0002 Y:BC00 P:eNvmxdizC
$9B/860C 90 05       BCC $05    [$8613]      A:7800 X:0002 Y:BC00 P:envmxdizC
$9B/860E A8          TAY                     A:7800 X:0002 Y:BC00 P:envmxdizC
$9B/860F 8A          TXA                     A:7800 X:0002 Y:7800 P:envmxdizC
$9B/8610 04 17       TSB $17    [$00:0017]   A:0002 X:0002 Y:7800 P:envmxdizC
$9B/8612 98          TYA                     A:0002 X:0002 Y:7800 P:envmxdiZC
$9B/8613 0A          ASL A                   A:7800 X:0002 Y:7800 P:envmxdizC
$9B/8614 90 05       BCC $05    [$861B]      A:F000 X:0002 Y:7800 P:eNvmxdizc
$9B/861B A8          TAY                     A:F000 X:0002 Y:7800 P:eNvmxdizc
$9B/861C 8A          TXA                     A:F000 X:0002 Y:F000 P:eNvmxdizc
$9B/861D 4A          LSR A                   A:0002 X:0002 Y:F000 P:envmxdizc
$9B/861E AA          TAX                     A:0001 X:0002 Y:F000 P:envmxdizc
$9B/861F E0 10 00    CPX #$0010              A:0001 X:0001 Y:F000 P:envmxdizc
$9B/8622 B0 D6       BCS $D6    [$85FA]      A:0001 X:0001 Y:F000 P:eNvmxdizc
$9B/8624 E0 00 00    CPX #$0000              A:0001 X:0001 Y:F000 P:eNvmxdizc
$9B/8627 F0 0E       BEQ $0E    [$8637]      A:0001 X:0001 Y:F000 P:envmxdizC
$9B/8629 E0 08 00    CPX #$0008              A:0001 X:0001 Y:F000 P:envmxdizC
$9B/862C 90 CC       BCC $CC    [$85FA]      A:0001 X:0001 Y:F000 P:eNvmxdizc
$9B/85FA 98          TYA                     A:0001 X:0001 Y:F000 P:eNvmxdizc
$9B/85FB 0A          ASL A                   A:F000 X:0001 Y:F000 P:eNvmxdizc
$9B/85FC 90 05       BCC $05    [$8603]      A:E000 X:0001 Y:F000 P:eNvmxdizC
$9B/85FE A8          TAY                     A:E000 X:0001 Y:F000 P:eNvmxdizC
$9B/85FF 8A          TXA                     A:E000 X:0001 Y:E000 P:eNvmxdizC
$9B/8600 04 15       TSB $15    [$00:0015]   A:0001 X:0001 Y:E000 P:envmxdizC
$9B/8602 98          TYA                     A:0001 X:0001 Y:E000 P:envmxdiZC
$9B/8603 0A          ASL A                   A:E000 X:0001 Y:E000 P:eNvmxdizC
$9B/8604 90 05       BCC $05    [$860B]      A:C000 X:0001 Y:E000 P:eNvmxdizC
$9B/8606 A8          TAY                     A:C000 X:0001 Y:E000 P:eNvmxdizC
$9B/8607 8A          TXA                     A:C000 X:0001 Y:C000 P:eNvmxdizC
$9B/8608 04 14       TSB $14    [$00:0014]   A:0001 X:0001 Y:C000 P:envmxdizC
$9B/860A 98          TYA                     A:0001 X:0001 Y:C000 P:envmxdiZC
$9B/860B 0A          ASL A                   A:C000 X:0001 Y:C000 P:eNvmxdizC
$9B/860C 90 05       BCC $05    [$8613]      A:8000 X:0001 Y:C000 P:eNvmxdizC
$9B/860E A8          TAY                     A:8000 X:0001 Y:C000 P:eNvmxdizC
$9B/860F 8A          TXA                     A:8000 X:0001 Y:8000 P:eNvmxdizC
$9B/8610 04 17       TSB $17    [$00:0017]   A:0001 X:0001 Y:8000 P:envmxdizC
$9B/8612 98          TYA                     A:0001 X:0001 Y:8000 P:envmxdiZC
$9B/8613 0A          ASL A                   A:8000 X:0001 Y:8000 P:eNvmxdizC
$9B/8614 90 05       BCC $05    [$861B]      A:0000 X:0001 Y:8000 P:envmxdiZC
$9B/8616 A8          TAY                     A:0000 X:0001 Y:8000 P:envmxdiZC
$9B/8617 8A          TXA                     A:0000 X:0001 Y:0000 P:envmxdiZC
$9B/8618 04 16       TSB $16    [$00:0016]   A:0001 X:0001 Y:0000 P:envmxdizC
$9B/861A 98          TYA                     A:0001 X:0001 Y:0000 P:envmxdiZC
$9B/861B A8          TAY                     A:0000 X:0001 Y:0000 P:envmxdiZC
$9B/861C 8A          TXA                     A:0000 X:0001 Y:0000 P:envmxdiZC
$9B/861D 4A          LSR A                   A:0001 X:0001 Y:0000 P:envmxdizC
$9B/861E AA          TAX                     A:0000 X:0001 Y:0000 P:envmxdiZC
$9B/861F E0 10 00    CPX #$0010              A:0000 X:0000 Y:0000 P:envmxdiZC
$9B/8622 B0 D6       BCS $D6    [$85FA]      A:0000 X:0000 Y:0000 P:eNvmxdizc
$9B/8624 E0 00 00    CPX #$0000              A:0000 X:0000 Y:0000 P:eNvmxdizc
$9B/8627 F0 0E       BEQ $0E    [$8637]      A:0000 X:0000 Y:0000 P:envmxdiZC
$9B/8637 A5 06       LDA $06    [$00:0006]   A:0000 X:0000 Y:0000 P:envmxdiZC
$9B/8639 1A          INC A                   A:03EA X:0000 Y:0000 P:envmxdizC
$9B/863A 1A          INC A                   A:03EB X:0000 Y:0000 P:envmxdizC
$9B/863B A8          TAY                     A:03EC X:0000 Y:0000 P:envmxdizC
$9B/863C 29 10 00    AND #$0010              A:03EC X:0000 Y:03EC P:envmxdizC
$9B/863F F0 06       BEQ $06    [$8647]      A:0000 X:0000 Y:03EC P:envmxdiZC
$9B/8647 84 06       STY $06    [$00:0006]   A:0000 X:0000 Y:03EC P:envmxdiZC
$9B/8649 A5 16       LDA $16    [$00:0016]   A:0000 X:0000 Y:03EC P:envmxdiZC
$9B/864B 91 10       STA ($10),y[$7F:54EC]   A:FF01 X:0000 Y:03EC P:eNvmxdizC
$9B/864D 98          TYA                     A:FF01 X:0000 Y:03EC P:eNvmxdizC
$9B/864E 18          CLC                     A:03EC X:0000 Y:03EC P:envmxdizC
$9B/864F 69 10 00    ADC #$0010              A:03EC X:0000 Y:03EC P:envmxdizc
$9B/8652 A8          TAY                     A:03FC X:0000 Y:03EC P:envmxdizc
$9B/8653 A5 14       LDA $14    [$00:0014]   A:03FC X:0000 Y:03FC P:envmxdizc
$9B/8655 91 10       STA ($10),y[$7F:54FC]   A:FFFF X:0000 Y:03FC P:eNvmxdizc
$9B/8657 E6 04       INC $04    [$00:0004]   A:FFFF X:0000 Y:03FC P:eNvmxdizc
$9B/8659 C6 00       DEC $00    [$00:0000]   A:FFFF X:0000 Y:03FC P:envmxdizc
$9B/865B 10 8B       BPL $8B    [$85E8]      A:FFFF X:0000 Y:03FC P:envmxdizc
$9B/85E8 A2 80 00    LDX #$0080              A:FFFF X:0000 Y:03FC P:envmxdizc
$9B/85EB 64 14       STZ $14    [$00:0014]   A:FFFF X:0080 Y:03FC P:envmxdizc
$9B/85ED 64 16       STZ $16    [$00:0016]   A:FFFF X:0080 Y:03FC P:envmxdizc
$9B/85EF A5 04       LDA $04    [$00:0004]   A:FFFF X:0080 Y:03FC P:envmxdizc
$9B/85F1 0A          ASL A                   A:00FF X:0080 Y:03FC P:envmxdizc
$9B/85F2 0A          ASL A                   A:01FE X:0080 Y:03FC P:envmxdizc
$9B/85F3 A8          TAY                     A:03FC X:0080 Y:03FC P:envmxdizc
$9B/85F4 B1 0C       LDA ($0C),y[$7F:03FC]   A:03FC X:0080 Y:03FC P:envmxdizc
$9B/85F6 F0 E4       BEQ $E4    [$85DC]      A:DDEE X:0080 Y:03FC P:eNvmxdizc
$9B/85F8 EB          XBA                     A:DDEE X:0080 Y:03FC P:eNvmxdizc
$9B/85F9 A8          TAY                     A:EEDD X:0080 Y:03FC P:eNvmxdizc
$9B/85FA 98          TYA                     A:EEDD X:0080 Y:EEDD P:eNvmxdizc
$9B/85FB 0A          ASL A                   A:EEDD X:0080 Y:EEDD P:eNvmxdizc
$9B/85FC 90 05       BCC $05    [$8603]      A:DDBA X:0080 Y:EEDD P:eNvmxdizC
$9B/85FE A8          TAY                     A:DDBA X:0080 Y:EEDD P:eNvmxdizC
$9B/85FF 8A          TXA                     A:DDBA X:0080 Y:DDBA P:eNvmxdizC
$9B/8600 04 15       TSB $15    [$00:0015]   A:0080 X:0080 Y:DDBA P:envmxdizC
$9B/8602 98          TYA                     A:0080 X:0080 Y:DDBA P:envmxdiZC
$9B/8603 0A          ASL A                   A:DDBA X:0080 Y:DDBA P:eNvmxdizC
$9B/8604 90 05       BCC $05    [$860B]      A:BB74 X:0080 Y:DDBA P:eNvmxdizC
$9B/8606 A8          TAY                     A:BB74 X:0080 Y:DDBA P:eNvmxdizC
$9B/8607 8A          TXA                     A:BB74 X:0080 Y:BB74 P:eNvmxdizC
$9B/8608 04 14       TSB $14    [$00:0014]   A:0080 X:0080 Y:BB74 P:envmxdizC
$9B/860A 98          TYA                     A:0080 X:0080 Y:BB74 P:envmxdiZC
$9B/860B 0A          ASL A                   A:BB74 X:0080 Y:BB74 P:eNvmxdizC
$9B/860C 90 05       BCC $05    [$8613]      A:76E8 X:0080 Y:BB74 P:envmxdizC
$9B/860E A8          TAY                     A:76E8 X:0080 Y:BB74 P:envmxdizC
$9B/860F 8A          TXA                     A:76E8 X:0080 Y:76E8 P:envmxdizC
$9B/8610 04 17       TSB $17    [$00:0017]   A:0080 X:0080 Y:76E8 P:envmxdizC
$9B/8612 98          TYA                     A:0080 X:0080 Y:76E8 P:envmxdiZC
$9B/8613 0A          ASL A                   A:76E8 X:0080 Y:76E8 P:envmxdizC
$9B/8614 90 05       BCC $05    [$861B]      A:EDD0 X:0080 Y:76E8 P:eNvmxdizc
$9B/861B A8          TAY                     A:EDD0 X:0080 Y:76E8 P:eNvmxdizc
$9B/861C 8A          TXA                     A:EDD0 X:0080 Y:EDD0 P:eNvmxdizc
$9B/861D 4A          LSR A                   A:0080 X:0080 Y:EDD0 P:envmxdizc
$9B/861E AA          TAX                     A:0040 X:0080 Y:EDD0 P:envmxdizc
$9B/861F E0 10 00    CPX #$0010              A:0040 X:0040 Y:EDD0 P:envmxdizc
$9B/8622 B0 D6       BCS $D6    [$85FA]      A:0040 X:0040 Y:EDD0 P:envmxdizC
$9B/85FA 98          TYA                     A:0040 X:0040 Y:EDD0 P:envmxdizC
$9B/85FB 0A          ASL A                   A:EDD0 X:0040 Y:EDD0 P:eNvmxdizC
$9B/85FC 90 05       BCC $05    [$8603]      A:DBA0 X:0040 Y:EDD0 P:eNvmxdizC
$9B/85FE A8          TAY                     A:DBA0 X:0040 Y:EDD0 P:eNvmxdizC
$9B/85FF 8A          TXA                     A:DBA0 X:0040 Y:DBA0 P:eNvmxdizC
$9B/8600 04 15       TSB $15    [$00:0015]   A:0040 X:0040 Y:DBA0 P:envmxdizC
$9B/8602 98          TYA                     A:0040 X:0040 Y:DBA0 P:envmxdiZC
$9B/8603 0A          ASL A                   A:DBA0 X:0040 Y:DBA0 P:eNvmxdizC
$9B/8604 90 05       BCC $05    [$860B]      A:B740 X:0040 Y:DBA0 P:eNvmxdizC
$9B/8606 A8          TAY                     A:B740 X:0040 Y:DBA0 P:eNvmxdizC
$9B/8607 8A          TXA                     A:B740 X:0040 Y:B740 P:eNvmxdizC
$9B/8608 04 14       TSB $14    [$00:0014]   A:0040 X:0040 Y:B740 P:envmxdizC
$9B/860A 98          TYA                     A:0040 X:0040 Y:B740 P:envmxdiZC
$9B/860B 0A          ASL A                   A:B740 X:0040 Y:B740 P:eNvmxdizC
$9B/860C 90 05       BCC $05    [$8613]      A:6E80 X:0040 Y:B740 P:envmxdizC
$9B/860E A8          TAY                     A:6E80 X:0040 Y:B740 P:envmxdizC
$9B/860F 8A          TXA                     A:6E80 X:0040 Y:6E80 P:envmxdizC
$9B/8610 04 17       TSB $17    [$00:0017]   A:0040 X:0040 Y:6E80 P:envmxdizC
$9B/8612 98          TYA                     A:0040 X:0040 Y:6E80 P:envmxdiZC
$9B/8613 0A          ASL A                   A:6E80 X:0040 Y:6E80 P:envmxdizC
$9B/8614 90 05       BCC $05    [$861B]      A:DD00 X:0040 Y:6E80 P:eNvmxdizc
$9B/861B A8          TAY                     A:DD00 X:0040 Y:6E80 P:eNvmxdizc
$9B/861C 8A          TXA                     A:DD00 X:0040 Y:DD00 P:eNvmxdizc
$9B/861D 4A          LSR A                   A:0040 X:0040 Y:DD00 P:envmxdizc
$9B/861E AA          TAX                     A:0020 X:0040 Y:DD00 P:envmxdizc
$9B/861F E0 10 00    CPX #$0010              A:0020 X:0020 Y:DD00 P:envmxdizc
$9B/8622 B0 D6       BCS $D6    [$85FA]      A:0020 X:0020 Y:DD00 P:envmxdizC
$9B/85FA 98          TYA                     A:0020 X:0020 Y:DD00 P:envmxdizC
$9B/85FB 0A          ASL A                   A:DD00 X:0020 Y:DD00 P:eNvmxdizC
$9B/85FC 90 05       BCC $05    [$8603]      A:BA00 X:0020 Y:DD00 P:eNvmxdizC
$9B/85FE A8          TAY                     A:BA00 X:0020 Y:DD00 P:eNvmxdizC
$9B/85FF 8A          TXA                     A:BA00 X:0020 Y:BA00 P:eNvmxdizC
$9B/8600 04 15       TSB $15    [$00:0015]   A:0020 X:0020 Y:BA00 P:envmxdizC
$9B/8602 98          TYA                     A:0020 X:0020 Y:BA00 P:envmxdiZC
$9B/8603 0A          ASL A                   A:BA00 X:0020 Y:BA00 P:eNvmxdizC
$9B/8604 90 05       BCC $05    [$860B]      A:7400 X:0020 Y:BA00 P:envmxdizC
$9B/8606 A8          TAY                     A:7400 X:0020 Y:BA00 P:envmxdizC
$9B/8607 8A          TXA                     A:7400 X:0020 Y:7400 P:envmxdizC
$9B/8608 04 14       TSB $14    [$00:0014]   A:0020 X:0020 Y:7400 P:envmxdizC
$9B/860A 98          TYA                     A:0020 X:0020 Y:7400 P:envmxdiZC
$9B/860B 0A          ASL A                   A:7400 X:0020 Y:7400 P:envmxdizC
$9B/860C 90 05       BCC $05    [$8613]      A:E800 X:0020 Y:7400 P:eNvmxdizc
$9B/8613 0A          ASL A                   A:E800 X:0020 Y:7400 P:eNvmxdizc
$9B/8614 90 05       BCC $05    [$861B]      A:D000 X:0020 Y:7400 P:eNvmxdizC
$9B/8616 A8          TAY                     A:D000 X:0020 Y:7400 P:eNvmxdizC
$9B/8617 8A          TXA                     A:D000 X:0020 Y:D000 P:eNvmxdizC
$9B/8618 04 16       TSB $16    [$00:0016]   A:0020 X:0020 Y:D000 P:envmxdizC
$9B/861A 98          TYA                     A:0020 X:0020 Y:D000 P:envmxdiZC
$9B/861B A8          TAY                     A:D000 X:0020 Y:D000 P:eNvmxdizC
$9B/861C 8A          TXA                     A:D000 X:0020 Y:D000 P:eNvmxdizC
$9B/861D 4A          LSR A                   A:0020 X:0020 Y:D000 P:envmxdizC
$9B/861E AA          TAX                     A:0010 X:0020 Y:D000 P:envmxdizc
$9B/861F E0 10 00    CPX #$0010              A:0010 X:0010 Y:D000 P:envmxdizc
$9B/8622 B0 D6       BCS $D6    [$85FA]      A:0010 X:0010 Y:D000 P:envmxdiZC
$9B/85FA 98          TYA                     A:0010 X:0010 Y:D000 P:envmxdiZC
$9B/85FB 0A          ASL A                   A:D000 X:0010 Y:D000 P:eNvmxdizC
$9B/85FC 90 05       BCC $05    [$8603]      A:A000 X:0010 Y:D000 P:eNvmxdizC
$9B/85FE A8          TAY                     A:A000 X:0010 Y:D000 P:eNvmxdizC
$9B/85FF 8A          TXA                     A:A000 X:0010 Y:A000 P:eNvmxdizC
$9B/8600 04 15       TSB $15    [$00:0015]   A:0010 X:0010 Y:A000 P:envmxdizC
$9B/8602 98          TYA                     A:0010 X:0010 Y:A000 P:envmxdiZC
$9B/8603 0A          ASL A                   A:A000 X:0010 Y:A000 P:eNvmxdizC
$9B/8604 90 05       BCC $05    [$860B]      A:4000 X:0010 Y:A000 P:envmxdizC
$9B/8606 A8          TAY                     A:4000 X:0010 Y:A000 P:envmxdizC
$9B/8607 8A          TXA                     A:4000 X:0010 Y:4000 P:envmxdizC
$9B/8608 04 14       TSB $14    [$00:0014]   A:0010 X:0010 Y:4000 P:envmxdizC
$9B/860A 98          TYA                     A:0010 X:0010 Y:4000 P:envmxdiZC
$9B/860B 0A          ASL A                   A:4000 X:0010 Y:4000 P:envmxdizC
$9B/860C 90 05       BCC $05    [$8613]      A:8000 X:0010 Y:4000 P:eNvmxdizc
$9B/8613 0A          ASL A                   A:8000 X:0010 Y:4000 P:eNvmxdizc
$9B/8614 90 05       BCC $05    [$861B]      A:0000 X:0010 Y:4000 P:envmxdiZC
$9B/8616 A8          TAY                     A:0000 X:0010 Y:4000 P:envmxdiZC
$9B/8617 8A          TXA                     A:0000 X:0010 Y:0000 P:envmxdiZC
$9B/8618 04 16       TSB $16    [$00:0016]   A:0010 X:0010 Y:0000 P:envmxdizC
$9B/861A 98          TYA                     A:0010 X:0010 Y:0000 P:envmxdiZC
$9B/861B A8          TAY                     A:0000 X:0010 Y:0000 P:envmxdiZC
$9B/861C 8A          TXA                     A:0000 X:0010 Y:0000 P:envmxdiZC
$9B/861D 4A          LSR A                   A:0010 X:0010 Y:0000 P:envmxdizC
$9B/861E AA          TAX                     A:0008 X:0010 Y:0000 P:envmxdizc
$9B/861F E0 10 00    CPX #$0010              A:0008 X:0008 Y:0000 P:envmxdizc
$9B/8622 B0 D6       BCS $D6    [$85FA]      A:0008 X:0008 Y:0000 P:eNvmxdizc
$9B/8624 E0 00 00    CPX #$0000              A:0008 X:0008 Y:0000 P:eNvmxdizc
$9B/8627 F0 0E       BEQ $0E    [$8637]      A:0008 X:0008 Y:0000 P:envmxdizC
$9B/8629 E0 08 00    CPX #$0008              A:0008 X:0008 Y:0000 P:envmxdizC
$9B/862C 90 CC       BCC $CC    [$85FA]      A:0008 X:0008 Y:0000 P:envmxdiZC
$9B/862E A5 04       LDA $04    [$00:0004]   A:0008 X:0008 Y:0000 P:envmxdiZC
$9B/8630 0A          ASL A                   A:00FF X:0008 Y:0000 P:envmxdizC
$9B/8631 0A          ASL A                   A:01FE X:0008 Y:0000 P:envmxdizc
$9B/8632 A8          TAY                     A:03FC X:0008 Y:0000 P:envmxdizc
$9B/8633 C8          INY                     A:03FC X:0008 Y:03FC P:envmxdizc
$9B/8634 C8          INY                     A:03FC X:0008 Y:03FD P:envmxdizc
$9B/8635 80 BD       BRA $BD    [$85F4]      A:03FC X:0008 Y:03FE P:envmxdizc
$9B/85F4 B1 0C       LDA ($0C),y[$7F:03FE]   A:03FC X:0008 Y:03FE P:envmxdizc
$9B/85F6 F0 E4       BEQ $E4    [$85DC]      A:DDDD X:0008 Y:03FE P:eNvmxdizc
$9B/85F8 EB          XBA                     A:DDDD X:0008 Y:03FE P:eNvmxdizc
$9B/85F9 A8          TAY                     A:DDDD X:0008 Y:03FE P:eNvmxdizc
$9B/85FA 98          TYA                     A:DDDD X:0008 Y:DDDD P:eNvmxdizc
$9B/85FB 0A          ASL A                   A:DDDD X:0008 Y:DDDD P:eNvmxdizc
$9B/85FC 90 05       BCC $05    [$8603]      A:BBBA X:0008 Y:DDDD P:eNvmxdizC
$9B/85FE A8          TAY                     A:BBBA X:0008 Y:DDDD P:eNvmxdizC
$9B/85FF 8A          TXA                     A:BBBA X:0008 Y:BBBA P:eNvmxdizC
$9B/8600 04 15       TSB $15    [$00:0015]   A:0008 X:0008 Y:BBBA P:envmxdizC
$9B/8602 98          TYA                     A:0008 X:0008 Y:BBBA P:envmxdiZC
$9B/8603 0A          ASL A                   A:BBBA X:0008 Y:BBBA P:eNvmxdizC
$9B/8604 90 05       BCC $05    [$860B]      A:7774 X:0008 Y:BBBA P:envmxdizC
$9B/8606 A8          TAY                     A:7774 X:0008 Y:BBBA P:envmxdizC
$9B/8607 8A          TXA                     A:7774 X:0008 Y:7774 P:envmxdizC
$9B/8608 04 14       TSB $14    [$00:0014]   A:0008 X:0008 Y:7774 P:envmxdizC
$9B/860A 98          TYA                     A:0008 X:0008 Y:7774 P:envmxdiZC
$9B/860B 0A          ASL A                   A:7774 X:0008 Y:7774 P:envmxdizC
$9B/860C 90 05       BCC $05    [$8613]      A:EEE8 X:0008 Y:7774 P:eNvmxdizc
$9B/8613 0A          ASL A                   A:EEE8 X:0008 Y:7774 P:eNvmxdizc
$9B/8614 90 05       BCC $05    [$861B]      A:DDD0 X:0008 Y:7774 P:eNvmxdizC
$9B/8616 A8          TAY                     A:DDD0 X:0008 Y:7774 P:eNvmxdizC
$9B/8617 8A          TXA                     A:DDD0 X:0008 Y:DDD0 P:eNvmxdizC
$9B/8618 04 16       TSB $16    [$00:0016]   A:0008 X:0008 Y:DDD0 P:envmxdizC
$9B/861A 98          TYA                     A:0008 X:0008 Y:DDD0 P:envmxdiZC
$9B/861B A8          TAY                     A:DDD0 X:0008 Y:DDD0 P:eNvmxdizC
$9B/861C 8A          TXA                     A:DDD0 X:0008 Y:DDD0 P:eNvmxdizC
$9B/861D 4A          LSR A                   A:0008 X:0008 Y:DDD0 P:envmxdizC
$9B/861E AA          TAX                     A:0004 X:0008 Y:DDD0 P:envmxdizc
$9B/861F E0 10 00    CPX #$0010              A:0004 X:0004 Y:DDD0 P:envmxdizc
$9B/8622 B0 D6       BCS $D6    [$85FA]      A:0004 X:0004 Y:DDD0 P:eNvmxdizc
$9B/8624 E0 00 00    CPX #$0000              A:0004 X:0004 Y:DDD0 P:eNvmxdizc
$9B/8627 F0 0E       BEQ $0E    [$8637]      A:0004 X:0004 Y:DDD0 P:envmxdizC
$9B/8629 E0 08 00    CPX #$0008              A:0004 X:0004 Y:DDD0 P:envmxdizC
$9B/862C 90 CC       BCC $CC    [$85FA]      A:0004 X:0004 Y:DDD0 P:eNvmxdizc
$9B/85FA 98          TYA                     A:0004 X:0004 Y:DDD0 P:eNvmxdizc
$9B/85FB 0A          ASL A                   A:DDD0 X:0004 Y:DDD0 P:eNvmxdizc
$9B/85FC 90 05       BCC $05    [$8603]      A:BBA0 X:0004 Y:DDD0 P:eNvmxdizC
$9B/85FE A8          TAY                     A:BBA0 X:0004 Y:DDD0 P:eNvmxdizC
$9B/85FF 8A          TXA                     A:BBA0 X:0004 Y:BBA0 P:eNvmxdizC
$9B/8600 04 15       TSB $15    [$00:0015]   A:0004 X:0004 Y:BBA0 P:envmxdizC
$9B/8602 98          TYA                     A:0004 X:0004 Y:BBA0 P:envmxdiZC
$9B/8603 0A          ASL A                   A:BBA0 X:0004 Y:BBA0 P:eNvmxdizC
$9B/8604 90 05       BCC $05    [$860B]      A:7740 X:0004 Y:BBA0 P:envmxdizC
$9B/8606 A8          TAY                     A:7740 X:0004 Y:BBA0 P:envmxdizC
$9B/8607 8A          TXA                     A:7740 X:0004 Y:7740 P:envmxdizC
$9B/8608 04 14       TSB $14    [$00:0014]   A:0004 X:0004 Y:7740 P:envmxdizC
$9B/860A 98          TYA                     A:0004 X:0004 Y:7740 P:envmxdiZC
$9B/860B 0A          ASL A                   A:7740 X:0004 Y:7740 P:envmxdizC
$9B/860C 90 05       BCC $05    [$8613]      A:EE80 X:0004 Y:7740 P:eNvmxdizc
$9B/8613 0A          ASL A                   A:EE80 X:0004 Y:7740 P:eNvmxdizc
$9B/8614 90 05       BCC $05    [$861B]      A:DD00 X:0004 Y:7740 P:eNvmxdizC
$9B/8616 A8          TAY                     A:DD00 X:0004 Y:7740 P:eNvmxdizC
$9B/8617 8A          TXA                     A:DD00 X:0004 Y:DD00 P:eNvmxdizC
$9B/8618 04 16       TSB $16    [$00:0016]   A:0004 X:0004 Y:DD00 P:envmxdizC
$9B/861A 98          TYA                     A:0004 X:0004 Y:DD00 P:envmxdiZC
$9B/861B A8          TAY                     A:DD00 X:0004 Y:DD00 P:eNvmxdizC
$9B/861C 8A          TXA                     A:DD00 X:0004 Y:DD00 P:eNvmxdizC
$9B/861D 4A          LSR A                   A:0004 X:0004 Y:DD00 P:envmxdizC
$9B/861E AA          TAX                     A:0002 X:0004 Y:DD00 P:envmxdizc
$9B/861F E0 10 00    CPX #$0010              A:0002 X:0002 Y:DD00 P:envmxdizc
$9B/8622 B0 D6       BCS $D6    [$85FA]      A:0002 X:0002 Y:DD00 P:eNvmxdizc
$9B/8624 E0 00 00    CPX #$0000              A:0002 X:0002 Y:DD00 P:eNvmxdizc
$9B/8627 F0 0E       BEQ $0E    [$8637]      A:0002 X:0002 Y:DD00 P:envmxdizC
$9B/8629 E0 08 00    CPX #$0008              A:0002 X:0002 Y:DD00 P:envmxdizC
$9B/862C 90 CC       BCC $CC    [$85FA]      A:0002 X:0002 Y:DD00 P:eNvmxdizc
$9B/85FA 98          TYA                     A:0002 X:0002 Y:DD00 P:eNvmxdizc
$9B/85FB 0A          ASL A                   A:DD00 X:0002 Y:DD00 P:eNvmxdizc
$9B/85FC 90 05       BCC $05    [$8603]      A:BA00 X:0002 Y:DD00 P:eNvmxdizC
$9B/85FE A8          TAY                     A:BA00 X:0002 Y:DD00 P:eNvmxdizC
$9B/85FF 8A          TXA                     A:BA00 X:0002 Y:BA00 P:eNvmxdizC
$9B/8600 04 15       TSB $15    [$00:0015]   A:0002 X:0002 Y:BA00 P:envmxdizC
$9B/8602 98          TYA                     A:0002 X:0002 Y:BA00 P:envmxdiZC
$9B/8603 0A          ASL A                   A:BA00 X:0002 Y:BA00 P:eNvmxdizC
$9B/8604 90 05       BCC $05    [$860B]      A:7400 X:0002 Y:BA00 P:envmxdizC
$9B/8606 A8          TAY                     A:7400 X:0002 Y:BA00 P:envmxdizC
$9B/8607 8A          TXA                     A:7400 X:0002 Y:7400 P:envmxdizC
$9B/8608 04 14       TSB $14    [$00:0014]   A:0002 X:0002 Y:7400 P:envmxdizC
$9B/860A 98          TYA                     A:0002 X:0002 Y:7400 P:envmxdiZC
$9B/860B 0A          ASL A                   A:7400 X:0002 Y:7400 P:envmxdizC
$9B/860C 90 05       BCC $05    [$8613]      A:E800 X:0002 Y:7400 P:eNvmxdizc
$9B/8613 0A          ASL A                   A:E800 X:0002 Y:7400 P:eNvmxdizc
$9B/8614 90 05       BCC $05    [$861B]      A:D000 X:0002 Y:7400 P:eNvmxdizC
$9B/8616 A8          TAY                     A:D000 X:0002 Y:7400 P:eNvmxdizC
$9B/8617 8A          TXA                     A:D000 X:0002 Y:D000 P:eNvmxdizC
$9B/8618 04 16       TSB $16    [$00:0016]   A:0002 X:0002 Y:D000 P:envmxdizC
$9B/861A 98          TYA                     A:0002 X:0002 Y:D000 P:envmxdiZC
$9B/861B A8          TAY                     A:D000 X:0002 Y:D000 P:eNvmxdizC
$9B/861C 8A          TXA                     A:D000 X:0002 Y:D000 P:eNvmxdizC
$9B/861D 4A          LSR A                   A:0002 X:0002 Y:D000 P:envmxdizC
$9B/861E AA          TAX                     A:0001 X:0002 Y:D000 P:envmxdizc
$9B/861F E0 10 00    CPX #$0010              A:0001 X:0001 Y:D000 P:envmxdizc
$9B/8622 B0 D6       BCS $D6    [$85FA]      A:0001 X:0001 Y:D000 P:eNvmxdizc
$9B/8624 E0 00 00    CPX #$0000              A:0001 X:0001 Y:D000 P:eNvmxdizc
$9B/8627 F0 0E       BEQ $0E    [$8637]      A:0001 X:0001 Y:D000 P:envmxdizC
$9B/8629 E0 08 00    CPX #$0008              A:0001 X:0001 Y:D000 P:envmxdizC
$9B/862C 90 CC       BCC $CC    [$85FA]      A:0001 X:0001 Y:D000 P:eNvmxdizc
$9B/85FA 98          TYA                     A:0001 X:0001 Y:D000 P:eNvmxdizc
$9B/85FB 0A          ASL A                   A:D000 X:0001 Y:D000 P:eNvmxdizc
$9B/85FC 90 05       BCC $05    [$8603]      A:A000 X:0001 Y:D000 P:eNvmxdizC
$9B/85FE A8          TAY                     A:A000 X:0001 Y:D000 P:eNvmxdizC
$9B/85FF 8A          TXA                     A:A000 X:0001 Y:A000 P:eNvmxdizC
$9B/8600 04 15       TSB $15    [$00:0015]   A:0001 X:0001 Y:A000 P:envmxdizC
$9B/8602 98          TYA                     A:0001 X:0001 Y:A000 P:envmxdiZC
$9B/8603 0A          ASL A                   A:A000 X:0001 Y:A000 P:eNvmxdizC
$9B/8604 90 05       BCC $05    [$860B]      A:4000 X:0001 Y:A000 P:envmxdizC
$9B/8606 A8          TAY                     A:4000 X:0001 Y:A000 P:envmxdizC
$9B/8607 8A          TXA                     A:4000 X:0001 Y:4000 P:envmxdizC
$9B/8608 04 14       TSB $14    [$00:0014]   A:0001 X:0001 Y:4000 P:envmxdizC
$9B/860A 98          TYA                     A:0001 X:0001 Y:4000 P:envmxdiZC
$9B/860B 0A          ASL A                   A:4000 X:0001 Y:4000 P:envmxdizC
$9B/860C 90 05       BCC $05    [$8613]      A:8000 X:0001 Y:4000 P:eNvmxdizc
$9B/8613 0A          ASL A                   A:8000 X:0001 Y:4000 P:eNvmxdizc
$9B/8614 90 05       BCC $05    [$861B]      A:0000 X:0001 Y:4000 P:envmxdiZC
$9B/8616 A8          TAY                     A:0000 X:0001 Y:4000 P:envmxdiZC
$9B/8617 8A          TXA                     A:0000 X:0001 Y:0000 P:envmxdiZC
$9B/8618 04 16       TSB $16    [$00:0016]   A:0001 X:0001 Y:0000 P:envmxdizC
$9B/861A 98          TYA                     A:0001 X:0001 Y:0000 P:envmxdiZC
$9B/861B A8          TAY                     A:0000 X:0001 Y:0000 P:envmxdiZC
$9B/861C 8A          TXA                     A:0000 X:0001 Y:0000 P:envmxdiZC
$9B/861D 4A          LSR A                   A:0001 X:0001 Y:0000 P:envmxdizC
$9B/861E AA          TAX                     A:0000 X:0001 Y:0000 P:envmxdiZC
$9B/861F E0 10 00    CPX #$0010              A:0000 X:0000 Y:0000 P:envmxdiZC
$9B/8622 B0 D6       BCS $D6    [$85FA]      A:0000 X:0000 Y:0000 P:eNvmxdizc
$9B/8624 E0 00 00    CPX #$0000              A:0000 X:0000 Y:0000 P:eNvmxdizc
$9B/8627 F0 0E       BEQ $0E    [$8637]      A:0000 X:0000 Y:0000 P:envmxdiZC
$9B/8637 A5 06       LDA $06    [$00:0006]   A:0000 X:0000 Y:0000 P:envmxdiZC
$9B/8639 1A          INC A                   A:03EC X:0000 Y:0000 P:envmxdizC
$9B/863A 1A          INC A                   A:03ED X:0000 Y:0000 P:envmxdizC
$9B/863B A8          TAY                     A:03EE X:0000 Y:0000 P:envmxdizC
$9B/863C 29 10 00    AND #$0010              A:03EE X:0000 Y:03EE P:envmxdizC
$9B/863F F0 06       BEQ $06    [$8647]      A:0000 X:0000 Y:03EE P:envmxdiZC
$9B/8647 84 06       STY $06    [$00:0006]   A:0000 X:0000 Y:03EE P:envmxdiZC
$9B/8649 A5 16       LDA $16    [$00:0016]   A:0000 X:0000 Y:03EE P:envmxdiZC
$9B/864B 91 10       STA ($10),y[$7F:54EE]   A:C03F X:0000 Y:03EE P:eNvmxdizC
$9B/864D 98          TYA                     A:C03F X:0000 Y:03EE P:eNvmxdizC
$9B/864E 18          CLC                     A:03EE X:0000 Y:03EE P:envmxdizC
$9B/864F 69 10 00    ADC #$0010              A:03EE X:0000 Y:03EE P:envmxdizc
$9B/8652 A8          TAY                     A:03FE X:0000 Y:03EE P:envmxdizc
$9B/8653 A5 14       LDA $14    [$00:0014]   A:03FE X:0000 Y:03FE P:envmxdizc
$9B/8655 91 10       STA ($10),y[$7F:54FE]   A:FFFF X:0000 Y:03FE P:eNvmxdizc
$9B/8657 E6 04       INC $04    [$00:0004]   A:FFFF X:0000 Y:03FE P:eNvmxdizc
$9B/8659 C6 00       DEC $00    [$00:0000]   A:FFFF X:0000 Y:03FE P:envmxdizc
$9B/865B 10 8B       BPL $8B    [$85E8]      A:FFFF X:0000 Y:03FE P:envmxdizc
$9B/85E8 A2 80 00    LDX #$0080              A:FFFF X:0000 Y:03FE P:envmxdizc
$9B/85EB 64 14       STZ $14    [$00:0014]   A:FFFF X:0080 Y:03FE P:envmxdizc
$9B/85ED 64 16       STZ $16    [$00:0016]   A:FFFF X:0080 Y:03FE P:envmxdizc
$9B/85EF A5 04       LDA $04    [$00:0004]   A:FFFF X:0080 Y:03FE P:envmxdizc
$9B/85F1 0A          ASL A                   A:0100 X:0080 Y:03FE P:envmxdizc
$9B/85F2 0A          ASL A                   A:0200 X:0080 Y:03FE P:envmxdizc
$9B/85F3 A8          TAY                     A:0400 X:0080 Y:03FE P:envmxdizc
$9B/85F4 B1 0C       LDA ($0C),y[$7F:0400]   A:0400 X:0080 Y:0400 P:envmxdizc
$9B/85F6 F0 E4       BEQ $E4    [$85DC]      A:4604 X:0080 Y:0400 P:envmxdizc
$9B/85F8 EB          XBA                     A:4604 X:0080 Y:0400 P:envmxdizc
$9B/85F9 A8          TAY                     A:0446 X:0080 Y:0400 P:envmxdizc
$9B/85FA 98          TYA                     A:0446 X:0080 Y:0446 P:envmxdizc
$9B/85FB 0A          ASL A                   A:0446 X:0080 Y:0446 P:envmxdizc
$9B/85FC 90 05       BCC $05    [$8603]      A:088C X:0080 Y:0446 P:envmxdizc
$9B/8603 0A          ASL A                   A:088C X:0080 Y:0446 P:envmxdizc
$9B/8604 90 05       BCC $05    [$860B]      A:1118 X:0080 Y:0446 P:envmxdizc
$9B/860B 0A          ASL A                   A:1118 X:0080 Y:0446 P:envmxdizc
$9B/860C 90 05       BCC $05    [$8613]      A:2230 X:0080 Y:0446 P:envmxdizc
$9B/8613 0A          ASL A                   A:2230 X:0080 Y:0446 P:envmxdizc
$9B/8614 90 05       BCC $05    [$861B]      A:4460 X:0080 Y:0446 P:envmxdizc
$9B/861B A8          TAY                     A:4460 X:0080 Y:0446 P:envmxdizc
$9B/861C 8A          TXA                     A:4460 X:0080 Y:4460 P:envmxdizc
$9B/861D 4A          LSR A                   A:0080 X:0080 Y:4460 P:envmxdizc
$9B/861E AA          TAX                     A:0040 X:0080 Y:4460 P:envmxdizc
$9B/861F E0 10 00    CPX #$0010              A:0040 X:0040 Y:4460 P:envmxdizc
$9B/8622 B0 D6       BCS $D6    [$85FA]      A:0040 X:0040 Y:4460 P:envmxdizC
$9B/85FA 98          TYA                     A:0040 X:0040 Y:4460 P:envmxdizC
$9B/85FB 0A          ASL A                   A:4460 X:0040 Y:4460 P:envmxdizC
$9B/85FC 90 05       BCC $05    [$8603]      A:88C0 X:0040 Y:4460 P:eNvmxdizc
$9B/8603 0A          ASL A                   A:88C0 X:0040 Y:4460 P:eNvmxdizc
$9B/8604 90 05       BCC $05    [$860B]      A:1180 X:0040 Y:4460 P:envmxdizC
$9B/8606 A8          TAY                     A:1180 X:0040 Y:4460 P:envmxdizC
$9B/8607 8A          TXA                     A:1180 X:0040 Y:1180 P:envmxdizC
$9B/8608 04 14       TSB $14    [$00:0014]   A:0040 X:0040 Y:1180 P:envmxdizC
$9B/860A 98          TYA                     A:0040 X:0040 Y:1180 P:envmxdiZC
$9B/860B 0A          ASL A                   A:1180 X:0040 Y:1180 P:envmxdizC
$9B/860C 90 05       BCC $05    [$8613]      A:2300 X:0040 Y:1180 P:envmxdizc
$9B/8613 0A          ASL A                   A:2300 X:0040 Y:1180 P:envmxdizc
$9B/8614 90 05       BCC $05    [$861B]      A:4600 X:0040 Y:1180 P:envmxdizc
$9B/861B A8          TAY                     A:4600 X:0040 Y:1180 P:envmxdizc
$9B/861C 8A          TXA                     A:4600 X:0040 Y:4600 P:envmxdizc
$9B/861D 4A          LSR A                   A:0040 X:0040 Y:4600 P:envmxdizc
$9B/861E AA          TAX                     A:0020 X:0040 Y:4600 P:envmxdizc
$9B/861F E0 10 00    CPX #$0010              A:0020 X:0020 Y:4600 P:envmxdizc
$9B/8622 B0 D6       BCS $D6    [$85FA]      A:0020 X:0020 Y:4600 P:envmxdizC
$9B/85FA 98          TYA                     A:0020 X:0020 Y:4600 P:envmxdizC
$9B/85FB 0A          ASL A                   A:4600 X:0020 Y:4600 P:envmxdizC
$9B/85FC 90 05       BCC $05    [$8603]      A:8C00 X:0020 Y:4600 P:eNvmxdizc
$9B/8603 0A          ASL A                   A:8C00 X:0020 Y:4600 P:eNvmxdizc
$9B/8604 90 05       BCC $05    [$860B]      A:1800 X:0020 Y:4600 P:envmxdizC
$9B/8606 A8          TAY                     A:1800 X:0020 Y:4600 P:envmxdizC
$9B/8607 8A          TXA                     A:1800 X:0020 Y:1800 P:envmxdizC
$9B/8608 04 14       TSB $14    [$00:0014]   A:0020 X:0020 Y:1800 P:envmxdizC
$9B/860A 98          TYA                     A:0020 X:0020 Y:1800 P:envmxdiZC
$9B/860B 0A          ASL A                   A:1800 X:0020 Y:1800 P:envmxdizC
$9B/860C 90 05       BCC $05    [$8613]      A:3000 X:0020 Y:1800 P:envmxdizc
$9B/8613 0A          ASL A                   A:3000 X:0020 Y:1800 P:envmxdizc
$9B/8614 90 05       BCC $05    [$861B]      A:6000 X:0020 Y:1800 P:envmxdizc
$9B/861B A8          TAY                     A:6000 X:0020 Y:1800 P:envmxdizc
$9B/861C 8A          TXA                     A:6000 X:0020 Y:6000 P:envmxdizc
$9B/861D 4A          LSR A                   A:0020 X:0020 Y:6000 P:envmxdizc
$9B/861E AA          TAX                     A:0010 X:0020 Y:6000 P:envmxdizc
$9B/861F E0 10 00    CPX #$0010              A:0010 X:0010 Y:6000 P:envmxdizc
$9B/8622 B0 D6       BCS $D6    [$85FA]      A:0010 X:0010 Y:6000 P:envmxdiZC
$9B/85FA 98          TYA                     A:0010 X:0010 Y:6000 P:envmxdiZC
$9B/85FB 0A          ASL A                   A:6000 X:0010 Y:6000 P:envmxdizC
$9B/85FC 90 05       BCC $05    [$8603]      A:C000 X:0010 Y:6000 P:eNvmxdizc
$9B/8603 0A          ASL A                   A:C000 X:0010 Y:6000 P:eNvmxdizc
$9B/8604 90 05       BCC $05    [$860B]      A:8000 X:0010 Y:6000 P:eNvmxdizC
$9B/8606 A8          TAY                     A:8000 X:0010 Y:6000 P:eNvmxdizC
$9B/8607 8A          TXA                     A:8000 X:0010 Y:8000 P:eNvmxdizC
$9B/8608 04 14       TSB $14    [$00:0014]   A:0010 X:0010 Y:8000 P:envmxdizC
$9B/860A 98          TYA                     A:0010 X:0010 Y:8000 P:envmxdiZC
$9B/860B 0A          ASL A                   A:8000 X:0010 Y:8000 P:eNvmxdizC
$9B/860C 90 05       BCC $05    [$8613]      A:0000 X:0010 Y:8000 P:envmxdiZC
$9B/860E A8          TAY                     A:0000 X:0010 Y:8000 P:envmxdiZC
$9B/860F 8A          TXA                     A:0000 X:0010 Y:0000 P:envmxdiZC
$9B/8610 04 17       TSB $17    [$00:0017]   A:0010 X:0010 Y:0000 P:envmxdizC
$9B/8612 98          TYA                     A:0010 X:0010 Y:0000 P:envmxdiZC
$9B/8613 0A          ASL A                   A:0000 X:0010 Y:0000 P:envmxdiZC
$9B/8614 90 05       BCC $05    [$861B]      A:0000 X:0010 Y:0000 P:envmxdiZc
$9B/861B A8          TAY                     A:0000 X:0010 Y:0000 P:envmxdiZc
$9B/861C 8A          TXA                     A:0000 X:0010 Y:0000 P:envmxdiZc
$9B/861D 4A          LSR A                   A:0010 X:0010 Y:0000 P:envmxdizc
$9B/861E AA          TAX                     A:0008 X:0010 Y:0000 P:envmxdizc
$9B/861F E0 10 00    CPX #$0010              A:0008 X:0008 Y:0000 P:envmxdizc
$9B/8622 B0 D6       BCS $D6    [$85FA]      A:0008 X:0008 Y:0000 P:eNvmxdizc
$9B/8624 E0 00 00    CPX #$0000              A:0008 X:0008 Y:0000 P:eNvmxdizc
$9B/8627 F0 0E       BEQ $0E    [$8637]      A:0008 X:0008 Y:0000 P:envmxdizC
$9B/8629 E0 08 00    CPX #$0008              A:0008 X:0008 Y:0000 P:envmxdizC
$9B/862C 90 CC       BCC $CC    [$85FA]      A:0008 X:0008 Y:0000 P:envmxdiZC
$9B/862E A5 04       LDA $04    [$00:0004]   A:0008 X:0008 Y:0000 P:envmxdiZC
$9B/8630 0A          ASL A                   A:0100 X:0008 Y:0000 P:envmxdizC
$9B/8631 0A          ASL A                   A:0200 X:0008 Y:0000 P:envmxdizc
$9B/8632 A8          TAY                     A:0400 X:0008 Y:0000 P:envmxdizc
$9B/8633 C8          INY                     A:0400 X:0008 Y:0400 P:envmxdizc
$9B/8634 C8          INY                     A:0400 X:0008 Y:0401 P:envmxdizc
$9B/8635 80 BD       BRA $BD    [$85F4]      A:0400 X:0008 Y:0402 P:envmxdizc
$9B/85F4 B1 0C       LDA ($0C),y[$7F:0402]   A:0400 X:0008 Y:0402 P:envmxdizc
$9B/85F6 F0 E4       BEQ $E4    [$85DC]      A:5666 X:0008 Y:0402 P:envmxdizc
$9B/85F8 EB          XBA                     A:5666 X:0008 Y:0402 P:envmxdizc
$9B/85F9 A8          TAY                     A:6656 X:0008 Y:0402 P:envmxdizc
$9B/85FA 98          TYA                     A:6656 X:0008 Y:6656 P:envmxdizc
$9B/85FB 0A          ASL A                   A:6656 X:0008 Y:6656 P:envmxdizc
$9B/85FC 90 05       BCC $05    [$8603]      A:CCAC X:0008 Y:6656 P:eNvmxdizc
$9B/8603 0A          ASL A                   A:CCAC X:0008 Y:6656 P:eNvmxdizc
$9B/8604 90 05       BCC $05    [$860B]      A:9958 X:0008 Y:6656 P:eNvmxdizC
$9B/8606 A8          TAY                     A:9958 X:0008 Y:6656 P:eNvmxdizC
$9B/8607 8A          TXA                     A:9958 X:0008 Y:9958 P:eNvmxdizC
$9B/8608 04 14       TSB $14    [$00:0014]   A:0008 X:0008 Y:9958 P:envmxdizC
$9B/860A 98          TYA                     A:0008 X:0008 Y:9958 P:envmxdiZC
$9B/860B 0A          ASL A                   A:9958 X:0008 Y:9958 P:eNvmxdizC
$9B/860C 90 05       BCC $05    [$8613]      A:32B0 X:0008 Y:9958 P:envmxdizC
$9B/860E A8          TAY                     A:32B0 X:0008 Y:9958 P:envmxdizC
$9B/860F 8A          TXA                     A:32B0 X:0008 Y:32B0 P:envmxdizC
$9B/8610 04 17       TSB $17    [$00:0017]   A:0008 X:0008 Y:32B0 P:envmxdizC
$9B/8612 98          TYA                     A:0008 X:0008 Y:32B0 P:envmxdiZC
$9B/8613 0A          ASL A                   A:32B0 X:0008 Y:32B0 P:envmxdizC
$9B/8614 90 05       BCC $05    [$861B]      A:6560 X:0008 Y:32B0 P:envmxdizc
$9B/861B A8          TAY                     A:6560 X:0008 Y:32B0 P:envmxdizc
$9B/861C 8A          TXA                     A:6560 X:0008 Y:6560 P:envmxdizc
$9B/861D 4A          LSR A                   A:0008 X:0008 Y:6560 P:envmxdizc
$9B/861E AA          TAX                     A:0004 X:0008 Y:6560 P:envmxdizc
$9B/861F E0 10 00    CPX #$0010              A:0004 X:0004 Y:6560 P:envmxdizc
$9B/8622 B0 D6       BCS $D6    [$85FA]      A:0004 X:0004 Y:6560 P:eNvmxdizc
$9B/8624 E0 00 00    CPX #$0000              A:0004 X:0004 Y:6560 P:eNvmxdizc
$9B/8627 F0 0E       BEQ $0E    [$8637]      A:0004 X:0004 Y:6560 P:envmxdizC
$9B/8629 E0 08 00    CPX #$0008              A:0004 X:0004 Y:6560 P:envmxdizC
$9B/862C 90 CC       BCC $CC    [$85FA]      A:0004 X:0004 Y:6560 P:eNvmxdizc
$9B/85FA 98          TYA                     A:0004 X:0004 Y:6560 P:eNvmxdizc
$9B/85FB 0A          ASL A                   A:6560 X:0004 Y:6560 P:envmxdizc
$9B/85FC 90 05       BCC $05    [$8603]      A:CAC0 X:0004 Y:6560 P:eNvmxdizc
$9B/8603 0A          ASL A                   A:CAC0 X:0004 Y:6560 P:eNvmxdizc
$9B/8604 90 05       BCC $05    [$860B]      A:9580 X:0004 Y:6560 P:eNvmxdizC
$9B/8606 A8          TAY                     A:9580 X:0004 Y:6560 P:eNvmxdizC
$9B/8607 8A          TXA                     A:9580 X:0004 Y:9580 P:eNvmxdizC
$9B/8608 04 14       TSB $14    [$00:0014]   A:0004 X:0004 Y:9580 P:envmxdizC
$9B/860A 98          TYA                     A:0004 X:0004 Y:9580 P:envmxdiZC
$9B/860B 0A          ASL A                   A:9580 X:0004 Y:9580 P:eNvmxdizC
$9B/860C 90 05       BCC $05    [$8613]      A:2B00 X:0004 Y:9580 P:envmxdizC
$9B/860E A8          TAY                     A:2B00 X:0004 Y:9580 P:envmxdizC
$9B/860F 8A          TXA                     A:2B00 X:0004 Y:2B00 P:envmxdizC
$9B/8610 04 17       TSB $17    [$00:0017]   A:0004 X:0004 Y:2B00 P:envmxdizC
$9B/8612 98          TYA                     A:0004 X:0004 Y:2B00 P:envmxdiZC
$9B/8613 0A          ASL A                   A:2B00 X:0004 Y:2B00 P:envmxdizC
$9B/8614 90 05       BCC $05    [$861B]      A:5600 X:0004 Y:2B00 P:envmxdizc
$9B/861B A8          TAY                     A:5600 X:0004 Y:2B00 P:envmxdizc
$9B/861C 8A          TXA                     A:5600 X:0004 Y:5600 P:envmxdizc
$9B/861D 4A          LSR A                   A:0004 X:0004 Y:5600 P:envmxdizc
$9B/861E AA          TAX                     A:0002 X:0004 Y:5600 P:envmxdizc
$9B/861F E0 10 00    CPX #$0010              A:0002 X:0002 Y:5600 P:envmxdizc
$9B/8622 B0 D6       BCS $D6    [$85FA]      A:0002 X:0002 Y:5600 P:eNvmxdizc
$9B/8624 E0 00 00    CPX #$0000              A:0002 X:0002 Y:5600 P:eNvmxdizc
$9B/8627 F0 0E       BEQ $0E    [$8637]      A:0002 X:0002 Y:5600 P:envmxdizC
$9B/8629 E0 08 00    CPX #$0008              A:0002 X:0002 Y:5600 P:envmxdizC
$9B/862C 90 CC       BCC $CC    [$85FA]      A:0002 X:0002 Y:5600 P:eNvmxdizc
$9B/85FA 98          TYA                     A:0002 X:0002 Y:5600 P:eNvmxdizc
$9B/85FB 0A          ASL A                   A:5600 X:0002 Y:5600 P:envmxdizc
$9B/85FC 90 05       BCC $05    [$8603]      A:AC00 X:0002 Y:5600 P:eNvmxdizc
$9B/8603 0A          ASL A                   A:AC00 X:0002 Y:5600 P:eNvmxdizc
$9B/8604 90 05       BCC $05    [$860B]      A:5800 X:0002 Y:5600 P:envmxdizC
$9B/8606 A8          TAY                     A:5800 X:0002 Y:5600 P:envmxdizC
$9B/8607 8A          TXA                     A:5800 X:0002 Y:5800 P:envmxdizC
$9B/8608 04 14       TSB $14    [$00:0014]   A:0002 X:0002 Y:5800 P:envmxdizC
$9B/860A 98          TYA                     A:0002 X:0002 Y:5800 P:envmxdiZC
$9B/860B 0A          ASL A                   A:5800 X:0002 Y:5800 P:envmxdizC
$9B/860C 90 05       BCC $05    [$8613]      A:B000 X:0002 Y:5800 P:eNvmxdizc
$9B/8613 0A          ASL A                   A:B000 X:0002 Y:5800 P:eNvmxdizc
$9B/8614 90 05       BCC $05    [$861B]      A:6000 X:0002 Y:5800 P:envmxdizC
$9B/8616 A8          TAY                     A:6000 X:0002 Y:5800 P:envmxdizC
$9B/8617 8A          TXA                     A:6000 X:0002 Y:6000 P:envmxdizC
$9B/8618 04 16       TSB $16    [$00:0016]   A:0002 X:0002 Y:6000 P:envmxdizC
$9B/861A 98          TYA                     A:0002 X:0002 Y:6000 P:envmxdiZC
$9B/861B A8          TAY                     A:6000 X:0002 Y:6000 P:envmxdizC
$9B/861C 8A          TXA                     A:6000 X:0002 Y:6000 P:envmxdizC
$9B/861D 4A          LSR A                   A:0002 X:0002 Y:6000 P:envmxdizC
$9B/861E AA          TAX                     A:0001 X:0002 Y:6000 P:envmxdizc
$9B/861F E0 10 00    CPX #$0010              A:0001 X:0001 Y:6000 P:envmxdizc
$9B/8622 B0 D6       BCS $D6    [$85FA]      A:0001 X:0001 Y:6000 P:eNvmxdizc
$9B/8624 E0 00 00    CPX #$0000              A:0001 X:0001 Y:6000 P:eNvmxdizc
$9B/8627 F0 0E       BEQ $0E    [$8637]      A:0001 X:0001 Y:6000 P:envmxdizC
$9B/8629 E0 08 00    CPX #$0008              A:0001 X:0001 Y:6000 P:envmxdizC
$9B/862C 90 CC       BCC $CC    [$85FA]      A:0001 X:0001 Y:6000 P:eNvmxdizc
$9B/85FA 98          TYA                     A:0001 X:0001 Y:6000 P:eNvmxdizc
$9B/85FB 0A          ASL A                   A:6000 X:0001 Y:6000 P:envmxdizc
$9B/85FC 90 05       BCC $05    [$8603]      A:C000 X:0001 Y:6000 P:eNvmxdizc
$9B/8603 0A          ASL A                   A:C000 X:0001 Y:6000 P:eNvmxdizc
$9B/8604 90 05       BCC $05    [$860B]      A:8000 X:0001 Y:6000 P:eNvmxdizC
$9B/8606 A8          TAY                     A:8000 X:0001 Y:6000 P:eNvmxdizC
$9B/8607 8A          TXA                     A:8000 X:0001 Y:8000 P:eNvmxdizC
$9B/8608 04 14       TSB $14    [$00:0014]   A:0001 X:0001 Y:8000 P:envmxdizC
$9B/860A 98          TYA                     A:0001 X:0001 Y:8000 P:envmxdiZC
$9B/860B 0A          ASL A                   A:8000 X:0001 Y:8000 P:eNvmxdizC
$9B/860C 90 05       BCC $05    [$8613]      A:0000 X:0001 Y:8000 P:envmxdiZC
$9B/860E A8          TAY                     A:0000 X:0001 Y:8000 P:envmxdiZC
$9B/860F 8A          TXA                     A:0000 X:0001 Y:0000 P:envmxdiZC
$9B/8610 04 17       TSB $17    [$00:0017]   A:0001 X:0001 Y:0000 P:envmxdizC
$9B/8612 98          TYA                     A:0001 X:0001 Y:0000 P:envmxdiZC
$9B/8613 0A          ASL A                   A:0000 X:0001 Y:0000 P:envmxdiZC
$9B/8614 90 05       BCC $05    [$861B]      A:0000 X:0001 Y:0000 P:envmxdiZc
$9B/861B A8          TAY                     A:0000 X:0001 Y:0000 P:envmxdiZc
$9B/861C 8A          TXA                     A:0000 X:0001 Y:0000 P:envmxdiZc
$9B/861D 4A          LSR A                   A:0001 X:0001 Y:0000 P:envmxdizc
$9B/861E AA          TAX                     A:0000 X:0001 Y:0000 P:envmxdiZC
$9B/861F E0 10 00    CPX #$0010              A:0000 X:0000 Y:0000 P:envmxdiZC
$9B/8622 B0 D6       BCS $D6    [$85FA]      A:0000 X:0000 Y:0000 P:eNvmxdizc
$9B/8624 E0 00 00    CPX #$0000              A:0000 X:0000 Y:0000 P:eNvmxdizc
$9B/8627 F0 0E       BEQ $0E    [$8637]      A:0000 X:0000 Y:0000 P:envmxdiZC
$9B/8637 A5 06       LDA $06    [$00:0006]   A:0000 X:0000 Y:0000 P:envmxdiZC
$9B/8639 1A          INC A                   A:03EE X:0000 Y:0000 P:envmxdizC
$9B/863A 1A          INC A                   A:03EF X:0000 Y:0000 P:envmxdizC
$9B/863B A8          TAY                     A:03F0 X:0000 Y:0000 P:envmxdizC
$9B/863C 29 10 00    AND #$0010              A:03F0 X:0000 Y:03F0 P:envmxdizC
$9B/863F F0 06       BEQ $06    [$8647]      A:0010 X:0000 Y:03F0 P:envmxdizC
$9B/8641 98          TYA                     A:0010 X:0000 Y:03F0 P:envmxdizC
$9B/8642 18          CLC                     A:03F0 X:0000 Y:03F0 P:envmxdizC
$9B/8643 69 10 00    ADC #$0010              A:03F0 X:0000 Y:03F0 P:envmxdizc
$9B/8646 A8          TAY                     A:0400 X:0000 Y:03F0 P:envmxdizc
$9B/8647 84 06       STY $06    [$00:0006]   A:0400 X:0000 Y:0400 P:envmxdizc
$9B/8649 A5 16       LDA $16    [$00:0016]   A:0400 X:0000 Y:0400 P:envmxdizc
$9B/864B 91 10       STA ($10),y[$7F:5500]   A:1D02 X:0000 Y:0400 P:envmxdizc
$9B/864D 98          TYA                     A:1D02 X:0000 Y:0400 P:envmxdizc
$9B/864E 18          CLC                     A:0400 X:0000 Y:0400 P:envmxdizc
$9B/864F 69 10 00    ADC #$0010              A:0400 X:0000 Y:0400 P:envmxdizc
$9B/8652 A8          TAY                     A:0410 X:0000 Y:0400 P:envmxdizc
$9B/8653 A5 14       LDA $14    [$00:0014]   A:0410 X:0000 Y:0410 P:envmxdizc
$9B/8655 91 10       STA ($10),y[$7F:5510]   A:007F X:0000 Y:0410 P:envmxdizc
$9B/8657 E6 04       INC $04    [$00:0004]   A:007F X:0000 Y:0410 P:envmxdizc
$9B/8659 C6 00       DEC $00    [$00:0000]   A:007F X:0000 Y:0410 P:envmxdizc
$9B/865B 10 8B       BPL $8B    [$85E8]      A:007F X:0000 Y:0410 P:envmxdizc
$9B/85E8 A2 80 00    LDX #$0080              A:007F X:0000 Y:0410 P:envmxdizc
$9B/85EB 64 14       STZ $14    [$00:0014]   A:007F X:0080 Y:0410 P:envmxdizc
$9B/85ED 64 16       STZ $16    [$00:0016]   A:007F X:0080 Y:0410 P:envmxdizc
$9B/85EF A5 04       LDA $04    [$00:0004]   A:007F X:0080 Y:0410 P:envmxdizc
$9B/85F1 0A          ASL A                   A:0101 X:0080 Y:0410 P:envmxdizc
$9B/85F2 0A          ASL A                   A:0202 X:0080 Y:0410 P:envmxdizc
$9B/85F3 A8          TAY                     A:0404 X:0080 Y:0410 P:envmxdizc
$9B/85F4 B1 0C       LDA ($0C),y[$7F:0404]   A:0404 X:0080 Y:0404 P:envmxdizc
$9B/85F6 F0 E4       BEQ $E4    [$85DC]      A:4404 X:0080 Y:0404 P:envmxdizc
$9B/85F8 EB          XBA                     A:4404 X:0080 Y:0404 P:envmxdizc
$9B/85F9 A8          TAY                     A:0444 X:0080 Y:0404 P:envmxdizc
$9B/85FA 98          TYA                     A:0444 X:0080 Y:0444 P:envmxdizc
$9B/85FB 0A          ASL A                   A:0444 X:0080 Y:0444 P:envmxdizc
$9B/85FC 90 05       BCC $05    [$8603]      A:0888 X:0080 Y:0444 P:envmxdizc
$9B/8603 0A          ASL A                   A:0888 X:0080 Y:0444 P:envmxdizc
$9B/8604 90 05       BCC $05    [$860B]      A:1110 X:0080 Y:0444 P:envmxdizc
$9B/860B 0A          ASL A                   A:1110 X:0080 Y:0444 P:envmxdizc
$9B/860C 90 05       BCC $05    [$8613]      A:2220 X:0080 Y:0444 P:envmxdizc
$9B/8613 0A          ASL A                   A:2220 X:0080 Y:0444 P:envmxdizc
$9B/8614 90 05       BCC $05    [$861B]      A:4440 X:0080 Y:0444 P:envmxdizc
$9B/861B A8          TAY                     A:4440 X:0080 Y:0444 P:envmxdizc
$9B/861C 8A          TXA                     A:4440 X:0080 Y:4440 P:envmxdizc
$9B/861D 4A          LSR A                   A:0080 X:0080 Y:4440 P:envmxdizc
$9B/861E AA          TAX                     A:0040 X:0080 Y:4440 P:envmxdizc
$9B/861F E0 10 00    CPX #$0010              A:0040 X:0040 Y:4440 P:envmxdizc
$9B/8622 B0 D6       BCS $D6    [$85FA]      A:0040 X:0040 Y:4440 P:envmxdizC
$9B/85FA 98          TYA                     A:0040 X:0040 Y:4440 P:envmxdizC
$9B/85FB 0A          ASL A                   A:4440 X:0040 Y:4440 P:envmxdizC
$9B/85FC 90 05       BCC $05    [$8603]      A:8880 X:0040 Y:4440 P:eNvmxdizc
$9B/8603 0A          ASL A                   A:8880 X:0040 Y:4440 P:eNvmxdizc
$9B/8604 90 05       BCC $05    [$860B]      A:1100 X:0040 Y:4440 P:envmxdizC
$9B/8606 A8          TAY                     A:1100 X:0040 Y:4440 P:envmxdizC
$9B/8607 8A          TXA                     A:1100 X:0040 Y:1100 P:envmxdizC
$9B/8608 04 14       TSB $14    [$00:0014]   A:0040 X:0040 Y:1100 P:envmxdizC
$9B/860A 98          TYA                     A:0040 X:0040 Y:1100 P:envmxdiZC
$9B/860B 0A          ASL A                   A:1100 X:0040 Y:1100 P:envmxdizC
$9B/860C 90 05       BCC $05    [$8613]      A:2200 X:0040 Y:1100 P:envmxdizc
$9B/8613 0A          ASL A                   A:2200 X:0040 Y:1100 P:envmxdizc
$9B/8614 90 05       BCC $05    [$861B]      A:4400 X:0040 Y:1100 P:envmxdizc
$9B/861B A8          TAY                     A:4400 X:0040 Y:1100 P:envmxdizc
$9B/861C 8A          TXA                     A:4400 X:0040 Y:4400 P:envmxdizc
$9B/861D 4A          LSR A                   A:0040 X:0040 Y:4400 P:envmxdizc
$9B/861E AA          TAX                     A:0020 X:0040 Y:4400 P:envmxdizc
$9B/861F E0 10 00    CPX #$0010              A:0020 X:0020 Y:4400 P:envmxdizc
$9B/8622 B0 D6       BCS $D6    [$85FA]      A:0020 X:0020 Y:4400 P:envmxdizC
$9B/85FA 98          TYA                     A:0020 X:0020 Y:4400 P:envmxdizC
$9B/85FB 0A          ASL A                   A:4400 X:0020 Y:4400 P:envmxdizC
$9B/85FC 90 05       BCC $05    [$8603]      A:8800 X:0020 Y:4400 P:eNvmxdizc
$9B/8603 0A          ASL A                   A:8800 X:0020 Y:4400 P:eNvmxdizc
$9B/8604 90 05       BCC $05    [$860B]      A:1000 X:0020 Y:4400 P:envmxdizC
$9B/8606 A8          TAY                     A:1000 X:0020 Y:4400 P:envmxdizC
$9B/8607 8A          TXA                     A:1000 X:0020 Y:1000 P:envmxdizC
$9B/8608 04 14       TSB $14    [$00:0014]   A:0020 X:0020 Y:1000 P:envmxdizC
$9B/860A 98          TYA                     A:0020 X:0020 Y:1000 P:envmxdiZC
$9B/860B 0A          ASL A                   A:1000 X:0020 Y:1000 P:envmxdizC
$9B/860C 90 05       BCC $05    [$8613]      A:2000 X:0020 Y:1000 P:envmxdizc
$9B/8613 0A          ASL A                   A:2000 X:0020 Y:1000 P:envmxdizc
$9B/8614 90 05       BCC $05    [$861B]      A:4000 X:0020 Y:1000 P:envmxdizc
$9B/861B A8          TAY                     A:4000 X:0020 Y:1000 P:envmxdizc
$9B/861C 8A          TXA                     A:4000 X:0020 Y:4000 P:envmxdizc
$9B/861D 4A          LSR A                   A:0020 X:0020 Y:4000 P:envmxdizc
$9B/861E AA          TAX                     A:0010 X:0020 Y:4000 P:envmxdizc
$9B/861F E0 10 00    CPX #$0010              A:0010 X:0010 Y:4000 P:envmxdizc
$9B/8622 B0 D6       BCS $D6    [$85FA]      A:0010 X:0010 Y:4000 P:envmxdiZC
$9B/85FA 98          TYA                     A:0010 X:0010 Y:4000 P:envmxdiZC
$9B/85FB 0A          ASL A                   A:4000 X:0010 Y:4000 P:envmxdizC
$9B/85FC 90 05       BCC $05    [$8603]      A:8000 X:0010 Y:4000 P:eNvmxdizc
$9B/8603 0A          ASL A                   A:8000 X:0010 Y:4000 P:eNvmxdizc
$9B/8604 90 05       BCC $05    [$860B]      A:0000 X:0010 Y:4000 P:envmxdiZC
$9B/8606 A8          TAY                     A:0000 X:0010 Y:4000 P:envmxdiZC
$9B/8607 8A          TXA                     A:0000 X:0010 Y:0000 P:envmxdiZC
$9B/8608 04 14       TSB $14    [$00:0014]   A:0010 X:0010 Y:0000 P:envmxdizC
$9B/860A 98          TYA                     A:0010 X:0010 Y:0000 P:envmxdiZC
$9B/860B 0A          ASL A                   A:0000 X:0010 Y:0000 P:envmxdiZC
$9B/860C 90 05       BCC $05    [$8613]      A:0000 X:0010 Y:0000 P:envmxdiZc
$9B/8613 0A          ASL A                   A:0000 X:0010 Y:0000 P:envmxdiZc
$9B/8614 90 05       BCC $05    [$861B]      A:0000 X:0010 Y:0000 P:envmxdiZc
$9B/861B A8          TAY                     A:0000 X:0010 Y:0000 P:envmxdiZc
$9B/861C 8A          TXA                     A:0000 X:0010 Y:0000 P:envmxdiZc
$9B/861D 4A          LSR A                   A:0010 X:0010 Y:0000 P:envmxdizc
$9B/861E AA          TAX                     A:0008 X:0010 Y:0000 P:envmxdizc
$9B/861F E0 10 00    CPX #$0010              A:0008 X:0008 Y:0000 P:envmxdizc
$9B/8622 B0 D6       BCS $D6    [$85FA]      A:0008 X:0008 Y:0000 P:eNvmxdizc
$9B/8624 E0 00 00    CPX #$0000              A:0008 X:0008 Y:0000 P:eNvmxdizc
$9B/8627 F0 0E       BEQ $0E    [$8637]      A:0008 X:0008 Y:0000 P:envmxdizC
$9B/8629 E0 08 00    CPX #$0008              A:0008 X:0008 Y:0000 P:envmxdizC
$9B/862C 90 CC       BCC $CC    [$85FA]      A:0008 X:0008 Y:0000 P:envmxdiZC
$9B/862E A5 04       LDA $04    [$00:0004]   A:0008 X:0008 Y:0000 P:envmxdiZC
$9B/8630 0A          ASL A                   A:0101 X:0008 Y:0000 P:envmxdizC
$9B/8631 0A          ASL A                   A:0202 X:0008 Y:0000 P:envmxdizc
$9B/8632 A8          TAY                     A:0404 X:0008 Y:0000 P:envmxdizc
$9B/8633 C8          INY                     A:0404 X:0008 Y:0404 P:envmxdizc
$9B/8634 C8          INY                     A:0404 X:0008 Y:0405 P:envmxdizc
$9B/8635 80 BD       BRA $BD    [$85F4]      A:0404 X:0008 Y:0406 P:envmxdizc
$9B/85F4 B1 0C       LDA ($0C),y[$7F:0406]   A:0404 X:0008 Y:0406 P:envmxdizc
$9B/85F6 F0 E4       BEQ $E4    [$85DC]      A:7767 X:0008 Y:0406 P:envmxdizc
$9B/85F8 EB          XBA                     A:7767 X:0008 Y:0406 P:envmxdizc
$9B/85F9 A8          TAY                     A:6777 X:0008 Y:0406 P:envmxdizc
$9B/85FA 98          TYA                     A:6777 X:0008 Y:6777 P:envmxdizc
$9B/85FB 0A          ASL A                   A:6777 X:0008 Y:6777 P:envmxdizc
$9B/85FC 90 05       BCC $05    [$8603]      A:CEEE X:0008 Y:6777 P:eNvmxdizc
$9B/8603 0A          ASL A                   A:CEEE X:0008 Y:6777 P:eNvmxdizc
$9B/8604 90 05       BCC $05    [$860B]      A:9DDC X:0008 Y:6777 P:eNvmxdizC
$9B/8606 A8          TAY                     A:9DDC X:0008 Y:6777 P:eNvmxdizC
$9B/8607 8A          TXA                     A:9DDC X:0008 Y:9DDC P:eNvmxdizC
$9B/8608 04 14       TSB $14    [$00:0014]   A:0008 X:0008 Y:9DDC P:envmxdizC
$9B/860A 98          TYA                     A:0008 X:0008 Y:9DDC P:envmxdiZC
$9B/860B 0A          ASL A                   A:9DDC X:0008 Y:9DDC P:eNvmxdizC
$9B/860C 90 05       BCC $05    [$8613]      A:3BB8 X:0008 Y:9DDC P:envmxdizC
$9B/860E A8          TAY                     A:3BB8 X:0008 Y:9DDC P:envmxdizC
$9B/860F 8A          TXA                     A:3BB8 X:0008 Y:3BB8 P:envmxdizC
$9B/8610 04 17       TSB $17    [$00:0017]   A:0008 X:0008 Y:3BB8 P:envmxdizC
$9B/8612 98          TYA                     A:0008 X:0008 Y:3BB8 P:envmxdiZC
$9B/8613 0A          ASL A                   A:3BB8 X:0008 Y:3BB8 P:envmxdizC
$9B/8614 90 05       BCC $05    [$861B]      A:7770 X:0008 Y:3BB8 P:envmxdizc
$9B/861B A8          TAY                     A:7770 X:0008 Y:3BB8 P:envmxdizc
$9B/861C 8A          TXA                     A:7770 X:0008 Y:7770 P:envmxdizc
$9B/861D 4A          LSR A                   A:0008 X:0008 Y:7770 P:envmxdizc
$9B/861E AA          TAX                     A:0004 X:0008 Y:7770 P:envmxdizc
$9B/861F E0 10 00    CPX #$0010              A:0004 X:0004 Y:7770 P:envmxdizc
$9B/8622 B0 D6       BCS $D6    [$85FA]      A:0004 X:0004 Y:7770 P:eNvmxdizc
$9B/8624 E0 00 00    CPX #$0000              A:0004 X:0004 Y:7770 P:eNvmxdizc
$9B/8627 F0 0E       BEQ $0E    [$8637]      A:0004 X:0004 Y:7770 P:envmxdizC
$9B/8629 E0 08 00    CPX #$0008              A:0004 X:0004 Y:7770 P:envmxdizC
$9B/862C 90 CC       BCC $CC    [$85FA]      A:0004 X:0004 Y:7770 P:eNvmxdizc
$9B/85FA 98          TYA                     A:0004 X:0004 Y:7770 P:eNvmxdizc
$9B/85FB 0A          ASL A                   A:7770 X:0004 Y:7770 P:envmxdizc
$9B/85FC 90 05       BCC $05    [$8603]      A:EEE0 X:0004 Y:7770 P:eNvmxdizc
$9B/8603 0A          ASL A                   A:EEE0 X:0004 Y:7770 P:eNvmxdizc
$9B/8604 90 05       BCC $05    [$860B]      A:DDC0 X:0004 Y:7770 P:eNvmxdizC
$9B/8606 A8          TAY                     A:DDC0 X:0004 Y:7770 P:eNvmxdizC
$9B/8607 8A          TXA                     A:DDC0 X:0004 Y:DDC0 P:eNvmxdizC
$9B/8608 04 14       TSB $14    [$00:0014]   A:0004 X:0004 Y:DDC0 P:envmxdizC
$9B/860A 98          TYA                     A:0004 X:0004 Y:DDC0 P:envmxdiZC
$9B/860B 0A          ASL A                   A:DDC0 X:0004 Y:DDC0 P:eNvmxdizC
$9B/860C 90 05       BCC $05    [$8613]      A:BB80 X:0004 Y:DDC0 P:eNvmxdizC
$9B/860E A8          TAY                     A:BB80 X:0004 Y:DDC0 P:eNvmxdizC
$9B/860F 8A          TXA                     A:BB80 X:0004 Y:BB80 P:eNvmxdizC
$9B/8610 04 17       TSB $17    [$00:0017]   A:0004 X:0004 Y:BB80 P:envmxdizC
$9B/8612 98          TYA                     A:0004 X:0004 Y:BB80 P:envmxdiZC
$9B/8613 0A          ASL A                   A:BB80 X:0004 Y:BB80 P:eNvmxdizC
$9B/8614 90 05       BCC $05    [$861B]      A:7700 X:0004 Y:BB80 P:envmxdizC
$9B/8616 A8          TAY                     A:7700 X:0004 Y:BB80 P:envmxdizC
$9B/8617 8A          TXA                     A:7700 X:0004 Y:7700 P:envmxdizC
$9B/8618 04 16       TSB $16    [$00:0016]   A:0004 X:0004 Y:7700 P:envmxdizC
$9B/861A 98          TYA                     A:0004 X:0004 Y:7700 P:envmxdiZC
$9B/861B A8          TAY                     A:7700 X:0004 Y:7700 P:envmxdizC
$9B/861C 8A          TXA                     A:7700 X:0004 Y:7700 P:envmxdizC
$9B/861D 4A          LSR A                   A:0004 X:0004 Y:7700 P:envmxdizC
$9B/861E AA          TAX                     A:0002 X:0004 Y:7700 P:envmxdizc
$9B/861F E0 10 00    CPX #$0010              A:0002 X:0002 Y:7700 P:envmxdizc
$9B/8622 B0 D6       BCS $D6    [$85FA]      A:0002 X:0002 Y:7700 P:eNvmxdizc
$9B/8624 E0 00 00    CPX #$0000              A:0002 X:0002 Y:7700 P:eNvmxdizc
$9B/8627 F0 0E       BEQ $0E    [$8637]      A:0002 X:0002 Y:7700 P:envmxdizC
$9B/8629 E0 08 00    CPX #$0008              A:0002 X:0002 Y:7700 P:envmxdizC
$9B/862C 90 CC       BCC $CC    [$85FA]      A:0002 X:0002 Y:7700 P:eNvmxdizc
$9B/85FA 98          TYA                     A:0002 X:0002 Y:7700 P:eNvmxdizc
$9B/85FB 0A          ASL A                   A:7700 X:0002 Y:7700 P:envmxdizc
$9B/85FC 90 05       BCC $05    [$8603]      A:EE00 X:0002 Y:7700 P:eNvmxdizc
$9B/8603 0A          ASL A                   A:EE00 X:0002 Y:7700 P:eNvmxdizc
$9B/8604 90 05       BCC $05    [$860B]      A:DC00 X:0002 Y:7700 P:eNvmxdizC
$9B/8606 A8          TAY                     A:DC00 X:0002 Y:7700 P:eNvmxdizC
$9B/8607 8A          TXA                     A:DC00 X:0002 Y:DC00 P:eNvmxdizC
$9B/8608 04 14       TSB $14    [$00:0014]   A:0002 X:0002 Y:DC00 P:envmxdizC
$9B/860A 98          TYA                     A:0002 X:0002 Y:DC00 P:envmxdiZC
$9B/860B 0A          ASL A                   A:DC00 X:0002 Y:DC00 P:eNvmxdizC
$9B/860C 90 05       BCC $05    [$8613]      A:B800 X:0002 Y:DC00 P:eNvmxdizC
$9B/860E A8          TAY                     A:B800 X:0002 Y:DC00 P:eNvmxdizC
$9B/860F 8A          TXA                     A:B800 X:0002 Y:B800 P:eNvmxdizC
$9B/8610 04 17       TSB $17    [$00:0017]   A:0002 X:0002 Y:B800 P:envmxdizC
$9B/8612 98          TYA                     A:0002 X:0002 Y:B800 P:envmxdiZC
$9B/8613 0A          ASL A                   A:B800 X:0002 Y:B800 P:eNvmxdizC
$9B/8614 90 05       BCC $05    [$861B]      A:7000 X:0002 Y:B800 P:envmxdizC
$9B/8616 A8          TAY                     A:7000 X:0002 Y:B800 P:envmxdizC
$9B/8617 8A          TXA                     A:7000 X:0002 Y:7000 P:envmxdizC
$9B/8618 04 16       TSB $16    [$00:0016]   A:0002 X:0002 Y:7000 P:envmxdizC
$9B/861A 98          TYA                     A:0002 X:0002 Y:7000 P:envmxdiZC
$9B/861B A8          TAY                     A:7000 X:0002 Y:7000 P:envmxdizC
$9B/861C 8A          TXA                     A:7000 X:0002 Y:7000 P:envmxdizC
$9B/861D 4A          LSR A                   A:0002 X:0002 Y:7000 P:envmxdizC
$9B/861E AA          TAX                     A:0001 X:0002 Y:7000 P:envmxdizc
$9B/861F E0 10 00    CPX #$0010              A:0001 X:0001 Y:7000 P:envmxdizc
$9B/8622 B0 D6       BCS $D6    [$85FA]      A:0001 X:0001 Y:7000 P:eNvmxdizc
$9B/8624 E0 00 00    CPX #$0000              A:0001 X:0001 Y:7000 P:eNvmxdizc
$9B/8627 F0 0E       BEQ $0E    [$8637]      A:0001 X:0001 Y:7000 P:envmxdizC
$9B/8629 E0 08 00    CPX #$0008              A:0001 X:0001 Y:7000 P:envmxdizC
$9B/862C 90 CC       BCC $CC    [$85FA]      A:0001 X:0001 Y:7000 P:eNvmxdizc
$9B/85FA 98          TYA                     A:0001 X:0001 Y:7000 P:eNvmxdizc
$9B/85FB 0A          ASL A                   A:7000 X:0001 Y:7000 P:envmxdizc
$9B/85FC 90 05       BCC $05    [$8603]      A:E000 X:0001 Y:7000 P:eNvmxdizc
$9B/8603 0A          ASL A                   A:E000 X:0001 Y:7000 P:eNvmxdizc
$9B/8604 90 05       BCC $05    [$860B]      A:C000 X:0001 Y:7000 P:eNvmxdizC
$9B/8606 A8          TAY                     A:C000 X:0001 Y:7000 P:eNvmxdizC
$9B/8607 8A          TXA                     A:C000 X:0001 Y:C000 P:eNvmxdizC
$9B/8608 04 14       TSB $14    [$00:0014]   A:0001 X:0001 Y:C000 P:envmxdizC
$9B/860A 98          TYA                     A:0001 X:0001 Y:C000 P:envmxdiZC
$9B/860B 0A          ASL A                   A:C000 X:0001 Y:C000 P:eNvmxdizC
$9B/860C 90 05       BCC $05    [$8613]      A:8000 X:0001 Y:C000 P:eNvmxdizC
$9B/860E A8          TAY                     A:8000 X:0001 Y:C000 P:eNvmxdizC
$9B/860F 8A          TXA                     A:8000 X:0001 Y:8000 P:eNvmxdizC
$9B/8610 04 17       TSB $17    [$00:0017]   A:0001 X:0001 Y:8000 P:envmxdizC
$9B/8612 98          TYA                     A:0001 X:0001 Y:8000 P:envmxdiZC
$9B/8613 0A          ASL A                   A:8000 X:0001 Y:8000 P:eNvmxdizC
$9B/8614 90 05       BCC $05    [$861B]      A:0000 X:0001 Y:8000 P:envmxdiZC
$9B/8616 A8          TAY                     A:0000 X:0001 Y:8000 P:envmxdiZC
$9B/8617 8A          TXA                     A:0000 X:0001 Y:0000 P:envmxdiZC
$9B/8618 04 16       TSB $16    [$00:0016]   A:0001 X:0001 Y:0000 P:envmxdizC
$9B/861A 98          TYA                     A:0001 X:0001 Y:0000 P:envmxdiZC
$9B/861B A8          TAY                     A:0000 X:0001 Y:0000 P:envmxdiZC
$9B/861C 8A          TXA                     A:0000 X:0001 Y:0000 P:envmxdiZC
$9B/861D 4A          LSR A                   A:0001 X:0001 Y:0000 P:envmxdizC
$9B/861E AA          TAX                     A:0000 X:0001 Y:0000 P:envmxdiZC
$9B/861F E0 10 00    CPX #$0010              A:0000 X:0000 Y:0000 P:envmxdiZC
$9B/8622 B0 D6       BCS $D6    [$85FA]      A:0000 X:0000 Y:0000 P:eNvmxdizc
$9B/8624 E0 00 00    CPX #$0000              A:0000 X:0000 Y:0000 P:eNvmxdizc
$9B/8627 F0 0E       BEQ $0E    [$8637]      A:0000 X:0000 Y:0000 P:envmxdiZC
$9B/8637 A5 06       LDA $06    [$00:0006]   A:0000 X:0000 Y:0000 P:envmxdiZC
$9B/8639 1A          INC A                   A:0400 X:0000 Y:0000 P:envmxdizC
$9B/863A 1A          INC A                   A:0401 X:0000 Y:0000 P:envmxdizC
$9B/863B A8          TAY                     A:0402 X:0000 Y:0000 P:envmxdizC
$9B/863C 29 10 00    AND #$0010              A:0402 X:0000 Y:0402 P:envmxdizC
$9B/863F F0 06       BEQ $06    [$8647]      A:0000 X:0000 Y:0402 P:envmxdiZC
$9B/8647 84 06       STY $06    [$00:0006]   A:0000 X:0000 Y:0402 P:envmxdiZC
$9B/8649 A5 16       LDA $16    [$00:0016]   A:0000 X:0000 Y:0402 P:envmxdiZC
$9B/864B 91 10       STA ($10),y[$7F:5502]   A:0F07 X:0000 Y:0402 P:envmxdizC
$9B/864D 98          TYA                     A:0F07 X:0000 Y:0402 P:envmxdizC
$9B/864E 18          CLC                     A:0402 X:0000 Y:0402 P:envmxdizC
$9B/864F 69 10 00    ADC #$0010              A:0402 X:0000 Y:0402 P:envmxdizc
$9B/8652 A8          TAY                     A:0412 X:0000 Y:0402 P:envmxdizc
$9B/8653 A5 14       LDA $14    [$00:0014]   A:0412 X:0000 Y:0412 P:envmxdizc
$9B/8655 91 10       STA ($10),y[$7F:5512]   A:007F X:0000 Y:0412 P:envmxdizc
$9B/8657 E6 04       INC $04    [$00:0004]   A:007F X:0000 Y:0412 P:envmxdizc
$9B/8659 C6 00       DEC $00    [$00:0000]   A:007F X:0000 Y:0412 P:envmxdizc
$9B/865B 10 8B       BPL $8B    [$85E8]      A:007F X:0000 Y:0412 P:envmxdizc
$9B/85E8 A2 80 00    LDX #$0080              A:007F X:0000 Y:0412 P:envmxdizc
$9B/85EB 64 14       STZ $14    [$00:0014]   A:007F X:0080 Y:0412 P:envmxdizc
$9B/85ED 64 16       STZ $16    [$00:0016]   A:007F X:0080 Y:0412 P:envmxdizc
$9B/85EF A5 04       LDA $04    [$00:0004]   A:007F X:0080 Y:0412 P:envmxdizc
$9B/85F1 0A          ASL A                   A:0102 X:0080 Y:0412 P:envmxdizc
$9B/85F2 0A          ASL A                   A:0204 X:0080 Y:0412 P:envmxdizc
$9B/85F3 A8          TAY                     A:0408 X:0080 Y:0412 P:envmxdizc
$9B/85F4 B1 0C       LDA ($0C),y[$7F:0408]   A:0408 X:0080 Y:0408 P:envmxdizc
$9B/85F6 F0 E4       BEQ $E4    [$85DC]      A:44D4 X:0080 Y:0408 P:envmxdizc
$9B/85F8 EB          XBA                     A:44D4 X:0080 Y:0408 P:envmxdizc
$9B/85F9 A8          TAY                     A:D444 X:0080 Y:0408 P:envmxdizc
$9B/85FA 98          TYA                     A:D444 X:0080 Y:D444 P:eNvmxdizc
$9B/85FB 0A          ASL A                   A:D444 X:0080 Y:D444 P:eNvmxdizc
$9B/85FC 90 05       BCC $05    [$8603]      A:A888 X:0080 Y:D444 P:eNvmxdizC
$9B/85FE A8          TAY                     A:A888 X:0080 Y:D444 P:eNvmxdizC
$9B/85FF 8A          TXA                     A:A888 X:0080 Y:A888 P:eNvmxdizC
$9B/8600 04 15       TSB $15    [$00:0015]   A:0080 X:0080 Y:A888 P:envmxdizC
$9B/8602 98          TYA                     A:0080 X:0080 Y:A888 P:envmxdiZC
$9B/8603 0A          ASL A                   A:A888 X:0080 Y:A888 P:eNvmxdizC
$9B/8604 90 05       BCC $05    [$860B]      A:5110 X:0080 Y:A888 P:envmxdizC
$9B/8606 A8          TAY                     A:5110 X:0080 Y:A888 P:envmxdizC
$9B/8607 8A          TXA                     A:5110 X:0080 Y:5110 P:envmxdizC
$9B/8608 04 14       TSB $14    [$00:0014]   A:0080 X:0080 Y:5110 P:envmxdizC
$9B/860A 98          TYA                     A:0080 X:0080 Y:5110 P:envmxdiZC
$9B/860B 0A          ASL A                   A:5110 X:0080 Y:5110 P:envmxdizC
$9B/860C 90 05       BCC $05    [$8613]      A:A220 X:0080 Y:5110 P:eNvmxdizc
$9B/8613 0A          ASL A                   A:A220 X:0080 Y:5110 P:eNvmxdizc
$9B/8614 90 05       BCC $05    [$861B]      A:4440 X:0080 Y:5110 P:envmxdizC
$9B/8616 A8          TAY                     A:4440 X:0080 Y:5110 P:envmxdizC
$9B/8617 8A          TXA                     A:4440 X:0080 Y:4440 P:envmxdizC
$9B/8618 04 16       TSB $16    [$00:0016]   A:0080 X:0080 Y:4440 P:envmxdizC
$9B/861A 98          TYA                     A:0080 X:0080 Y:4440 P:envmxdiZC
$9B/861B A8          TAY                     A:4440 X:0080 Y:4440 P:envmxdizC
$9B/861C 8A          TXA                     A:4440 X:0080 Y:4440 P:envmxdizC
$9B/861D 4A          LSR A                   A:0080 X:0080 Y:4440 P:envmxdizC
$9B/861E AA          TAX                     A:0040 X:0080 Y:4440 P:envmxdizc
$9B/861F E0 10 00    CPX #$0010              A:0040 X:0040 Y:4440 P:envmxdizc
$9B/8622 B0 D6       BCS $D6    [$85FA]      A:0040 X:0040 Y:4440 P:envmxdizC
$9B/85FA 98          TYA                     A:0040 X:0040 Y:4440 P:envmxdizC
$9B/85FB 0A          ASL A                   A:4440 X:0040 Y:4440 P:envmxdizC
$9B/85FC 90 05       BCC $05    [$8603]      A:8880 X:0040 Y:4440 P:eNvmxdizc
$9B/8603 0A          ASL A                   A:8880 X:0040 Y:4440 P:eNvmxdizc
$9B/8604 90 05       BCC $05    [$860B]      A:1100 X:0040 Y:4440 P:envmxdizC
$9B/8606 A8          TAY                     A:1100 X:0040 Y:4440 P:envmxdizC
$9B/8607 8A          TXA                     A:1100 X:0040 Y:1100 P:envmxdizC
$9B/8608 04 14       TSB $14    [$00:0014]   A:0040 X:0040 Y:1100 P:envmxdizC
$9B/860A 98          TYA                     A:0040 X:0040 Y:1100 P:envmxdiZC
$9B/860B 0A          ASL A                   A:1100 X:0040 Y:1100 P:envmxdizC
$9B/860C 90 05       BCC $05    [$8613]      A:2200 X:0040 Y:1100 P:envmxdizc
$9B/8613 0A          ASL A                   A:2200 X:0040 Y:1100 P:envmxdizc
$9B/8614 90 05       BCC $05    [$861B]      A:4400 X:0040 Y:1100 P:envmxdizc
$9B/861B A8          TAY                     A:4400 X:0040 Y:1100 P:envmxdizc
$9B/861C 8A          TXA                     A:4400 X:0040 Y:4400 P:envmxdizc
$9B/861D 4A          LSR A                   A:0040 X:0040 Y:4400 P:envmxdizc
$9B/861E AA          TAX                     A:0020 X:0040 Y:4400 P:envmxdizc
$9B/861F E0 10 00    CPX #$0010              A:0020 X:0020 Y:4400 P:envmxdizc
$9B/8622 B0 D6       BCS $D6    [$85FA]      A:0020 X:0020 Y:4400 P:envmxdizC
$9B/85FA 98          TYA                     A:0020 X:0020 Y:4400 P:envmxdizC
$9B/85FB 0A          ASL A                   A:4400 X:0020 Y:4400 P:envmxdizC
$9B/85FC 90 05       BCC $05    [$8603]      A:8800 X:0020 Y:4400 P:eNvmxdizc
$9B/8603 0A          ASL A                   A:8800 X:0020 Y:4400 P:eNvmxdizc
$9B/8604 90 05       BCC $05    [$860B]      A:1000 X:0020 Y:4400 P:envmxdizC
$9B/8606 A8          TAY                     A:1000 X:0020 Y:4400 P:envmxdizC
$9B/8607 8A          TXA                     A:1000 X:0020 Y:1000 P:envmxdizC
$9B/8608 04 14       TSB $14    [$00:0014]   A:0020 X:0020 Y:1000 P:envmxdizC
$9B/860A 98          TYA                     A:0020 X:0020 Y:1000 P:envmxdiZC
$9B/860B 0A          ASL A                   A:1000 X:0020 Y:1000 P:envmxdizC
$9B/860C 90 05       BCC $05    [$8613]      A:2000 X:0020 Y:1000 P:envmxdizc
$9B/8613 0A          ASL A                   A:2000 X:0020 Y:1000 P:envmxdizc
$9B/8614 90 05       BCC $05    [$861B]      A:4000 X:0020 Y:1000 P:envmxdizc
$9B/861B A8          TAY                     A:4000 X:0020 Y:1000 P:envmxdizc
$9B/861C 8A          TXA                     A:4000 X:0020 Y:4000 P:envmxdizc
$9B/861D 4A          LSR A                   A:0020 X:0020 Y:4000 P:envmxdizc
$9B/861E AA          TAX                     A:0010 X:0020 Y:4000 P:envmxdizc
$9B/861F E0 10 00    CPX #$0010              A:0010 X:0010 Y:4000 P:envmxdizc
$9B/8622 B0 D6       BCS $D6    [$85FA]      A:0010 X:0010 Y:4000 P:envmxdiZC
$9B/85FA 98          TYA                     A:0010 X:0010 Y:4000 P:envmxdiZC
$9B/85FB 0A          ASL A                   A:4000 X:0010 Y:4000 P:envmxdizC
$9B/85FC 90 05       BCC $05    [$8603]      A:8000 X:0010 Y:4000 P:eNvmxdizc
$9B/8603 0A          ASL A                   A:8000 X:0010 Y:4000 P:eNvmxdizc
$9B/8604 90 05       BCC $05    [$860B]      A:0000 X:0010 Y:4000 P:envmxdiZC
$9B/8606 A8          TAY                     A:0000 X:0010 Y:4000 P:envmxdiZC
$9B/8607 8A          TXA                     A:0000 X:0010 Y:0000 P:envmxdiZC
$9B/8608 04 14       TSB $14    [$00:0014]   A:0010 X:0010 Y:0000 P:envmxdizC
$9B/860A 98          TYA                     A:0010 X:0010 Y:0000 P:envmxdiZC
$9B/860B 0A          ASL A                   A:0000 X:0010 Y:0000 P:envmxdiZC
$9B/860C 90 05       BCC $05    [$8613]      A:0000 X:0010 Y:0000 P:envmxdiZc
$9B/8613 0A          ASL A                   A:0000 X:0010 Y:0000 P:envmxdiZc
$9B/8614 90 05       BCC $05    [$861B]      A:0000 X:0010 Y:0000 P:envmxdiZc
$9B/861B A8          TAY                     A:0000 X:0010 Y:0000 P:envmxdiZc
$9B/861C 8A          TXA                     A:0000 X:0010 Y:0000 P:envmxdiZc
$9B/861D 4A          LSR A                   A:0010 X:0010 Y:0000 P:envmxdizc
$9B/861E AA          TAX                     A:0008 X:0010 Y:0000 P:envmxdizc
$9B/861F E0 10 00    CPX #$0010              A:0008 X:0008 Y:0000 P:envmxdizc
$9B/8622 B0 D6       BCS $D6    [$85FA]      A:0008 X:0008 Y:0000 P:eNvmxdizc
$9B/8624 E0 00 00    CPX #$0000              A:0008 X:0008 Y:0000 P:eNvmxdizc
$9B/8627 F0 0E       BEQ $0E    [$8637]      A:0008 X:0008 Y:0000 P:envmxdizC
$9B/8629 E0 08 00    CPX #$0008              A:0008 X:0008 Y:0000 P:envmxdizC
$9B/862C 90 CC       BCC $CC    [$85FA]      A:0008 X:0008 Y:0000 P:envmxdiZC
$9B/862E A5 04       LDA $04    [$00:0004]   A:0008 X:0008 Y:0000 P:envmxdiZC
$9B/8630 0A          ASL A                   A:0102 X:0008 Y:0000 P:envmxdizC
$9B/8631 0A          ASL A                   A:0204 X:0008 Y:0000 P:envmxdizc
$9B/8632 A8          TAY                     A:0408 X:0008 Y:0000 P:envmxdizc
$9B/8633 C8          INY                     A:0408 X:0008 Y:0408 P:envmxdizc
$9B/8634 C8          INY                     A:0408 X:0008 Y:0409 P:envmxdizc
$9B/8635 80 BD       BRA $BD    [$85F4]      A:0408 X:0008 Y:040A P:envmxdizc
$9B/85F4 B1 0C       LDA ($0C),y[$7F:040A]   A:0408 X:0008 Y:040A P:envmxdizc
$9B/85F6 F0 E4       BEQ $E4    [$85DC]      A:5544 X:0008 Y:040A P:envmxdizc
$9B/85F8 EB          XBA                     A:5544 X:0008 Y:040A P:envmxdizc
$9B/85F9 A8          TAY                     A:4455 X:0008 Y:040A P:envmxdizc
$9B/85FA 98          TYA                     A:4455 X:0008 Y:4455 P:envmxdizc
$9B/85FB 0A          ASL A                   A:4455 X:0008 Y:4455 P:envmxdizc
$9B/85FC 90 05       BCC $05    [$8603]      A:88AA X:0008 Y:4455 P:eNvmxdizc
$9B/8603 0A          ASL A                   A:88AA X:0008 Y:4455 P:eNvmxdizc
$9B/8604 90 05       BCC $05    [$860B]      A:1154 X:0008 Y:4455 P:envmxdizC
$9B/8606 A8          TAY                     A:1154 X:0008 Y:4455 P:envmxdizC
$9B/8607 8A          TXA                     A:1154 X:0008 Y:1154 P:envmxdizC
$9B/8608 04 14       TSB $14    [$00:0014]   A:0008 X:0008 Y:1154 P:envmxdizC
$9B/860A 98          TYA                     A:0008 X:0008 Y:1154 P:envmxdiZC
$9B/860B 0A          ASL A                   A:1154 X:0008 Y:1154 P:envmxdizC
$9B/860C 90 05       BCC $05    [$8613]      A:22A8 X:0008 Y:1154 P:envmxdizc
$9B/8613 0A          ASL A                   A:22A8 X:0008 Y:1154 P:envmxdizc
$9B/8614 90 05       BCC $05    [$861B]      A:4550 X:0008 Y:1154 P:envmxdizc
$9B/861B A8          TAY                     A:4550 X:0008 Y:1154 P:envmxdizc
$9B/861C 8A          TXA                     A:4550 X:0008 Y:4550 P:envmxdizc
$9B/861D 4A          LSR A                   A:0008 X:0008 Y:4550 P:envmxdizc
$9B/861E AA          TAX                     A:0004 X:0008 Y:4550 P:envmxdizc
$9B/861F E0 10 00    CPX #$0010              A:0004 X:0004 Y:4550 P:envmxdizc
$9B/8622 B0 D6       BCS $D6    [$85FA]      A:0004 X:0004 Y:4550 P:eNvmxdizc
$9B/8624 E0 00 00    CPX #$0000              A:0004 X:0004 Y:4550 P:eNvmxdizc
$9B/8627 F0 0E       BEQ $0E    [$8637]      A:0004 X:0004 Y:4550 P:envmxdizC
$9B/8629 E0 08 00    CPX #$0008              A:0004 X:0004 Y:4550 P:envmxdizC
$9B/862C 90 CC       BCC $CC    [$85FA]      A:0004 X:0004 Y:4550 P:eNvmxdizc
$9B/85FA 98          TYA                     A:0004 X:0004 Y:4550 P:eNvmxdizc
$9B/85FB 0A          ASL A                   A:4550 X:0004 Y:4550 P:envmxdizc
$9B/85FC 90 05       BCC $05    [$8603]      A:8AA0 X:0004 Y:4550 P:eNvmxdizc
$9B/8603 0A          ASL A                   A:8AA0 X:0004 Y:4550 P:eNvmxdizc
$9B/8604 90 05       BCC $05    [$860B]      A:1540 X:0004 Y:4550 P:envmxdizC
$9B/8606 A8          TAY                     A:1540 X:0004 Y:4550 P:envmxdizC
$9B/8607 8A          TXA                     A:1540 X:0004 Y:1540 P:envmxdizC
$9B/8608 04 14       TSB $14    [$00:0014]   A:0004 X:0004 Y:1540 P:envmxdizC
$9B/860A 98          TYA                     A:0004 X:0004 Y:1540 P:envmxdiZC
$9B/860B 0A          ASL A                   A:1540 X:0004 Y:1540 P:envmxdizC
$9B/860C 90 05       BCC $05    [$8613]      A:2A80 X:0004 Y:1540 P:envmxdizc
$9B/8613 0A          ASL A                   A:2A80 X:0004 Y:1540 P:envmxdizc
$9B/8614 90 05       BCC $05    [$861B]      A:5500 X:0004 Y:1540 P:envmxdizc
$9B/861B A8          TAY                     A:5500 X:0004 Y:1540 P:envmxdizc
$9B/861C 8A          TXA                     A:5500 X:0004 Y:5500 P:envmxdizc
$9B/861D 4A          LSR A                   A:0004 X:0004 Y:5500 P:envmxdizc
$9B/861E AA          TAX                     A:0002 X:0004 Y:5500 P:envmxdizc
$9B/861F E0 10 00    CPX #$0010              A:0002 X:0002 Y:5500 P:envmxdizc
$9B/8622 B0 D6       BCS $D6    [$85FA]      A:0002 X:0002 Y:5500 P:eNvmxdizc
$9B/8624 E0 00 00    CPX #$0000              A:0002 X:0002 Y:5500 P:eNvmxdizc
$9B/8627 F0 0E       BEQ $0E    [$8637]      A:0002 X:0002 Y:5500 P:envmxdizC
$9B/8629 E0 08 00    CPX #$0008              A:0002 X:0002 Y:5500 P:envmxdizC
$9B/862C 90 CC       BCC $CC    [$85FA]      A:0002 X:0002 Y:5500 P:eNvmxdizc
$9B/85FA 98          TYA                     A:0002 X:0002 Y:5500 P:eNvmxdizc
$9B/85FB 0A          ASL A                   A:5500 X:0002 Y:5500 P:envmxdizc
$9B/85FC 90 05       BCC $05    [$8603]      A:AA00 X:0002 Y:5500 P:eNvmxdizc
$9B/8603 0A          ASL A                   A:AA00 X:0002 Y:5500 P:eNvmxdizc
$9B/8604 90 05       BCC $05    [$860B]      A:5400 X:0002 Y:5500 P:envmxdizC
$9B/8606 A8          TAY                     A:5400 X:0002 Y:5500 P:envmxdizC
$9B/8607 8A          TXA                     A:5400 X:0002 Y:5400 P:envmxdizC
$9B/8608 04 14       TSB $14    [$00:0014]   A:0002 X:0002 Y:5400 P:envmxdizC
$9B/860A 98          TYA                     A:0002 X:0002 Y:5400 P:envmxdiZC
$9B/860B 0A          ASL A                   A:5400 X:0002 Y:5400 P:envmxdizC
$9B/860C 90 05       BCC $05    [$8613]      A:A800 X:0002 Y:5400 P:eNvmxdizc
$9B/8613 0A          ASL A                   A:A800 X:0002 Y:5400 P:eNvmxdizc
$9B/8614 90 05       BCC $05    [$861B]      A:5000 X:0002 Y:5400 P:envmxdizC
$9B/8616 A8          TAY                     A:5000 X:0002 Y:5400 P:envmxdizC
$9B/8617 8A          TXA                     A:5000 X:0002 Y:5000 P:envmxdizC
$9B/8618 04 16       TSB $16    [$00:0016]   A:0002 X:0002 Y:5000 P:envmxdizC
$9B/861A 98          TYA                     A:0002 X:0002 Y:5000 P:envmxdiZC
$9B/861B A8          TAY                     A:5000 X:0002 Y:5000 P:envmxdizC
$9B/861C 8A          TXA                     A:5000 X:0002 Y:5000 P:envmxdizC
$9B/861D 4A          LSR A                   A:0002 X:0002 Y:5000 P:envmxdizC
$9B/861E AA          TAX                     A:0001 X:0002 Y:5000 P:envmxdizc
$9B/861F E0 10 00    CPX #$0010              A:0001 X:0001 Y:5000 P:envmxdizc
$9B/8622 B0 D6       BCS $D6    [$85FA]      A:0001 X:0001 Y:5000 P:eNvmxdizc
$9B/8624 E0 00 00    CPX #$0000              A:0001 X:0001 Y:5000 P:eNvmxdizc
$9B/8627 F0 0E       BEQ $0E    [$8637]      A:0001 X:0001 Y:5000 P:envmxdizC
$9B/8629 E0 08 00    CPX #$0008              A:0001 X:0001 Y:5000 P:envmxdizC
$9B/862C 90 CC       BCC $CC    [$85FA]      A:0001 X:0001 Y:5000 P:eNvmxdizc
$9B/85FA 98          TYA                     A:0001 X:0001 Y:5000 P:eNvmxdizc
$9B/85FB 0A          ASL A                   A:5000 X:0001 Y:5000 P:envmxdizc
$9B/85FC 90 05       BCC $05    [$8603]      A:A000 X:0001 Y:5000 P:eNvmxdizc
$9B/8603 0A          ASL A                   A:A000 X:0001 Y:5000 P:eNvmxdizc
$9B/8604 90 05       BCC $05    [$860B]      A:4000 X:0001 Y:5000 P:envmxdizC
$9B/8606 A8          TAY                     A:4000 X:0001 Y:5000 P:envmxdizC
$9B/8607 8A          TXA                     A:4000 X:0001 Y:4000 P:envmxdizC
$9B/8608 04 14       TSB $14    [$00:0014]   A:0001 X:0001 Y:4000 P:envmxdizC
$9B/860A 98          TYA                     A:0001 X:0001 Y:4000 P:envmxdiZC
$9B/860B 0A          ASL A                   A:4000 X:0001 Y:4000 P:envmxdizC
$9B/860C 90 05       BCC $05    [$8613]      A:8000 X:0001 Y:4000 P:eNvmxdizc
$9B/8613 0A          ASL A                   A:8000 X:0001 Y:4000 P:eNvmxdizc
$9B/8614 90 05       BCC $05    [$861B]      A:0000 X:0001 Y:4000 P:envmxdiZC
$9B/8616 A8          TAY                     A:0000 X:0001 Y:4000 P:envmxdiZC
$9B/8617 8A          TXA                     A:0000 X:0001 Y:0000 P:envmxdiZC
$9B/8618 04 16       TSB $16    [$00:0016]   A:0001 X:0001 Y:0000 P:envmxdizC
$9B/861A 98          TYA                     A:0001 X:0001 Y:0000 P:envmxdiZC
$9B/861B A8          TAY                     A:0000 X:0001 Y:0000 P:envmxdiZC
$9B/861C 8A          TXA                     A:0000 X:0001 Y:0000 P:envmxdiZC
$9B/861D 4A          LSR A                   A:0001 X:0001 Y:0000 P:envmxdizC
$9B/861E AA          TAX                     A:0000 X:0001 Y:0000 P:envmxdiZC
$9B/861F E0 10 00    CPX #$0010              A:0000 X:0000 Y:0000 P:envmxdiZC
$9B/8622 B0 D6       BCS $D6    [$85FA]      A:0000 X:0000 Y:0000 P:eNvmxdizc
$9B/8624 E0 00 00    CPX #$0000              A:0000 X:0000 Y:0000 P:eNvmxdizc
$9B/8627 F0 0E       BEQ $0E    [$8637]      A:0000 X:0000 Y:0000 P:envmxdiZC
$9B/8637 A5 06       LDA $06    [$00:0006]   A:0000 X:0000 Y:0000 P:envmxdiZC
$9B/8639 1A          INC A                   A:0402 X:0000 Y:0000 P:envmxdizC
$9B/863A 1A          INC A                   A:0403 X:0000 Y:0000 P:envmxdizC
$9B/863B A8          TAY                     A:0404 X:0000 Y:0000 P:envmxdizC
$9B/863C 29 10 00    AND #$0010              A:0404 X:0000 Y:0404 P:envmxdizC
$9B/863F F0 06       BEQ $06    [$8647]      A:0000 X:0000 Y:0404 P:envmxdiZC
$9B/8647 84 06       STY $06    [$00:0006]   A:0000 X:0000 Y:0404 P:envmxdiZC
$9B/8649 A5 16       LDA $16    [$00:0016]   A:0000 X:0000 Y:0404 P:envmxdiZC
$9B/864B 91 10       STA ($10),y[$7F:5504]   A:0083 X:0000 Y:0404 P:envmxdizC
$9B/864D 98          TYA                     A:0083 X:0000 Y:0404 P:envmxdizC
$9B/864E 18          CLC                     A:0404 X:0000 Y:0404 P:envmxdizC
$9B/864F 69 10 00    ADC #$0010              A:0404 X:0000 Y:0404 P:envmxdizc
$9B/8652 A8          TAY                     A:0414 X:0000 Y:0404 P:envmxdizc
$9B/8653 A5 14       LDA $14    [$00:0014]   A:0414 X:0000 Y:0414 P:envmxdizc
$9B/8655 91 10       STA ($10),y[$7F:5514]   A:80FF X:0000 Y:0414 P:eNvmxdizc
$9B/8657 E6 04       INC $04    [$00:0004]   A:80FF X:0000 Y:0414 P:eNvmxdizc
$9B/8659 C6 00       DEC $00    [$00:0000]   A:80FF X:0000 Y:0414 P:envmxdizc
$9B/865B 10 8B       BPL $8B    [$85E8]      A:80FF X:0000 Y:0414 P:envmxdizc
$9B/85E8 A2 80 00    LDX #$0080              A:80FF X:0000 Y:0414 P:envmxdizc
$9B/85EB 64 14       STZ $14    [$00:0014]   A:80FF X:0080 Y:0414 P:envmxdizc
$9B/85ED 64 16       STZ $16    [$00:0016]   A:80FF X:0080 Y:0414 P:envmxdizc
$9B/85EF A5 04       LDA $04    [$00:0004]   A:80FF X:0080 Y:0414 P:envmxdizc
$9B/85F1 0A          ASL A                   A:0103 X:0080 Y:0414 P:envmxdizc
$9B/85F2 0A          ASL A                   A:0206 X:0080 Y:0414 P:envmxdizc
$9B/85F3 A8          TAY                     A:040C X:0080 Y:0414 P:envmxdizc
$9B/85F4 B1 0C       LDA ($0C),y[$7F:040C]   A:040C X:0080 Y:040C P:envmxdizc
$9B/85F6 F0 E4       BEQ $E4    [$85DC]      A:44D4 X:0080 Y:040C P:envmxdizc
$9B/85F8 EB          XBA                     A:44D4 X:0080 Y:040C P:envmxdizc
$9B/85F9 A8          TAY                     A:D444 X:0080 Y:040C P:envmxdizc
$9B/85FA 98          TYA                     A:D444 X:0080 Y:D444 P:eNvmxdizc
$9B/85FB 0A          ASL A                   A:D444 X:0080 Y:D444 P:eNvmxdizc
$9B/85FC 90 05       BCC $05    [$8603]      A:A888 X:0080 Y:D444 P:eNvmxdizC
$9B/85FE A8          TAY                     A:A888 X:0080 Y:D444 P:eNvmxdizC
$9B/85FF 8A          TXA                     A:A888 X:0080 Y:A888 P:eNvmxdizC
$9B/8600 04 15       TSB $15    [$00:0015]   A:0080 X:0080 Y:A888 P:envmxdizC
$9B/8602 98          TYA                     A:0080 X:0080 Y:A888 P:envmxdiZC
$9B/8603 0A          ASL A                   A:A888 X:0080 Y:A888 P:eNvmxdizC
$9B/8604 90 05       BCC $05    [$860B]      A:5110 X:0080 Y:A888 P:envmxdizC
$9B/8606 A8          TAY                     A:5110 X:0080 Y:A888 P:envmxdizC
$9B/8607 8A          TXA                     A:5110 X:0080 Y:5110 P:envmxdizC
$9B/8608 04 14       TSB $14    [$00:0014]   A:0080 X:0080 Y:5110 P:envmxdizC
$9B/860A 98          TYA                     A:0080 X:0080 Y:5110 P:envmxdiZC
$9B/860B 0A          ASL A                   A:5110 X:0080 Y:5110 P:envmxdizC
$9B/860C 90 05       BCC $05    [$8613]      A:A220 X:0080 Y:5110 P:eNvmxdizc
$9B/8613 0A          ASL A                   A:A220 X:0080 Y:5110 P:eNvmxdizc
$9B/8614 90 05       BCC $05    [$861B]      A:4440 X:0080 Y:5110 P:envmxdizC
$9B/8616 A8          TAY                     A:4440 X:0080 Y:5110 P:envmxdizC
$9B/8617 8A          TXA                     A:4440 X:0080 Y:4440 P:envmxdizC
$9B/8618 04 16       TSB $16    [$00:0016]   A:0080 X:0080 Y:4440 P:envmxdizC
$9B/861A 98          TYA                     A:0080 X:0080 Y:4440 P:envmxdiZC
$9B/861B A8          TAY                     A:4440 X:0080 Y:4440 P:envmxdizC
$9B/861C 8A          TXA                     A:4440 X:0080 Y:4440 P:envmxdizC
$9B/861D 4A          LSR A                   A:0080 X:0080 Y:4440 P:envmxdizC
$9B/861E AA          TAX                     A:0040 X:0080 Y:4440 P:envmxdizc
$9B/861F E0 10 00    CPX #$0010              A:0040 X:0040 Y:4440 P:envmxdizc
$9B/8622 B0 D6       BCS $D6    [$85FA]      A:0040 X:0040 Y:4440 P:envmxdizC
$9B/85FA 98          TYA                     A:0040 X:0040 Y:4440 P:envmxdizC
$9B/85FB 0A          ASL A                   A:4440 X:0040 Y:4440 P:envmxdizC
$9B/85FC 90 05       BCC $05    [$8603]      A:8880 X:0040 Y:4440 P:eNvmxdizc
$9B/8603 0A          ASL A                   A:8880 X:0040 Y:4440 P:eNvmxdizc
$9B/8604 90 05       BCC $05    [$860B]      A:1100 X:0040 Y:4440 P:envmxdizC
$9B/8606 A8          TAY                     A:1100 X:0040 Y:4440 P:envmxdizC
$9B/8607 8A          TXA                     A:1100 X:0040 Y:1100 P:envmxdizC
$9B/8608 04 14       TSB $14    [$00:0014]   A:0040 X:0040 Y:1100 P:envmxdizC
$9B/860A 98          TYA                     A:0040 X:0040 Y:1100 P:envmxdiZC
$9B/860B 0A          ASL A                   A:1100 X:0040 Y:1100 P:envmxdizC
$9B/860C 90 05       BCC $05    [$8613]      A:2200 X:0040 Y:1100 P:envmxdizc
$9B/8613 0A          ASL A                   A:2200 X:0040 Y:1100 P:envmxdizc
$9B/8614 90 05       BCC $05    [$861B]      A:4400 X:0040 Y:1100 P:envmxdizc
$9B/861B A8          TAY                     A:4400 X:0040 Y:1100 P:envmxdizc
$9B/861C 8A          TXA                     A:4400 X:0040 Y:4400 P:envmxdizc
$9B/861D 4A          LSR A                   A:0040 X:0040 Y:4400 P:envmxdizc
$9B/861E AA          TAX                     A:0020 X:0040 Y:4400 P:envmxdizc
$9B/861F E0 10 00    CPX #$0010              A:0020 X:0020 Y:4400 P:envmxdizc
$9B/8622 B0 D6       BCS $D6    [$85FA]      A:0020 X:0020 Y:4400 P:envmxdizC
$9B/85FA 98          TYA                     A:0020 X:0020 Y:4400 P:envmxdizC
$9B/85FB 0A          ASL A                   A:4400 X:0020 Y:4400 P:envmxdizC
$9B/85FC 90 05       BCC $05    [$8603]      A:8800 X:0020 Y:4400 P:eNvmxdizc
$9B/8603 0A          ASL A                   A:8800 X:0020 Y:4400 P:eNvmxdizc
$9B/8604 90 05       BCC $05    [$860B]      A:1000 X:0020 Y:4400 P:envmxdizC
$9B/8606 A8          TAY                     A:1000 X:0020 Y:4400 P:envmxdizC
$9B/8607 8A          TXA                     A:1000 X:0020 Y:1000 P:envmxdizC
$9B/8608 04 14       TSB $14    [$00:0014]   A:0020 X:0020 Y:1000 P:envmxdizC
$9B/860A 98          TYA                     A:0020 X:0020 Y:1000 P:envmxdiZC
$9B/860B 0A          ASL A                   A:1000 X:0020 Y:1000 P:envmxdizC
$9B/860C 90 05       BCC $05    [$8613]      A:2000 X:0020 Y:1000 P:envmxdizc
$9B/8613 0A          ASL A                   A:2000 X:0020 Y:1000 P:envmxdizc
$9B/8614 90 05       BCC $05    [$861B]      A:4000 X:0020 Y:1000 P:envmxdizc
$9B/861B A8          TAY                     A:4000 X:0020 Y:1000 P:envmxdizc
$9B/861C 8A          TXA                     A:4000 X:0020 Y:4000 P:envmxdizc
$9B/861D 4A          LSR A                   A:0020 X:0020 Y:4000 P:envmxdizc
$9B/861E AA          TAX                     A:0010 X:0020 Y:4000 P:envmxdizc
$9B/861F E0 10 00    CPX #$0010              A:0010 X:0010 Y:4000 P:envmxdizc
$9B/8622 B0 D6       BCS $D6    [$85FA]      A:0010 X:0010 Y:4000 P:envmxdiZC
$9B/85FA 98          TYA                     A:0010 X:0010 Y:4000 P:envmxdiZC
$9B/85FB 0A          ASL A                   A:4000 X:0010 Y:4000 P:envmxdizC
$9B/85FC 90 05       BCC $05    [$8603]      A:8000 X:0010 Y:4000 P:eNvmxdizc
$9B/8603 0A          ASL A                   A:8000 X:0010 Y:4000 P:eNvmxdizc
$9B/8604 90 05       BCC $05    [$860B]      A:0000 X:0010 Y:4000 P:envmxdiZC
$9B/8606 A8          TAY                     A:0000 X:0010 Y:4000 P:envmxdiZC
$9B/8607 8A          TXA                     A:0000 X:0010 Y:0000 P:envmxdiZC
$9B/8608 04 14       TSB $14    [$00:0014]   A:0010 X:0010 Y:0000 P:envmxdizC
$9B/860A 98          TYA                     A:0010 X:0010 Y:0000 P:envmxdiZC
$9B/860B 0A          ASL A                   A:0000 X:0010 Y:0000 P:envmxdiZC
$9B/860C 90 05       BCC $05    [$8613]      A:0000 X:0010 Y:0000 P:envmxdiZc
$9B/8613 0A          ASL A                   A:0000 X:0010 Y:0000 P:envmxdiZc
$9B/8614 90 05       BCC $05    [$861B]      A:0000 X:0010 Y:0000 P:envmxdiZc
$9B/861B A8          TAY                     A:0000 X:0010 Y:0000 P:envmxdiZc
$9B/861C 8A          TXA                     A:0000 X:0010 Y:0000 P:envmxdiZc
$9B/861D 4A          LSR A                   A:0010 X:0010 Y:0000 P:envmxdizc
$9B/861E AA          TAX                     A:0008 X:0010 Y:0000 P:envmxdizc
$9B/861F E0 10 00    CPX #$0010              A:0008 X:0008 Y:0000 P:envmxdizc
$9B/8622 B0 D6       BCS $D6    [$85FA]      A:0008 X:0008 Y:0000 P:eNvmxdizc
$9B/8624 E0 00 00    CPX #$0000              A:0008 X:0008 Y:0000 P:eNvmxdizc
$9B/8627 F0 0E       BEQ $0E    [$8637]      A:0008 X:0008 Y:0000 P:envmxdizC
$9B/8629 E0 08 00    CPX #$0008              A:0008 X:0008 Y:0000 P:envmxdizC
$9B/862C 90 CC       BCC $CC    [$85FA]      A:0008 X:0008 Y:0000 P:envmxdiZC
$9B/862E A5 04       LDA $04    [$00:0004]   A:0008 X:0008 Y:0000 P:envmxdiZC
$9B/8630 0A          ASL A                   A:0103 X:0008 Y:0000 P:envmxdizC
$9B/8631 0A          ASL A                   A:0206 X:0008 Y:0000 P:envmxdizc
$9B/8632 A8          TAY                     A:040C X:0008 Y:0000 P:envmxdizc
$9B/8633 C8          INY                     A:040C X:0008 Y:040C P:envmxdizc
$9B/8634 C8          INY                     A:040C X:0008 Y:040D P:envmxdizc
$9B/8635 80 BD       BRA $BD    [$85F4]      A:040C X:0008 Y:040E P:envmxdizc
$9B/85F4 B1 0C       LDA ($0C),y[$7F:040E]   A:040C X:0008 Y:040E P:envmxdizc
$9B/85F6 F0 E4       BEQ $E4    [$85DC]      A:4444 X:0008 Y:040E P:envmxdizc
$9B/85F8 EB          XBA                     A:4444 X:0008 Y:040E P:envmxdizc
$9B/85F9 A8          TAY                     A:4444 X:0008 Y:040E P:envmxdizc
$9B/85FA 98          TYA                     A:4444 X:0008 Y:4444 P:envmxdizc
$9B/85FB 0A          ASL A                   A:4444 X:0008 Y:4444 P:envmxdizc
$9B/85FC 90 05       BCC $05    [$8603]      A:8888 X:0008 Y:4444 P:eNvmxdizc
$9B/8603 0A          ASL A                   A:8888 X:0008 Y:4444 P:eNvmxdizc
$9B/8604 90 05       BCC $05    [$860B]      A:1110 X:0008 Y:4444 P:envmxdizC
$9B/8606 A8          TAY                     A:1110 X:0008 Y:4444 P:envmxdizC
$9B/8607 8A          TXA                     A:1110 X:0008 Y:1110 P:envmxdizC
$9B/8608 04 14       TSB $14    [$00:0014]   A:0008 X:0008 Y:1110 P:envmxdizC
$9B/860A 98          TYA                     A:0008 X:0008 Y:1110 P:envmxdiZC
$9B/860B 0A          ASL A                   A:1110 X:0008 Y:1110 P:envmxdizC
$9B/860C 90 05       BCC $05    [$8613]      A:2220 X:0008 Y:1110 P:envmxdizc
$9B/8613 0A          ASL A                   A:2220 X:0008 Y:1110 P:envmxdizc
$9B/8614 90 05       BCC $05    [$861B]      A:4440 X:0008 Y:1110 P:envmxdizc
$9B/861B A8          TAY                     A:4440 X:0008 Y:1110 P:envmxdizc
$9B/861C 8A          TXA                     A:4440 X:0008 Y:4440 P:envmxdizc
$9B/861D 4A          LSR A                   A:0008 X:0008 Y:4440 P:envmxdizc
$9B/861E AA          TAX                     A:0004 X:0008 Y:4440 P:envmxdizc
$9B/861F E0 10 00    CPX #$0010              A:0004 X:0004 Y:4440 P:envmxdizc
$9B/8622 B0 D6       BCS $D6    [$85FA]      A:0004 X:0004 Y:4440 P:eNvmxdizc
$9B/8624 E0 00 00    CPX #$0000              A:0004 X:0004 Y:4440 P:eNvmxdizc
$9B/8627 F0 0E       BEQ $0E    [$8637]      A:0004 X:0004 Y:4440 P:envmxdizC
$9B/8629 E0 08 00    CPX #$0008              A:0004 X:0004 Y:4440 P:envmxdizC
$9B/862C 90 CC       BCC $CC    [$85FA]      A:0004 X:0004 Y:4440 P:eNvmxdizc
$9B/85FA 98          TYA                     A:0004 X:0004 Y:4440 P:eNvmxdizc
$9B/85FB 0A          ASL A                   A:4440 X:0004 Y:4440 P:envmxdizc
$9B/85FC 90 05       BCC $05    [$8603]      A:8880 X:0004 Y:4440 P:eNvmxdizc
$9B/8603 0A          ASL A                   A:8880 X:0004 Y:4440 P:eNvmxdizc
$9B/8604 90 05       BCC $05    [$860B]      A:1100 X:0004 Y:4440 P:envmxdizC
$9B/8606 A8          TAY                     A:1100 X:0004 Y:4440 P:envmxdizC
$9B/8607 8A          TXA                     A:1100 X:0004 Y:1100 P:envmxdizC
$9B/8608 04 14       TSB $14    [$00:0014]   A:0004 X:0004 Y:1100 P:envmxdizC
$9B/860A 98          TYA                     A:0004 X:0004 Y:1100 P:envmxdiZC
$9B/860B 0A          ASL A                   A:1100 X:0004 Y:1100 P:envmxdizC
$9B/860C 90 05       BCC $05    [$8613]      A:2200 X:0004 Y:1100 P:envmxdizc
$9B/8613 0A          ASL A                   A:2200 X:0004 Y:1100 P:envmxdizc
$9B/8614 90 05       BCC $05    [$861B]      A:4400 X:0004 Y:1100 P:envmxdizc
$9B/861B A8          TAY                     A:4400 X:0004 Y:1100 P:envmxdizc
$9B/861C 8A          TXA                     A:4400 X:0004 Y:4400 P:envmxdizc
$9B/861D 4A          LSR A                   A:0004 X:0004 Y:4400 P:envmxdizc
$9B/861E AA          TAX                     A:0002 X:0004 Y:4400 P:envmxdizc
$9B/861F E0 10 00    CPX #$0010              A:0002 X:0002 Y:4400 P:envmxdizc
$9B/8622 B0 D6       BCS $D6    [$85FA]      A:0002 X:0002 Y:4400 P:eNvmxdizc
$9B/8624 E0 00 00    CPX #$0000              A:0002 X:0002 Y:4400 P:eNvmxdizc
$9B/8627 F0 0E       BEQ $0E    [$8637]      A:0002 X:0002 Y:4400 P:envmxdizC
$9B/8629 E0 08 00    CPX #$0008              A:0002 X:0002 Y:4400 P:envmxdizC
$9B/862C 90 CC       BCC $CC    [$85FA]      A:0002 X:0002 Y:4400 P:eNvmxdizc
$9B/85FA 98          TYA                     A:0002 X:0002 Y:4400 P:eNvmxdizc
$9B/85FB 0A          ASL A                   A:4400 X:0002 Y:4400 P:envmxdizc
$9B/85FC 90 05       BCC $05    [$8603]      A:8800 X:0002 Y:4400 P:eNvmxdizc
$9B/8603 0A          ASL A                   A:8800 X:0002 Y:4400 P:eNvmxdizc
$9B/8604 90 05       BCC $05    [$860B]      A:1000 X:0002 Y:4400 P:envmxdizC
$9B/8606 A8          TAY                     A:1000 X:0002 Y:4400 P:envmxdizC
$9B/8607 8A          TXA                     A:1000 X:0002 Y:1000 P:envmxdizC
$9B/8608 04 14       TSB $14    [$00:0014]   A:0002 X:0002 Y:1000 P:envmxdizC
$9B/860A 98          TYA                     A:0002 X:0002 Y:1000 P:envmxdiZC
$9B/860B 0A          ASL A                   A:1000 X:0002 Y:1000 P:envmxdizC
$9B/860C 90 05       BCC $05    [$8613]      A:2000 X:0002 Y:1000 P:envmxdizc
$9B/8613 0A          ASL A                   A:2000 X:0002 Y:1000 P:envmxdizc
$9B/8614 90 05       BCC $05    [$861B]      A:4000 X:0002 Y:1000 P:envmxdizc
$9B/861B A8          TAY                     A:4000 X:0002 Y:1000 P:envmxdizc
$9B/861C 8A          TXA                     A:4000 X:0002 Y:4000 P:envmxdizc
$9B/861D 4A          LSR A                   A:0002 X:0002 Y:4000 P:envmxdizc
$9B/861E AA          TAX                     A:0001 X:0002 Y:4000 P:envmxdizc
$9B/861F E0 10 00    CPX #$0010              A:0001 X:0001 Y:4000 P:envmxdizc
$9B/8622 B0 D6       BCS $D6    [$85FA]      A:0001 X:0001 Y:4000 P:eNvmxdizc
$9B/8624 E0 00 00    CPX #$0000              A:0001 X:0001 Y:4000 P:eNvmxdizc
$9B/8627 F0 0E       BEQ $0E    [$8637]      A:0001 X:0001 Y:4000 P:envmxdizC
$9B/8629 E0 08 00    CPX #$0008              A:0001 X:0001 Y:4000 P:envmxdizC
$9B/862C 90 CC       BCC $CC    [$85FA]      A:0001 X:0001 Y:4000 P:eNvmxdizc
$9B/85FA 98          TYA                     A:0001 X:0001 Y:4000 P:eNvmxdizc
$9B/85FB 0A          ASL A                   A:4000 X:0001 Y:4000 P:envmxdizc
$9B/85FC 90 05       BCC $05    [$8603]      A:8000 X:0001 Y:4000 P:eNvmxdizc
$9B/8603 0A          ASL A                   A:8000 X:0001 Y:4000 P:eNvmxdizc
$9B/8604 90 05       BCC $05    [$860B]      A:0000 X:0001 Y:4000 P:envmxdiZC
$9B/8606 A8          TAY                     A:0000 X:0001 Y:4000 P:envmxdiZC
$9B/8607 8A          TXA                     A:0000 X:0001 Y:0000 P:envmxdiZC
$9B/8608 04 14       TSB $14    [$00:0014]   A:0001 X:0001 Y:0000 P:envmxdizC
$9B/860A 98          TYA                     A:0001 X:0001 Y:0000 P:envmxdiZC
$9B/860B 0A          ASL A                   A:0000 X:0001 Y:0000 P:envmxdiZC
$9B/860C 90 05       BCC $05    [$8613]      A:0000 X:0001 Y:0000 P:envmxdiZc
$9B/8613 0A          ASL A                   A:0000 X:0001 Y:0000 P:envmxdiZc
$9B/8614 90 05       BCC $05    [$861B]      A:0000 X:0001 Y:0000 P:envmxdiZc
$9B/861B A8          TAY                     A:0000 X:0001 Y:0000 P:envmxdiZc
$9B/861C 8A          TXA                     A:0000 X:0001 Y:0000 P:envmxdiZc
$9B/861D 4A          LSR A                   A:0001 X:0001 Y:0000 P:envmxdizc
$9B/861E AA          TAX                     A:0000 X:0001 Y:0000 P:envmxdiZC
$9B/861F E0 10 00    CPX #$0010              A:0000 X:0000 Y:0000 P:envmxdiZC
$9B/8622 B0 D6       BCS $D6    [$85FA]      A:0000 X:0000 Y:0000 P:eNvmxdizc
$9B/8624 E0 00 00    CPX #$0000              A:0000 X:0000 Y:0000 P:eNvmxdizc
$9B/8627 F0 0E       BEQ $0E    [$8637]      A:0000 X:0000 Y:0000 P:envmxdiZC
$9B/8637 A5 06       LDA $06    [$00:0006]   A:0000 X:0000 Y:0000 P:envmxdiZC
$9B/8639 1A          INC A                   A:0404 X:0000 Y:0000 P:envmxdizC
$9B/863A 1A          INC A                   A:0405 X:0000 Y:0000 P:envmxdizC
$9B/863B A8          TAY                     A:0406 X:0000 Y:0000 P:envmxdizC
$9B/863C 29 10 00    AND #$0010              A:0406 X:0000 Y:0406 P:envmxdizC
$9B/863F F0 06       BEQ $06    [$8647]      A:0000 X:0000 Y:0406 P:envmxdiZC
$9B/8647 84 06       STY $06    [$00:0006]   A:0000 X:0000 Y:0406 P:envmxdiZC
$9B/8649 A5 16       LDA $16    [$00:0016]   A:0000 X:0000 Y:0406 P:envmxdiZC
$9B/864B 91 10       STA ($10),y[$7F:5506]   A:0080 X:0000 Y:0406 P:envmxdizC
$9B/864D 98          TYA                     A:0080 X:0000 Y:0406 P:envmxdizC
$9B/864E 18          CLC                     A:0406 X:0000 Y:0406 P:envmxdizC
$9B/864F 69 10 00    ADC #$0010              A:0406 X:0000 Y:0406 P:envmxdizc
$9B/8652 A8          TAY                     A:0416 X:0000 Y:0406 P:envmxdizc
$9B/8653 A5 14       LDA $14    [$00:0014]   A:0416 X:0000 Y:0416 P:envmxdizc
$9B/8655 91 10       STA ($10),y[$7F:5516]   A:80FF X:0000 Y:0416 P:eNvmxdizc
$9B/8657 E6 04       INC $04    [$00:0004]   A:80FF X:0000 Y:0416 P:eNvmxdizc
$9B/8659 C6 00       DEC $00    [$00:0000]   A:80FF X:0000 Y:0416 P:envmxdizc
$9B/865B 10 8B       BPL $8B    [$85E8]      A:80FF X:0000 Y:0416 P:envmxdizc
$9B/85E8 A2 80 00    LDX #$0080              A:80FF X:0000 Y:0416 P:envmxdizc
$9B/85EB 64 14       STZ $14    [$00:0014]   A:80FF X:0080 Y:0416 P:envmxdizc
$9B/85ED 64 16       STZ $16    [$00:0016]   A:80FF X:0080 Y:0416 P:envmxdizc
$9B/85EF A5 04       LDA $04    [$00:0004]   A:80FF X:0080 Y:0416 P:envmxdizc
$9B/85F1 0A          ASL A                   A:0104 X:0080 Y:0416 P:envmxdizc
$9B/85F2 0A          ASL A                   A:0208 X:0080 Y:0416 P:envmxdizc
$9B/85F3 A8          TAY                     A:0410 X:0080 Y:0416 P:envmxdizc
$9B/85F4 B1 0C       LDA ($0C),y[$7F:0410]   A:0410 X:0080 Y:0410 P:envmxdizc
$9B/85F6 F0 E4       BEQ $E4    [$85DC]      A:44D4 X:0080 Y:0410 P:envmxdizc
$9B/85F8 EB          XBA                     A:44D4 X:0080 Y:0410 P:envmxdizc
$9B/85F9 A8          TAY                     A:D444 X:0080 Y:0410 P:envmxdizc
$9B/85FA 98          TYA                     A:D444 X:0080 Y:D444 P:eNvmxdizc
$9B/85FB 0A          ASL A                   A:D444 X:0080 Y:D444 P:eNvmxdizc
$9B/85FC 90 05       BCC $05    [$8603]      A:A888 X:0080 Y:D444 P:eNvmxdizC
$9B/85FE A8          TAY                     A:A888 X:0080 Y:D444 P:eNvmxdizC
$9B/85FF 8A          TXA                     A:A888 X:0080 Y:A888 P:eNvmxdizC
$9B/8600 04 15       TSB $15    [$00:0015]   A:0080 X:0080 Y:A888 P:envmxdizC
$9B/8602 98          TYA                     A:0080 X:0080 Y:A888 P:envmxdiZC
$9B/8603 0A          ASL A                   A:A888 X:0080 Y:A888 P:eNvmxdizC
$9B/8604 90 05       BCC $05    [$860B]      A:5110 X:0080 Y:A888 P:envmxdizC
$9B/8606 A8          TAY                     A:5110 X:0080 Y:A888 P:envmxdizC
$9B/8607 8A          TXA                     A:5110 X:0080 Y:5110 P:envmxdizC
$9B/8608 04 14       TSB $14    [$00:0014]   A:0080 X:0080 Y:5110 P:envmxdizC
$9B/860A 98          TYA                     A:0080 X:0080 Y:5110 P:envmxdiZC
$9B/860B 0A          ASL A                   A:5110 X:0080 Y:5110 P:envmxdizC
$9B/860C 90 05       BCC $05    [$8613]      A:A220 X:0080 Y:5110 P:eNvmxdizc
$9B/8613 0A          ASL A                   A:A220 X:0080 Y:5110 P:eNvmxdizc
$9B/8614 90 05       BCC $05    [$861B]      A:4440 X:0080 Y:5110 P:envmxdizC
$9B/8616 A8          TAY                     A:4440 X:0080 Y:5110 P:envmxdizC
$9B/8617 8A          TXA                     A:4440 X:0080 Y:4440 P:envmxdizC
$9B/8618 04 16       TSB $16    [$00:0016]   A:0080 X:0080 Y:4440 P:envmxdizC
$9B/861A 98          TYA                     A:0080 X:0080 Y:4440 P:envmxdiZC
$9B/861B A8          TAY                     A:4440 X:0080 Y:4440 P:envmxdizC
$9B/861C 8A          TXA                     A:4440 X:0080 Y:4440 P:envmxdizC
$9B/861D 4A          LSR A                   A:0080 X:0080 Y:4440 P:envmxdizC
$9B/861E AA          TAX                     A:0040 X:0080 Y:4440 P:envmxdizc
$9B/861F E0 10 00    CPX #$0010              A:0040 X:0040 Y:4440 P:envmxdizc
$9B/8622 B0 D6       BCS $D6    [$85FA]      A:0040 X:0040 Y:4440 P:envmxdizC
$9B/85FA 98          TYA                     A:0040 X:0040 Y:4440 P:envmxdizC
$9B/85FB 0A          ASL A                   A:4440 X:0040 Y:4440 P:envmxdizC
$9B/85FC 90 05       BCC $05    [$8603]      A:8880 X:0040 Y:4440 P:eNvmxdizc
$9B/8603 0A          ASL A                   A:8880 X:0040 Y:4440 P:eNvmxdizc
$9B/8604 90 05       BCC $05    [$860B]      A:1100 X:0040 Y:4440 P:envmxdizC
$9B/8606 A8          TAY                     A:1100 X:0040 Y:4440 P:envmxdizC
$9B/8607 8A          TXA                     A:1100 X:0040 Y:1100 P:envmxdizC
$9B/8608 04 14       TSB $14    [$00:0014]   A:0040 X:0040 Y:1100 P:envmxdizC
$9B/860A 98          TYA                     A:0040 X:0040 Y:1100 P:envmxdiZC
$9B/860B 0A          ASL A                   A:1100 X:0040 Y:1100 P:envmxdizC
$9B/860C 90 05       BCC $05    [$8613]      A:2200 X:0040 Y:1100 P:envmxdizc
$9B/8613 0A          ASL A                   A:2200 X:0040 Y:1100 P:envmxdizc
$9B/8614 90 05       BCC $05    [$861B]      A:4400 X:0040 Y:1100 P:envmxdizc
$9B/861B A8          TAY                     A:4400 X:0040 Y:1100 P:envmxdizc
$9B/861C 8A          TXA                     A:4400 X:0040 Y:4400 P:envmxdizc
$9B/861D 4A          LSR A                   A:0040 X:0040 Y:4400 P:envmxdizc
$9B/861E AA          TAX                     A:0020 X:0040 Y:4400 P:envmxdizc
$9B/861F E0 10 00    CPX #$0010              A:0020 X:0020 Y:4400 P:envmxdizc
$9B/8622 B0 D6       BCS $D6    [$85FA]      A:0020 X:0020 Y:4400 P:envmxdizC
$9B/85FA 98          TYA                     A:0020 X:0020 Y:4400 P:envmxdizC
$9B/85FB 0A          ASL A                   A:4400 X:0020 Y:4400 P:envmxdizC
$9B/85FC 90 05       BCC $05    [$8603]      A:8800 X:0020 Y:4400 P:eNvmxdizc
$9B/8603 0A          ASL A                   A:8800 X:0020 Y:4400 P:eNvmxdizc
$9B/8604 90 05       BCC $05    [$860B]      A:1000 X:0020 Y:4400 P:envmxdizC
$9B/8606 A8          TAY                     A:1000 X:0020 Y:4400 P:envmxdizC
$9B/8607 8A          TXA                     A:1000 X:0020 Y:1000 P:envmxdizC
$9B/8608 04 14       TSB $14    [$00:0014]   A:0020 X:0020 Y:1000 P:envmxdizC
$9B/860A 98          TYA                     A:0020 X:0020 Y:1000 P:envmxdiZC
$9B/860B 0A          ASL A                   A:1000 X:0020 Y:1000 P:envmxdizC
$9B/860C 90 05       BCC $05    [$8613]      A:2000 X:0020 Y:1000 P:envmxdizc
$9B/8613 0A          ASL A                   A:2000 X:0020 Y:1000 P:envmxdizc
$9B/8614 90 05       BCC $05    [$861B]      A:4000 X:0020 Y:1000 P:envmxdizc
$9B/861B A8          TAY                     A:4000 X:0020 Y:1000 P:envmxdizc
$9B/861C 8A          TXA                     A:4000 X:0020 Y:4000 P:envmxdizc
$9B/861D 4A          LSR A                   A:0020 X:0020 Y:4000 P:envmxdizc
$9B/861E AA          TAX                     A:0010 X:0020 Y:4000 P:envmxdizc
$9B/861F E0 10 00    CPX #$0010              A:0010 X:0010 Y:4000 P:envmxdizc
$9B/8622 B0 D6       BCS $D6    [$85FA]      A:0010 X:0010 Y:4000 P:envmxdiZC
$9B/85FA 98          TYA                     A:0010 X:0010 Y:4000 P:envmxdiZC
$9B/85FB 0A          ASL A                   A:4000 X:0010 Y:4000 P:envmxdizC
$9B/85FC 90 05       BCC $05    [$8603]      A:8000 X:0010 Y:4000 P:eNvmxdizc
$9B/8603 0A          ASL A                   A:8000 X:0010 Y:4000 P:eNvmxdizc
$9B/8604 90 05       BCC $05    [$860B]      A:0000 X:0010 Y:4000 P:envmxdiZC
$9B/8606 A8          TAY                     A:0000 X:0010 Y:4000 P:envmxdiZC
$9B/8607 8A          TXA                     A:0000 X:0010 Y:0000 P:envmxdiZC
$9B/8608 04 14       TSB $14    [$00:0014]   A:0010 X:0010 Y:0000 P:envmxdizC
$9B/860A 98          TYA                     A:0010 X:0010 Y:0000 P:envmxdiZC
$9B/860B 0A          ASL A                   A:0000 X:0010 Y:0000 P:envmxdiZC
$9B/860C 90 05       BCC $05    [$8613]      A:0000 X:0010 Y:0000 P:envmxdiZc
$9B/8613 0A          ASL A                   A:0000 X:0010 Y:0000 P:envmxdiZc
$9B/8614 90 05       BCC $05    [$861B]      A:0000 X:0010 Y:0000 P:envmxdiZc
$9B/861B A8          TAY                     A:0000 X:0010 Y:0000 P:envmxdiZc
$9B/861C 8A          TXA                     A:0000 X:0010 Y:0000 P:envmxdiZc
$9B/861D 4A          LSR A                   A:0010 X:0010 Y:0000 P:envmxdizc
$9B/861E AA          TAX                     A:0008 X:0010 Y:0000 P:envmxdizc
$9B/861F E0 10 00    CPX #$0010              A:0008 X:0008 Y:0000 P:envmxdizc
$9B/8622 B0 D6       BCS $D6    [$85FA]      A:0008 X:0008 Y:0000 P:eNvmxdizc
$9B/8624 E0 00 00    CPX #$0000              A:0008 X:0008 Y:0000 P:eNvmxdizc
$9B/8627 F0 0E       BEQ $0E    [$8637]      A:0008 X:0008 Y:0000 P:envmxdizC
$9B/8629 E0 08 00    CPX #$0008              A:0008 X:0008 Y:0000 P:envmxdizC
$9B/862C 90 CC       BCC $CC    [$85FA]      A:0008 X:0008 Y:0000 P:envmxdiZC
$9B/862E A5 04       LDA $04    [$00:0004]   A:0008 X:0008 Y:0000 P:envmxdiZC
$9B/8630 0A          ASL A                   A:0104 X:0008 Y:0000 P:envmxdizC
$9B/8631 0A          ASL A                   A:0208 X:0008 Y:0000 P:envmxdizc
$9B/8632 A8          TAY                     A:0410 X:0008 Y:0000 P:envmxdizc
$9B/8633 C8          INY                     A:0410 X:0008 Y:0410 P:envmxdizc
$9B/8634 C8          INY                     A:0410 X:0008 Y:0411 P:envmxdizc
$9B/8635 80 BD       BRA $BD    [$85F4]      A:0410 X:0008 Y:0412 P:envmxdizc
$9B/85F4 B1 0C       LDA ($0C),y[$7F:0412]   A:0410 X:0008 Y:0412 P:envmxdizc
$9B/85F6 F0 E4       BEQ $E4    [$85DC]      A:4545 X:0008 Y:0412 P:envmxdizc
$9B/85F8 EB          XBA                     A:4545 X:0008 Y:0412 P:envmxdizc
$9B/85F9 A8          TAY                     A:4545 X:0008 Y:0412 P:envmxdizc
$9B/85FA 98          TYA                     A:4545 X:0008 Y:4545 P:envmxdizc
$9B/85FB 0A          ASL A                   A:4545 X:0008 Y:4545 P:envmxdizc
$9B/85FC 90 05       BCC $05    [$8603]      A:8A8A X:0008 Y:4545 P:eNvmxdizc
$9B/8603 0A          ASL A                   A:8A8A X:0008 Y:4545 P:eNvmxdizc
$9B/8604 90 05       BCC $05    [$860B]      A:1514 X:0008 Y:4545 P:envmxdizC
$9B/8606 A8          TAY                     A:1514 X:0008 Y:4545 P:envmxdizC
$9B/8607 8A          TXA                     A:1514 X:0008 Y:1514 P:envmxdizC
$9B/8608 04 14       TSB $14    [$00:0014]   A:0008 X:0008 Y:1514 P:envmxdizC
$9B/860A 98          TYA                     A:0008 X:0008 Y:1514 P:envmxdiZC
$9B/860B 0A          ASL A                   A:1514 X:0008 Y:1514 P:envmxdizC
$9B/860C 90 05       BCC $05    [$8613]      A:2A28 X:0008 Y:1514 P:envmxdizc
$9B/8613 0A          ASL A                   A:2A28 X:0008 Y:1514 P:envmxdizc
$9B/8614 90 05       BCC $05    [$861B]      A:5450 X:0008 Y:1514 P:envmxdizc
$9B/861B A8          TAY                     A:5450 X:0008 Y:1514 P:envmxdizc
$9B/861C 8A          TXA                     A:5450 X:0008 Y:5450 P:envmxdizc
$9B/861D 4A          LSR A                   A:0008 X:0008 Y:5450 P:envmxdizc
$9B/861E AA          TAX                     A:0004 X:0008 Y:5450 P:envmxdizc
$9B/861F E0 10 00    CPX #$0010              A:0004 X:0004 Y:5450 P:envmxdizc
$9B/8622 B0 D6       BCS $D6    [$85FA]      A:0004 X:0004 Y:5450 P:eNvmxdizc
$9B/8624 E0 00 00    CPX #$0000              A:0004 X:0004 Y:5450 P:eNvmxdizc
$9B/8627 F0 0E       BEQ $0E    [$8637]      A:0004 X:0004 Y:5450 P:envmxdizC
$9B/8629 E0 08 00    CPX #$0008              A:0004 X:0004 Y:5450 P:envmxdizC
$9B/862C 90 CC       BCC $CC    [$85FA]      A:0004 X:0004 Y:5450 P:eNvmxdizc
$9B/85FA 98          TYA                     A:0004 X:0004 Y:5450 P:eNvmxdizc
$9B/85FB 0A          ASL A                   A:5450 X:0004 Y:5450 P:envmxdizc
$9B/85FC 90 05       BCC $05    [$8603]      A:A8A0 X:0004 Y:5450 P:eNvmxdizc
$9B/8603 0A          ASL A                   A:A8A0 X:0004 Y:5450 P:eNvmxdizc
$9B/8604 90 05       BCC $05    [$860B]      A:5140 X:0004 Y:5450 P:envmxdizC
$9B/8606 A8          TAY                     A:5140 X:0004 Y:5450 P:envmxdizC
$9B/8607 8A          TXA                     A:5140 X:0004 Y:5140 P:envmxdizC
$9B/8608 04 14       TSB $14    [$00:0014]   A:0004 X:0004 Y:5140 P:envmxdizC
$9B/860A 98          TYA                     A:0004 X:0004 Y:5140 P:envmxdiZC
$9B/860B 0A          ASL A                   A:5140 X:0004 Y:5140 P:envmxdizC
$9B/860C 90 05       BCC $05    [$8613]      A:A280 X:0004 Y:5140 P:eNvmxdizc
$9B/8613 0A          ASL A                   A:A280 X:0004 Y:5140 P:eNvmxdizc
$9B/8614 90 05       BCC $05    [$861B]      A:4500 X:0004 Y:5140 P:envmxdizC
$9B/8616 A8          TAY                     A:4500 X:0004 Y:5140 P:envmxdizC
$9B/8617 8A          TXA                     A:4500 X:0004 Y:4500 P:envmxdizC
$9B/8618 04 16       TSB $16    [$00:0016]   A:0004 X:0004 Y:4500 P:envmxdizC
$9B/861A 98          TYA                     A:0004 X:0004 Y:4500 P:envmxdiZC
$9B/861B A8          TAY                     A:4500 X:0004 Y:4500 P:envmxdizC
$9B/861C 8A          TXA                     A:4500 X:0004 Y:4500 P:envmxdizC
$9B/861D 4A          LSR A                   A:0004 X:0004 Y:4500 P:envmxdizC
$9B/861E AA          TAX                     A:0002 X:0004 Y:4500 P:envmxdizc
$9B/861F E0 10 00    CPX #$0010              A:0002 X:0002 Y:4500 P:envmxdizc
$9B/8622 B0 D6       BCS $D6    [$85FA]      A:0002 X:0002 Y:4500 P:eNvmxdizc
$9B/8624 E0 00 00    CPX #$0000              A:0002 X:0002 Y:4500 P:eNvmxdizc
$9B/8627 F0 0E       BEQ $0E    [$8637]      A:0002 X:0002 Y:4500 P:envmxdizC
$9B/8629 E0 08 00    CPX #$0008              A:0002 X:0002 Y:4500 P:envmxdizC
$9B/862C 90 CC       BCC $CC    [$85FA]      A:0002 X:0002 Y:4500 P:eNvmxdizc
$9B/85FA 98          TYA                     A:0002 X:0002 Y:4500 P:eNvmxdizc
$9B/85FB 0A          ASL A                   A:4500 X:0002 Y:4500 P:envmxdizc
$9B/85FC 90 05       BCC $05    [$8603]      A:8A00 X:0002 Y:4500 P:eNvmxdizc
$9B/8603 0A          ASL A                   A:8A00 X:0002 Y:4500 P:eNvmxdizc
$9B/8604 90 05       BCC $05    [$860B]      A:1400 X:0002 Y:4500 P:envmxdizC
$9B/8606 A8          TAY                     A:1400 X:0002 Y:4500 P:envmxdizC
$9B/8607 8A          TXA                     A:1400 X:0002 Y:1400 P:envmxdizC
$9B/8608 04 14       TSB $14    [$00:0014]   A:0002 X:0002 Y:1400 P:envmxdizC
$9B/860A 98          TYA                     A:0002 X:0002 Y:1400 P:envmxdiZC
$9B/860B 0A          ASL A                   A:1400 X:0002 Y:1400 P:envmxdizC
$9B/860C 90 05       BCC $05    [$8613]      A:2800 X:0002 Y:1400 P:envmxdizc
$9B/8613 0A          ASL A                   A:2800 X:0002 Y:1400 P:envmxdizc
$9B/8614 90 05       BCC $05    [$861B]      A:5000 X:0002 Y:1400 P:envmxdizc
$9B/861B A8          TAY                     A:5000 X:0002 Y:1400 P:envmxdizc
$9B/861C 8A          TXA                     A:5000 X:0002 Y:5000 P:envmxdizc
$9B/861D 4A          LSR A                   A:0002 X:0002 Y:5000 P:envmxdizc
$9B/861E AA          TAX                     A:0001 X:0002 Y:5000 P:envmxdizc
$9B/861F E0 10 00    CPX #$0010              A:0001 X:0001 Y:5000 P:envmxdizc
$9B/8622 B0 D6       BCS $D6    [$85FA]      A:0001 X:0001 Y:5000 P:eNvmxdizc
$9B/8624 E0 00 00    CPX #$0000              A:0001 X:0001 Y:5000 P:eNvmxdizc
$9B/8627 F0 0E       BEQ $0E    [$8637]      A:0001 X:0001 Y:5000 P:envmxdizC
$9B/8629 E0 08 00    CPX #$0008              A:0001 X:0001 Y:5000 P:envmxdizC
$9B/862C 90 CC       BCC $CC    [$85FA]      A:0001 X:0001 Y:5000 P:eNvmxdizc
$9B/85FA 98          TYA                     A:0001 X:0001 Y:5000 P:eNvmxdizc
$9B/85FB 0A          ASL A                   A:5000 X:0001 Y:5000 P:envmxdizc
$9B/85FC 90 05       BCC $05    [$8603]      A:A000 X:0001 Y:5000 P:eNvmxdizc
$9B/8603 0A          ASL A                   A:A000 X:0001 Y:5000 P:eNvmxdizc
$9B/8604 90 05       BCC $05    [$860B]      A:4000 X:0001 Y:5000 P:envmxdizC
$9B/8606 A8          TAY                     A:4000 X:0001 Y:5000 P:envmxdizC
$9B/8607 8A          TXA                     A:4000 X:0001 Y:4000 P:envmxdizC
$9B/8608 04 14       TSB $14    [$00:0014]   A:0001 X:0001 Y:4000 P:envmxdizC
$9B/860A 98          TYA                     A:0001 X:0001 Y:4000 P:envmxdiZC
$9B/860B 0A          ASL A                   A:4000 X:0001 Y:4000 P:envmxdizC
$9B/860C 90 05       BCC $05    [$8613]      A:8000 X:0001 Y:4000 P:eNvmxdizc
$9B/8613 0A          ASL A                   A:8000 X:0001 Y:4000 P:eNvmxdizc
$9B/8614 90 05       BCC $05    [$861B]      A:0000 X:0001 Y:4000 P:envmxdiZC
$9B/8616 A8          TAY                     A:0000 X:0001 Y:4000 P:envmxdiZC
$9B/8617 8A          TXA                     A:0000 X:0001 Y:0000 P:envmxdiZC
$9B/8618 04 16       TSB $16    [$00:0016]   A:0001 X:0001 Y:0000 P:envmxdizC
$9B/861A 98          TYA                     A:0001 X:0001 Y:0000 P:envmxdiZC
$9B/861B A8          TAY                     A:0000 X:0001 Y:0000 P:envmxdiZC
$9B/861C 8A          TXA                     A:0000 X:0001 Y:0000 P:envmxdiZC
$9B/861D 4A          LSR A                   A:0001 X:0001 Y:0000 P:envmxdizC
$9B/861E AA          TAX                     A:0000 X:0001 Y:0000 P:envmxdiZC
$9B/861F E0 10 00    CPX #$0010              A:0000 X:0000 Y:0000 P:envmxdiZC
$9B/8622 B0 D6       BCS $D6    [$85FA]      A:0000 X:0000 Y:0000 P:eNvmxdizc
$9B/8624 E0 00 00    CPX #$0000              A:0000 X:0000 Y:0000 P:eNvmxdizc
$9B/8627 F0 0E       BEQ $0E    [$8637]      A:0000 X:0000 Y:0000 P:envmxdiZC
$9B/8637 A5 06       LDA $06    [$00:0006]   A:0000 X:0000 Y:0000 P:envmxdiZC
$9B/8639 1A          INC A                   A:0406 X:0000 Y:0000 P:envmxdizC
$9B/863A 1A          INC A                   A:0407 X:0000 Y:0000 P:envmxdizC
$9B/863B A8          TAY                     A:0408 X:0000 Y:0000 P:envmxdizC
$9B/863C 29 10 00    AND #$0010              A:0408 X:0000 Y:0408 P:envmxdizC
$9B/863F F0 06       BEQ $06    [$8647]      A:0000 X:0000 Y:0408 P:envmxdiZC
$9B/8647 84 06       STY $06    [$00:0006]   A:0000 X:0000 Y:0408 P:envmxdiZC
$9B/8649 A5 16       LDA $16    [$00:0016]   A:0000 X:0000 Y:0408 P:envmxdiZC
$9B/864B 91 10       STA ($10),y[$7F:5508]   A:0085 X:0000 Y:0408 P:envmxdizC
$9B/864D 98          TYA                     A:0085 X:0000 Y:0408 P:envmxdizC
$9B/864E 18          CLC                     A:0408 X:0000 Y:0408 P:envmxdizC
$9B/864F 69 10 00    ADC #$0010              A:0408 X:0000 Y:0408 P:envmxdizc
$9B/8652 A8          TAY                     A:0418 X:0000 Y:0408 P:envmxdizc
$9B/8653 A5 14       LDA $14    [$00:0014]   A:0418 X:0000 Y:0418 P:envmxdizc
$9B/8655 91 10       STA ($10),y[$7F:5518]   A:80FF X:0000 Y:0418 P:eNvmxdizc
$9B/8657 E6 04       INC $04    [$00:0004]   A:80FF X:0000 Y:0418 P:eNvmxdizc
$9B/8659 C6 00       DEC $00    [$00:0000]   A:80FF X:0000 Y:0418 P:envmxdizc
$9B/865B 10 8B       BPL $8B    [$85E8]      A:80FF X:0000 Y:0418 P:envmxdizc
$9B/85E8 A2 80 00    LDX #$0080              A:80FF X:0000 Y:0418 P:envmxdizc
$9B/85EB 64 14       STZ $14    [$00:0014]   A:80FF X:0080 Y:0418 P:envmxdizc
$9B/85ED 64 16       STZ $16    [$00:0016]   A:80FF X:0080 Y:0418 P:envmxdizc
$9B/85EF A5 04       LDA $04    [$00:0004]   A:80FF X:0080 Y:0418 P:envmxdizc
$9B/85F1 0A          ASL A                   A:0105 X:0080 Y:0418 P:envmxdizc
$9B/85F2 0A          ASL A                   A:020A X:0080 Y:0418 P:envmxdizc
$9B/85F3 A8          TAY                     A:0414 X:0080 Y:0418 P:envmxdizc
$9B/85F4 B1 0C       LDA ($0C),y[$7F:0414]   A:0414 X:0080 Y:0414 P:envmxdizc
$9B/85F6 F0 E4       BEQ $E4    [$85DC]      A:44D5 X:0080 Y:0414 P:envmxdizc
$9B/85F8 EB          XBA                     A:44D5 X:0080 Y:0414 P:envmxdizc
$9B/85F9 A8          TAY                     A:D544 X:0080 Y:0414 P:envmxdizc
$9B/85FA 98          TYA                     A:D544 X:0080 Y:D544 P:eNvmxdizc
$9B/85FB 0A          ASL A                   A:D544 X:0080 Y:D544 P:eNvmxdizc
$9B/85FC 90 05       BCC $05    [$8603]      A:AA88 X:0080 Y:D544 P:eNvmxdizC
$9B/85FE A8          TAY                     A:AA88 X:0080 Y:D544 P:eNvmxdizC
$9B/85FF 8A          TXA                     A:AA88 X:0080 Y:AA88 P:eNvmxdizC
$9B/8600 04 15       TSB $15    [$00:0015]   A:0080 X:0080 Y:AA88 P:envmxdizC
$9B/8602 98          TYA                     A:0080 X:0080 Y:AA88 P:envmxdiZC
$9B/8603 0A          ASL A                   A:AA88 X:0080 Y:AA88 P:eNvmxdizC
$9B/8604 90 05       BCC $05    [$860B]      A:5510 X:0080 Y:AA88 P:envmxdizC
$9B/8606 A8          TAY                     A:5510 X:0080 Y:AA88 P:envmxdizC
$9B/8607 8A          TXA                     A:5510 X:0080 Y:5510 P:envmxdizC
$9B/8608 04 14       TSB $14    [$00:0014]   A:0080 X:0080 Y:5510 P:envmxdizC
$9B/860A 98          TYA                     A:0080 X:0080 Y:5510 P:envmxdiZC
$9B/860B 0A          ASL A                   A:5510 X:0080 Y:5510 P:envmxdizC
$9B/860C 90 05       BCC $05    [$8613]      A:AA20 X:0080 Y:5510 P:eNvmxdizc
$9B/8613 0A          ASL A                   A:AA20 X:0080 Y:5510 P:eNvmxdizc
$9B/8614 90 05       BCC $05    [$861B]      A:5440 X:0080 Y:5510 P:envmxdizC
$9B/8616 A8          TAY                     A:5440 X:0080 Y:5510 P:envmxdizC
$9B/8617 8A          TXA                     A:5440 X:0080 Y:5440 P:envmxdizC
$9B/8618 04 16       TSB $16    [$00:0016]   A:0080 X:0080 Y:5440 P:envmxdizC
$9B/861A 98          TYA                     A:0080 X:0080 Y:5440 P:envmxdiZC
$9B/861B A8          TAY                     A:5440 X:0080 Y:5440 P:envmxdizC
$9B/861C 8A          TXA                     A:5440 X:0080 Y:5440 P:envmxdizC
$9B/861D 4A          LSR A                   A:0080 X:0080 Y:5440 P:envmxdizC
$9B/861E AA          TAX                     A:0040 X:0080 Y:5440 P:envmxdizc
$9B/861F E0 10 00    CPX #$0010              A:0040 X:0040 Y:5440 P:envmxdizc
$9B/8622 B0 D6       BCS $D6    [$85FA]      A:0040 X:0040 Y:5440 P:envmxdizC
$9B/85FA 98          TYA                     A:0040 X:0040 Y:5440 P:envmxdizC
$9B/85FB 0A          ASL A                   A:5440 X:0040 Y:5440 P:envmxdizC
$9B/85FC 90 05       BCC $05    [$8603]      A:A880 X:0040 Y:5440 P:eNvmxdizc
$9B/8603 0A          ASL A                   A:A880 X:0040 Y:5440 P:eNvmxdizc
$9B/8604 90 05       BCC $05    [$860B]      A:5100 X:0040 Y:5440 P:envmxdizC
$9B/8606 A8          TAY                     A:5100 X:0040 Y:5440 P:envmxdizC
$9B/8607 8A          TXA                     A:5100 X:0040 Y:5100 P:envmxdizC
$9B/8608 04 14       TSB $14    [$00:0014]   A:0040 X:0040 Y:5100 P:envmxdizC
$9B/860A 98          TYA                     A:0040 X:0040 Y:5100 P:envmxdiZC
$9B/860B 0A          ASL A                   A:5100 X:0040 Y:5100 P:envmxdizC
$9B/860C 90 05       BCC $05    [$8613]      A:A200 X:0040 Y:5100 P:eNvmxdizc
$9B/8613 0A          ASL A                   A:A200 X:0040 Y:5100 P:eNvmxdizc
$9B/8614 90 05       BCC $05    [$861B]      A:4400 X:0040 Y:5100 P:envmxdizC
$9B/8616 A8          TAY                     A:4400 X:0040 Y:5100 P:envmxdizC
$9B/8617 8A          TXA                     A:4400 X:0040 Y:4400 P:envmxdizC
$9B/8618 04 16       TSB $16    [$00:0016]   A:0040 X:0040 Y:4400 P:envmxdizC
$9B/861A 98          TYA                     A:0040 X:0040 Y:4400 P:envmxdiZC
$9B/861B A8          TAY                     A:4400 X:0040 Y:4400 P:envmxdizC
$9B/861C 8A          TXA                     A:4400 X:0040 Y:4400 P:envmxdizC
$9B/861D 4A          LSR A                   A:0040 X:0040 Y:4400 P:envmxdizC
$9B/861E AA          TAX                     A:0020 X:0040 Y:4400 P:envmxdizc
$9B/861F E0 10 00    CPX #$0010              A:0020 X:0020 Y:4400 P:envmxdizc
$9B/8622 B0 D6       BCS $D6    [$85FA]      A:0020 X:0020 Y:4400 P:envmxdizC
$9B/85FA 98          TYA                     A:0020 X:0020 Y:4400 P:envmxdizC
$9B/85FB 0A          ASL A                   A:4400 X:0020 Y:4400 P:envmxdizC
$9B/85FC 90 05       BCC $05    [$8603]      A:8800 X:0020 Y:4400 P:eNvmxdizc
$9B/8603 0A          ASL A                   A:8800 X:0020 Y:4400 P:eNvmxdizc
$9B/8604 90 05       BCC $05    [$860B]      A:1000 X:0020 Y:4400 P:envmxdizC
$9B/8606 A8          TAY                     A:1000 X:0020 Y:4400 P:envmxdizC
$9B/8607 8A          TXA                     A:1000 X:0020 Y:1000 P:envmxdizC
$9B/8608 04 14       TSB $14    [$00:0014]   A:0020 X:0020 Y:1000 P:envmxdizC
$9B/860A 98          TYA                     A:0020 X:0020 Y:1000 P:envmxdiZC
$9B/860B 0A          ASL A                   A:1000 X:0020 Y:1000 P:envmxdizC
$9B/860C 90 05       BCC $05    [$8613]      A:2000 X:0020 Y:1000 P:envmxdizc
$9B/8613 0A          ASL A                   A:2000 X:0020 Y:1000 P:envmxdizc
$9B/8614 90 05       BCC $05    [$861B]      A:4000 X:0020 Y:1000 P:envmxdizc
$9B/861B A8          TAY                     A:4000 X:0020 Y:1000 P:envmxdizc
$9B/861C 8A          TXA                     A:4000 X:0020 Y:4000 P:envmxdizc
$9B/861D 4A          LSR A                   A:0020 X:0020 Y:4000 P:envmxdizc
$9B/861E AA          TAX                     A:0010 X:0020 Y:4000 P:envmxdizc
$9B/861F E0 10 00    CPX #$0010              A:0010 X:0010 Y:4000 P:envmxdizc
$9B/8622 B0 D6       BCS $D6    [$85FA]      A:0010 X:0010 Y:4000 P:envmxdiZC
$9B/85FA 98          TYA                     A:0010 X:0010 Y:4000 P:envmxdiZC
$9B/85FB 0A          ASL A                   A:4000 X:0010 Y:4000 P:envmxdizC
$9B/85FC 90 05       BCC $05    [$8603]      A:8000 X:0010 Y:4000 P:eNvmxdizc
$9B/8603 0A          ASL A                   A:8000 X:0010 Y:4000 P:eNvmxdizc
$9B/8604 90 05       BCC $05    [$860B]      A:0000 X:0010 Y:4000 P:envmxdiZC
$9B/8606 A8          TAY                     A:0000 X:0010 Y:4000 P:envmxdiZC
$9B/8607 8A          TXA                     A:0000 X:0010 Y:0000 P:envmxdiZC
$9B/8608 04 14       TSB $14    [$00:0014]   A:0010 X:0010 Y:0000 P:envmxdizC
$9B/860A 98          TYA                     A:0010 X:0010 Y:0000 P:envmxdiZC
$9B/860B 0A          ASL A                   A:0000 X:0010 Y:0000 P:envmxdiZC
$9B/860C 90 05       BCC $05    [$8613]      A:0000 X:0010 Y:0000 P:envmxdiZc
$9B/8613 0A          ASL A                   A:0000 X:0010 Y:0000 P:envmxdiZc
$9B/8614 90 05       BCC $05    [$861B]      A:0000 X:0010 Y:0000 P:envmxdiZc
$9B/861B A8          TAY                     A:0000 X:0010 Y:0000 P:envmxdiZc
$9B/861C 8A          TXA                     A:0000 X:0010 Y:0000 P:envmxdiZc
$9B/861D 4A          LSR A                   A:0010 X:0010 Y:0000 P:envmxdizc
$9B/861E AA          TAX                     A:0008 X:0010 Y:0000 P:envmxdizc
$9B/861F E0 10 00    CPX #$0010              A:0008 X:0008 Y:0000 P:envmxdizc
$9B/8622 B0 D6       BCS $D6    [$85FA]      A:0008 X:0008 Y:0000 P:eNvmxdizc
$9B/8624 E0 00 00    CPX #$0000              A:0008 X:0008 Y:0000 P:eNvmxdizc
$9B/8627 F0 0E       BEQ $0E    [$8637]      A:0008 X:0008 Y:0000 P:envmxdizC
$9B/8629 E0 08 00    CPX #$0008              A:0008 X:0008 Y:0000 P:envmxdizC
$9B/862C 90 CC       BCC $CC    [$85FA]      A:0008 X:0008 Y:0000 P:envmxdiZC
$9B/862E A5 04       LDA $04    [$00:0004]   A:0008 X:0008 Y:0000 P:envmxdiZC
$9B/8630 0A          ASL A                   A:0105 X:0008 Y:0000 P:envmxdizC
$9B/8631 0A          ASL A                   A:020A X:0008 Y:0000 P:envmxdizc
$9B/8632 A8          TAY                     A:0414 X:0008 Y:0000 P:envmxdizc
$9B/8633 C8          INY                     A:0414 X:0008 Y:0414 P:envmxdizc
$9B/8634 C8          INY                     A:0414 X:0008 Y:0415 P:envmxdizc
$9B/8635 80 BD       BRA $BD    [$85F4]      A:0414 X:0008 Y:0416 P:envmxdizc
$9B/85F4 B1 0C       LDA ($0C),y[$7F:0416]   A:0414 X:0008 Y:0416 P:envmxdizc
$9B/85F6 F0 E4       BEQ $E4    [$85DC]      A:5444 X:0008 Y:0416 P:envmxdizc
$9B/85F8 EB          XBA                     A:5444 X:0008 Y:0416 P:envmxdizc
$9B/85F9 A8          TAY                     A:4454 X:0008 Y:0416 P:envmxdizc
$9B/85FA 98          TYA                     A:4454 X:0008 Y:4454 P:envmxdizc
$9B/85FB 0A          ASL A                   A:4454 X:0008 Y:4454 P:envmxdizc
$9B/85FC 90 05       BCC $05    [$8603]      A:88A8 X:0008 Y:4454 P:eNvmxdizc
$9B/8603 0A          ASL A                   A:88A8 X:0008 Y:4454 P:eNvmxdizc
$9B/8604 90 05       BCC $05    [$860B]      A:1150 X:0008 Y:4454 P:envmxdizC
$9B/8606 A8          TAY                     A:1150 X:0008 Y:4454 P:envmxdizC
$9B/8607 8A          TXA                     A:1150 X:0008 Y:1150 P:envmxdizC
$9B/8608 04 14       TSB $14    [$00:0014]   A:0008 X:0008 Y:1150 P:envmxdizC
$9B/860A 98          TYA                     A:0008 X:0008 Y:1150 P:envmxdiZC
$9B/860B 0A          ASL A                   A:1150 X:0008 Y:1150 P:envmxdizC
$9B/860C 90 05       BCC $05    [$8613]      A:22A0 X:0008 Y:1150 P:envmxdizc
$9B/8613 0A          ASL A                   A:22A0 X:0008 Y:1150 P:envmxdizc
$9B/8614 90 05       BCC $05    [$861B]      A:4540 X:0008 Y:1150 P:envmxdizc
$9B/861B A8          TAY                     A:4540 X:0008 Y:1150 P:envmxdizc
$9B/861C 8A          TXA                     A:4540 X:0008 Y:4540 P:envmxdizc
$9B/861D 4A          LSR A                   A:0008 X:0008 Y:4540 P:envmxdizc
$9B/861E AA          TAX                     A:0004 X:0008 Y:4540 P:envmxdizc
$9B/861F E0 10 00    CPX #$0010              A:0004 X:0004 Y:4540 P:envmxdizc
$9B/8622 B0 D6       BCS $D6    [$85FA]      A:0004 X:0004 Y:4540 P:eNvmxdizc
$9B/8624 E0 00 00    CPX #$0000              A:0004 X:0004 Y:4540 P:eNvmxdizc
$9B/8627 F0 0E       BEQ $0E    [$8637]      A:0004 X:0004 Y:4540 P:envmxdizC
$9B/8629 E0 08 00    CPX #$0008              A:0004 X:0004 Y:4540 P:envmxdizC
$9B/862C 90 CC       BCC $CC    [$85FA]      A:0004 X:0004 Y:4540 P:eNvmxdizc
$9B/85FA 98          TYA                     A:0004 X:0004 Y:4540 P:eNvmxdizc
$9B/85FB 0A          ASL A                   A:4540 X:0004 Y:4540 P:envmxdizc
$9B/85FC 90 05       BCC $05    [$8603]      A:8A80 X:0004 Y:4540 P:eNvmxdizc
$9B/8603 0A          ASL A                   A:8A80 X:0004 Y:4540 P:eNvmxdizc
$9B/8604 90 05       BCC $05    [$860B]      A:1500 X:0004 Y:4540 P:envmxdizC
$9B/8606 A8          TAY                     A:1500 X:0004 Y:4540 P:envmxdizC
$9B/8607 8A          TXA                     A:1500 X:0004 Y:1500 P:envmxdizC
$9B/8608 04 14       TSB $14    [$00:0014]   A:0004 X:0004 Y:1500 P:envmxdizC
$9B/860A 98          TYA                     A:0004 X:0004 Y:1500 P:envmxdiZC
$9B/860B 0A          ASL A                   A:1500 X:0004 Y:1500 P:envmxdizC
$9B/860C 90 05       BCC $05    [$8613]      A:2A00 X:0004 Y:1500 P:envmxdizc
$9B/8613 0A          ASL A                   A:2A00 X:0004 Y:1500 P:envmxdizc
$9B/8614 90 05       BCC $05    [$861B]      A:5400 X:0004 Y:1500 P:envmxdizc
$9B/861B A8          TAY                     A:5400 X:0004 Y:1500 P:envmxdizc
$9B/861C 8A          TXA                     A:5400 X:0004 Y:5400 P:envmxdizc
$9B/861D 4A          LSR A                   A:0004 X:0004 Y:5400 P:envmxdizc
$9B/861E AA          TAX                     A:0002 X:0004 Y:5400 P:envmxdizc
$9B/861F E0 10 00    CPX #$0010              A:0002 X:0002 Y:5400 P:envmxdizc
$9B/8622 B0 D6       BCS $D6    [$85FA]      A:0002 X:0002 Y:5400 P:eNvmxdizc
$9B/8624 E0 00 00    CPX #$0000              A:0002 X:0002 Y:5400 P:eNvmxdizc
$9B/8627 F0 0E       BEQ $0E    [$8637]      A:0002 X:0002 Y:5400 P:envmxdizC
$9B/8629 E0 08 00    CPX #$0008              A:0002 X:0002 Y:5400 P:envmxdizC
$9B/862C 90 CC       BCC $CC    [$85FA]      A:0002 X:0002 Y:5400 P:eNvmxdizc
$9B/85FA 98          TYA                     A:0002 X:0002 Y:5400 P:eNvmxdizc
$9B/85FB 0A          ASL A                   A:5400 X:0002 Y:5400 P:envmxdizc
$9B/85FC 90 05       BCC $05    [$8603]      A:A800 X:0002 Y:5400 P:eNvmxdizc
$9B/8603 0A          ASL A                   A:A800 X:0002 Y:5400 P:eNvmxdizc
$9B/8604 90 05       BCC $05    [$860B]      A:5000 X:0002 Y:5400 P:envmxdizC
$9B/8606 A8          TAY                     A:5000 X:0002 Y:5400 P:envmxdizC
$9B/8607 8A          TXA                     A:5000 X:0002 Y:5000 P:envmxdizC
$9B/8608 04 14       TSB $14    [$00:0014]   A:0002 X:0002 Y:5000 P:envmxdizC
$9B/860A 98          TYA                     A:0002 X:0002 Y:5000 P:envmxdiZC
$9B/860B 0A          ASL A                   A:5000 X:0002 Y:5000 P:envmxdizC
$9B/860C 90 05       BCC $05    [$8613]      A:A000 X:0002 Y:5000 P:eNvmxdizc
$9B/8613 0A          ASL A                   A:A000 X:0002 Y:5000 P:eNvmxdizc
$9B/8614 90 05       BCC $05    [$861B]      A:4000 X:0002 Y:5000 P:envmxdizC
$9B/8616 A8          TAY                     A:4000 X:0002 Y:5000 P:envmxdizC
$9B/8617 8A          TXA                     A:4000 X:0002 Y:4000 P:envmxdizC
$9B/8618 04 16       TSB $16    [$00:0016]   A:0002 X:0002 Y:4000 P:envmxdizC
$9B/861A 98          TYA                     A:0002 X:0002 Y:4000 P:envmxdiZC
$9B/861B A8          TAY                     A:4000 X:0002 Y:4000 P:envmxdizC
$9B/861C 8A          TXA                     A:4000 X:0002 Y:4000 P:envmxdizC
$9B/861D 4A          LSR A                   A:0002 X:0002 Y:4000 P:envmxdizC
$9B/861E AA          TAX                     A:0001 X:0002 Y:4000 P:envmxdizc
$9B/861F E0 10 00    CPX #$0010              A:0001 X:0001 Y:4000 P:envmxdizc
$9B/8622 B0 D6       BCS $D6    [$85FA]      A:0001 X:0001 Y:4000 P:eNvmxdizc
$9B/8624 E0 00 00    CPX #$0000              A:0001 X:0001 Y:4000 P:eNvmxdizc
$9B/8627 F0 0E       BEQ $0E    [$8637]      A:0001 X:0001 Y:4000 P:envmxdizC
$9B/8629 E0 08 00    CPX #$0008              A:0001 X:0001 Y:4000 P:envmxdizC
$9B/862C 90 CC       BCC $CC    [$85FA]      A:0001 X:0001 Y:4000 P:eNvmxdizc
$9B/85FA 98          TYA                     A:0001 X:0001 Y:4000 P:eNvmxdizc
$9B/85FB 0A          ASL A                   A:4000 X:0001 Y:4000 P:envmxdizc
$9B/85FC 90 05       BCC $05    [$8603]      A:8000 X:0001 Y:4000 P:eNvmxdizc
$9B/8603 0A          ASL A                   A:8000 X:0001 Y:4000 P:eNvmxdizc
$9B/8604 90 05       BCC $05    [$860B]      A:0000 X:0001 Y:4000 P:envmxdiZC
$9B/8606 A8          TAY                     A:0000 X:0001 Y:4000 P:envmxdiZC
$9B/8607 8A          TXA                     A:0000 X:0001 Y:0000 P:envmxdiZC
$9B/8608 04 14       TSB $14    [$00:0014]   A:0001 X:0001 Y:0000 P:envmxdizC
$9B/860A 98          TYA                     A:0001 X:0001 Y:0000 P:envmxdiZC
$9B/860B 0A          ASL A                   A:0000 X:0001 Y:0000 P:envmxdiZC
$9B/860C 90 05       BCC $05    [$8613]      A:0000 X:0001 Y:0000 P:envmxdiZc
$9B/8613 0A          ASL A                   A:0000 X:0001 Y:0000 P:envmxdiZc
$9B/8614 90 05       BCC $05    [$861B]      A:0000 X:0001 Y:0000 P:envmxdiZc
$9B/861B A8          TAY                     A:0000 X:0001 Y:0000 P:envmxdiZc
$9B/861C 8A          TXA                     A:0000 X:0001 Y:0000 P:envmxdiZc
$9B/861D 4A          LSR A                   A:0001 X:0001 Y:0000 P:envmxdizc
$9B/861E AA          TAX                     A:0000 X:0001 Y:0000 P:envmxdiZC
$9B/861F E0 10 00    CPX #$0010              A:0000 X:0000 Y:0000 P:envmxdiZC
$9B/8622 B0 D6       BCS $D6    [$85FA]      A:0000 X:0000 Y:0000 P:eNvmxdizc
$9B/8624 E0 00 00    CPX #$0000              A:0000 X:0000 Y:0000 P:eNvmxdizc
$9B/8627 F0 0E       BEQ $0E    [$8637]      A:0000 X:0000 Y:0000 P:envmxdiZC
$9B/8637 A5 06       LDA $06    [$00:0006]   A:0000 X:0000 Y:0000 P:envmxdiZC
$9B/8639 1A          INC A                   A:0408 X:0000 Y:0000 P:envmxdizC
$9B/863A 1A          INC A                   A:0409 X:0000 Y:0000 P:envmxdizC
$9B/863B A8          TAY                     A:040A X:0000 Y:0000 P:envmxdizC
$9B/863C 29 10 00    AND #$0010              A:040A X:0000 Y:040A P:envmxdizC
$9B/863F F0 06       BEQ $06    [$8647]      A:0000 X:0000 Y:040A P:envmxdiZC
$9B/8647 84 06       STY $06    [$00:0006]   A:0000 X:0000 Y:040A P:envmxdiZC
$9B/8649 A5 16       LDA $16    [$00:0016]   A:0000 X:0000 Y:040A P:envmxdiZC
$9B/864B 91 10       STA ($10),y[$7F:550A]   A:00C2 X:0000 Y:040A P:envmxdizC
$9B/864D 98          TYA                     A:00C2 X:0000 Y:040A P:envmxdizC
$9B/864E 18          CLC                     A:040A X:0000 Y:040A P:envmxdizC
$9B/864F 69 10 00    ADC #$0010              A:040A X:0000 Y:040A P:envmxdizc
$9B/8652 A8          TAY                     A:041A X:0000 Y:040A P:envmxdizc
$9B/8653 A5 14       LDA $14    [$00:0014]   A:041A X:0000 Y:041A P:envmxdizc
$9B/8655 91 10       STA ($10),y[$7F:551A]   A:80FF X:0000 Y:041A P:eNvmxdizc
$9B/8657 E6 04       INC $04    [$00:0004]   A:80FF X:0000 Y:041A P:eNvmxdizc
$9B/8659 C6 00       DEC $00    [$00:0000]   A:80FF X:0000 Y:041A P:envmxdizc
$9B/865B 10 8B       BPL $8B    [$85E8]      A:80FF X:0000 Y:041A P:envmxdizc
$9B/85E8 A2 80 00    LDX #$0080              A:80FF X:0000 Y:041A P:envmxdizc
$9B/85EB 64 14       STZ $14    [$00:0014]   A:80FF X:0080 Y:041A P:envmxdizc
$9B/85ED 64 16       STZ $16    [$00:0016]   A:80FF X:0080 Y:041A P:envmxdizc
$9B/85EF A5 04       LDA $04    [$00:0004]   A:80FF X:0080 Y:041A P:envmxdizc
$9B/85F1 0A          ASL A                   A:0106 X:0080 Y:041A P:envmxdizc
$9B/85F2 0A          ASL A                   A:020C X:0080 Y:041A P:envmxdizc
$9B/85F3 A8          TAY                     A:0418 X:0080 Y:041A P:envmxdizc
$9B/85F4 B1 0C       LDA ($0C),y[$7F:0418]   A:0418 X:0080 Y:0418 P:envmxdizc
$9B/85F6 F0 E4       BEQ $E4    [$85DC]      A:44D5 X:0080 Y:0418 P:envmxdizc
$9B/85F8 EB          XBA                     A:44D5 X:0080 Y:0418 P:envmxdizc
$9B/85F9 A8          TAY                     A:D544 X:0080 Y:0418 P:envmxdizc
$9B/85FA 98          TYA                     A:D544 X:0080 Y:D544 P:eNvmxdizc
$9B/85FB 0A          ASL A                   A:D544 X:0080 Y:D544 P:eNvmxdizc
$9B/85FC 90 05       BCC $05    [$8603]      A:AA88 X:0080 Y:D544 P:eNvmxdizC
$9B/85FE A8          TAY                     A:AA88 X:0080 Y:D544 P:eNvmxdizC
$9B/85FF 8A          TXA                     A:AA88 X:0080 Y:AA88 P:eNvmxdizC
$9B/8600 04 15       TSB $15    [$00:0015]   A:0080 X:0080 Y:AA88 P:envmxdizC
$9B/8602 98          TYA                     A:0080 X:0080 Y:AA88 P:envmxdiZC
$9B/8603 0A          ASL A                   A:AA88 X:0080 Y:AA88 P:eNvmxdizC
$9B/8604 90 05       BCC $05    [$860B]      A:5510 X:0080 Y:AA88 P:envmxdizC
$9B/8606 A8          TAY                     A:5510 X:0080 Y:AA88 P:envmxdizC
$9B/8607 8A          TXA                     A:5510 X:0080 Y:5510 P:envmxdizC
$9B/8608 04 14       TSB $14    [$00:0014]   A:0080 X:0080 Y:5510 P:envmxdizC
$9B/860A 98          TYA                     A:0080 X:0080 Y:5510 P:envmxdiZC
$9B/860B 0A          ASL A                   A:5510 X:0080 Y:5510 P:envmxdizC
$9B/860C 90 05       BCC $05    [$8613]      A:AA20 X:0080 Y:5510 P:eNvmxdizc
$9B/8613 0A          ASL A                   A:AA20 X:0080 Y:5510 P:eNvmxdizc
$9B/8614 90 05       BCC $05    [$861B]      A:5440 X:0080 Y:5510 P:envmxdizC
$9B/8616 A8          TAY                     A:5440 X:0080 Y:5510 P:envmxdizC
$9B/8617 8A          TXA                     A:5440 X:0080 Y:5440 P:envmxdizC
$9B/8618 04 16       TSB $16    [$00:0016]   A:0080 X:0080 Y:5440 P:envmxdizC
$9B/861A 98          TYA                     A:0080 X:0080 Y:5440 P:envmxdiZC
$9B/861B A8          TAY                     A:5440 X:0080 Y:5440 P:envmxdizC
$9B/861C 8A          TXA                     A:5440 X:0080 Y:5440 P:envmxdizC
$9B/861D 4A          LSR A                   A:0080 X:0080 Y:5440 P:envmxdizC
$9B/861E AA          TAX                     A:0040 X:0080 Y:5440 P:envmxdizc
$9B/861F E0 10 00    CPX #$0010              A:0040 X:0040 Y:5440 P:envmxdizc
$9B/8622 B0 D6       BCS $D6    [$85FA]      A:0040 X:0040 Y:5440 P:envmxdizC
$9B/85FA 98          TYA                     A:0040 X:0040 Y:5440 P:envmxdizC
$9B/85FB 0A          ASL A                   A:5440 X:0040 Y:5440 P:envmxdizC
$9B/85FC 90 05       BCC $05    [$8603]      A:A880 X:0040 Y:5440 P:eNvmxdizc
$9B/8603 0A          ASL A                   A:A880 X:0040 Y:5440 P:eNvmxdizc
$9B/8604 90 05       BCC $05    [$860B]      A:5100 X:0040 Y:5440 P:envmxdizC
$9B/8606 A8          TAY                     A:5100 X:0040 Y:5440 P:envmxdizC
$9B/8607 8A          TXA                     A:5100 X:0040 Y:5100 P:envmxdizC
$9B/8608 04 14       TSB $14    [$00:0014]   A:0040 X:0040 Y:5100 P:envmxdizC
$9B/860A 98          TYA                     A:0040 X:0040 Y:5100 P:envmxdiZC
$9B/860B 0A          ASL A                   A:5100 X:0040 Y:5100 P:envmxdizC
$9B/860C 90 05       BCC $05    [$8613]      A:A200 X:0040 Y:5100 P:eNvmxdizc
$9B/8613 0A          ASL A                   A:A200 X:0040 Y:5100 P:eNvmxdizc
$9B/8614 90 05       BCC $05    [$861B]      A:4400 X:0040 Y:5100 P:envmxdizC
$9B/8616 A8          TAY                     A:4400 X:0040 Y:5100 P:envmxdizC
$9B/8617 8A          TXA                     A:4400 X:0040 Y:4400 P:envmxdizC
$9B/8618 04 16       TSB $16    [$00:0016]   A:0040 X:0040 Y:4400 P:envmxdizC
$9B/861A 98          TYA                     A:0040 X:0040 Y:4400 P:envmxdiZC
$9B/861B A8          TAY                     A:4400 X:0040 Y:4400 P:envmxdizC
$9B/861C 8A          TXA                     A:4400 X:0040 Y:4400 P:envmxdizC
$9B/861D 4A          LSR A                   A:0040 X:0040 Y:4400 P:envmxdizC
$9B/861E AA          TAX                     A:0020 X:0040 Y:4400 P:envmxdizc
$9B/861F E0 10 00    CPX #$0010              A:0020 X:0020 Y:4400 P:envmxdizc
$9B/8622 B0 D6       BCS $D6    [$85FA]      A:0020 X:0020 Y:4400 P:envmxdizC
$9B/85FA 98          TYA                     A:0020 X:0020 Y:4400 P:envmxdizC
$9B/85FB 0A          ASL A                   A:4400 X:0020 Y:4400 P:envmxdizC
$9B/85FC 90 05       BCC $05    [$8603]      A:8800 X:0020 Y:4400 P:eNvmxdizc
$9B/8603 0A          ASL A                   A:8800 X:0020 Y:4400 P:eNvmxdizc
$9B/8604 90 05       BCC $05    [$860B]      A:1000 X:0020 Y:4400 P:envmxdizC
$9B/8606 A8          TAY                     A:1000 X:0020 Y:4400 P:envmxdizC
$9B/8607 8A          TXA                     A:1000 X:0020 Y:1000 P:envmxdizC
$9B/8608 04 14       TSB $14    [$00:0014]   A:0020 X:0020 Y:1000 P:envmxdizC
$9B/860A 98          TYA                     A:0020 X:0020 Y:1000 P:envmxdiZC
$9B/860B 0A          ASL A                   A:1000 X:0020 Y:1000 P:envmxdizC
$9B/860C 90 05       BCC $05    [$8613]      A:2000 X:0020 Y:1000 P:envmxdizc
$9B/8613 0A          ASL A                   A:2000 X:0020 Y:1000 P:envmxdizc
$9B/8614 90 05       BCC $05    [$861B]      A:4000 X:0020 Y:1000 P:envmxdizc
$9B/861B A8          TAY                     A:4000 X:0020 Y:1000 P:envmxdizc
$9B/861C 8A          TXA                     A:4000 X:0020 Y:4000 P:envmxdizc
$9B/861D 4A          LSR A                   A:0020 X:0020 Y:4000 P:envmxdizc
$9B/861E AA          TAX                     A:0010 X:0020 Y:4000 P:envmxdizc
$9B/861F E0 10 00    CPX #$0010              A:0010 X:0010 Y:4000 P:envmxdizc
$9B/8622 B0 D6       BCS $D6    [$85FA]      A:0010 X:0010 Y:4000 P:envmxdiZC
$9B/85FA 98          TYA                     A:0010 X:0010 Y:4000 P:envmxdiZC
$9B/85FB 0A          ASL A                   A:4000 X:0010 Y:4000 P:envmxdizC
$9B/85FC 90 05       BCC $05    [$8603]      A:8000 X:0010 Y:4000 P:eNvmxdizc
$9B/8603 0A          ASL A                   A:8000 X:0010 Y:4000 P:eNvmxdizc
$9B/8604 90 05       BCC $05    [$860B]      A:0000 X:0010 Y:4000 P:envmxdiZC
$9B/8606 A8          TAY                     A:0000 X:0010 Y:4000 P:envmxdiZC
$9B/8607 8A          TXA                     A:0000 X:0010 Y:0000 P:envmxdiZC
$9B/8608 04 14       TSB $14    [$00:0014]   A:0010 X:0010 Y:0000 P:envmxdizC
$9B/860A 98          TYA                     A:0010 X:0010 Y:0000 P:envmxdiZC
$9B/860B 0A          ASL A                   A:0000 X:0010 Y:0000 P:envmxdiZC
$9B/860C 90 05       BCC $05    [$8613]      A:0000 X:0010 Y:0000 P:envmxdiZc
$9B/8613 0A          ASL A                   A:0000 X:0010 Y:0000 P:envmxdiZc
$9B/8614 90 05       BCC $05    [$861B]      A:0000 X:0010 Y:0000 P:envmxdiZc
$9B/861B A8          TAY                     A:0000 X:0010 Y:0000 P:envmxdiZc
$9B/861C 8A          TXA                     A:0000 X:0010 Y:0000 P:envmxdiZc
$9B/861D 4A          LSR A                   A:0010 X:0010 Y:0000 P:envmxdizc
$9B/861E AA          TAX                     A:0008 X:0010 Y:0000 P:envmxdizc
$9B/861F E0 10 00    CPX #$0010              A:0008 X:0008 Y:0000 P:envmxdizc
$9B/8622 B0 D6       BCS $D6    [$85FA]      A:0008 X:0008 Y:0000 P:eNvmxdizc
$9B/8624 E0 00 00    CPX #$0000              A:0008 X:0008 Y:0000 P:eNvmxdizc
$9B/8627 F0 0E       BEQ $0E    [$8637]      A:0008 X:0008 Y:0000 P:envmxdizC
$9B/8629 E0 08 00    CPX #$0008              A:0008 X:0008 Y:0000 P:envmxdizC
$9B/862C 90 CC       BCC $CC    [$85FA]      A:0008 X:0008 Y:0000 P:envmxdiZC
$9B/862E A5 04       LDA $04    [$00:0004]   A:0008 X:0008 Y:0000 P:envmxdiZC
$9B/8630 0A          ASL A                   A:0106 X:0008 Y:0000 P:envmxdizC
$9B/8631 0A          ASL A                   A:020C X:0008 Y:0000 P:envmxdizc
$9B/8632 A8          TAY                     A:0418 X:0008 Y:0000 P:envmxdizc
$9B/8633 C8          INY                     A:0418 X:0008 Y:0418 P:envmxdizc
$9B/8634 C8          INY                     A:0418 X:0008 Y:0419 P:envmxdizc
$9B/8635 80 BD       BRA $BD    [$85F4]      A:0418 X:0008 Y:041A P:envmxdizc
$9B/85F4 B1 0C       LDA ($0C),y[$7F:041A]   A:0418 X:0008 Y:041A P:envmxdizc
$9B/85F6 F0 E4       BEQ $E4    [$85DC]      A:4444 X:0008 Y:041A P:envmxdizc
$9B/85F8 EB          XBA                     A:4444 X:0008 Y:041A P:envmxdizc
$9B/85F9 A8          TAY                     A:4444 X:0008 Y:041A P:envmxdizc
$9B/85FA 98          TYA                     A:4444 X:0008 Y:4444 P:envmxdizc
$9B/85FB 0A          ASL A                   A:4444 X:0008 Y:4444 P:envmxdizc
$9B/85FC 90 05       BCC $05    [$8603]      A:8888 X:0008 Y:4444 P:eNvmxdizc
$9B/8603 0A          ASL A                   A:8888 X:0008 Y:4444 P:eNvmxdizc
$9B/8604 90 05       BCC $05    [$860B]      A:1110 X:0008 Y:4444 P:envmxdizC
$9B/8606 A8          TAY                     A:1110 X:0008 Y:4444 P:envmxdizC
$9B/8607 8A          TXA                     A:1110 X:0008 Y:1110 P:envmxdizC
$9B/8608 04 14       TSB $14    [$00:0014]   A:0008 X:0008 Y:1110 P:envmxdizC
$9B/860A 98          TYA                     A:0008 X:0008 Y:1110 P:envmxdiZC
$9B/860B 0A          ASL A                   A:1110 X:0008 Y:1110 P:envmxdizC
$9B/860C 90 05       BCC $05    [$8613]      A:2220 X:0008 Y:1110 P:envmxdizc
$9B/8613 0A          ASL A                   A:2220 X:0008 Y:1110 P:envmxdizc
$9B/8614 90 05       BCC $05    [$861B]      A:4440 X:0008 Y:1110 P:envmxdizc
$9B/861B A8          TAY                     A:4440 X:0008 Y:1110 P:envmxdizc
$9B/861C 8A          TXA                     A:4440 X:0008 Y:4440 P:envmxdizc
$9B/861D 4A          LSR A                   A:0008 X:0008 Y:4440 P:envmxdizc
$9B/861E AA          TAX                     A:0004 X:0008 Y:4440 P:envmxdizc
$9B/861F E0 10 00    CPX #$0010              A:0004 X:0004 Y:4440 P:envmxdizc
$9B/8622 B0 D6       BCS $D6    [$85FA]      A:0004 X:0004 Y:4440 P:eNvmxdizc
$9B/8624 E0 00 00    CPX #$0000              A:0004 X:0004 Y:4440 P:eNvmxdizc
$9B/8627 F0 0E       BEQ $0E    [$8637]      A:0004 X:0004 Y:4440 P:envmxdizC
$9B/8629 E0 08 00    CPX #$0008              A:0004 X:0004 Y:4440 P:envmxdizC
$9B/862C 90 CC       BCC $CC    [$85FA]      A:0004 X:0004 Y:4440 P:eNvmxdizc
$9B/85FA 98          TYA                     A:0004 X:0004 Y:4440 P:eNvmxdizc
$9B/85FB 0A          ASL A                   A:4440 X:0004 Y:4440 P:envmxdizc
$9B/85FC 90 05       BCC $05    [$8603]      A:8880 X:0004 Y:4440 P:eNvmxdizc
$9B/8603 0A          ASL A                   A:8880 X:0004 Y:4440 P:eNvmxdizc
$9B/8604 90 05       BCC $05    [$860B]      A:1100 X:0004 Y:4440 P:envmxdizC
$9B/8606 A8          TAY                     A:1100 X:0004 Y:4440 P:envmxdizC
$9B/8607 8A          TXA                     A:1100 X:0004 Y:1100 P:envmxdizC
$9B/8608 04 14       TSB $14    [$00:0014]   A:0004 X:0004 Y:1100 P:envmxdizC
$9B/860A 98          TYA                     A:0004 X:0004 Y:1100 P:envmxdiZC
$9B/860B 0A          ASL A                   A:1100 X:0004 Y:1100 P:envmxdizC
$9B/860C 90 05       BCC $05    [$8613]      A:2200 X:0004 Y:1100 P:envmxdizc
$9B/8613 0A          ASL A                   A:2200 X:0004 Y:1100 P:envmxdizc
$9B/8614 90 05       BCC $05    [$861B]      A:4400 X:0004 Y:1100 P:envmxdizc
$9B/861B A8          TAY                     A:4400 X:0004 Y:1100 P:envmxdizc
$9B/861C 8A          TXA                     A:4400 X:0004 Y:4400 P:envmxdizc
$9B/861D 4A          LSR A                   A:0004 X:0004 Y:4400 P:envmxdizc
$9B/861E AA          TAX                     A:0002 X:0004 Y:4400 P:envmxdizc
$9B/861F E0 10 00    CPX #$0010              A:0002 X:0002 Y:4400 P:envmxdizc
$9B/8622 B0 D6       BCS $D6    [$85FA]      A:0002 X:0002 Y:4400 P:eNvmxdizc
$9B/8624 E0 00 00    CPX #$0000              A:0002 X:0002 Y:4400 P:eNvmxdizc
$9B/8627 F0 0E       BEQ $0E    [$8637]      A:0002 X:0002 Y:4400 P:envmxdizC
$9B/8629 E0 08 00    CPX #$0008              A:0002 X:0002 Y:4400 P:envmxdizC
$9B/862C 90 CC       BCC $CC    [$85FA]      A:0002 X:0002 Y:4400 P:eNvmxdizc
$9B/85FA 98          TYA                     A:0002 X:0002 Y:4400 P:eNvmxdizc
$9B/85FB 0A          ASL A                   A:4400 X:0002 Y:4400 P:envmxdizc
$9B/85FC 90 05       BCC $05    [$8603]      A:8800 X:0002 Y:4400 P:eNvmxdizc
$9B/8603 0A          ASL A                   A:8800 X:0002 Y:4400 P:eNvmxdizc
$9B/8604 90 05       BCC $05    [$860B]      A:1000 X:0002 Y:4400 P:envmxdizC
$9B/8606 A8          TAY                     A:1000 X:0002 Y:4400 P:envmxdizC
$9B/8607 8A          TXA                     A:1000 X:0002 Y:1000 P:envmxdizC
$9B/8608 04 14       TSB $14    [$00:0014]   A:0002 X:0002 Y:1000 P:envmxdizC
$9B/860A 98          TYA                     A:0002 X:0002 Y:1000 P:envmxdiZC
$9B/860B 0A          ASL A                   A:1000 X:0002 Y:1000 P:envmxdizC
$9B/860C 90 05       BCC $05    [$8613]      A:2000 X:0002 Y:1000 P:envmxdizc
$9B/8613 0A          ASL A                   A:2000 X:0002 Y:1000 P:envmxdizc
$9B/8614 90 05       BCC $05    [$861B]      A:4000 X:0002 Y:1000 P:envmxdizc
$9B/861B A8          TAY                     A:4000 X:0002 Y:1000 P:envmxdizc
$9B/861C 8A          TXA                     A:4000 X:0002 Y:4000 P:envmxdizc
$9B/861D 4A          LSR A                   A:0002 X:0002 Y:4000 P:envmxdizc
$9B/861E AA          TAX                     A:0001 X:0002 Y:4000 P:envmxdizc
$9B/861F E0 10 00    CPX #$0010              A:0001 X:0001 Y:4000 P:envmxdizc
$9B/8622 B0 D6       BCS $D6    [$85FA]      A:0001 X:0001 Y:4000 P:eNvmxdizc
$9B/8624 E0 00 00    CPX #$0000              A:0001 X:0001 Y:4000 P:eNvmxdizc
$9B/8627 F0 0E       BEQ $0E    [$8637]      A:0001 X:0001 Y:4000 P:envmxdizC
$9B/8629 E0 08 00    CPX #$0008              A:0001 X:0001 Y:4000 P:envmxdizC
$9B/862C 90 CC       BCC $CC    [$85FA]      A:0001 X:0001 Y:4000 P:eNvmxdizc
$9B/85FA 98          TYA                     A:0001 X:0001 Y:4000 P:eNvmxdizc
$9B/85FB 0A          ASL A                   A:4000 X:0001 Y:4000 P:envmxdizc
$9B/85FC 90 05       BCC $05    [$8603]      A:8000 X:0001 Y:4000 P:eNvmxdizc
$9B/8603 0A          ASL A                   A:8000 X:0001 Y:4000 P:eNvmxdizc
$9B/8604 90 05       BCC $05    [$860B]      A:0000 X:0001 Y:4000 P:envmxdiZC
$9B/8606 A8          TAY                     A:0000 X:0001 Y:4000 P:envmxdiZC
$9B/8607 8A          TXA                     A:0000 X:0001 Y:0000 P:envmxdiZC
$9B/8608 04 14       TSB $14    [$00:0014]   A:0001 X:0001 Y:0000 P:envmxdizC
$9B/860A 98          TYA                     A:0001 X:0001 Y:0000 P:envmxdiZC
$9B/860B 0A          ASL A                   A:0000 X:0001 Y:0000 P:envmxdiZC
$9B/860C 90 05       BCC $05    [$8613]      A:0000 X:0001 Y:0000 P:envmxdiZc
$9B/8613 0A          ASL A                   A:0000 X:0001 Y:0000 P:envmxdiZc
$9B/8614 90 05       BCC $05    [$861B]      A:0000 X:0001 Y:0000 P:envmxdiZc
$9B/861B A8          TAY                     A:0000 X:0001 Y:0000 P:envmxdiZc
$9B/861C 8A          TXA                     A:0000 X:0001 Y:0000 P:envmxdiZc
$9B/861D 4A          LSR A                   A:0001 X:0001 Y:0000 P:envmxdizc
$9B/861E AA          TAX                     A:0000 X:0001 Y:0000 P:envmxdiZC
$9B/861F E0 10 00    CPX #$0010              A:0000 X:0000 Y:0000 P:envmxdiZC
$9B/8622 B0 D6       BCS $D6    [$85FA]      A:0000 X:0000 Y:0000 P:eNvmxdizc
$9B/8624 E0 00 00    CPX #$0000              A:0000 X:0000 Y:0000 P:eNvmxdizc
$9B/8627 F0 0E       BEQ $0E    [$8637]      A:0000 X:0000 Y:0000 P:envmxdiZC
$9B/8637 A5 06       LDA $06    [$00:0006]   A:0000 X:0000 Y:0000 P:envmxdiZC
$9B/8639 1A          INC A                   A:040A X:0000 Y:0000 P:envmxdizC
$9B/863A 1A          INC A                   A:040B X:0000 Y:0000 P:envmxdizC
$9B/863B A8          TAY                     A:040C X:0000 Y:0000 P:envmxdizC
$9B/863C 29 10 00    AND #$0010              A:040C X:0000 Y:040C P:envmxdizC
$9B/863F F0 06       BEQ $06    [$8647]      A:0000 X:0000 Y:040C P:envmxdiZC
$9B/8647 84 06       STY $06    [$00:0006]   A:0000 X:0000 Y:040C P:envmxdiZC
$9B/8649 A5 16       LDA $16    [$00:0016]   A:0000 X:0000 Y:040C P:envmxdiZC
$9B/864B 91 10       STA ($10),y[$7F:550C]   A:00C0 X:0000 Y:040C P:envmxdizC
$9B/864D 98          TYA                     A:00C0 X:0000 Y:040C P:envmxdizC
$9B/864E 18          CLC                     A:040C X:0000 Y:040C P:envmxdizC
$9B/864F 69 10 00    ADC #$0010              A:040C X:0000 Y:040C P:envmxdizc
$9B/8652 A8          TAY                     A:041C X:0000 Y:040C P:envmxdizc
$9B/8653 A5 14       LDA $14    [$00:0014]   A:041C X:0000 Y:041C P:envmxdizc
$9B/8655 91 10       STA ($10),y[$7F:551C]   A:80FF X:0000 Y:041C P:eNvmxdizc
$9B/8657 E6 04       INC $04    [$00:0004]   A:80FF X:0000 Y:041C P:eNvmxdizc
$9B/8659 C6 00       DEC $00    [$00:0000]   A:80FF X:0000 Y:041C P:envmxdizc
$9B/865B 10 8B       BPL $8B    [$85E8]      A:80FF X:0000 Y:041C P:envmxdizc
$9B/85E8 A2 80 00    LDX #$0080              A:80FF X:0000 Y:041C P:envmxdizc
$9B/85EB 64 14       STZ $14    [$00:0014]   A:80FF X:0080 Y:041C P:envmxdizc
$9B/85ED 64 16       STZ $16    [$00:0016]   A:80FF X:0080 Y:041C P:envmxdizc
$9B/85EF A5 04       LDA $04    [$00:0004]   A:80FF X:0080 Y:041C P:envmxdizc
$9B/85F1 0A          ASL A                   A:0107 X:0080 Y:041C P:envmxdizc
$9B/85F2 0A          ASL A                   A:020E X:0080 Y:041C P:envmxdizc
$9B/85F3 A8          TAY                     A:041C X:0080 Y:041C P:envmxdizc
$9B/85F4 B1 0C       LDA ($0C),y[$7F:041C]   A:041C X:0080 Y:041C P:envmxdizc
$9B/85F6 F0 E4       BEQ $E4    [$85DC]      A:66FD X:0080 Y:041C P:envmxdizc
$9B/85F8 EB          XBA                     A:66FD X:0080 Y:041C P:envmxdizc
$9B/85F9 A8          TAY                     A:FD66 X:0080 Y:041C P:envmxdizc
$9B/85FA 98          TYA                     A:FD66 X:0080 Y:FD66 P:eNvmxdizc
$9B/85FB 0A          ASL A                   A:FD66 X:0080 Y:FD66 P:eNvmxdizc
$9B/85FC 90 05       BCC $05    [$8603]      A:FACC X:0080 Y:FD66 P:eNvmxdizC
$9B/85FE A8          TAY                     A:FACC X:0080 Y:FD66 P:eNvmxdizC
$9B/85FF 8A          TXA                     A:FACC X:0080 Y:FACC P:eNvmxdizC
$9B/8600 04 15       TSB $15    [$00:0015]   A:0080 X:0080 Y:FACC P:envmxdizC
$9B/8602 98          TYA                     A:0080 X:0080 Y:FACC P:envmxdiZC
$9B/8603 0A          ASL A                   A:FACC X:0080 Y:FACC P:eNvmxdizC
$9B/8604 90 05       BCC $05    [$860B]      A:F598 X:0080 Y:FACC P:eNvmxdizC
$9B/8606 A8          TAY                     A:F598 X:0080 Y:FACC P:eNvmxdizC
$9B/8607 8A          TXA                     A:F598 X:0080 Y:F598 P:eNvmxdizC
$9B/8608 04 14       TSB $14    [$00:0014]   A:0080 X:0080 Y:F598 P:envmxdizC
$9B/860A 98          TYA                     A:0080 X:0080 Y:F598 P:envmxdiZC
$9B/860B 0A          ASL A                   A:F598 X:0080 Y:F598 P:eNvmxdizC
$9B/860C 90 05       BCC $05    [$8613]      A:EB30 X:0080 Y:F598 P:eNvmxdizC
$9B/860E A8          TAY                     A:EB30 X:0080 Y:F598 P:eNvmxdizC
$9B/860F 8A          TXA                     A:EB30 X:0080 Y:EB30 P:eNvmxdizC
$9B/8610 04 17       TSB $17    [$00:0017]   A:0080 X:0080 Y:EB30 P:envmxdizC
$9B/8612 98          TYA                     A:0080 X:0080 Y:EB30 P:envmxdiZC
$9B/8613 0A          ASL A                   A:EB30 X:0080 Y:EB30 P:eNvmxdizC
$9B/8614 90 05       BCC $05    [$861B]      A:D660 X:0080 Y:EB30 P:eNvmxdizC
$9B/8616 A8          TAY                     A:D660 X:0080 Y:EB30 P:eNvmxdizC
$9B/8617 8A          TXA                     A:D660 X:0080 Y:D660 P:eNvmxdizC
$9B/8618 04 16       TSB $16    [$00:0016]   A:0080 X:0080 Y:D660 P:envmxdizC
$9B/861A 98          TYA                     A:0080 X:0080 Y:D660 P:envmxdiZC
$9B/861B A8          TAY                     A:D660 X:0080 Y:D660 P:eNvmxdizC
$9B/861C 8A          TXA                     A:D660 X:0080 Y:D660 P:eNvmxdizC
$9B/861D 4A          LSR A                   A:0080 X:0080 Y:D660 P:envmxdizC
$9B/861E AA          TAX                     A:0040 X:0080 Y:D660 P:envmxdizc
$9B/861F E0 10 00    CPX #$0010              A:0040 X:0040 Y:D660 P:envmxdizc
$9B/8622 B0 D6       BCS $D6    [$85FA]      A:0040 X:0040 Y:D660 P:envmxdizC
$9B/85FA 98          TYA                     A:0040 X:0040 Y:D660 P:envmxdizC
$9B/85FB 0A          ASL A                   A:D660 X:0040 Y:D660 P:eNvmxdizC
$9B/85FC 90 05       BCC $05    [$8603]      A:ACC0 X:0040 Y:D660 P:eNvmxdizC
$9B/85FE A8          TAY                     A:ACC0 X:0040 Y:D660 P:eNvmxdizC
$9B/85FF 8A          TXA                     A:ACC0 X:0040 Y:ACC0 P:eNvmxdizC
$9B/8600 04 15       TSB $15    [$00:0015]   A:0040 X:0040 Y:ACC0 P:envmxdizC
$9B/8602 98          TYA                     A:0040 X:0040 Y:ACC0 P:envmxdiZC
$9B/8603 0A          ASL A                   A:ACC0 X:0040 Y:ACC0 P:eNvmxdizC
$9B/8604 90 05       BCC $05    [$860B]      A:5980 X:0040 Y:ACC0 P:envmxdizC
$9B/8606 A8          TAY                     A:5980 X:0040 Y:ACC0 P:envmxdizC
$9B/8607 8A          TXA                     A:5980 X:0040 Y:5980 P:envmxdizC
$9B/8608 04 14       TSB $14    [$00:0014]   A:0040 X:0040 Y:5980 P:envmxdizC
$9B/860A 98          TYA                     A:0040 X:0040 Y:5980 P:envmxdiZC
$9B/860B 0A          ASL A                   A:5980 X:0040 Y:5980 P:envmxdizC
$9B/860C 90 05       BCC $05    [$8613]      A:B300 X:0040 Y:5980 P:eNvmxdizc
$9B/8613 0A          ASL A                   A:B300 X:0040 Y:5980 P:eNvmxdizc
$9B/8614 90 05       BCC $05    [$861B]      A:6600 X:0040 Y:5980 P:envmxdizC
$9B/8616 A8          TAY                     A:6600 X:0040 Y:5980 P:envmxdizC
$9B/8617 8A          TXA                     A:6600 X:0040 Y:6600 P:envmxdizC
$9B/8618 04 16       TSB $16    [$00:0016]   A:0040 X:0040 Y:6600 P:envmxdizC
$9B/861A 98          TYA                     A:0040 X:0040 Y:6600 P:envmxdiZC
$9B/861B A8          TAY                     A:6600 X:0040 Y:6600 P:envmxdizC
$9B/861C 8A          TXA                     A:6600 X:0040 Y:6600 P:envmxdizC
$9B/861D 4A          LSR A                   A:0040 X:0040 Y:6600 P:envmxdizC
$9B/861E AA          TAX                     A:0020 X:0040 Y:6600 P:envmxdizc
$9B/861F E0 10 00    CPX #$0010              A:0020 X:0020 Y:6600 P:envmxdizc
$9B/8622 B0 D6       BCS $D6    [$85FA]      A:0020 X:0020 Y:6600 P:envmxdizC
$9B/85FA 98          TYA                     A:0020 X:0020 Y:6600 P:envmxdizC
$9B/85FB 0A          ASL A                   A:6600 X:0020 Y:6600 P:envmxdizC
$9B/85FC 90 05       BCC $05    [$8603]      A:CC00 X:0020 Y:6600 P:eNvmxdizc
$9B/8603 0A          ASL A                   A:CC00 X:0020 Y:6600 P:eNvmxdizc
$9B/8604 90 05       BCC $05    [$860B]      A:9800 X:0020 Y:6600 P:eNvmxdizC
$9B/8606 A8          TAY                     A:9800 X:0020 Y:6600 P:eNvmxdizC
$9B/8607 8A          TXA                     A:9800 X:0020 Y:9800 P:eNvmxdizC
$9B/8608 04 14       TSB $14    [$00:0014]   A:0020 X:0020 Y:9800 P:envmxdizC
$9B/860A 98          TYA                     A:0020 X:0020 Y:9800 P:envmxdiZC
$9B/860B 0A          ASL A                   A:9800 X:0020 Y:9800 P:eNvmxdizC
$9B/860C 90 05       BCC $05    [$8613]      A:3000 X:0020 Y:9800 P:envmxdizC
$9B/860E A8          TAY                     A:3000 X:0020 Y:9800 P:envmxdizC
$9B/860F 8A          TXA                     A:3000 X:0020 Y:3000 P:envmxdizC
$9B/8610 04 17       TSB $17    [$00:0017]   A:0020 X:0020 Y:3000 P:envmxdizC
$9B/8612 98          TYA                     A:0020 X:0020 Y:3000 P:envmxdiZC
$9B/8613 0A          ASL A                   A:3000 X:0020 Y:3000 P:envmxdizC
$9B/8614 90 05       BCC $05    [$861B]      A:6000 X:0020 Y:3000 P:envmxdizc
$9B/861B A8          TAY                     A:6000 X:0020 Y:3000 P:envmxdizc
$9B/861C 8A          TXA                     A:6000 X:0020 Y:6000 P:envmxdizc
$9B/861D 4A          LSR A                   A:0020 X:0020 Y:6000 P:envmxdizc
$9B/861E AA          TAX                     A:0010 X:0020 Y:6000 P:envmxdizc
$9B/861F E0 10 00    CPX #$0010              A:0010 X:0010 Y:6000 P:envmxdizc
$9B/8622 B0 D6       BCS $D6    [$85FA]      A:0010 X:0010 Y:6000 P:envmxdiZC
$9B/85FA 98          TYA                     A:0010 X:0010 Y:6000 P:envmxdiZC
$9B/85FB 0A          ASL A                   A:6000 X:0010 Y:6000 P:envmxdizC
$9B/85FC 90 05       BCC $05    [$8603]      A:C000 X:0010 Y:6000 P:eNvmxdizc
$9B/8603 0A          ASL A                   A:C000 X:0010 Y:6000 P:eNvmxdizc
$9B/8604 90 05       BCC $05    [$860B]      A:8000 X:0010 Y:6000 P:eNvmxdizC
$9B/8606 A8          TAY                     A:8000 X:0010 Y:6000 P:eNvmxdizC
$9B/8607 8A          TXA                     A:8000 X:0010 Y:8000 P:eNvmxdizC
$9B/8608 04 14       TSB $14    [$00:0014]   A:0010 X:0010 Y:8000 P:envmxdizC
$9B/860A 98          TYA                     A:0010 X:0010 Y:8000 P:envmxdiZC
$9B/860B 0A          ASL A                   A:8000 X:0010 Y:8000 P:eNvmxdizC
$9B/860C 90 05       BCC $05    [$8613]      A:0000 X:0010 Y:8000 P:envmxdiZC
$9B/860E A8          TAY                     A:0000 X:0010 Y:8000 P:envmxdiZC
$9B/860F 8A          TXA                     A:0000 X:0010 Y:0000 P:envmxdiZC
$9B/8610 04 17       TSB $17    [$00:0017]   A:0010 X:0010 Y:0000 P:envmxdizC
$9B/8612 98          TYA                     A:0010 X:0010 Y:0000 P:envmxdiZC
$9B/8613 0A          ASL A                   A:0000 X:0010 Y:0000 P:envmxdiZC
$9B/8614 90 05       BCC $05    [$861B]      A:0000 X:0010 Y:0000 P:envmxdiZc
$9B/861B A8          TAY                     A:0000 X:0010 Y:0000 P:envmxdiZc
$9B/861C 8A          TXA                     A:0000 X:0010 Y:0000 P:envmxdiZc
$9B/861D 4A          LSR A                   A:0010 X:0010 Y:0000 P:envmxdizc
$9B/861E AA          TAX                     A:0008 X:0010 Y:0000 P:envmxdizc
$9B/861F E0 10 00    CPX #$0010              A:0008 X:0008 Y:0000 P:envmxdizc
$9B/8622 B0 D6       BCS $D6    [$85FA]      A:0008 X:0008 Y:0000 P:eNvmxdizc
$9B/8624 E0 00 00    CPX #$0000              A:0008 X:0008 Y:0000 P:eNvmxdizc
$9B/8627 F0 0E       BEQ $0E    [$8637]      A:0008 X:0008 Y:0000 P:envmxdizC
$9B/8629 E0 08 00    CPX #$0008              A:0008 X:0008 Y:0000 P:envmxdizC
$9B/862C 90 CC       BCC $CC    [$85FA]      A:0008 X:0008 Y:0000 P:envmxdiZC
$9B/862E A5 04       LDA $04    [$00:0004]   A:0008 X:0008 Y:0000 P:envmxdiZC
$9B/8630 0A          ASL A                   A:0107 X:0008 Y:0000 P:envmxdizC
$9B/8631 0A          ASL A                   A:020E X:0008 Y:0000 P:envmxdizc
$9B/8632 A8          TAY                     A:041C X:0008 Y:0000 P:envmxdizc
$9B/8633 C8          INY                     A:041C X:0008 Y:041C P:envmxdizc
$9B/8634 C8          INY                     A:041C X:0008 Y:041D P:envmxdizc
$9B/8635 80 BD       BRA $BD    [$85F4]      A:041C X:0008 Y:041E P:envmxdizc
$9B/85F4 B1 0C       LDA ($0C),y[$7F:041E]   A:041C X:0008 Y:041E P:envmxdizc
$9B/85F6 F0 E4       BEQ $E4    [$85DC]      A:4444 X:0008 Y:041E P:envmxdizc
$9B/85F8 EB          XBA                     A:4444 X:0008 Y:041E P:envmxdizc
$9B/85F9 A8          TAY                     A:4444 X:0008 Y:041E P:envmxdizc
$9B/85FA 98          TYA                     A:4444 X:0008 Y:4444 P:envmxdizc
$9B/85FB 0A          ASL A                   A:4444 X:0008 Y:4444 P:envmxdizc
$9B/85FC 90 05       BCC $05    [$8603]      A:8888 X:0008 Y:4444 P:eNvmxdizc
$9B/8603 0A          ASL A                   A:8888 X:0008 Y:4444 P:eNvmxdizc
$9B/8604 90 05       BCC $05    [$860B]      A:1110 X:0008 Y:4444 P:envmxdizC
$9B/8606 A8          TAY                     A:1110 X:0008 Y:4444 P:envmxdizC
$9B/8607 8A          TXA                     A:1110 X:0008 Y:1110 P:envmxdizC
$9B/8608 04 14       TSB $14    [$00:0014]   A:0008 X:0008 Y:1110 P:envmxdizC
$9B/860A 98          TYA                     A:0008 X:0008 Y:1110 P:envmxdiZC
$9B/860B 0A          ASL A                   A:1110 X:0008 Y:1110 P:envmxdizC
$9B/860C 90 05       BCC $05    [$8613]      A:2220 X:0008 Y:1110 P:envmxdizc
$9B/8613 0A          ASL A                   A:2220 X:0008 Y:1110 P:envmxdizc
$9B/8614 90 05       BCC $05    [$861B]      A:4440 X:0008 Y:1110 P:envmxdizc
$9B/861B A8          TAY                     A:4440 X:0008 Y:1110 P:envmxdizc
$9B/861C 8A          TXA                     A:4440 X:0008 Y:4440 P:envmxdizc
$9B/861D 4A          LSR A                   A:0008 X:0008 Y:4440 P:envmxdizc
$9B/861E AA          TAX                     A:0004 X:0008 Y:4440 P:envmxdizc
$9B/861F E0 10 00    CPX #$0010              A:0004 X:0004 Y:4440 P:envmxdizc
$9B/8622 B0 D6       BCS $D6    [$85FA]      A:0004 X:0004 Y:4440 P:eNvmxdizc
$9B/8624 E0 00 00    CPX #$0000              A:0004 X:0004 Y:4440 P:eNvmxdizc
$9B/8627 F0 0E       BEQ $0E    [$8637]      A:0004 X:0004 Y:4440 P:envmxdizC
$9B/8629 E0 08 00    CPX #$0008              A:0004 X:0004 Y:4440 P:envmxdizC
$9B/862C 90 CC       BCC $CC    [$85FA]      A:0004 X:0004 Y:4440 P:eNvmxdizc
$9B/85FA 98          TYA                     A:0004 X:0004 Y:4440 P:eNvmxdizc
$9B/85FB 0A          ASL A                   A:4440 X:0004 Y:4440 P:envmxdizc
$9B/85FC 90 05       BCC $05    [$8603]      A:8880 X:0004 Y:4440 P:eNvmxdizc
$9B/8603 0A          ASL A                   A:8880 X:0004 Y:4440 P:eNvmxdizc
$9B/8604 90 05       BCC $05    [$860B]      A:1100 X:0004 Y:4440 P:envmxdizC
$9B/8606 A8          TAY                     A:1100 X:0004 Y:4440 P:envmxdizC
$9B/8607 8A          TXA                     A:1100 X:0004 Y:1100 P:envmxdizC
$9B/8608 04 14       TSB $14    [$00:0014]   A:0004 X:0004 Y:1100 P:envmxdizC
$9B/860A 98          TYA                     A:0004 X:0004 Y:1100 P:envmxdiZC
$9B/860B 0A          ASL A                   A:1100 X:0004 Y:1100 P:envmxdizC
$9B/860C 90 05       BCC $05    [$8613]      A:2200 X:0004 Y:1100 P:envmxdizc
$9B/8613 0A          ASL A                   A:2200 X:0004 Y:1100 P:envmxdizc
$9B/8614 90 05       BCC $05    [$861B]      A:4400 X:0004 Y:1100 P:envmxdizc
$9B/861B A8          TAY                     A:4400 X:0004 Y:1100 P:envmxdizc
$9B/861C 8A          TXA                     A:4400 X:0004 Y:4400 P:envmxdizc
$9B/861D 4A          LSR A                   A:0004 X:0004 Y:4400 P:envmxdizc
$9B/861E AA          TAX                     A:0002 X:0004 Y:4400 P:envmxdizc
$9B/861F E0 10 00    CPX #$0010              A:0002 X:0002 Y:4400 P:envmxdizc
$9B/8622 B0 D6       BCS $D6    [$85FA]      A:0002 X:0002 Y:4400 P:eNvmxdizc
$9B/8624 E0 00 00    CPX #$0000              A:0002 X:0002 Y:4400 P:eNvmxdizc
$9B/8627 F0 0E       BEQ $0E    [$8637]      A:0002 X:0002 Y:4400 P:envmxdizC
$9B/8629 E0 08 00    CPX #$0008              A:0002 X:0002 Y:4400 P:envmxdizC
$9B/862C 90 CC       BCC $CC    [$85FA]      A:0002 X:0002 Y:4400 P:eNvmxdizc
$9B/85FA 98          TYA                     A:0002 X:0002 Y:4400 P:eNvmxdizc
$9B/85FB 0A          ASL A                   A:4400 X:0002 Y:4400 P:envmxdizc
$9B/85FC 90 05       BCC $05    [$8603]      A:8800 X:0002 Y:4400 P:eNvmxdizc
$9B/8603 0A          ASL A                   A:8800 X:0002 Y:4400 P:eNvmxdizc
$9B/8604 90 05       BCC $05    [$860B]      A:1000 X:0002 Y:4400 P:envmxdizC
$9B/8606 A8          TAY                     A:1000 X:0002 Y:4400 P:envmxdizC
$9B/8607 8A          TXA                     A:1000 X:0002 Y:1000 P:envmxdizC
$9B/8608 04 14       TSB $14    [$00:0014]   A:0002 X:0002 Y:1000 P:envmxdizC
$9B/860A 98          TYA                     A:0002 X:0002 Y:1000 P:envmxdiZC
$9B/860B 0A          ASL A                   A:1000 X:0002 Y:1000 P:envmxdizC
$9B/860C 90 05       BCC $05    [$8613]      A:2000 X:0002 Y:1000 P:envmxdizc
$9B/8613 0A          ASL A                   A:2000 X:0002 Y:1000 P:envmxdizc
$9B/8614 90 05       BCC $05    [$861B]      A:4000 X:0002 Y:1000 P:envmxdizc
$9B/861B A8          TAY                     A:4000 X:0002 Y:1000 P:envmxdizc
$9B/861C 8A          TXA                     A:4000 X:0002 Y:4000 P:envmxdizc
$9B/861D 4A          LSR A                   A:0002 X:0002 Y:4000 P:envmxdizc
$9B/861E AA          TAX                     A:0001 X:0002 Y:4000 P:envmxdizc
$9B/861F E0 10 00    CPX #$0010              A:0001 X:0001 Y:4000 P:envmxdizc
$9B/8622 B0 D6       BCS $D6    [$85FA]      A:0001 X:0001 Y:4000 P:eNvmxdizc
$9B/8624 E0 00 00    CPX #$0000              A:0001 X:0001 Y:4000 P:eNvmxdizc
$9B/8627 F0 0E       BEQ $0E    [$8637]      A:0001 X:0001 Y:4000 P:envmxdizC
$9B/8629 E0 08 00    CPX #$0008              A:0001 X:0001 Y:4000 P:envmxdizC
$9B/862C 90 CC       BCC $CC    [$85FA]      A:0001 X:0001 Y:4000 P:eNvmxdizc
$9B/85FA 98          TYA                     A:0001 X:0001 Y:4000 P:eNvmxdizc
$9B/85FB 0A          ASL A                   A:4000 X:0001 Y:4000 P:envmxdizc
$9B/85FC 90 05       BCC $05    [$8603]      A:8000 X:0001 Y:4000 P:eNvmxdizc
$9B/8603 0A          ASL A                   A:8000 X:0001 Y:4000 P:eNvmxdizc
$9B/8604 90 05       BCC $05    [$860B]      A:0000 X:0001 Y:4000 P:envmxdiZC
$9B/8606 A8          TAY                     A:0000 X:0001 Y:4000 P:envmxdiZC
$9B/8607 8A          TXA                     A:0000 X:0001 Y:0000 P:envmxdiZC
$9B/8608 04 14       TSB $14    [$00:0014]   A:0001 X:0001 Y:0000 P:envmxdizC
$9B/860A 98          TYA                     A:0001 X:0001 Y:0000 P:envmxdiZC
$9B/860B 0A          ASL A                   A:0000 X:0001 Y:0000 P:envmxdiZC
$9B/860C 90 05       BCC $05    [$8613]      A:0000 X:0001 Y:0000 P:envmxdiZc
$9B/8613 0A          ASL A                   A:0000 X:0001 Y:0000 P:envmxdiZc
$9B/8614 90 05       BCC $05    [$861B]      A:0000 X:0001 Y:0000 P:envmxdiZc
$9B/861B A8          TAY                     A:0000 X:0001 Y:0000 P:envmxdiZc
$9B/861C 8A          TXA                     A:0000 X:0001 Y:0000 P:envmxdiZc
$9B/861D 4A          LSR A                   A:0001 X:0001 Y:0000 P:envmxdizc
$9B/861E AA          TAX                     A:0000 X:0001 Y:0000 P:envmxdiZC
$9B/861F E0 10 00    CPX #$0010              A:0000 X:0000 Y:0000 P:envmxdiZC
$9B/8622 B0 D6       BCS $D6    [$85FA]      A:0000 X:0000 Y:0000 P:eNvmxdizc
$9B/8624 E0 00 00    CPX #$0000              A:0000 X:0000 Y:0000 P:eNvmxdizc
$9B/8627 F0 0E       BEQ $0E    [$8637]      A:0000 X:0000 Y:0000 P:envmxdiZC
$9B/8637 A5 06       LDA $06    [$00:0006]   A:0000 X:0000 Y:0000 P:envmxdiZC
$9B/8639 1A          INC A                   A:040C X:0000 Y:0000 P:envmxdizC
$9B/863A 1A          INC A                   A:040D X:0000 Y:0000 P:envmxdizC
$9B/863B A8          TAY                     A:040E X:0000 Y:0000 P:envmxdizC
$9B/863C 29 10 00    AND #$0010              A:040E X:0000 Y:040E P:envmxdizC
$9B/863F F0 06       BEQ $06    [$8647]      A:0000 X:0000 Y:040E P:envmxdiZC
$9B/8647 84 06       STY $06    [$00:0006]   A:0000 X:0000 Y:040E P:envmxdiZC
$9B/8649 A5 16       LDA $16    [$00:0016]   A:0000 X:0000 Y:040E P:envmxdiZC
$9B/864B 91 10       STA ($10),y[$7F:550E]   A:B0C0 X:0000 Y:040E P:eNvmxdizC
$9B/864D 98          TYA                     A:B0C0 X:0000 Y:040E P:eNvmxdizC
$9B/864E 18          CLC                     A:040E X:0000 Y:040E P:envmxdizC
$9B/864F 69 10 00    ADC #$0010              A:040E X:0000 Y:040E P:envmxdizc
$9B/8652 A8          TAY                     A:041E X:0000 Y:040E P:envmxdizc
$9B/8653 A5 14       LDA $14    [$00:0014]   A:041E X:0000 Y:041E P:envmxdizc
$9B/8655 91 10       STA ($10),y[$7F:551E]   A:C0FF X:0000 Y:041E P:eNvmxdizc
$9B/8657 E6 04       INC $04    [$00:0004]   A:C0FF X:0000 Y:041E P:eNvmxdizc
$9B/8659 C6 00       DEC $00    [$00:0000]   A:C0FF X:0000 Y:041E P:envmxdizc
$9B/865B 10 8B       BPL $8B    [$85E8]      A:C0FF X:0000 Y:041E P:envmxdizc
$9B/85E8 A2 80 00    LDX #$0080              A:C0FF X:0000 Y:041E P:envmxdizc
$9B/85EB 64 14       STZ $14    [$00:0014]   A:C0FF X:0080 Y:041E P:envmxdizc
$9B/85ED 64 16       STZ $16    [$00:0016]   A:C0FF X:0080 Y:041E P:envmxdizc
$9B/85EF A5 04       LDA $04    [$00:0004]   A:C0FF X:0080 Y:041E P:envmxdizc
$9B/85F1 0A          ASL A                   A:0108 X:0080 Y:041E P:envmxdizc
$9B/85F2 0A          ASL A                   A:0210 X:0080 Y:041E P:envmxdizc
$9B/85F3 A8          TAY                     A:0420 X:0080 Y:041E P:envmxdizc
$9B/85F4 B1 0C       LDA ($0C),y[$7F:0420]   A:0420 X:0080 Y:0420 P:envmxdizc
$9B/85F6 F0 E4       BEQ $E4    [$85DC]      A:7666 X:0080 Y:0420 P:envmxdizc
$9B/85F8 EB          XBA                     A:7666 X:0080 Y:0420 P:envmxdizc
$9B/85F9 A8          TAY                     A:6676 X:0080 Y:0420 P:envmxdizc
$9B/85FA 98          TYA                     A:6676 X:0080 Y:6676 P:envmxdizc
$9B/85FB 0A          ASL A                   A:6676 X:0080 Y:6676 P:envmxdizc
$9B/85FC 90 05       BCC $05    [$8603]      A:CCEC X:0080 Y:6676 P:eNvmxdizc
$9B/8603 0A          ASL A                   A:CCEC X:0080 Y:6676 P:eNvmxdizc
$9B/8604 90 05       BCC $05    [$860B]      A:99D8 X:0080 Y:6676 P:eNvmxdizC
$9B/8606 A8          TAY                     A:99D8 X:0080 Y:6676 P:eNvmxdizC
$9B/8607 8A          TXA                     A:99D8 X:0080 Y:99D8 P:eNvmxdizC
$9B/8608 04 14       TSB $14    [$00:0014]   A:0080 X:0080 Y:99D8 P:envmxdizC
$9B/860A 98          TYA                     A:0080 X:0080 Y:99D8 P:envmxdiZC
$9B/860B 0A          ASL A                   A:99D8 X:0080 Y:99D8 P:eNvmxdizC
$9B/860C 90 05       BCC $05    [$8613]      A:33B0 X:0080 Y:99D8 P:envmxdizC
$9B/860E A8          TAY                     A:33B0 X:0080 Y:99D8 P:envmxdizC
$9B/860F 8A          TXA                     A:33B0 X:0080 Y:33B0 P:envmxdizC
$9B/8610 04 17       TSB $17    [$00:0017]   A:0080 X:0080 Y:33B0 P:envmxdizC
$9B/8612 98          TYA                     A:0080 X:0080 Y:33B0 P:envmxdiZC
$9B/8613 0A          ASL A                   A:33B0 X:0080 Y:33B0 P:envmxdizC
$9B/8614 90 05       BCC $05    [$861B]      A:6760 X:0080 Y:33B0 P:envmxdizc
$9B/861B A8          TAY                     A:6760 X:0080 Y:33B0 P:envmxdizc
$9B/861C 8A          TXA                     A:6760 X:0080 Y:6760 P:envmxdizc
$9B/861D 4A          LSR A                   A:0080 X:0080 Y:6760 P:envmxdizc
$9B/861E AA          TAX                     A:0040 X:0080 Y:6760 P:envmxdizc
$9B/861F E0 10 00    CPX #$0010              A:0040 X:0040 Y:6760 P:envmxdizc
$9B/8622 B0 D6       BCS $D6    [$85FA]      A:0040 X:0040 Y:6760 P:envmxdizC
$9B/85FA 98          TYA                     A:0040 X:0040 Y:6760 P:envmxdizC
$9B/85FB 0A          ASL A                   A:6760 X:0040 Y:6760 P:envmxdizC
$9B/85FC 90 05       BCC $05    [$8603]      A:CEC0 X:0040 Y:6760 P:eNvmxdizc
$9B/8603 0A          ASL A                   A:CEC0 X:0040 Y:6760 P:eNvmxdizc
$9B/8604 90 05       BCC $05    [$860B]      A:9D80 X:0040 Y:6760 P:eNvmxdizC
$9B/8606 A8          TAY                     A:9D80 X:0040 Y:6760 P:eNvmxdizC
$9B/8607 8A          TXA                     A:9D80 X:0040 Y:9D80 P:eNvmxdizC
$9B/8608 04 14       TSB $14    [$00:0014]   A:0040 X:0040 Y:9D80 P:envmxdizC
$9B/860A 98          TYA                     A:0040 X:0040 Y:9D80 P:envmxdiZC
$9B/860B 0A          ASL A                   A:9D80 X:0040 Y:9D80 P:eNvmxdizC
$9B/860C 90 05       BCC $05    [$8613]      A:3B00 X:0040 Y:9D80 P:envmxdizC
$9B/860E A8          TAY                     A:3B00 X:0040 Y:9D80 P:envmxdizC
$9B/860F 8A          TXA                     A:3B00 X:0040 Y:3B00 P:envmxdizC
$9B/8610 04 17       TSB $17    [$00:0017]   A:0040 X:0040 Y:3B00 P:envmxdizC
$9B/8612 98          TYA                     A:0040 X:0040 Y:3B00 P:envmxdiZC
$9B/8613 0A          ASL A                   A:3B00 X:0040 Y:3B00 P:envmxdizC
$9B/8614 90 05       BCC $05    [$861B]      A:7600 X:0040 Y:3B00 P:envmxdizc
$9B/861B A8          TAY                     A:7600 X:0040 Y:3B00 P:envmxdizc
$9B/861C 8A          TXA                     A:7600 X:0040 Y:7600 P:envmxdizc
$9B/861D 4A          LSR A                   A:0040 X:0040 Y:7600 P:envmxdizc
$9B/861E AA          TAX                     A:0020 X:0040 Y:7600 P:envmxdizc
$9B/861F E0 10 00    CPX #$0010              A:0020 X:0020 Y:7600 P:envmxdizc
$9B/8622 B0 D6       BCS $D6    [$85FA]      A:0020 X:0020 Y:7600 P:envmxdizC
$9B/85FA 98          TYA                     A:0020 X:0020 Y:7600 P:envmxdizC
$9B/85FB 0A          ASL A                   A:7600 X:0020 Y:7600 P:envmxdizC
$9B/85FC 90 05       BCC $05    [$8603]      A:EC00 X:0020 Y:7600 P:eNvmxdizc
$9B/8603 0A          ASL A                   A:EC00 X:0020 Y:7600 P:eNvmxdizc
$9B/8604 90 05       BCC $05    [$860B]      A:D800 X:0020 Y:7600 P:eNvmxdizC
$9B/8606 A8          TAY                     A:D800 X:0020 Y:7600 P:eNvmxdizC
$9B/8607 8A          TXA                     A:D800 X:0020 Y:D800 P:eNvmxdizC
$9B/8608 04 14       TSB $14    [$00:0014]   A:0020 X:0020 Y:D800 P:envmxdizC
$9B/860A 98          TYA                     A:0020 X:0020 Y:D800 P:envmxdiZC
$9B/860B 0A          ASL A                   A:D800 X:0020 Y:D800 P:eNvmxdizC
$9B/860C 90 05       BCC $05    [$8613]      A:B000 X:0020 Y:D800 P:eNvmxdizC
$9B/860E A8          TAY                     A:B000 X:0020 Y:D800 P:eNvmxdizC
$9B/860F 8A          TXA                     A:B000 X:0020 Y:B000 P:eNvmxdizC
$9B/8610 04 17       TSB $17    [$00:0017]   A:0020 X:0020 Y:B000 P:envmxdizC
$9B/8612 98          TYA                     A:0020 X:0020 Y:B000 P:envmxdiZC
$9B/8613 0A          ASL A                   A:B000 X:0020 Y:B000 P:eNvmxdizC
$9B/8614 90 05       BCC $05    [$861B]      A:6000 X:0020 Y:B000 P:envmxdizC
$9B/8616 A8          TAY                     A:6000 X:0020 Y:B000 P:envmxdizC
$9B/8617 8A          TXA                     A:6000 X:0020 Y:6000 P:envmxdizC
$9B/8618 04 16       TSB $16    [$00:0016]   A:0020 X:0020 Y:6000 P:envmxdizC
$9B/861A 98          TYA                     A:0020 X:0020 Y:6000 P:envmxdiZC
$9B/861B A8          TAY                     A:6000 X:0020 Y:6000 P:envmxdizC
$9B/861C 8A          TXA                     A:6000 X:0020 Y:6000 P:envmxdizC
$9B/861D 4A          LSR A                   A:0020 X:0020 Y:6000 P:envmxdizC
$9B/861E AA          TAX                     A:0010 X:0020 Y:6000 P:envmxdizc
$9B/861F E0 10 00    CPX #$0010              A:0010 X:0010 Y:6000 P:envmxdizc
$9B/8622 B0 D6       BCS $D6    [$85FA]      A:0010 X:0010 Y:6000 P:envmxdiZC
$9B/85FA 98          TYA                     A:0010 X:0010 Y:6000 P:envmxdiZC
$9B/85FB 0A          ASL A                   A:6000 X:0010 Y:6000 P:envmxdizC
$9B/85FC 90 05       BCC $05    [$8603]      A:C000 X:0010 Y:6000 P:eNvmxdizc
$9B/8603 0A          ASL A                   A:C000 X:0010 Y:6000 P:eNvmxdizc
$9B/8604 90 05       BCC $05    [$860B]      A:8000 X:0010 Y:6000 P:eNvmxdizC
$9B/8606 A8          TAY                     A:8000 X:0010 Y:6000 P:eNvmxdizC
$9B/8607 8A          TXA                     A:8000 X:0010 Y:8000 P:eNvmxdizC
$9B/8608 04 14       TSB $14    [$00:0014]   A:0010 X:0010 Y:8000 P:envmxdizC
$9B/860A 98          TYA                     A:0010 X:0010 Y:8000 P:envmxdiZC
$9B/860B 0A          ASL A                   A:8000 X:0010 Y:8000 P:eNvmxdizC
$9B/860C 90 05       BCC $05    [$8613]      A:0000 X:0010 Y:8000 P:envmxdiZC
$9B/860E A8          TAY                     A:0000 X:0010 Y:8000 P:envmxdiZC
$9B/860F 8A          TXA                     A:0000 X:0010 Y:0000 P:envmxdiZC
$9B/8610 04 17       TSB $17    [$00:0017]   A:0010 X:0010 Y:0000 P:envmxdizC
$9B/8612 98          TYA                     A:0010 X:0010 Y:0000 P:envmxdiZC
$9B/8613 0A          ASL A                   A:0000 X:0010 Y:0000 P:envmxdiZC
$9B/8614 90 05       BCC $05    [$861B]      A:0000 X:0010 Y:0000 P:envmxdiZc
$9B/861B A8          TAY                     A:0000 X:0010 Y:0000 P:envmxdiZc
$9B/861C 8A          TXA                     A:0000 X:0010 Y:0000 P:envmxdiZc
$9B/861D 4A          LSR A                   A:0010 X:0010 Y:0000 P:envmxdizc
$9B/861E AA          TAX                     A:0008 X:0010 Y:0000 P:envmxdizc
$9B/861F E0 10 00    CPX #$0010              A:0008 X:0008 Y:0000 P:envmxdizc
$9B/8622 B0 D6       BCS $D6    [$85FA]      A:0008 X:0008 Y:0000 P:eNvmxdizc
$9B/8624 E0 00 00    CPX #$0000              A:0008 X:0008 Y:0000 P:eNvmxdizc
$9B/8627 F0 0E       BEQ $0E    [$8637]      A:0008 X:0008 Y:0000 P:envmxdizC
$9B/8629 E0 08 00    CPX #$0008              A:0008 X:0008 Y:0000 P:envmxdizC
$9B/862C 90 CC       BCC $CC    [$85FA]      A:0008 X:0008 Y:0000 P:envmxdiZC
$9B/862E A5 04       LDA $04    [$00:0004]   A:0008 X:0008 Y:0000 P:envmxdiZC
$9B/8630 0A          ASL A                   A:0108 X:0008 Y:0000 P:envmxdizC
$9B/8631 0A          ASL A                   A:0210 X:0008 Y:0000 P:envmxdizc
$9B/8632 A8          TAY                     A:0420 X:0008 Y:0000 P:envmxdizc
$9B/8633 C8          INY                     A:0420 X:0008 Y:0420 P:envmxdizc
$9B/8634 C8          INY                     A:0420 X:0008 Y:0421 P:envmxdizc
$9B/8635 80 BD       BRA $BD    [$85F4]      A:0420 X:0008 Y:0422 P:envmxdizc
$9B/85F4 B1 0C       LDA ($0C),y[$7F:0422]   A:0420 X:0008 Y:0422 P:envmxdizc
$9B/85F6 F0 E4       BEQ $E4    [$85DC]      A:5455 X:0008 Y:0422 P:envmxdizc
$9B/85F8 EB          XBA                     A:5455 X:0008 Y:0422 P:envmxdizc
$9B/85F9 A8          TAY                     A:5554 X:0008 Y:0422 P:envmxdizc
$9B/85FA 98          TYA                     A:5554 X:0008 Y:5554 P:envmxdizc
$9B/85FB 0A          ASL A                   A:5554 X:0008 Y:5554 P:envmxdizc
$9B/85FC 90 05       BCC $05    [$8603]      A:AAA8 X:0008 Y:5554 P:eNvmxdizc
$9B/8603 0A          ASL A                   A:AAA8 X:0008 Y:5554 P:eNvmxdizc
$9B/8604 90 05       BCC $05    [$860B]      A:5550 X:0008 Y:5554 P:envmxdizC
$9B/8606 A8          TAY                     A:5550 X:0008 Y:5554 P:envmxdizC
$9B/8607 8A          TXA                     A:5550 X:0008 Y:5550 P:envmxdizC
$9B/8608 04 14       TSB $14    [$00:0014]   A:0008 X:0008 Y:5550 P:envmxdizC
$9B/860A 98          TYA                     A:0008 X:0008 Y:5550 P:envmxdiZC
$9B/860B 0A          ASL A                   A:5550 X:0008 Y:5550 P:envmxdizC
$9B/860C 90 05       BCC $05    [$8613]      A:AAA0 X:0008 Y:5550 P:eNvmxdizc
$9B/8613 0A          ASL A                   A:AAA0 X:0008 Y:5550 P:eNvmxdizc
$9B/8614 90 05       BCC $05    [$861B]      A:5540 X:0008 Y:5550 P:envmxdizC
$9B/8616 A8          TAY                     A:5540 X:0008 Y:5550 P:envmxdizC
$9B/8617 8A          TXA                     A:5540 X:0008 Y:5540 P:envmxdizC
$9B/8618 04 16       TSB $16    [$00:0016]   A:0008 X:0008 Y:5540 P:envmxdizC
$9B/861A 98          TYA                     A:0008 X:0008 Y:5540 P:envmxdiZC
$9B/861B A8          TAY                     A:5540 X:0008 Y:5540 P:envmxdizC
$9B/861C 8A          TXA                     A:5540 X:0008 Y:5540 P:envmxdizC
$9B/861D 4A          LSR A                   A:0008 X:0008 Y:5540 P:envmxdizC
$9B/861E AA          TAX                     A:0004 X:0008 Y:5540 P:envmxdizc
$9B/861F E0 10 00    CPX #$0010              A:0004 X:0004 Y:5540 P:envmxdizc
$9B/8622 B0 D6       BCS $D6    [$85FA]      A:0004 X:0004 Y:5540 P:eNvmxdizc
$9B/8624 E0 00 00    CPX #$0000              A:0004 X:0004 Y:5540 P:eNvmxdizc
$9B/8627 F0 0E       BEQ $0E    [$8637]      A:0004 X:0004 Y:5540 P:envmxdizC
$9B/8629 E0 08 00    CPX #$0008              A:0004 X:0004 Y:5540 P:envmxdizC
$9B/862C 90 CC       BCC $CC    [$85FA]      A:0004 X:0004 Y:5540 P:eNvmxdizc
$9B/85FA 98          TYA                     A:0004 X:0004 Y:5540 P:eNvmxdizc
$9B/85FB 0A          ASL A                   A:5540 X:0004 Y:5540 P:envmxdizc
$9B/85FC 90 05       BCC $05    [$8603]      A:AA80 X:0004 Y:5540 P:eNvmxdizc
$9B/8603 0A          ASL A                   A:AA80 X:0004 Y:5540 P:eNvmxdizc
$9B/8604 90 05       BCC $05    [$860B]      A:5500 X:0004 Y:5540 P:envmxdizC
$9B/8606 A8          TAY                     A:5500 X:0004 Y:5540 P:envmxdizC
$9B/8607 8A          TXA                     A:5500 X:0004 Y:5500 P:envmxdizC
$9B/8608 04 14       TSB $14    [$00:0014]   A:0004 X:0004 Y:5500 P:envmxdizC
$9B/860A 98          TYA                     A:0004 X:0004 Y:5500 P:envmxdiZC
$9B/860B 0A          ASL A                   A:5500 X:0004 Y:5500 P:envmxdizC
$9B/860C 90 05       BCC $05    [$8613]      A:AA00 X:0004 Y:5500 P:eNvmxdizc
$9B/8613 0A          ASL A                   A:AA00 X:0004 Y:5500 P:eNvmxdizc
$9B/8614 90 05       BCC $05    [$861B]      A:5400 X:0004 Y:5500 P:envmxdizC
$9B/8616 A8          TAY                     A:5400 X:0004 Y:5500 P:envmxdizC
$9B/8617 8A          TXA                     A:5400 X:0004 Y:5400 P:envmxdizC
$9B/8618 04 16       TSB $16    [$00:0016]   A:0004 X:0004 Y:5400 P:envmxdizC
$9B/861A 98          TYA                     A:0004 X:0004 Y:5400 P:envmxdiZC
$9B/861B A8          TAY                     A:5400 X:0004 Y:5400 P:envmxdizC
$9B/861C 8A          TXA                     A:5400 X:0004 Y:5400 P:envmxdizC
$9B/861D 4A          LSR A                   A:0004 X:0004 Y:5400 P:envmxdizC
$9B/861E AA          TAX                     A:0002 X:0004 Y:5400 P:envmxdizc
$9B/861F E0 10 00    CPX #$0010              A:0002 X:0002 Y:5400 P:envmxdizc
$9B/8622 B0 D6       BCS $D6    [$85FA]      A:0002 X:0002 Y:5400 P:eNvmxdizc
$9B/8624 E0 00 00    CPX #$0000              A:0002 X:0002 Y:5400 P:eNvmxdizc
$9B/8627 F0 0E       BEQ $0E    [$8637]      A:0002 X:0002 Y:5400 P:envmxdizC
$9B/8629 E0 08 00    CPX #$0008              A:0002 X:0002 Y:5400 P:envmxdizC
$9B/862C 90 CC       BCC $CC    [$85FA]      A:0002 X:0002 Y:5400 P:eNvmxdizc
$9B/85FA 98          TYA                     A:0002 X:0002 Y:5400 P:eNvmxdizc
$9B/85FB 0A          ASL A                   A:5400 X:0002 Y:5400 P:envmxdizc
$9B/85FC 90 05       BCC $05    [$8603]      A:A800 X:0002 Y:5400 P:eNvmxdizc
$9B/8603 0A          ASL A                   A:A800 X:0002 Y:5400 P:eNvmxdizc
$9B/8604 90 05       BCC $05    [$860B]      A:5000 X:0002 Y:5400 P:envmxdizC
$9B/8606 A8          TAY                     A:5000 X:0002 Y:5400 P:envmxdizC
$9B/8607 8A          TXA                     A:5000 X:0002 Y:5000 P:envmxdizC
$9B/8608 04 14       TSB $14    [$00:0014]   A:0002 X:0002 Y:5000 P:envmxdizC
$9B/860A 98          TYA                     A:0002 X:0002 Y:5000 P:envmxdiZC
$9B/860B 0A          ASL A                   A:5000 X:0002 Y:5000 P:envmxdizC
$9B/860C 90 05       BCC $05    [$8613]      A:A000 X:0002 Y:5000 P:eNvmxdizc
$9B/8613 0A          ASL A                   A:A000 X:0002 Y:5000 P:eNvmxdizc
$9B/8614 90 05       BCC $05    [$861B]      A:4000 X:0002 Y:5000 P:envmxdizC
$9B/8616 A8          TAY                     A:4000 X:0002 Y:5000 P:envmxdizC
$9B/8617 8A          TXA                     A:4000 X:0002 Y:4000 P:envmxdizC
$9B/8618 04 16       TSB $16    [$00:0016]   A:0002 X:0002 Y:4000 P:envmxdizC
$9B/861A 98          TYA                     A:0002 X:0002 Y:4000 P:envmxdiZC
$9B/861B A8          TAY                     A:4000 X:0002 Y:4000 P:envmxdizC
$9B/861C 8A          TXA                     A:4000 X:0002 Y:4000 P:envmxdizC
$9B/861D 4A          LSR A                   A:0002 X:0002 Y:4000 P:envmxdizC
$9B/861E AA          TAX                     A:0001 X:0002 Y:4000 P:envmxdizc
$9B/861F E0 10 00    CPX #$0010              A:0001 X:0001 Y:4000 P:envmxdizc
$9B/8622 B0 D6       BCS $D6    [$85FA]      A:0001 X:0001 Y:4000 P:eNvmxdizc
$9B/8624 E0 00 00    CPX #$0000              A:0001 X:0001 Y:4000 P:eNvmxdizc
$9B/8627 F0 0E       BEQ $0E    [$8637]      A:0001 X:0001 Y:4000 P:envmxdizC
$9B/8629 E0 08 00    CPX #$0008              A:0001 X:0001 Y:4000 P:envmxdizC
$9B/862C 90 CC       BCC $CC    [$85FA]      A:0001 X:0001 Y:4000 P:eNvmxdizc
$9B/85FA 98          TYA                     A:0001 X:0001 Y:4000 P:eNvmxdizc
$9B/85FB 0A          ASL A                   A:4000 X:0001 Y:4000 P:envmxdizc
$9B/85FC 90 05       BCC $05    [$8603]      A:8000 X:0001 Y:4000 P:eNvmxdizc
$9B/8603 0A          ASL A                   A:8000 X:0001 Y:4000 P:eNvmxdizc
$9B/8604 90 05       BCC $05    [$860B]      A:0000 X:0001 Y:4000 P:envmxdiZC
$9B/8606 A8          TAY                     A:0000 X:0001 Y:4000 P:envmxdiZC
$9B/8607 8A          TXA                     A:0000 X:0001 Y:0000 P:envmxdiZC
$9B/8608 04 14       TSB $14    [$00:0014]   A:0001 X:0001 Y:0000 P:envmxdizC
$9B/860A 98          TYA                     A:0001 X:0001 Y:0000 P:envmxdiZC
$9B/860B 0A          ASL A                   A:0000 X:0001 Y:0000 P:envmxdiZC
$9B/860C 90 05       BCC $05    [$8613]      A:0000 X:0001 Y:0000 P:envmxdiZc
$9B/8613 0A          ASL A                   A:0000 X:0001 Y:0000 P:envmxdiZc
$9B/8614 90 05       BCC $05    [$861B]      A:0000 X:0001 Y:0000 P:envmxdiZc
$9B/861B A8          TAY                     A:0000 X:0001 Y:0000 P:envmxdiZc
$9B/861C 8A          TXA                     A:0000 X:0001 Y:0000 P:envmxdiZc
$9B/861D 4A          LSR A                   A:0001 X:0001 Y:0000 P:envmxdizc
$9B/861E AA          TAX                     A:0000 X:0001 Y:0000 P:envmxdiZC
$9B/861F E0 10 00    CPX #$0010              A:0000 X:0000 Y:0000 P:envmxdiZC
$9B/8622 B0 D6       BCS $D6    [$85FA]      A:0000 X:0000 Y:0000 P:eNvmxdizc
$9B/8624 E0 00 00    CPX #$0000              A:0000 X:0000 Y:0000 P:eNvmxdizc
$9B/8627 F0 0E       BEQ $0E    [$8637]      A:0000 X:0000 Y:0000 P:envmxdiZC
$9B/8637 A5 06       LDA $06    [$00:0006]   A:0000 X:0000 Y:0000 P:envmxdiZC
$9B/8639 1A          INC A                   A:040E X:0000 Y:0000 P:envmxdizC
$9B/863A 1A          INC A                   A:040F X:0000 Y:0000 P:envmxdizC
$9B/863B A8          TAY                     A:0410 X:0000 Y:0000 P:envmxdizC
$9B/863C 29 10 00    AND #$0010              A:0410 X:0000 Y:0410 P:envmxdizC
$9B/863F F0 06       BEQ $06    [$8647]      A:0010 X:0000 Y:0410 P:envmxdizC
$9B/8641 98          TYA                     A:0010 X:0000 Y:0410 P:envmxdizC
$9B/8642 18          CLC                     A:0410 X:0000 Y:0410 P:envmxdizC
$9B/8643 69 10 00    ADC #$0010              A:0410 X:0000 Y:0410 P:envmxdizc
$9B/8646 A8          TAY                     A:0420 X:0000 Y:0410 P:envmxdizc
$9B/8647 84 06       STY $06    [$00:0006]   A:0420 X:0000 Y:0420 P:envmxdizc
$9B/8649 A5 16       LDA $16    [$00:0016]   A:0420 X:0000 Y:0420 P:envmxdizc
$9B/864B 91 10       STA ($10),y[$7F:5520]   A:F02E X:0000 Y:0420 P:eNvmxdizc
$9B/864D 98          TYA                     A:F02E X:0000 Y:0420 P:eNvmxdizc
$9B/864E 18          CLC                     A:0420 X:0000 Y:0420 P:envmxdizc
$9B/864F 69 10 00    ADC #$0010              A:0420 X:0000 Y:0420 P:envmxdizc
$9B/8652 A8          TAY                     A:0430 X:0000 Y:0420 P:envmxdizc
$9B/8653 A5 14       LDA $14    [$00:0014]   A:0430 X:0000 Y:0430 P:envmxdizc
$9B/8655 91 10       STA ($10),y[$7F:5530]   A:00FF X:0000 Y:0430 P:envmxdizc
$9B/8657 E6 04       INC $04    [$00:0004]   A:00FF X:0000 Y:0430 P:envmxdizc
$9B/8659 C6 00       DEC $00    [$00:0000]   A:00FF X:0000 Y:0430 P:envmxdizc
$9B/865B 10 8B       BPL $8B    [$85E8]      A:00FF X:0000 Y:0430 P:envmxdizc
$9B/85E8 A2 80 00    LDX #$0080              A:00FF X:0000 Y:0430 P:envmxdizc
$9B/85EB 64 14       STZ $14    [$00:0014]   A:00FF X:0080 Y:0430 P:envmxdizc
$9B/85ED 64 16       STZ $16    [$00:0016]   A:00FF X:0080 Y:0430 P:envmxdizc
$9B/85EF A5 04       LDA $04    [$00:0004]   A:00FF X:0080 Y:0430 P:envmxdizc
$9B/85F1 0A          ASL A                   A:0109 X:0080 Y:0430 P:envmxdizc
$9B/85F2 0A          ASL A                   A:0212 X:0080 Y:0430 P:envmxdizc
$9B/85F3 A8          TAY                     A:0424 X:0080 Y:0430 P:envmxdizc
$9B/85F4 B1 0C       LDA ($0C),y[$7F:0424]   A:0424 X:0080 Y:0424 P:envmxdizc
$9B/85F6 F0 E4       BEQ $E4    [$85DC]      A:6577 X:0080 Y:0424 P:envmxdizc
$9B/85F8 EB          XBA                     A:6577 X:0080 Y:0424 P:envmxdizc
$9B/85F9 A8          TAY                     A:7765 X:0080 Y:0424 P:envmxdizc
$9B/85FA 98          TYA                     A:7765 X:0080 Y:7765 P:envmxdizc
$9B/85FB 0A          ASL A                   A:7765 X:0080 Y:7765 P:envmxdizc
$9B/85FC 90 05       BCC $05    [$8603]      A:EECA X:0080 Y:7765 P:eNvmxdizc
$9B/8603 0A          ASL A                   A:EECA X:0080 Y:7765 P:eNvmxdizc
$9B/8604 90 05       BCC $05    [$860B]      A:DD94 X:0080 Y:7765 P:eNvmxdizC
$9B/8606 A8          TAY                     A:DD94 X:0080 Y:7765 P:eNvmxdizC
$9B/8607 8A          TXA                     A:DD94 X:0080 Y:DD94 P:eNvmxdizC
$9B/8608 04 14       TSB $14    [$00:0014]   A:0080 X:0080 Y:DD94 P:envmxdizC
$9B/860A 98          TYA                     A:0080 X:0080 Y:DD94 P:envmxdiZC
$9B/860B 0A          ASL A                   A:DD94 X:0080 Y:DD94 P:eNvmxdizC
$9B/860C 90 05       BCC $05    [$8613]      A:BB28 X:0080 Y:DD94 P:eNvmxdizC
$9B/860E A8          TAY                     A:BB28 X:0080 Y:DD94 P:eNvmxdizC
$9B/860F 8A          TXA                     A:BB28 X:0080 Y:BB28 P:eNvmxdizC
$9B/8610 04 17       TSB $17    [$00:0017]   A:0080 X:0080 Y:BB28 P:envmxdizC
$9B/8612 98          TYA                     A:0080 X:0080 Y:BB28 P:envmxdiZC
$9B/8613 0A          ASL A                   A:BB28 X:0080 Y:BB28 P:eNvmxdizC
$9B/8614 90 05       BCC $05    [$861B]      A:7650 X:0080 Y:BB28 P:envmxdizC
$9B/8616 A8          TAY                     A:7650 X:0080 Y:BB28 P:envmxdizC
$9B/8617 8A          TXA                     A:7650 X:0080 Y:7650 P:envmxdizC
$9B/8618 04 16       TSB $16    [$00:0016]   A:0080 X:0080 Y:7650 P:envmxdizC
$9B/861A 98          TYA                     A:0080 X:0080 Y:7650 P:envmxdiZC
$9B/861B A8          TAY                     A:7650 X:0080 Y:7650 P:envmxdizC
$9B/861C 8A          TXA                     A:7650 X:0080 Y:7650 P:envmxdizC
$9B/861D 4A          LSR A                   A:0080 X:0080 Y:7650 P:envmxdizC
$9B/861E AA          TAX                     A:0040 X:0080 Y:7650 P:envmxdizc
$9B/861F E0 10 00    CPX #$0010              A:0040 X:0040 Y:7650 P:envmxdizc
$9B/8622 B0 D6       BCS $D6    [$85FA]      A:0040 X:0040 Y:7650 P:envmxdizC
$9B/85FA 98          TYA                     A:0040 X:0040 Y:7650 P:envmxdizC
$9B/85FB 0A          ASL A                   A:7650 X:0040 Y:7650 P:envmxdizC
$9B/85FC 90 05       BCC $05    [$8603]      A:ECA0 X:0040 Y:7650 P:eNvmxdizc
$9B/8603 0A          ASL A                   A:ECA0 X:0040 Y:7650 P:eNvmxdizc
$9B/8604 90 05       BCC $05    [$860B]      A:D940 X:0040 Y:7650 P:eNvmxdizC
$9B/8606 A8          TAY                     A:D940 X:0040 Y:7650 P:eNvmxdizC
$9B/8607 8A          TXA                     A:D940 X:0040 Y:D940 P:eNvmxdizC
$9B/8608 04 14       TSB $14    [$00:0014]   A:0040 X:0040 Y:D940 P:envmxdizC
$9B/860A 98          TYA                     A:0040 X:0040 Y:D940 P:envmxdiZC
$9B/860B 0A          ASL A                   A:D940 X:0040 Y:D940 P:eNvmxdizC
$9B/860C 90 05       BCC $05    [$8613]      A:B280 X:0040 Y:D940 P:eNvmxdizC
$9B/860E A8          TAY                     A:B280 X:0040 Y:D940 P:eNvmxdizC
$9B/860F 8A          TXA                     A:B280 X:0040 Y:B280 P:eNvmxdizC
$9B/8610 04 17       TSB $17    [$00:0017]   A:0040 X:0040 Y:B280 P:envmxdizC
$9B/8612 98          TYA                     A:0040 X:0040 Y:B280 P:envmxdiZC
$9B/8613 0A          ASL A                   A:B280 X:0040 Y:B280 P:eNvmxdizC
$9B/8614 90 05       BCC $05    [$861B]      A:6500 X:0040 Y:B280 P:envmxdizC
$9B/8616 A8          TAY                     A:6500 X:0040 Y:B280 P:envmxdizC
$9B/8617 8A          TXA                     A:6500 X:0040 Y:6500 P:envmxdizC
$9B/8618 04 16       TSB $16    [$00:0016]   A:0040 X:0040 Y:6500 P:envmxdizC
$9B/861A 98          TYA                     A:0040 X:0040 Y:6500 P:envmxdiZC
$9B/861B A8          TAY                     A:6500 X:0040 Y:6500 P:envmxdizC
$9B/861C 8A          TXA                     A:6500 X:0040 Y:6500 P:envmxdizC
$9B/861D 4A          LSR A                   A:0040 X:0040 Y:6500 P:envmxdizC
$9B/861E AA          TAX                     A:0020 X:0040 Y:6500 P:envmxdizc
$9B/861F E0 10 00    CPX #$0010              A:0020 X:0020 Y:6500 P:envmxdizc
$9B/8622 B0 D6       BCS $D6    [$85FA]      A:0020 X:0020 Y:6500 P:envmxdizC
$9B/85FA 98          TYA                     A:0020 X:0020 Y:6500 P:envmxdizC
$9B/85FB 0A          ASL A                   A:6500 X:0020 Y:6500 P:envmxdizC
$9B/85FC 90 05       BCC $05    [$8603]      A:CA00 X:0020 Y:6500 P:eNvmxdizc
$9B/8603 0A          ASL A                   A:CA00 X:0020 Y:6500 P:eNvmxdizc
$9B/8604 90 05       BCC $05    [$860B]      A:9400 X:0020 Y:6500 P:eNvmxdizC
$9B/8606 A8          TAY                     A:9400 X:0020 Y:6500 P:eNvmxdizC
$9B/8607 8A          TXA                     A:9400 X:0020 Y:9400 P:eNvmxdizC
$9B/8608 04 14       TSB $14    [$00:0014]   A:0020 X:0020 Y:9400 P:envmxdizC
$9B/860A 98          TYA                     A:0020 X:0020 Y:9400 P:envmxdiZC
$9B/860B 0A          ASL A                   A:9400 X:0020 Y:9400 P:eNvmxdizC
$9B/860C 90 05       BCC $05    [$8613]      A:2800 X:0020 Y:9400 P:envmxdizC
$9B/860E A8          TAY                     A:2800 X:0020 Y:9400 P:envmxdizC
$9B/860F 8A          TXA                     A:2800 X:0020 Y:2800 P:envmxdizC
$9B/8610 04 17       TSB $17    [$00:0017]   A:0020 X:0020 Y:2800 P:envmxdizC
$9B/8612 98          TYA                     A:0020 X:0020 Y:2800 P:envmxdiZC
$9B/8613 0A          ASL A                   A:2800 X:0020 Y:2800 P:envmxdizC
$9B/8614 90 05       BCC $05    [$861B]      A:5000 X:0020 Y:2800 P:envmxdizc
$9B/861B A8          TAY                     A:5000 X:0020 Y:2800 P:envmxdizc
$9B/861C 8A          TXA                     A:5000 X:0020 Y:5000 P:envmxdizc
$9B/861D 4A          LSR A                   A:0020 X:0020 Y:5000 P:envmxdizc
$9B/861E AA          TAX                     A:0010 X:0020 Y:5000 P:envmxdizc
$9B/861F E0 10 00    CPX #$0010              A:0010 X:0010 Y:5000 P:envmxdizc
$9B/8622 B0 D6       BCS $D6    [$85FA]      A:0010 X:0010 Y:5000 P:envmxdiZC
$9B/85FA 98          TYA                     A:0010 X:0010 Y:5000 P:envmxdiZC
$9B/85FB 0A          ASL A                   A:5000 X:0010 Y:5000 P:envmxdizC
$9B/85FC 90 05       BCC $05    [$8603]      A:A000 X:0010 Y:5000 P:eNvmxdizc
$9B/8603 0A          ASL A                   A:A000 X:0010 Y:5000 P:eNvmxdizc
$9B/8604 90 05       BCC $05    [$860B]      A:4000 X:0010 Y:5000 P:envmxdizC
$9B/8606 A8          TAY                     A:4000 X:0010 Y:5000 P:envmxdizC
$9B/8607 8A          TXA                     A:4000 X:0010 Y:4000 P:envmxdizC
$9B/8608 04 14       TSB $14    [$00:0014]   A:0010 X:0010 Y:4000 P:envmxdizC
$9B/860A 98          TYA                     A:0010 X:0010 Y:4000 P:envmxdiZC
$9B/860B 0A          ASL A                   A:4000 X:0010 Y:4000 P:envmxdizC
$9B/860C 90 05       BCC $05    [$8613]      A:8000 X:0010 Y:4000 P:eNvmxdizc
$9B/8613 0A          ASL A                   A:8000 X:0010 Y:4000 P:eNvmxdizc
$9B/8614 90 05       BCC $05    [$861B]      A:0000 X:0010 Y:4000 P:envmxdiZC
$9B/8616 A8          TAY                     A:0000 X:0010 Y:4000 P:envmxdiZC
$9B/8617 8A          TXA                     A:0000 X:0010 Y:0000 P:envmxdiZC
$9B/8618 04 16       TSB $16    [$00:0016]   A:0010 X:0010 Y:0000 P:envmxdizC
$9B/861A 98          TYA                     A:0010 X:0010 Y:0000 P:envmxdiZC
$9B/861B A8          TAY                     A:0000 X:0010 Y:0000 P:envmxdiZC
$9B/861C 8A          TXA                     A:0000 X:0010 Y:0000 P:envmxdiZC
$9B/861D 4A          LSR A                   A:0010 X:0010 Y:0000 P:envmxdizC
$9B/861E AA          TAX                     A:0008 X:0010 Y:0000 P:envmxdizc
$9B/861F E0 10 00    CPX #$0010              A:0008 X:0008 Y:0000 P:envmxdizc
$9B/8622 B0 D6       BCS $D6    [$85FA]      A:0008 X:0008 Y:0000 P:eNvmxdizc
$9B/8624 E0 00 00    CPX #$0000              A:0008 X:0008 Y:0000 P:eNvmxdizc
$9B/8627 F0 0E       BEQ $0E    [$8637]      A:0008 X:0008 Y:0000 P:envmxdizC
$9B/8629 E0 08 00    CPX #$0008              A:0008 X:0008 Y:0000 P:envmxdizC
$9B/862C 90 CC       BCC $CC    [$85FA]      A:0008 X:0008 Y:0000 P:envmxdiZC
$9B/862E A5 04       LDA $04    [$00:0004]   A:0008 X:0008 Y:0000 P:envmxdiZC
$9B/8630 0A          ASL A                   A:0109 X:0008 Y:0000 P:envmxdizC
$9B/8631 0A          ASL A                   A:0212 X:0008 Y:0000 P:envmxdizc
$9B/8632 A8          TAY                     A:0424 X:0008 Y:0000 P:envmxdizc
$9B/8633 C8          INY                     A:0424 X:0008 Y:0424 P:envmxdizc
$9B/8634 C8          INY                     A:0424 X:0008 Y:0425 P:envmxdizc
$9B/8635 80 BD       BRA $BD    [$85F4]      A:0424 X:0008 Y:0426 P:envmxdizc
$9B/85F4 B1 0C       LDA ($0C),y[$7F:0426]   A:0424 X:0008 Y:0426 P:envmxdizc
$9B/85F6 F0 E4       BEQ $E4    [$85DC]      A:4455 X:0008 Y:0426 P:envmxdizc
$9B/85F8 EB          XBA                     A:4455 X:0008 Y:0426 P:envmxdizc
$9B/85F9 A8          TAY                     A:5544 X:0008 Y:0426 P:envmxdizc
$9B/85FA 98          TYA                     A:5544 X:0008 Y:5544 P:envmxdizc
$9B/85FB 0A          ASL A                   A:5544 X:0008 Y:5544 P:envmxdizc
$9B/85FC 90 05       BCC $05    [$8603]      A:AA88 X:0008 Y:5544 P:eNvmxdizc
$9B/8603 0A          ASL A                   A:AA88 X:0008 Y:5544 P:eNvmxdizc
$9B/8604 90 05       BCC $05    [$860B]      A:5510 X:0008 Y:5544 P:envmxdizC
$9B/8606 A8          TAY                     A:5510 X:0008 Y:5544 P:envmxdizC
$9B/8607 8A          TXA                     A:5510 X:0008 Y:5510 P:envmxdizC
$9B/8608 04 14       TSB $14    [$00:0014]   A:0008 X:0008 Y:5510 P:envmxdizC
$9B/860A 98          TYA                     A:0008 X:0008 Y:5510 P:envmxdiZC
$9B/860B 0A          ASL A                   A:5510 X:0008 Y:5510 P:envmxdizC
$9B/860C 90 05       BCC $05    [$8613]      A:AA20 X:0008 Y:5510 P:eNvmxdizc
$9B/8613 0A          ASL A                   A:AA20 X:0008 Y:5510 P:eNvmxdizc
$9B/8614 90 05       BCC $05    [$861B]      A:5440 X:0008 Y:5510 P:envmxdizC
$9B/8616 A8          TAY                     A:5440 X:0008 Y:5510 P:envmxdizC
$9B/8617 8A          TXA                     A:5440 X:0008 Y:5440 P:envmxdizC
$9B/8618 04 16       TSB $16    [$00:0016]   A:0008 X:0008 Y:5440 P:envmxdizC
$9B/861A 98          TYA                     A:0008 X:0008 Y:5440 P:envmxdiZC
$9B/861B A8          TAY                     A:5440 X:0008 Y:5440 P:envmxdizC
$9B/861C 8A          TXA                     A:5440 X:0008 Y:5440 P:envmxdizC
$9B/861D 4A          LSR A                   A:0008 X:0008 Y:5440 P:envmxdizC
$9B/861E AA          TAX                     A:0004 X:0008 Y:5440 P:envmxdizc
$9B/861F E0 10 00    CPX #$0010              A:0004 X:0004 Y:5440 P:envmxdizc
$9B/8622 B0 D6       BCS $D6    [$85FA]      A:0004 X:0004 Y:5440 P:eNvmxdizc
$9B/8624 E0 00 00    CPX #$0000              A:0004 X:0004 Y:5440 P:eNvmxdizc
$9B/8627 F0 0E       BEQ $0E    [$8637]      A:0004 X:0004 Y:5440 P:envmxdizC
$9B/8629 E0 08 00    CPX #$0008              A:0004 X:0004 Y:5440 P:envmxdizC
$9B/862C 90 CC       BCC $CC    [$85FA]      A:0004 X:0004 Y:5440 P:eNvmxdizc
$9B/85FA 98          TYA                     A:0004 X:0004 Y:5440 P:eNvmxdizc
$9B/85FB 0A          ASL A                   A:5440 X:0004 Y:5440 P:envmxdizc
$9B/85FC 90 05       BCC $05    [$8603]      A:A880 X:0004 Y:5440 P:eNvmxdizc
$9B/8603 0A          ASL A                   A:A880 X:0004 Y:5440 P:eNvmxdizc
$9B/8604 90 05       BCC $05    [$860B]      A:5100 X:0004 Y:5440 P:envmxdizC
$9B/8606 A8          TAY                     A:5100 X:0004 Y:5440 P:envmxdizC
$9B/8607 8A          TXA                     A:5100 X:0004 Y:5100 P:envmxdizC
$9B/8608 04 14       TSB $14    [$00:0014]   A:0004 X:0004 Y:5100 P:envmxdizC
$9B/860A 98          TYA                     A:0004 X:0004 Y:5100 P:envmxdiZC
$9B/860B 0A          ASL A                   A:5100 X:0004 Y:5100 P:envmxdizC
$9B/860C 90 05       BCC $05    [$8613]      A:A200 X:0004 Y:5100 P:eNvmxdizc
$9B/8613 0A          ASL A                   A:A200 X:0004 Y:5100 P:eNvmxdizc
$9B/8614 90 05       BCC $05    [$861B]      A:4400 X:0004 Y:5100 P:envmxdizC
$9B/8616 A8          TAY                     A:4400 X:0004 Y:5100 P:envmxdizC
$9B/8617 8A          TXA                     A:4400 X:0004 Y:4400 P:envmxdizC
$9B/8618 04 16       TSB $16    [$00:0016]   A:0004 X:0004 Y:4400 P:envmxdizC
$9B/861A 98          TYA                     A:0004 X:0004 Y:4400 P:envmxdiZC
$9B/861B A8          TAY                     A:4400 X:0004 Y:4400 P:envmxdizC
$9B/861C 8A          TXA                     A:4400 X:0004 Y:4400 P:envmxdizC
$9B/861D 4A          LSR A                   A:0004 X:0004 Y:4400 P:envmxdizC
$9B/861E AA          TAX                     A:0002 X:0004 Y:4400 P:envmxdizc
$9B/861F E0 10 00    CPX #$0010              A:0002 X:0002 Y:4400 P:envmxdizc
$9B/8622 B0 D6       BCS $D6    [$85FA]      A:0002 X:0002 Y:4400 P:eNvmxdizc
$9B/8624 E0 00 00    CPX #$0000              A:0002 X:0002 Y:4400 P:eNvmxdizc
$9B/8627 F0 0E       BEQ $0E    [$8637]      A:0002 X:0002 Y:4400 P:envmxdizC
$9B/8629 E0 08 00    CPX #$0008              A:0002 X:0002 Y:4400 P:envmxdizC
$9B/862C 90 CC       BCC $CC    [$85FA]      A:0002 X:0002 Y:4400 P:eNvmxdizc
$9B/85FA 98          TYA                     A:0002 X:0002 Y:4400 P:eNvmxdizc
$9B/85FB 0A          ASL A                   A:4400 X:0002 Y:4400 P:envmxdizc
$9B/85FC 90 05       BCC $05    [$8603]      A:8800 X:0002 Y:4400 P:eNvmxdizc
$9B/8603 0A          ASL A                   A:8800 X:0002 Y:4400 P:eNvmxdizc
$9B/8604 90 05       BCC $05    [$860B]      A:1000 X:0002 Y:4400 P:envmxdizC
$9B/8606 A8          TAY                     A:1000 X:0002 Y:4400 P:envmxdizC
$9B/8607 8A          TXA                     A:1000 X:0002 Y:1000 P:envmxdizC
$9B/8608 04 14       TSB $14    [$00:0014]   A:0002 X:0002 Y:1000 P:envmxdizC
$9B/860A 98          TYA                     A:0002 X:0002 Y:1000 P:envmxdiZC
$9B/860B 0A          ASL A                   A:1000 X:0002 Y:1000 P:envmxdizC
$9B/860C 90 05       BCC $05    [$8613]      A:2000 X:0002 Y:1000 P:envmxdizc
$9B/8613 0A          ASL A                   A:2000 X:0002 Y:1000 P:envmxdizc
$9B/8614 90 05       BCC $05    [$861B]      A:4000 X:0002 Y:1000 P:envmxdizc
$9B/861B A8          TAY                     A:4000 X:0002 Y:1000 P:envmxdizc
$9B/861C 8A          TXA                     A:4000 X:0002 Y:4000 P:envmxdizc
$9B/861D 4A          LSR A                   A:0002 X:0002 Y:4000 P:envmxdizc
$9B/861E AA          TAX                     A:0001 X:0002 Y:4000 P:envmxdizc
$9B/861F E0 10 00    CPX #$0010              A:0001 X:0001 Y:4000 P:envmxdizc
$9B/8622 B0 D6       BCS $D6    [$85FA]      A:0001 X:0001 Y:4000 P:eNvmxdizc
$9B/8624 E0 00 00    CPX #$0000              A:0001 X:0001 Y:4000 P:eNvmxdizc
$9B/8627 F0 0E       BEQ $0E    [$8637]      A:0001 X:0001 Y:4000 P:envmxdizC
$9B/8629 E0 08 00    CPX #$0008              A:0001 X:0001 Y:4000 P:envmxdizC
$9B/862C 90 CC       BCC $CC    [$85FA]      A:0001 X:0001 Y:4000 P:eNvmxdizc
$9B/85FA 98          TYA                     A:0001 X:0001 Y:4000 P:eNvmxdizc
$9B/85FB 0A          ASL A                   A:4000 X:0001 Y:4000 P:envmxdizc
$9B/85FC 90 05       BCC $05    [$8603]      A:8000 X:0001 Y:4000 P:eNvmxdizc
$9B/8603 0A          ASL A                   A:8000 X:0001 Y:4000 P:eNvmxdizc
$9B/8604 90 05       BCC $05    [$860B]      A:0000 X:0001 Y:4000 P:envmxdiZC
$9B/8606 A8          TAY                     A:0000 X:0001 Y:4000 P:envmxdiZC
$9B/8607 8A          TXA                     A:0000 X:0001 Y:0000 P:envmxdiZC
$9B/8608 04 14       TSB $14    [$00:0014]   A:0001 X:0001 Y:0000 P:envmxdizC
$9B/860A 98          TYA                     A:0001 X:0001 Y:0000 P:envmxdiZC
$9B/860B 0A          ASL A                   A:0000 X:0001 Y:0000 P:envmxdiZC
$9B/860C 90 05       BCC $05    [$8613]      A:0000 X:0001 Y:0000 P:envmxdiZc
$9B/8613 0A          ASL A                   A:0000 X:0001 Y:0000 P:envmxdiZc
$9B/8614 90 05       BCC $05    [$861B]      A:0000 X:0001 Y:0000 P:envmxdiZc
$9B/861B A8          TAY                     A:0000 X:0001 Y:0000 P:envmxdiZc
$9B/861C 8A          TXA                     A:0000 X:0001 Y:0000 P:envmxdiZc
$9B/861D 4A          LSR A                   A:0001 X:0001 Y:0000 P:envmxdizc
$9B/861E AA          TAX                     A:0000 X:0001 Y:0000 P:envmxdiZC
$9B/861F E0 10 00    CPX #$0010              A:0000 X:0000 Y:0000 P:envmxdiZC
$9B/8622 B0 D6       BCS $D6    [$85FA]      A:0000 X:0000 Y:0000 P:eNvmxdizc
$9B/8624 E0 00 00    CPX #$0000              A:0000 X:0000 Y:0000 P:eNvmxdizc
$9B/8627 F0 0E       BEQ $0E    [$8637]      A:0000 X:0000 Y:0000 P:envmxdiZC
$9B/8637 A5 06       LDA $06    [$00:0006]   A:0000 X:0000 Y:0000 P:envmxdiZC
$9B/8639 1A          INC A                   A:0420 X:0000 Y:0000 P:envmxdizC
$9B/863A 1A          INC A                   A:0421 X:0000 Y:0000 P:envmxdizC
$9B/863B A8          TAY                     A:0422 X:0000 Y:0000 P:envmxdizC
$9B/863C 29 10 00    AND #$0010              A:0422 X:0000 Y:0422 P:envmxdizC
$9B/863F F0 06       BEQ $06    [$8647]      A:0000 X:0000 Y:0422 P:envmxdiZC
$9B/8647 84 06       STY $06    [$00:0006]   A:0000 X:0000 Y:0422 P:envmxdiZC
$9B/8649 A5 16       LDA $16    [$00:0016]   A:0000 X:0000 Y:0422 P:envmxdiZC
$9B/864B 91 10       STA ($10),y[$7F:5522]   A:E0DC X:0000 Y:0422 P:eNvmxdizC
$9B/864D 98          TYA                     A:E0DC X:0000 Y:0422 P:eNvmxdizC
$9B/864E 18          CLC                     A:0422 X:0000 Y:0422 P:envmxdizC
$9B/864F 69 10 00    ADC #$0010              A:0422 X:0000 Y:0422 P:envmxdizc
$9B/8652 A8          TAY                     A:0432 X:0000 Y:0422 P:envmxdizc
$9B/8653 A5 14       LDA $14    [$00:0014]   A:0432 X:0000 Y:0432 P:envmxdizc
$9B/8655 91 10       STA ($10),y[$7F:5532]   A:00FF X:0000 Y:0432 P:envmxdizc
$9B/8657 E6 04       INC $04    [$00:0004]   A:00FF X:0000 Y:0432 P:envmxdizc
$9B/8659 C6 00       DEC $00    [$00:0000]   A:00FF X:0000 Y:0432 P:envmxdizc
$9B/865B 10 8B       BPL $8B    [$85E8]      A:00FF X:0000 Y:0432 P:envmxdizc
$9B/85E8 A2 80 00    LDX #$0080              A:00FF X:0000 Y:0432 P:envmxdizc
$9B/85EB 64 14       STZ $14    [$00:0014]   A:00FF X:0080 Y:0432 P:envmxdizc
$9B/85ED 64 16       STZ $16    [$00:0016]   A:00FF X:0080 Y:0432 P:envmxdizc
$9B/85EF A5 04       LDA $04    [$00:0004]   A:00FF X:0080 Y:0432 P:envmxdizc
$9B/85F1 0A          ASL A                   A:010A X:0080 Y:0432 P:envmxdizc
$9B/85F2 0A          ASL A                   A:0214 X:0080 Y:0432 P:envmxdizc
$9B/85F3 A8          TAY                     A:0428 X:0080 Y:0432 P:envmxdizc
$9B/85F4 B1 0C       LDA ($0C),y[$7F:0428]   A:0428 X:0080 Y:0428 P:envmxdizc
$9B/85F6 F0 E4       BEQ $E4    [$85DC]      A:4444 X:0080 Y:0428 P:envmxdizc
$9B/85F8 EB          XBA                     A:4444 X:0080 Y:0428 P:envmxdizc
$9B/85F9 A8          TAY                     A:4444 X:0080 Y:0428 P:envmxdizc
$9B/85FA 98          TYA                     A:4444 X:0080 Y:4444 P:envmxdizc
$9B/85FB 0A          ASL A                   A:4444 X:0080 Y:4444 P:envmxdizc
$9B/85FC 90 05       BCC $05    [$8603]      A:8888 X:0080 Y:4444 P:eNvmxdizc
$9B/8603 0A          ASL A                   A:8888 X:0080 Y:4444 P:eNvmxdizc
$9B/8604 90 05       BCC $05    [$860B]      A:1110 X:0080 Y:4444 P:envmxdizC
$9B/8606 A8          TAY                     A:1110 X:0080 Y:4444 P:envmxdizC
$9B/8607 8A          TXA                     A:1110 X:0080 Y:1110 P:envmxdizC
$9B/8608 04 14       TSB $14    [$00:0014]   A:0080 X:0080 Y:1110 P:envmxdizC
$9B/860A 98          TYA                     A:0080 X:0080 Y:1110 P:envmxdiZC
$9B/860B 0A          ASL A                   A:1110 X:0080 Y:1110 P:envmxdizC
$9B/860C 90 05       BCC $05    [$8613]      A:2220 X:0080 Y:1110 P:envmxdizc
$9B/8613 0A          ASL A                   A:2220 X:0080 Y:1110 P:envmxdizc
$9B/8614 90 05       BCC $05    [$861B]      A:4440 X:0080 Y:1110 P:envmxdizc
$9B/861B A8          TAY                     A:4440 X:0080 Y:1110 P:envmxdizc
$9B/861C 8A          TXA                     A:4440 X:0080 Y:4440 P:envmxdizc
$9B/861D 4A          LSR A                   A:0080 X:0080 Y:4440 P:envmxdizc
$9B/861E AA          TAX                     A:0040 X:0080 Y:4440 P:envmxdizc
$9B/861F E0 10 00    CPX #$0010              A:0040 X:0040 Y:4440 P:envmxdizc
$9B/8622 B0 D6       BCS $D6    [$85FA]      A:0040 X:0040 Y:4440 P:envmxdizC
$9B/85FA 98          TYA                     A:0040 X:0040 Y:4440 P:envmxdizC
$9B/85FB 0A          ASL A                   A:4440 X:0040 Y:4440 P:envmxdizC
$9B/85FC 90 05       BCC $05    [$8603]      A:8880 X:0040 Y:4440 P:eNvmxdizc
$9B/8603 0A          ASL A                   A:8880 X:0040 Y:4440 P:eNvmxdizc
$9B/8604 90 05       BCC $05    [$860B]      A:1100 X:0040 Y:4440 P:envmxdizC
$9B/8606 A8          TAY                     A:1100 X:0040 Y:4440 P:envmxdizC
$9B/8607 8A          TXA                     A:1100 X:0040 Y:1100 P:envmxdizC
$9B/8608 04 14       TSB $14    [$00:0014]   A:0040 X:0040 Y:1100 P:envmxdizC
$9B/860A 98          TYA                     A:0040 X:0040 Y:1100 P:envmxdiZC
$9B/860B 0A          ASL A                   A:1100 X:0040 Y:1100 P:envmxdizC
$9B/860C 90 05       BCC $05    [$8613]      A:2200 X:0040 Y:1100 P:envmxdizc
$9B/8613 0A          ASL A                   A:2200 X:0040 Y:1100 P:envmxdizc
$9B/8614 90 05       BCC $05    [$861B]      A:4400 X:0040 Y:1100 P:envmxdizc
$9B/861B A8          TAY                     A:4400 X:0040 Y:1100 P:envmxdizc
$9B/861C 8A          TXA                     A:4400 X:0040 Y:4400 P:envmxdizc
$9B/861D 4A          LSR A                   A:0040 X:0040 Y:4400 P:envmxdizc
$9B/861E AA          TAX                     A:0020 X:0040 Y:4400 P:envmxdizc
$9B/861F E0 10 00    CPX #$0010              A:0020 X:0020 Y:4400 P:envmxdizc
$9B/8622 B0 D6       BCS $D6    [$85FA]      A:0020 X:0020 Y:4400 P:envmxdizC
$9B/85FA 98          TYA                     A:0020 X:0020 Y:4400 P:envmxdizC
$9B/85FB 0A          ASL A                   A:4400 X:0020 Y:4400 P:envmxdizC
$9B/85FC 90 05       BCC $05    [$8603]      A:8800 X:0020 Y:4400 P:eNvmxdizc
$9B/8603 0A          ASL A                   A:8800 X:0020 Y:4400 P:eNvmxdizc
$9B/8604 90 05       BCC $05    [$860B]      A:1000 X:0020 Y:4400 P:envmxdizC
$9B/8606 A8          TAY                     A:1000 X:0020 Y:4400 P:envmxdizC
$9B/8607 8A          TXA                     A:1000 X:0020 Y:1000 P:envmxdizC
$9B/8608 04 14       TSB $14    [$00:0014]   A:0020 X:0020 Y:1000 P:envmxdizC
$9B/860A 98          TYA                     A:0020 X:0020 Y:1000 P:envmxdiZC
$9B/860B 0A          ASL A                   A:1000 X:0020 Y:1000 P:envmxdizC
$9B/860C 90 05       BCC $05    [$8613]      A:2000 X:0020 Y:1000 P:envmxdizc
$9B/8613 0A          ASL A                   A:2000 X:0020 Y:1000 P:envmxdizc
$9B/8614 90 05       BCC $05    [$861B]      A:4000 X:0020 Y:1000 P:envmxdizc
$9B/861B A8          TAY                     A:4000 X:0020 Y:1000 P:envmxdizc
$9B/861C 8A          TXA                     A:4000 X:0020 Y:4000 P:envmxdizc
$9B/861D 4A          LSR A                   A:0020 X:0020 Y:4000 P:envmxdizc
$9B/861E AA          TAX                     A:0010 X:0020 Y:4000 P:envmxdizc
$9B/861F E0 10 00    CPX #$0010              A:0010 X:0010 Y:4000 P:envmxdizc
$9B/8622 B0 D6       BCS $D6    [$85FA]      A:0010 X:0010 Y:4000 P:envmxdiZC
$9B/85FA 98          TYA                     A:0010 X:0010 Y:4000 P:envmxdiZC
$9B/85FB 0A          ASL A                   A:4000 X:0010 Y:4000 P:envmxdizC
$9B/85FC 90 05       BCC $05    [$8603]      A:8000 X:0010 Y:4000 P:eNvmxdizc
$9B/8603 0A          ASL A                   A:8000 X:0010 Y:4000 P:eNvmxdizc
$9B/8604 90 05       BCC $05    [$860B]      A:0000 X:0010 Y:4000 P:envmxdiZC
$9B/8606 A8          TAY                     A:0000 X:0010 Y:4000 P:envmxdiZC
$9B/8607 8A          TXA                     A:0000 X:0010 Y:0000 P:envmxdiZC
$9B/8608 04 14       TSB $14    [$00:0014]   A:0010 X:0010 Y:0000 P:envmxdizC
$9B/860A 98          TYA                     A:0010 X:0010 Y:0000 P:envmxdiZC
$9B/860B 0A          ASL A                   A:0000 X:0010 Y:0000 P:envmxdiZC
$9B/860C 90 05       BCC $05    [$8613]      A:0000 X:0010 Y:0000 P:envmxdiZc
$9B/8613 0A          ASL A                   A:0000 X:0010 Y:0000 P:envmxdiZc
$9B/8614 90 05       BCC $05    [$861B]      A:0000 X:0010 Y:0000 P:envmxdiZc
$9B/861B A8          TAY                     A:0000 X:0010 Y:0000 P:envmxdiZc
$9B/861C 8A          TXA                     A:0000 X:0010 Y:0000 P:envmxdiZc
$9B/861D 4A          LSR A                   A:0010 X:0010 Y:0000 P:envmxdizc
$9B/861E AA          TAX                     A:0008 X:0010 Y:0000 P:envmxdizc
$9B/861F E0 10 00    CPX #$0010              A:0008 X:0008 Y:0000 P:envmxdizc
$9B/8622 B0 D6       BCS $D6    [$85FA]      A:0008 X:0008 Y:0000 P:eNvmxdizc
$9B/8624 E0 00 00    CPX #$0000              A:0008 X:0008 Y:0000 P:eNvmxdizc
$9B/8627 F0 0E       BEQ $0E    [$8637]      A:0008 X:0008 Y:0000 P:envmxdizC
$9B/8629 E0 08 00    CPX #$0008              A:0008 X:0008 Y:0000 P:envmxdizC
$9B/862C 90 CC       BCC $CC    [$85FA]      A:0008 X:0008 Y:0000 P:envmxdiZC
$9B/862E A5 04       LDA $04    [$00:0004]   A:0008 X:0008 Y:0000 P:envmxdiZC
$9B/8630 0A          ASL A                   A:010A X:0008 Y:0000 P:envmxdizC
$9B/8631 0A          ASL A                   A:0214 X:0008 Y:0000 P:envmxdizc
$9B/8632 A8          TAY                     A:0428 X:0008 Y:0000 P:envmxdizc
$9B/8633 C8          INY                     A:0428 X:0008 Y:0428 P:envmxdizc
$9B/8634 C8          INY                     A:0428 X:0008 Y:0429 P:envmxdizc
$9B/8635 80 BD       BRA $BD    [$85F4]      A:0428 X:0008 Y:042A P:envmxdizc
$9B/85F4 B1 0C       LDA ($0C),y[$7F:042A]   A:0428 X:0008 Y:042A P:envmxdizc
$9B/85F6 F0 E4       BEQ $E4    [$85DC]      A:4444 X:0008 Y:042A P:envmxdizc
$9B/85F8 EB          XBA                     A:4444 X:0008 Y:042A P:envmxdizc
$9B/85F9 A8          TAY                     A:4444 X:0008 Y:042A P:envmxdizc
$9B/85FA 98          TYA                     A:4444 X:0008 Y:4444 P:envmxdizc
$9B/85FB 0A          ASL A                   A:4444 X:0008 Y:4444 P:envmxdizc
$9B/85FC 90 05       BCC $05    [$8603]      A:8888 X:0008 Y:4444 P:eNvmxdizc
$9B/8603 0A          ASL A                   A:8888 X:0008 Y:4444 P:eNvmxdizc
$9B/8604 90 05       BCC $05    [$860B]      A:1110 X:0008 Y:4444 P:envmxdizC
$9B/8606 A8          TAY                     A:1110 X:0008 Y:4444 P:envmxdizC
$9B/8607 8A          TXA                     A:1110 X:0008 Y:1110 P:envmxdizC
$9B/8608 04 14       TSB $14    [$00:0014]   A:0008 X:0008 Y:1110 P:envmxdizC
$9B/860A 98          TYA                     A:0008 X:0008 Y:1110 P:envmxdiZC
$9B/860B 0A          ASL A                   A:1110 X:0008 Y:1110 P:envmxdizC
$9B/860C 90 05       BCC $05    [$8613]      A:2220 X:0008 Y:1110 P:envmxdizc
$9B/8613 0A          ASL A                   A:2220 X:0008 Y:1110 P:envmxdizc
$9B/8614 90 05       BCC $05    [$861B]      A:4440 X:0008 Y:1110 P:envmxdizc
$9B/861B A8          TAY                     A:4440 X:0008 Y:1110 P:envmxdizc
$9B/861C 8A          TXA                     A:4440 X:0008 Y:4440 P:envmxdizc
$9B/861D 4A          LSR A                   A:0008 X:0008 Y:4440 P:envmxdizc
$9B/861E AA          TAX                     A:0004 X:0008 Y:4440 P:envmxdizc
$9B/861F E0 10 00    CPX #$0010              A:0004 X:0004 Y:4440 P:envmxdizc
$9B/8622 B0 D6       BCS $D6    [$85FA]      A:0004 X:0004 Y:4440 P:eNvmxdizc
$9B/8624 E0 00 00    CPX #$0000              A:0004 X:0004 Y:4440 P:eNvmxdizc
$9B/8627 F0 0E       BEQ $0E    [$8637]      A:0004 X:0004 Y:4440 P:envmxdizC
$9B/8629 E0 08 00    CPX #$0008              A:0004 X:0004 Y:4440 P:envmxdizC
$9B/862C 90 CC       BCC $CC    [$85FA]      A:0004 X:0004 Y:4440 P:eNvmxdizc
$9B/85FA 98          TYA                     A:0004 X:0004 Y:4440 P:eNvmxdizc
$9B/85FB 0A          ASL A                   A:4440 X:0004 Y:4440 P:envmxdizc
$9B/85FC 90 05       BCC $05    [$8603]      A:8880 X:0004 Y:4440 P:eNvmxdizc
$9B/8603 0A          ASL A                   A:8880 X:0004 Y:4440 P:eNvmxdizc
$9B/8604 90 05       BCC $05    [$860B]      A:1100 X:0004 Y:4440 P:envmxdizC
$9B/8606 A8          TAY                     A:1100 X:0004 Y:4440 P:envmxdizC
$9B/8607 8A          TXA                     A:1100 X:0004 Y:1100 P:envmxdizC
$9B/8608 04 14       TSB $14    [$00:0014]   A:0004 X:0004 Y:1100 P:envmxdizC
$9B/860A 98          TYA                     A:0004 X:0004 Y:1100 P:envmxdiZC
$9B/860B 0A          ASL A                   A:1100 X:0004 Y:1100 P:envmxdizC
$9B/860C 90 05       BCC $05    [$8613]      A:2200 X:0004 Y:1100 P:envmxdizc
$9B/8613 0A          ASL A                   A:2200 X:0004 Y:1100 P:envmxdizc
$9B/8614 90 05       BCC $05    [$861B]      A:4400 X:0004 Y:1100 P:envmxdizc
$9B/861B A8          TAY                     A:4400 X:0004 Y:1100 P:envmxdizc
$9B/861C 8A          TXA                     A:4400 X:0004 Y:4400 P:envmxdizc
$9B/861D 4A          LSR A                   A:0004 X:0004 Y:4400 P:envmxdizc
$9B/861E AA          TAX                     A:0002 X:0004 Y:4400 P:envmxdizc
$9B/861F E0 10 00    CPX #$0010              A:0002 X:0002 Y:4400 P:envmxdizc
$9B/8622 B0 D6       BCS $D6    [$85FA]      A:0002 X:0002 Y:4400 P:eNvmxdizc
$9B/8624 E0 00 00    CPX #$0000              A:0002 X:0002 Y:4400 P:eNvmxdizc
$9B/8627 F0 0E       BEQ $0E    [$8637]      A:0002 X:0002 Y:4400 P:envmxdizC
$9B/8629 E0 08 00    CPX #$0008              A:0002 X:0002 Y:4400 P:envmxdizC
$9B/862C 90 CC       BCC $CC    [$85FA]      A:0002 X:0002 Y:4400 P:eNvmxdizc
$9B/85FA 98          TYA                     A:0002 X:0002 Y:4400 P:eNvmxdizc
$9B/85FB 0A          ASL A                   A:4400 X:0002 Y:4400 P:envmxdizc
$9B/85FC 90 05       BCC $05    [$8603]      A:8800 X:0002 Y:4400 P:eNvmxdizc
$9B/8603 0A          ASL A                   A:8800 X:0002 Y:4400 P:eNvmxdizc
$9B/8604 90 05       BCC $05    [$860B]      A:1000 X:0002 Y:4400 P:envmxdizC
$9B/8606 A8          TAY                     A:1000 X:0002 Y:4400 P:envmxdizC
$9B/8607 8A          TXA                     A:1000 X:0002 Y:1000 P:envmxdizC
$9B/8608 04 14       TSB $14    [$00:0014]   A:0002 X:0002 Y:1000 P:envmxdizC
$9B/860A 98          TYA                     A:0002 X:0002 Y:1000 P:envmxdiZC
$9B/860B 0A          ASL A                   A:1000 X:0002 Y:1000 P:envmxdizC
$9B/860C 90 05       BCC $05    [$8613]      A:2000 X:0002 Y:1000 P:envmxdizc
$9B/8613 0A          ASL A                   A:2000 X:0002 Y:1000 P:envmxdizc
$9B/8614 90 05       BCC $05    [$861B]      A:4000 X:0002 Y:1000 P:envmxdizc
$9B/861B A8          TAY                     A:4000 X:0002 Y:1000 P:envmxdizc
$9B/861C 8A          TXA                     A:4000 X:0002 Y:4000 P:envmxdizc
$9B/861D 4A          LSR A                   A:0002 X:0002 Y:4000 P:envmxdizc
$9B/861E AA          TAX                     A:0001 X:0002 Y:4000 P:envmxdizc
$9B/861F E0 10 00    CPX #$0010              A:0001 X:0001 Y:4000 P:envmxdizc
$9B/8622 B0 D6       BCS $D6    [$85FA]      A:0001 X:0001 Y:4000 P:eNvmxdizc
$9B/8624 E0 00 00    CPX #$0000              A:0001 X:0001 Y:4000 P:eNvmxdizc
$9B/8627 F0 0E       BEQ $0E    [$8637]      A:0001 X:0001 Y:4000 P:envmxdizC
$9B/8629 E0 08 00    CPX #$0008              A:0001 X:0001 Y:4000 P:envmxdizC
$9B/862C 90 CC       BCC $CC    [$85FA]      A:0001 X:0001 Y:4000 P:eNvmxdizc
$9B/85FA 98          TYA                     A:0001 X:0001 Y:4000 P:eNvmxdizc
$9B/85FB 0A          ASL A                   A:4000 X:0001 Y:4000 P:envmxdizc
$9B/85FC 90 05       BCC $05    [$8603]      A:8000 X:0001 Y:4000 P:eNvmxdizc
$9B/8603 0A          ASL A                   A:8000 X:0001 Y:4000 P:eNvmxdizc
$9B/8604 90 05       BCC $05    [$860B]      A:0000 X:0001 Y:4000 P:envmxdiZC
$9B/8606 A8          TAY                     A:0000 X:0001 Y:4000 P:envmxdiZC
$9B/8607 8A          TXA                     A:0000 X:0001 Y:0000 P:envmxdiZC
$9B/8608 04 14       TSB $14    [$00:0014]   A:0001 X:0001 Y:0000 P:envmxdizC
$9B/860A 98          TYA                     A:0001 X:0001 Y:0000 P:envmxdiZC
$9B/860B 0A          ASL A                   A:0000 X:0001 Y:0000 P:envmxdiZC
$9B/860C 90 05       BCC $05    [$8613]      A:0000 X:0001 Y:0000 P:envmxdiZc
$9B/8613 0A          ASL A                   A:0000 X:0001 Y:0000 P:envmxdiZc
$9B/8614 90 05       BCC $05    [$861B]      A:0000 X:0001 Y:0000 P:envmxdiZc
$9B/861B A8          TAY                     A:0000 X:0001 Y:0000 P:envmxdiZc
$9B/861C 8A          TXA                     A:0000 X:0001 Y:0000 P:envmxdiZc
$9B/861D 4A          LSR A                   A:0001 X:0001 Y:0000 P:envmxdizc
$9B/861E AA          TAX                     A:0000 X:0001 Y:0000 P:envmxdiZC
$9B/861F E0 10 00    CPX #$0010              A:0000 X:0000 Y:0000 P:envmxdiZC
$9B/8622 B0 D6       BCS $D6    [$85FA]      A:0000 X:0000 Y:0000 P:eNvmxdizc
$9B/8624 E0 00 00    CPX #$0000              A:0000 X:0000 Y:0000 P:eNvmxdizc
$9B/8627 F0 0E       BEQ $0E    [$8637]      A:0000 X:0000 Y:0000 P:envmxdiZC
$9B/8637 A5 06       LDA $06    [$00:0006]   A:0000 X:0000 Y:0000 P:envmxdiZC
$9B/8639 1A          INC A                   A:0422 X:0000 Y:0000 P:envmxdizC
$9B/863A 1A          INC A                   A:0423 X:0000 Y:0000 P:envmxdizC
$9B/863B A8          TAY                     A:0424 X:0000 Y:0000 P:envmxdizC
$9B/863C 29 10 00    AND #$0010              A:0424 X:0000 Y:0424 P:envmxdizC
$9B/863F F0 06       BEQ $06    [$8647]      A:0000 X:0000 Y:0424 P:envmxdiZC
$9B/8647 84 06       STY $06    [$00:0006]   A:0000 X:0000 Y:0424 P:envmxdiZC
$9B/8649 A5 16       LDA $16    [$00:0016]   A:0000 X:0000 Y:0424 P:envmxdiZC
$9B/864B 91 10       STA ($10),y[$7F:5524]   A:0000 X:0000 Y:0424 P:envmxdiZC
$9B/864D 98          TYA                     A:0000 X:0000 Y:0424 P:envmxdiZC
$9B/864E 18          CLC                     A:0424 X:0000 Y:0424 P:envmxdizC
$9B/864F 69 10 00    ADC #$0010              A:0424 X:0000 Y:0424 P:envmxdizc
$9B/8652 A8          TAY                     A:0434 X:0000 Y:0424 P:envmxdizc
$9B/8653 A5 14       LDA $14    [$00:0014]   A:0434 X:0000 Y:0434 P:envmxdizc
$9B/8655 91 10       STA ($10),y[$7F:5534]   A:00FF X:0000 Y:0434 P:envmxdizc
$9B/8657 E6 04       INC $04    [$00:0004]   A:00FF X:0000 Y:0434 P:envmxdizc
$9B/8659 C6 00       DEC $00    [$00:0000]   A:00FF X:0000 Y:0434 P:envmxdizc
$9B/865B 10 8B       BPL $8B    [$85E8]      A:00FF X:0000 Y:0434 P:envmxdizc
$9B/85E8 A2 80 00    LDX #$0080              A:00FF X:0000 Y:0434 P:envmxdizc
$9B/85EB 64 14       STZ $14    [$00:0014]   A:00FF X:0080 Y:0434 P:envmxdizc
$9B/85ED 64 16       STZ $16    [$00:0016]   A:00FF X:0080 Y:0434 P:envmxdizc
$9B/85EF A5 04       LDA $04    [$00:0004]   A:00FF X:0080 Y:0434 P:envmxdizc
$9B/85F1 0A          ASL A                   A:010B X:0080 Y:0434 P:envmxdizc
$9B/85F2 0A          ASL A                   A:0216 X:0080 Y:0434 P:envmxdizc
$9B/85F3 A8          TAY                     A:042C X:0080 Y:0434 P:envmxdizc
$9B/85F4 B1 0C       LDA ($0C),y[$7F:042C]   A:042C X:0080 Y:042C P:envmxdizc
$9B/85F6 F0 E4       BEQ $E4    [$85DC]      A:5444 X:0080 Y:042C P:envmxdizc
$9B/85F8 EB          XBA                     A:5444 X:0080 Y:042C P:envmxdizc
$9B/85F9 A8          TAY                     A:4454 X:0080 Y:042C P:envmxdizc
$9B/85FA 98          TYA                     A:4454 X:0080 Y:4454 P:envmxdizc
$9B/85FB 0A          ASL A                   A:4454 X:0080 Y:4454 P:envmxdizc
$9B/85FC 90 05       BCC $05    [$8603]      A:88A8 X:0080 Y:4454 P:eNvmxdizc
$9B/8603 0A          ASL A                   A:88A8 X:0080 Y:4454 P:eNvmxdizc
$9B/8604 90 05       BCC $05    [$860B]      A:1150 X:0080 Y:4454 P:envmxdizC
$9B/8606 A8          TAY                     A:1150 X:0080 Y:4454 P:envmxdizC
$9B/8607 8A          TXA                     A:1150 X:0080 Y:1150 P:envmxdizC
$9B/8608 04 14       TSB $14    [$00:0014]   A:0080 X:0080 Y:1150 P:envmxdizC
$9B/860A 98          TYA                     A:0080 X:0080 Y:1150 P:envmxdiZC
$9B/860B 0A          ASL A                   A:1150 X:0080 Y:1150 P:envmxdizC
$9B/860C 90 05       BCC $05    [$8613]      A:22A0 X:0080 Y:1150 P:envmxdizc
$9B/8613 0A          ASL A                   A:22A0 X:0080 Y:1150 P:envmxdizc
$9B/8614 90 05       BCC $05    [$861B]      A:4540 X:0080 Y:1150 P:envmxdizc
$9B/861B A8          TAY                     A:4540 X:0080 Y:1150 P:envmxdizc
$9B/861C 8A          TXA                     A:4540 X:0080 Y:4540 P:envmxdizc
$9B/861D 4A          LSR A                   A:0080 X:0080 Y:4540 P:envmxdizc
$9B/861E AA          TAX                     A:0040 X:0080 Y:4540 P:envmxdizc
$9B/861F E0 10 00    CPX #$0010              A:0040 X:0040 Y:4540 P:envmxdizc
$9B/8622 B0 D6       BCS $D6    [$85FA]      A:0040 X:0040 Y:4540 P:envmxdizC
$9B/85FA 98          TYA                     A:0040 X:0040 Y:4540 P:envmxdizC
$9B/85FB 0A          ASL A                   A:4540 X:0040 Y:4540 P:envmxdizC
$9B/85FC 90 05       BCC $05    [$8603]      A:8A80 X:0040 Y:4540 P:eNvmxdizc
$9B/8603 0A          ASL A                   A:8A80 X:0040 Y:4540 P:eNvmxdizc
$9B/8604 90 05       BCC $05    [$860B]      A:1500 X:0040 Y:4540 P:envmxdizC
$9B/8606 A8          TAY                     A:1500 X:0040 Y:4540 P:envmxdizC
$9B/8607 8A          TXA                     A:1500 X:0040 Y:1500 P:envmxdizC
$9B/8608 04 14       TSB $14    [$00:0014]   A:0040 X:0040 Y:1500 P:envmxdizC
$9B/860A 98          TYA                     A:0040 X:0040 Y:1500 P:envmxdiZC
$9B/860B 0A          ASL A                   A:1500 X:0040 Y:1500 P:envmxdizC
$9B/860C 90 05       BCC $05    [$8613]      A:2A00 X:0040 Y:1500 P:envmxdizc
$9B/8613 0A          ASL A                   A:2A00 X:0040 Y:1500 P:envmxdizc
$9B/8614 90 05       BCC $05    [$861B]      A:5400 X:0040 Y:1500 P:envmxdizc
$9B/861B A8          TAY                     A:5400 X:0040 Y:1500 P:envmxdizc
$9B/861C 8A          TXA                     A:5400 X:0040 Y:5400 P:envmxdizc
$9B/861D 4A          LSR A                   A:0040 X:0040 Y:5400 P:envmxdizc
$9B/861E AA          TAX                     A:0020 X:0040 Y:5400 P:envmxdizc
$9B/861F E0 10 00    CPX #$0010              A:0020 X:0020 Y:5400 P:envmxdizc
$9B/8622 B0 D6       BCS $D6    [$85FA]      A:0020 X:0020 Y:5400 P:envmxdizC
$9B/85FA 98          TYA                     A:0020 X:0020 Y:5400 P:envmxdizC
$9B/85FB 0A          ASL A                   A:5400 X:0020 Y:5400 P:envmxdizC
$9B/85FC 90 05       BCC $05    [$8603]      A:A800 X:0020 Y:5400 P:eNvmxdizc
$9B/8603 0A          ASL A                   A:A800 X:0020 Y:5400 P:eNvmxdizc
$9B/8604 90 05       BCC $05    [$860B]      A:5000 X:0020 Y:5400 P:envmxdizC
$9B/8606 A8          TAY                     A:5000 X:0020 Y:5400 P:envmxdizC
$9B/8607 8A          TXA                     A:5000 X:0020 Y:5000 P:envmxdizC
$9B/8608 04 14       TSB $14    [$00:0014]   A:0020 X:0020 Y:5000 P:envmxdizC
$9B/860A 98          TYA                     A:0020 X:0020 Y:5000 P:envmxdiZC
$9B/860B 0A          ASL A                   A:5000 X:0020 Y:5000 P:envmxdizC
$9B/860C 90 05       BCC $05    [$8613]      A:A000 X:0020 Y:5000 P:eNvmxdizc
$9B/8613 0A          ASL A                   A:A000 X:0020 Y:5000 P:eNvmxdizc
$9B/8614 90 05       BCC $05    [$861B]      A:4000 X:0020 Y:5000 P:envmxdizC
$9B/8616 A8          TAY                     A:4000 X:0020 Y:5000 P:envmxdizC
$9B/8617 8A          TXA                     A:4000 X:0020 Y:4000 P:envmxdizC
$9B/8618 04 16       TSB $16    [$00:0016]   A:0020 X:0020 Y:4000 P:envmxdizC
$9B/861A 98          TYA                     A:0020 X:0020 Y:4000 P:envmxdiZC
$9B/861B A8          TAY                     A:4000 X:0020 Y:4000 P:envmxdizC
$9B/861C 8A          TXA                     A:4000 X:0020 Y:4000 P:envmxdizC
$9B/861D 4A          LSR A                   A:0020 X:0020 Y:4000 P:envmxdizC
$9B/861E AA          TAX                     A:0010 X:0020 Y:4000 P:envmxdizc
$9B/861F E0 10 00    CPX #$0010              A:0010 X:0010 Y:4000 P:envmxdizc
$9B/8622 B0 D6       BCS $D6    [$85FA]      A:0010 X:0010 Y:4000 P:envmxdiZC
$9B/85FA 98          TYA                     A:0010 X:0010 Y:4000 P:envmxdiZC
$9B/85FB 0A          ASL A                   A:4000 X:0010 Y:4000 P:envmxdizC
$9B/85FC 90 05       BCC $05    [$8603]      A:8000 X:0010 Y:4000 P:eNvmxdizc
$9B/8603 0A          ASL A                   A:8000 X:0010 Y:4000 P:eNvmxdizc
$9B/8604 90 05       BCC $05    [$860B]      A:0000 X:0010 Y:4000 P:envmxdiZC
$9B/8606 A8          TAY                     A:0000 X:0010 Y:4000 P:envmxdiZC
$9B/8607 8A          TXA                     A:0000 X:0010 Y:0000 P:envmxdiZC
$9B/8608 04 14       TSB $14    [$00:0014]   A:0010 X:0010 Y:0000 P:envmxdizC
$9B/860A 98          TYA                     A:0010 X:0010 Y:0000 P:envmxdiZC
$9B/860B 0A          ASL A                   A:0000 X:0010 Y:0000 P:envmxdiZC
$9B/860C 90 05       BCC $05    [$8613]      A:0000 X:0010 Y:0000 P:envmxdiZc
$9B/8613 0A          ASL A                   A:0000 X:0010 Y:0000 P:envmxdiZc
$9B/8614 90 05       BCC $05    [$861B]      A:0000 X:0010 Y:0000 P:envmxdiZc
$9B/861B A8          TAY                     A:0000 X:0010 Y:0000 P:envmxdiZc
$9B/861C 8A          TXA                     A:0000 X:0010 Y:0000 P:envmxdiZc
$9B/861D 4A          LSR A                   A:0010 X:0010 Y:0000 P:envmxdizc
$9B/861E AA          TAX                     A:0008 X:0010 Y:0000 P:envmxdizc
$9B/861F E0 10 00    CPX #$0010              A:0008 X:0008 Y:0000 P:envmxdizc
$9B/8622 B0 D6       BCS $D6    [$85FA]      A:0008 X:0008 Y:0000 P:eNvmxdizc
$9B/8624 E0 00 00    CPX #$0000              A:0008 X:0008 Y:0000 P:eNvmxdizc
$9B/8627 F0 0E       BEQ $0E    [$8637]      A:0008 X:0008 Y:0000 P:envmxdizC
$9B/8629 E0 08 00    CPX #$0008              A:0008 X:0008 Y:0000 P:envmxdizC
$9B/862C 90 CC       BCC $CC    [$85FA]      A:0008 X:0008 Y:0000 P:envmxdiZC
$9B/862E A5 04       LDA $04    [$00:0004]   A:0008 X:0008 Y:0000 P:envmxdiZC
$9B/8630 0A          ASL A                   A:010B X:0008 Y:0000 P:envmxdizC
$9B/8631 0A          ASL A                   A:0216 X:0008 Y:0000 P:envmxdizc
$9B/8632 A8          TAY                     A:042C X:0008 Y:0000 P:envmxdizc
$9B/8633 C8          INY                     A:042C X:0008 Y:042C P:envmxdizc
$9B/8634 C8          INY                     A:042C X:0008 Y:042D P:envmxdizc
$9B/8635 80 BD       BRA $BD    [$85F4]      A:042C X:0008 Y:042E P:envmxdizc
$9B/85F4 B1 0C       LDA ($0C),y[$7F:042E]   A:042C X:0008 Y:042E P:envmxdizc
$9B/85F6 F0 E4       BEQ $E4    [$85DC]      A:4444 X:0008 Y:042E P:envmxdizc
$9B/85F8 EB          XBA                     A:4444 X:0008 Y:042E P:envmxdizc
$9B/85F9 A8          TAY                     A:4444 X:0008 Y:042E P:envmxdizc
$9B/85FA 98          TYA                     A:4444 X:0008 Y:4444 P:envmxdizc
$9B/85FB 0A          ASL A                   A:4444 X:0008 Y:4444 P:envmxdizc
$9B/85FC 90 05       BCC $05    [$8603]      A:8888 X:0008 Y:4444 P:eNvmxdizc
$9B/8603 0A          ASL A                   A:8888 X:0008 Y:4444 P:eNvmxdizc
$9B/8604 90 05       BCC $05    [$860B]      A:1110 X:0008 Y:4444 P:envmxdizC
$9B/8606 A8          TAY                     A:1110 X:0008 Y:4444 P:envmxdizC
$9B/8607 8A          TXA                     A:1110 X:0008 Y:1110 P:envmxdizC
$9B/8608 04 14       TSB $14    [$00:0014]   A:0008 X:0008 Y:1110 P:envmxdizC
$9B/860A 98          TYA                     A:0008 X:0008 Y:1110 P:envmxdiZC
$9B/860B 0A          ASL A                   A:1110 X:0008 Y:1110 P:envmxdizC
$9B/860C 90 05       BCC $05    [$8613]      A:2220 X:0008 Y:1110 P:envmxdizc
$9B/8613 0A          ASL A                   A:2220 X:0008 Y:1110 P:envmxdizc
$9B/8614 90 05       BCC $05    [$861B]      A:4440 X:0008 Y:1110 P:envmxdizc
$9B/861B A8          TAY                     A:4440 X:0008 Y:1110 P:envmxdizc
$9B/861C 8A          TXA                     A:4440 X:0008 Y:4440 P:envmxdizc
$9B/861D 4A          LSR A                   A:0008 X:0008 Y:4440 P:envmxdizc
$9B/861E AA          TAX                     A:0004 X:0008 Y:4440 P:envmxdizc
$9B/861F E0 10 00    CPX #$0010              A:0004 X:0004 Y:4440 P:envmxdizc
$9B/8622 B0 D6       BCS $D6    [$85FA]      A:0004 X:0004 Y:4440 P:eNvmxdizc
$9B/8624 E0 00 00    CPX #$0000              A:0004 X:0004 Y:4440 P:eNvmxdizc
$9B/8627 F0 0E       BEQ $0E    [$8637]      A:0004 X:0004 Y:4440 P:envmxdizC
$9B/8629 E0 08 00    CPX #$0008              A:0004 X:0004 Y:4440 P:envmxdizC
$9B/862C 90 CC       BCC $CC    [$85FA]      A:0004 X:0004 Y:4440 P:eNvmxdizc
$9B/85FA 98          TYA                     A:0004 X:0004 Y:4440 P:eNvmxdizc
$9B/85FB 0A          ASL A                   A:4440 X:0004 Y:4440 P:envmxdizc
$9B/85FC 90 05       BCC $05    [$8603]      A:8880 X:0004 Y:4440 P:eNvmxdizc
$9B/8603 0A          ASL A                   A:8880 X:0004 Y:4440 P:eNvmxdizc
$9B/8604 90 05       BCC $05    [$860B]      A:1100 X:0004 Y:4440 P:envmxdizC
$9B/8606 A8          TAY                     A:1100 X:0004 Y:4440 P:envmxdizC
$9B/8607 8A          TXA                     A:1100 X:0004 Y:1100 P:envmxdizC
$9B/8608 04 14       TSB $14    [$00:0014]   A:0004 X:0004 Y:1100 P:envmxdizC
$9B/860A 98          TYA                     A:0004 X:0004 Y:1100 P:envmxdiZC
$9B/860B 0A          ASL A                   A:1100 X:0004 Y:1100 P:envmxdizC
$9B/860C 90 05       BCC $05    [$8613]      A:2200 X:0004 Y:1100 P:envmxdizc
$9B/8613 0A          ASL A                   A:2200 X:0004 Y:1100 P:envmxdizc
$9B/8614 90 05       BCC $05    [$861B]      A:4400 X:0004 Y:1100 P:envmxdizc
$9B/861B A8          TAY                     A:4400 X:0004 Y:1100 P:envmxdizc
$9B/861C 8A          TXA                     A:4400 X:0004 Y:4400 P:envmxdizc
$9B/861D 4A          LSR A                   A:0004 X:0004 Y:4400 P:envmxdizc
$9B/861E AA          TAX                     A:0002 X:0004 Y:4400 P:envmxdizc
$9B/861F E0 10 00    CPX #$0010              A:0002 X:0002 Y:4400 P:envmxdizc
$9B/8622 B0 D6       BCS $D6    [$85FA]      A:0002 X:0002 Y:4400 P:eNvmxdizc
$9B/8624 E0 00 00    CPX #$0000              A:0002 X:0002 Y:4400 P:eNvmxdizc
$9B/8627 F0 0E       BEQ $0E    [$8637]      A:0002 X:0002 Y:4400 P:envmxdizC
$9B/8629 E0 08 00    CPX #$0008              A:0002 X:0002 Y:4400 P:envmxdizC
$9B/862C 90 CC       BCC $CC    [$85FA]      A:0002 X:0002 Y:4400 P:eNvmxdizc
$9B/85FA 98          TYA                     A:0002 X:0002 Y:4400 P:eNvmxdizc
$9B/85FB 0A          ASL A                   A:4400 X:0002 Y:4400 P:envmxdizc
$9B/85FC 90 05       BCC $05    [$8603]      A:8800 X:0002 Y:4400 P:eNvmxdizc
$9B/8603 0A          ASL A                   A:8800 X:0002 Y:4400 P:eNvmxdizc
$9B/8604 90 05       BCC $05    [$860B]      A:1000 X:0002 Y:4400 P:envmxdizC
$9B/8606 A8          TAY                     A:1000 X:0002 Y:4400 P:envmxdizC
$9B/8607 8A          TXA                     A:1000 X:0002 Y:1000 P:envmxdizC
$9B/8608 04 14       TSB $14    [$00:0014]   A:0002 X:0002 Y:1000 P:envmxdizC
$9B/860A 98          TYA                     A:0002 X:0002 Y:1000 P:envmxdiZC
$9B/860B 0A          ASL A                   A:1000 X:0002 Y:1000 P:envmxdizC
$9B/860C 90 05       BCC $05    [$8613]      A:2000 X:0002 Y:1000 P:envmxdizc
$9B/8613 0A          ASL A                   A:2000 X:0002 Y:1000 P:envmxdizc
$9B/8614 90 05       BCC $05    [$861B]      A:4000 X:0002 Y:1000 P:envmxdizc
$9B/861B A8          TAY                     A:4000 X:0002 Y:1000 P:envmxdizc
$9B/861C 8A          TXA                     A:4000 X:0002 Y:4000 P:envmxdizc
$9B/861D 4A          LSR A                   A:0002 X:0002 Y:4000 P:envmxdizc
$9B/861E AA          TAX                     A:0001 X:0002 Y:4000 P:envmxdizc
$9B/861F E0 10 00    CPX #$0010              A:0001 X:0001 Y:4000 P:envmxdizc
$9B/8622 B0 D6       BCS $D6    [$85FA]      A:0001 X:0001 Y:4000 P:eNvmxdizc
$9B/8624 E0 00 00    CPX #$0000              A:0001 X:0001 Y:4000 P:eNvmxdizc
$9B/8627 F0 0E       BEQ $0E    [$8637]      A:0001 X:0001 Y:4000 P:envmxdizC
$9B/8629 E0 08 00    CPX #$0008              A:0001 X:0001 Y:4000 P:envmxdizC
$9B/862C 90 CC       BCC $CC    [$85FA]      A:0001 X:0001 Y:4000 P:eNvmxdizc
$9B/85FA 98          TYA                     A:0001 X:0001 Y:4000 P:eNvmxdizc
$9B/85FB 0A          ASL A                   A:4000 X:0001 Y:4000 P:envmxdizc
$9B/85FC 90 05       BCC $05    [$8603]      A:8000 X:0001 Y:4000 P:eNvmxdizc
$9B/8603 0A          ASL A                   A:8000 X:0001 Y:4000 P:eNvmxdizc
$9B/8604 90 05       BCC $05    [$860B]      A:0000 X:0001 Y:4000 P:envmxdiZC
$9B/8606 A8          TAY                     A:0000 X:0001 Y:4000 P:envmxdiZC
$9B/8607 8A          TXA                     A:0000 X:0001 Y:0000 P:envmxdiZC
$9B/8608 04 14       TSB $14    [$00:0014]   A:0001 X:0001 Y:0000 P:envmxdizC
$9B/860A 98          TYA                     A:0001 X:0001 Y:0000 P:envmxdiZC
$9B/860B 0A          ASL A                   A:0000 X:0001 Y:0000 P:envmxdiZC
$9B/860C 90 05       BCC $05    [$8613]      A:0000 X:0001 Y:0000 P:envmxdiZc
$9B/8613 0A          ASL A                   A:0000 X:0001 Y:0000 P:envmxdiZc
$9B/8614 90 05       BCC $05    [$861B]      A:0000 X:0001 Y:0000 P:envmxdiZc
$9B/861B A8          TAY                     A:0000 X:0001 Y:0000 P:envmxdiZc
$9B/861C 8A          TXA                     A:0000 X:0001 Y:0000 P:envmxdiZc
$9B/861D 4A          LSR A                   A:0001 X:0001 Y:0000 P:envmxdizc
$9B/861E AA          TAX                     A:0000 X:0001 Y:0000 P:envmxdiZC
$9B/861F E0 10 00    CPX #$0010              A:0000 X:0000 Y:0000 P:envmxdiZC
$9B/8622 B0 D6       BCS $D6    [$85FA]      A:0000 X:0000 Y:0000 P:eNvmxdizc
$9B/8624 E0 00 00    CPX #$0000              A:0000 X:0000 Y:0000 P:eNvmxdizc
$9B/8627 F0 0E       BEQ $0E    [$8637]      A:0000 X:0000 Y:0000 P:envmxdiZC
$9B/8637 A5 06       LDA $06    [$00:0006]   A:0000 X:0000 Y:0000 P:envmxdiZC
$9B/8639 1A          INC A                   A:0424 X:0000 Y:0000 P:envmxdizC
$9B/863A 1A          INC A                   A:0425 X:0000 Y:0000 P:envmxdizC
$9B/863B A8          TAY                     A:0426 X:0000 Y:0000 P:envmxdizC
$9B/863C 29 10 00    AND #$0010              A:0426 X:0000 Y:0426 P:envmxdizC
$9B/863F F0 06       BEQ $06    [$8647]      A:0000 X:0000 Y:0426 P:envmxdiZC
$9B/8647 84 06       STY $06    [$00:0006]   A:0000 X:0000 Y:0426 P:envmxdiZC
$9B/8649 A5 16       LDA $16    [$00:0016]   A:0000 X:0000 Y:0426 P:envmxdiZC
$9B/864B 91 10       STA ($10),y[$7F:5526]   A:0020 X:0000 Y:0426 P:envmxdizC
$9B/864D 98          TYA                     A:0020 X:0000 Y:0426 P:envmxdizC
$9B/864E 18          CLC                     A:0426 X:0000 Y:0426 P:envmxdizC
$9B/864F 69 10 00    ADC #$0010              A:0426 X:0000 Y:0426 P:envmxdizc
$9B/8652 A8          TAY                     A:0436 X:0000 Y:0426 P:envmxdizc
$9B/8653 A5 14       LDA $14    [$00:0014]   A:0436 X:0000 Y:0436 P:envmxdizc
$9B/8655 91 10       STA ($10),y[$7F:5536]   A:00FF X:0000 Y:0436 P:envmxdizc
$9B/8657 E6 04       INC $04    [$00:0004]   A:00FF X:0000 Y:0436 P:envmxdizc
$9B/8659 C6 00       DEC $00    [$00:0000]   A:00FF X:0000 Y:0436 P:envmxdizc
$9B/865B 10 8B       BPL $8B    [$85E8]      A:00FF X:0000 Y:0436 P:envmxdizc
$9B/85E8 A2 80 00    LDX #$0080              A:00FF X:0000 Y:0436 P:envmxdizc
$9B/85EB 64 14       STZ $14    [$00:0014]   A:00FF X:0080 Y:0436 P:envmxdizc
$9B/85ED 64 16       STZ $16    [$00:0016]   A:00FF X:0080 Y:0436 P:envmxdizc
$9B/85EF A5 04       LDA $04    [$00:0004]   A:00FF X:0080 Y:0436 P:envmxdizc
$9B/85F1 0A          ASL A                   A:010C X:0080 Y:0436 P:envmxdizc
$9B/85F2 0A          ASL A                   A:0218 X:0080 Y:0436 P:envmxdizc
$9B/85F3 A8          TAY                     A:0430 X:0080 Y:0436 P:envmxdizc
$9B/85F4 B1 0C       LDA ($0C),y[$7F:0430]   A:0430 X:0080 Y:0430 P:envmxdizc
$9B/85F6 F0 E4       BEQ $E4    [$85DC]      A:4455 X:0080 Y:0430 P:envmxdizc
$9B/85F8 EB          XBA                     A:4455 X:0080 Y:0430 P:envmxdizc
$9B/85F9 A8          TAY                     A:5544 X:0080 Y:0430 P:envmxdizc
$9B/85FA 98          TYA                     A:5544 X:0080 Y:5544 P:envmxdizc
$9B/85FB 0A          ASL A                   A:5544 X:0080 Y:5544 P:envmxdizc
$9B/85FC 90 05       BCC $05    [$8603]      A:AA88 X:0080 Y:5544 P:eNvmxdizc
$9B/8603 0A          ASL A                   A:AA88 X:0080 Y:5544 P:eNvmxdizc
$9B/8604 90 05       BCC $05    [$860B]      A:5510 X:0080 Y:5544 P:envmxdizC
$9B/8606 A8          TAY                     A:5510 X:0080 Y:5544 P:envmxdizC
$9B/8607 8A          TXA                     A:5510 X:0080 Y:5510 P:envmxdizC
$9B/8608 04 14       TSB $14    [$00:0014]   A:0080 X:0080 Y:5510 P:envmxdizC
$9B/860A 98          TYA                     A:0080 X:0080 Y:5510 P:envmxdiZC
$9B/860B 0A          ASL A                   A:5510 X:0080 Y:5510 P:envmxdizC
$9B/860C 90 05       BCC $05    [$8613]      A:AA20 X:0080 Y:5510 P:eNvmxdizc
$9B/8613 0A          ASL A                   A:AA20 X:0080 Y:5510 P:eNvmxdizc
$9B/8614 90 05       BCC $05    [$861B]      A:5440 X:0080 Y:5510 P:envmxdizC
$9B/8616 A8          TAY                     A:5440 X:0080 Y:5510 P:envmxdizC
$9B/8617 8A          TXA                     A:5440 X:0080 Y:5440 P:envmxdizC
$9B/8618 04 16       TSB $16    [$00:0016]   A:0080 X:0080 Y:5440 P:envmxdizC
$9B/861A 98          TYA                     A:0080 X:0080 Y:5440 P:envmxdiZC
$9B/861B A8          TAY                     A:5440 X:0080 Y:5440 P:envmxdizC
$9B/861C 8A          TXA                     A:5440 X:0080 Y:5440 P:envmxdizC
$9B/861D 4A          LSR A                   A:0080 X:0080 Y:5440 P:envmxdizC
$9B/861E AA          TAX                     A:0040 X:0080 Y:5440 P:envmxdizc
$9B/861F E0 10 00    CPX #$0010              A:0040 X:0040 Y:5440 P:envmxdizc
$9B/8622 B0 D6       BCS $D6    [$85FA]      A:0040 X:0040 Y:5440 P:envmxdizC
$9B/85FA 98          TYA                     A:0040 X:0040 Y:5440 P:envmxdizC
$9B/85FB 0A          ASL A                   A:5440 X:0040 Y:5440 P:envmxdizC
$9B/85FC 90 05       BCC $05    [$8603]      A:A880 X:0040 Y:5440 P:eNvmxdizc
$9B/8603 0A          ASL A                   A:A880 X:0040 Y:5440 P:eNvmxdizc
$9B/8604 90 05       BCC $05    [$860B]      A:5100 X:0040 Y:5440 P:envmxdizC
$9B/8606 A8          TAY                     A:5100 X:0040 Y:5440 P:envmxdizC
$9B/8607 8A          TXA                     A:5100 X:0040 Y:5100 P:envmxdizC
$9B/8608 04 14       TSB $14    [$00:0014]   A:0040 X:0040 Y:5100 P:envmxdizC
$9B/860A 98          TYA                     A:0040 X:0040 Y:5100 P:envmxdiZC
$9B/860B 0A          ASL A                   A:5100 X:0040 Y:5100 P:envmxdizC
$9B/860C 90 05       BCC $05    [$8613]      A:A200 X:0040 Y:5100 P:eNvmxdizc
$9B/8613 0A          ASL A                   A:A200 X:0040 Y:5100 P:eNvmxdizc
$9B/8614 90 05       BCC $05    [$861B]      A:4400 X:0040 Y:5100 P:envmxdizC
$9B/8616 A8          TAY                     A:4400 X:0040 Y:5100 P:envmxdizC
$9B/8617 8A          TXA                     A:4400 X:0040 Y:4400 P:envmxdizC
$9B/8618 04 16       TSB $16    [$00:0016]   A:0040 X:0040 Y:4400 P:envmxdizC
$9B/861A 98          TYA                     A:0040 X:0040 Y:4400 P:envmxdiZC
$9B/861B A8          TAY                     A:4400 X:0040 Y:4400 P:envmxdizC
$9B/861C 8A          TXA                     A:4400 X:0040 Y:4400 P:envmxdizC
$9B/861D 4A          LSR A                   A:0040 X:0040 Y:4400 P:envmxdizC
$9B/861E AA          TAX                     A:0020 X:0040 Y:4400 P:envmxdizc
$9B/861F E0 10 00    CPX #$0010              A:0020 X:0020 Y:4400 P:envmxdizc
$9B/8622 B0 D6       BCS $D6    [$85FA]      A:0020 X:0020 Y:4400 P:envmxdizC
$9B/85FA 98          TYA                     A:0020 X:0020 Y:4400 P:envmxdizC
$9B/85FB 0A          ASL A                   A:4400 X:0020 Y:4400 P:envmxdizC
$9B/85FC 90 05       BCC $05    [$8603]      A:8800 X:0020 Y:4400 P:eNvmxdizc
$9B/8603 0A          ASL A                   A:8800 X:0020 Y:4400 P:eNvmxdizc
$9B/8604 90 05       BCC $05    [$860B]      A:1000 X:0020 Y:4400 P:envmxdizC
$9B/8606 A8          TAY                     A:1000 X:0020 Y:4400 P:envmxdizC
$9B/8607 8A          TXA                     A:1000 X:0020 Y:1000 P:envmxdizC
$9B/8608 04 14       TSB $14    [$00:0014]   A:0020 X:0020 Y:1000 P:envmxdizC
$9B/860A 98          TYA                     A:0020 X:0020 Y:1000 P:envmxdiZC
$9B/860B 0A          ASL A                   A:1000 X:0020 Y:1000 P:envmxdizC
$9B/860C 90 05       BCC $05    [$8613]      A:2000 X:0020 Y:1000 P:envmxdizc
$9B/8613 0A          ASL A                   A:2000 X:0020 Y:1000 P:envmxdizc
$9B/8614 90 05       BCC $05    [$861B]      A:4000 X:0020 Y:1000 P:envmxdizc
$9B/861B A8          TAY                     A:4000 X:0020 Y:1000 P:envmxdizc
$9B/861C 8A          TXA                     A:4000 X:0020 Y:4000 P:envmxdizc
$9B/861D 4A          LSR A                   A:0020 X:0020 Y:4000 P:envmxdizc
$9B/861E AA          TAX                     A:0010 X:0020 Y:4000 P:envmxdizc
$9B/861F E0 10 00    CPX #$0010              A:0010 X:0010 Y:4000 P:envmxdizc
$9B/8622 B0 D6       BCS $D6    [$85FA]      A:0010 X:0010 Y:4000 P:envmxdiZC
$9B/85FA 98          TYA                     A:0010 X:0010 Y:4000 P:envmxdiZC
$9B/85FB 0A          ASL A                   A:4000 X:0010 Y:4000 P:envmxdizC
$9B/85FC 90 05       BCC $05    [$8603]      A:8000 X:0010 Y:4000 P:eNvmxdizc
$9B/8603 0A          ASL A                   A:8000 X:0010 Y:4000 P:eNvmxdizc
$9B/8604 90 05       BCC $05    [$860B]      A:0000 X:0010 Y:4000 P:envmxdiZC
$9B/8606 A8          TAY                     A:0000 X:0010 Y:4000 P:envmxdiZC
$9B/8607 8A          TXA                     A:0000 X:0010 Y:0000 P:envmxdiZC
$9B/8608 04 14       TSB $14    [$00:0014]   A:0010 X:0010 Y:0000 P:envmxdizC
$9B/860A 98          TYA                     A:0010 X:0010 Y:0000 P:envmxdiZC
$9B/860B 0A          ASL A                   A:0000 X:0010 Y:0000 P:envmxdiZC
$9B/860C 90 05       BCC $05    [$8613]      A:0000 X:0010 Y:0000 P:envmxdiZc
$9B/8613 0A          ASL A                   A:0000 X:0010 Y:0000 P:envmxdiZc
$9B/8614 90 05       BCC $05    [$861B]      A:0000 X:0010 Y:0000 P:envmxdiZc
$9B/861B A8          TAY                     A:0000 X:0010 Y:0000 P:envmxdiZc
$9B/861C 8A          TXA                     A:0000 X:0010 Y:0000 P:envmxdiZc
$9B/861D 4A          LSR A                   A:0010 X:0010 Y:0000 P:envmxdizc
$9B/861E AA          TAX                     A:0008 X:0010 Y:0000 P:envmxdizc
$9B/861F E0 10 00    CPX #$0010              A:0008 X:0008 Y:0000 P:envmxdizc
$9B/8622 B0 D6       BCS $D6    [$85FA]      A:0008 X:0008 Y:0000 P:eNvmxdizc
$9B/8624 E0 00 00    CPX #$0000              A:0008 X:0008 Y:0000 P:eNvmxdizc
$9B/8627 F0 0E       BEQ $0E    [$8637]      A:0008 X:0008 Y:0000 P:envmxdizC
$9B/8629 E0 08 00    CPX #$0008              A:0008 X:0008 Y:0000 P:envmxdizC
$9B/862C 90 CC       BCC $CC    [$85FA]      A:0008 X:0008 Y:0000 P:envmxdiZC
$9B/862E A5 04       LDA $04    [$00:0004]   A:0008 X:0008 Y:0000 P:envmxdiZC
$9B/8630 0A          ASL A                   A:010C X:0008 Y:0000 P:envmxdizC
$9B/8631 0A          ASL A                   A:0218 X:0008 Y:0000 P:envmxdizc
$9B/8632 A8          TAY                     A:0430 X:0008 Y:0000 P:envmxdizc
$9B/8633 C8          INY                     A:0430 X:0008 Y:0430 P:envmxdizc
$9B/8634 C8          INY                     A:0430 X:0008 Y:0431 P:envmxdizc
$9B/8635 80 BD       BRA $BD    [$85F4]      A:0430 X:0008 Y:0432 P:envmxdizc
$9B/85F4 B1 0C       LDA ($0C),y[$7F:0432]   A:0430 X:0008 Y:0432 P:envmxdizc
$9B/85F6 F0 E4       BEQ $E4    [$85DC]      A:4433 X:0008 Y:0432 P:envmxdizc
$9B/85F8 EB          XBA                     A:4433 X:0008 Y:0432 P:envmxdizc
$9B/85F9 A8          TAY                     A:3344 X:0008 Y:0432 P:envmxdizc
$9B/85FA 98          TYA                     A:3344 X:0008 Y:3344 P:envmxdizc
$9B/85FB 0A          ASL A                   A:3344 X:0008 Y:3344 P:envmxdizc
$9B/85FC 90 05       BCC $05    [$8603]      A:6688 X:0008 Y:3344 P:envmxdizc
$9B/8603 0A          ASL A                   A:6688 X:0008 Y:3344 P:envmxdizc
$9B/8604 90 05       BCC $05    [$860B]      A:CD10 X:0008 Y:3344 P:eNvmxdizc
$9B/860B 0A          ASL A                   A:CD10 X:0008 Y:3344 P:eNvmxdizc
$9B/860C 90 05       BCC $05    [$8613]      A:9A20 X:0008 Y:3344 P:eNvmxdizC
$9B/860E A8          TAY                     A:9A20 X:0008 Y:3344 P:eNvmxdizC
$9B/860F 8A          TXA                     A:9A20 X:0008 Y:9A20 P:eNvmxdizC
$9B/8610 04 17       TSB $17    [$00:0017]   A:0008 X:0008 Y:9A20 P:envmxdizC
$9B/8612 98          TYA                     A:0008 X:0008 Y:9A20 P:envmxdiZC
$9B/8613 0A          ASL A                   A:9A20 X:0008 Y:9A20 P:eNvmxdizC
$9B/8614 90 05       BCC $05    [$861B]      A:3440 X:0008 Y:9A20 P:envmxdizC
$9B/8616 A8          TAY                     A:3440 X:0008 Y:9A20 P:envmxdizC
$9B/8617 8A          TXA                     A:3440 X:0008 Y:3440 P:envmxdizC
$9B/8618 04 16       TSB $16    [$00:0016]   A:0008 X:0008 Y:3440 P:envmxdizC
$9B/861A 98          TYA                     A:0008 X:0008 Y:3440 P:envmxdiZC
$9B/861B A8          TAY                     A:3440 X:0008 Y:3440 P:envmxdizC
$9B/861C 8A          TXA                     A:3440 X:0008 Y:3440 P:envmxdizC
$9B/861D 4A          LSR A                   A:0008 X:0008 Y:3440 P:envmxdizC
$9B/861E AA          TAX                     A:0004 X:0008 Y:3440 P:envmxdizc
$9B/861F E0 10 00    CPX #$0010              A:0004 X:0004 Y:3440 P:envmxdizc
$9B/8622 B0 D6       BCS $D6    [$85FA]      A:0004 X:0004 Y:3440 P:eNvmxdizc
$9B/8624 E0 00 00    CPX #$0000              A:0004 X:0004 Y:3440 P:eNvmxdizc
$9B/8627 F0 0E       BEQ $0E    [$8637]      A:0004 X:0004 Y:3440 P:envmxdizC
$9B/8629 E0 08 00    CPX #$0008              A:0004 X:0004 Y:3440 P:envmxdizC
$9B/862C 90 CC       BCC $CC    [$85FA]      A:0004 X:0004 Y:3440 P:eNvmxdizc
$9B/85FA 98          TYA                     A:0004 X:0004 Y:3440 P:eNvmxdizc
$9B/85FB 0A          ASL A                   A:3440 X:0004 Y:3440 P:envmxdizc
$9B/85FC 90 05       BCC $05    [$8603]      A:6880 X:0004 Y:3440 P:envmxdizc
$9B/8603 0A          ASL A                   A:6880 X:0004 Y:3440 P:envmxdizc
$9B/8604 90 05       BCC $05    [$860B]      A:D100 X:0004 Y:3440 P:eNvmxdizc
$9B/860B 0A          ASL A                   A:D100 X:0004 Y:3440 P:eNvmxdizc
$9B/860C 90 05       BCC $05    [$8613]      A:A200 X:0004 Y:3440 P:eNvmxdizC
$9B/860E A8          TAY                     A:A200 X:0004 Y:3440 P:eNvmxdizC
$9B/860F 8A          TXA                     A:A200 X:0004 Y:A200 P:eNvmxdizC
$9B/8610 04 17       TSB $17    [$00:0017]   A:0004 X:0004 Y:A200 P:envmxdizC
$9B/8612 98          TYA                     A:0004 X:0004 Y:A200 P:envmxdiZC
$9B/8613 0A          ASL A                   A:A200 X:0004 Y:A200 P:eNvmxdizC
$9B/8614 90 05       BCC $05    [$861B]      A:4400 X:0004 Y:A200 P:envmxdizC
$9B/8616 A8          TAY                     A:4400 X:0004 Y:A200 P:envmxdizC
$9B/8617 8A          TXA                     A:4400 X:0004 Y:4400 P:envmxdizC
$9B/8618 04 16       TSB $16    [$00:0016]   A:0004 X:0004 Y:4400 P:envmxdizC
$9B/861A 98          TYA                     A:0004 X:0004 Y:4400 P:envmxdiZC
$9B/861B A8          TAY                     A:4400 X:0004 Y:4400 P:envmxdizC
$9B/861C 8A          TXA                     A:4400 X:0004 Y:4400 P:envmxdizC
$9B/861D 4A          LSR A                   A:0004 X:0004 Y:4400 P:envmxdizC
$9B/861E AA          TAX                     A:0002 X:0004 Y:4400 P:envmxdizc
$9B/861F E0 10 00    CPX #$0010              A:0002 X:0002 Y:4400 P:envmxdizc
$9B/8622 B0 D6       BCS $D6    [$85FA]      A:0002 X:0002 Y:4400 P:eNvmxdizc
$9B/8624 E0 00 00    CPX #$0000              A:0002 X:0002 Y:4400 P:eNvmxdizc
$9B/8627 F0 0E       BEQ $0E    [$8637]      A:0002 X:0002 Y:4400 P:envmxdizC
$9B/8629 E0 08 00    CPX #$0008              A:0002 X:0002 Y:4400 P:envmxdizC
$9B/862C 90 CC       BCC $CC    [$85FA]      A:0002 X:0002 Y:4400 P:eNvmxdizc
$9B/85FA 98          TYA                     A:0002 X:0002 Y:4400 P:eNvmxdizc
$9B/85FB 0A          ASL A                   A:4400 X:0002 Y:4400 P:envmxdizc
$9B/85FC 90 05       BCC $05    [$8603]      A:8800 X:0002 Y:4400 P:eNvmxdizc
$9B/8603 0A          ASL A                   A:8800 X:0002 Y:4400 P:eNvmxdizc
$9B/8604 90 05       BCC $05    [$860B]      A:1000 X:0002 Y:4400 P:envmxdizC
$9B/8606 A8          TAY                     A:1000 X:0002 Y:4400 P:envmxdizC
$9B/8607 8A          TXA                     A:1000 X:0002 Y:1000 P:envmxdizC
$9B/8608 04 14       TSB $14    [$00:0014]   A:0002 X:0002 Y:1000 P:envmxdizC
$9B/860A 98          TYA                     A:0002 X:0002 Y:1000 P:envmxdiZC
$9B/860B 0A          ASL A                   A:1000 X:0002 Y:1000 P:envmxdizC
$9B/860C 90 05       BCC $05    [$8613]      A:2000 X:0002 Y:1000 P:envmxdizc
$9B/8613 0A          ASL A                   A:2000 X:0002 Y:1000 P:envmxdizc
$9B/8614 90 05       BCC $05    [$861B]      A:4000 X:0002 Y:1000 P:envmxdizc
$9B/861B A8          TAY                     A:4000 X:0002 Y:1000 P:envmxdizc
$9B/861C 8A          TXA                     A:4000 X:0002 Y:4000 P:envmxdizc
$9B/861D 4A          LSR A                   A:0002 X:0002 Y:4000 P:envmxdizc
$9B/861E AA          TAX                     A:0001 X:0002 Y:4000 P:envmxdizc
$9B/861F E0 10 00    CPX #$0010              A:0001 X:0001 Y:4000 P:envmxdizc
$9B/8622 B0 D6       BCS $D6    [$85FA]      A:0001 X:0001 Y:4000 P:eNvmxdizc
$9B/8624 E0 00 00    CPX #$0000              A:0001 X:0001 Y:4000 P:eNvmxdizc
$9B/8627 F0 0E       BEQ $0E    [$8637]      A:0001 X:0001 Y:4000 P:envmxdizC
$9B/8629 E0 08 00    CPX #$0008              A:0001 X:0001 Y:4000 P:envmxdizC
$9B/862C 90 CC       BCC $CC    [$85FA]      A:0001 X:0001 Y:4000 P:eNvmxdizc
$9B/85FA 98          TYA                     A:0001 X:0001 Y:4000 P:eNvmxdizc
$9B/85FB 0A          ASL A                   A:4000 X:0001 Y:4000 P:envmxdizc
$9B/85FC 90 05       BCC $05    [$8603]      A:8000 X:0001 Y:4000 P:eNvmxdizc
$9B/8603 0A          ASL A                   A:8000 X:0001 Y:4000 P:eNvmxdizc
$9B/8604 90 05       BCC $05    [$860B]      A:0000 X:0001 Y:4000 P:envmxdiZC
$9B/8606 A8          TAY                     A:0000 X:0001 Y:4000 P:envmxdiZC
$9B/8607 8A          TXA                     A:0000 X:0001 Y:0000 P:envmxdiZC
$9B/8608 04 14       TSB $14    [$00:0014]   A:0001 X:0001 Y:0000 P:envmxdizC
$9B/860A 98          TYA                     A:0001 X:0001 Y:0000 P:envmxdiZC
$9B/860B 0A          ASL A                   A:0000 X:0001 Y:0000 P:envmxdiZC
$9B/860C 90 05       BCC $05    [$8613]      A:0000 X:0001 Y:0000 P:envmxdiZc
$9B/8613 0A          ASL A                   A:0000 X:0001 Y:0000 P:envmxdiZc
$9B/8614 90 05       BCC $05    [$861B]      A:0000 X:0001 Y:0000 P:envmxdiZc
$9B/861B A8          TAY                     A:0000 X:0001 Y:0000 P:envmxdiZc
$9B/861C 8A          TXA                     A:0000 X:0001 Y:0000 P:envmxdiZc
$9B/861D 4A          LSR A                   A:0001 X:0001 Y:0000 P:envmxdizc
$9B/861E AA          TAX                     A:0000 X:0001 Y:0000 P:envmxdiZC
$9B/861F E0 10 00    CPX #$0010              A:0000 X:0000 Y:0000 P:envmxdiZC
$9B/8622 B0 D6       BCS $D6    [$85FA]      A:0000 X:0000 Y:0000 P:eNvmxdizc
$9B/8624 E0 00 00    CPX #$0000              A:0000 X:0000 Y:0000 P:eNvmxdizc
$9B/8627 F0 0E       BEQ $0E    [$8637]      A:0000 X:0000 Y:0000 P:envmxdiZC
$9B/8637 A5 06       LDA $06    [$00:0006]   A:0000 X:0000 Y:0000 P:envmxdiZC
$9B/8639 1A          INC A                   A:0426 X:0000 Y:0000 P:envmxdizC
$9B/863A 1A          INC A                   A:0427 X:0000 Y:0000 P:envmxdizC
$9B/863B A8          TAY                     A:0428 X:0000 Y:0000 P:envmxdizC
$9B/863C 29 10 00    AND #$0010              A:0428 X:0000 Y:0428 P:envmxdizC
$9B/863F F0 06       BEQ $06    [$8647]      A:0000 X:0000 Y:0428 P:envmxdiZC
$9B/8647 84 06       STY $06    [$00:0006]   A:0000 X:0000 Y:0428 P:envmxdiZC
$9B/8649 A5 16       LDA $16    [$00:0016]   A:0000 X:0000 Y:0428 P:envmxdiZC
$9B/864B 91 10       STA ($10),y[$7F:5528]   A:0CCC X:0000 Y:0428 P:envmxdizC
$9B/864D 98          TYA                     A:0CCC X:0000 Y:0428 P:envmxdizC
$9B/864E 18          CLC                     A:0428 X:0000 Y:0428 P:envmxdizC
$9B/864F 69 10 00    ADC #$0010              A:0428 X:0000 Y:0428 P:envmxdizc
$9B/8652 A8          TAY                     A:0438 X:0000 Y:0428 P:envmxdizc
$9B/8653 A5 14       LDA $14    [$00:0014]   A:0438 X:0000 Y:0438 P:envmxdizc
$9B/8655 91 10       STA ($10),y[$7F:5538]   A:00F3 X:0000 Y:0438 P:envmxdizc
$9B/8657 E6 04       INC $04    [$00:0004]   A:00F3 X:0000 Y:0438 P:envmxdizc
$9B/8659 C6 00       DEC $00    [$00:0000]   A:00F3 X:0000 Y:0438 P:envmxdizc
$9B/865B 10 8B       BPL $8B    [$85E8]      A:00F3 X:0000 Y:0438 P:envmxdizc
$9B/85E8 A2 80 00    LDX #$0080              A:00F3 X:0000 Y:0438 P:envmxdizc
$9B/85EB 64 14       STZ $14    [$00:0014]   A:00F3 X:0080 Y:0438 P:envmxdizc
$9B/85ED 64 16       STZ $16    [$00:0016]   A:00F3 X:0080 Y:0438 P:envmxdizc
$9B/85EF A5 04       LDA $04    [$00:0004]   A:00F3 X:0080 Y:0438 P:envmxdizc
$9B/85F1 0A          ASL A                   A:010D X:0080 Y:0438 P:envmxdizc
$9B/85F2 0A          ASL A                   A:021A X:0080 Y:0438 P:envmxdizc
$9B/85F3 A8          TAY                     A:0434 X:0080 Y:0438 P:envmxdizc
$9B/85F4 B1 0C       LDA ($0C),y[$7F:0434]   A:0434 X:0080 Y:0434 P:envmxdizc
$9B/85F6 F0 E4       BEQ $E4    [$85DC]      A:4344 X:0080 Y:0434 P:envmxdizc
$9B/85F8 EB          XBA                     A:4344 X:0080 Y:0434 P:envmxdizc
$9B/85F9 A8          TAY                     A:4443 X:0080 Y:0434 P:envmxdizc
$9B/85FA 98          TYA                     A:4443 X:0080 Y:4443 P:envmxdizc
$9B/85FB 0A          ASL A                   A:4443 X:0080 Y:4443 P:envmxdizc
$9B/85FC 90 05       BCC $05    [$8603]      A:8886 X:0080 Y:4443 P:eNvmxdizc
$9B/8603 0A          ASL A                   A:8886 X:0080 Y:4443 P:eNvmxdizc
$9B/8604 90 05       BCC $05    [$860B]      A:110C X:0080 Y:4443 P:envmxdizC
$9B/8606 A8          TAY                     A:110C X:0080 Y:4443 P:envmxdizC
$9B/8607 8A          TXA                     A:110C X:0080 Y:110C P:envmxdizC
$9B/8608 04 14       TSB $14    [$00:0014]   A:0080 X:0080 Y:110C P:envmxdizC
$9B/860A 98          TYA                     A:0080 X:0080 Y:110C P:envmxdiZC
$9B/860B 0A          ASL A                   A:110C X:0080 Y:110C P:envmxdizC
$9B/860C 90 05       BCC $05    [$8613]      A:2218 X:0080 Y:110C P:envmxdizc
$9B/8613 0A          ASL A                   A:2218 X:0080 Y:110C P:envmxdizc
$9B/8614 90 05       BCC $05    [$861B]      A:4430 X:0080 Y:110C P:envmxdizc
$9B/861B A8          TAY                     A:4430 X:0080 Y:110C P:envmxdizc
$9B/861C 8A          TXA                     A:4430 X:0080 Y:4430 P:envmxdizc
$9B/861D 4A          LSR A                   A:0080 X:0080 Y:4430 P:envmxdizc
$9B/861E AA          TAX                     A:0040 X:0080 Y:4430 P:envmxdizc
$9B/861F E0 10 00    CPX #$0010              A:0040 X:0040 Y:4430 P:envmxdizc
$9B/8622 B0 D6       BCS $D6    [$85FA]      A:0040 X:0040 Y:4430 P:envmxdizC
$9B/85FA 98          TYA                     A:0040 X:0040 Y:4430 P:envmxdizC
$9B/85FB 0A          ASL A                   A:4430 X:0040 Y:4430 P:envmxdizC
$9B/85FC 90 05       BCC $05    [$8603]      A:8860 X:0040 Y:4430 P:eNvmxdizc
$9B/8603 0A          ASL A                   A:8860 X:0040 Y:4430 P:eNvmxdizc
$9B/8604 90 05       BCC $05    [$860B]      A:10C0 X:0040 Y:4430 P:envmxdizC
$9B/8606 A8          TAY                     A:10C0 X:0040 Y:4430 P:envmxdizC
$9B/8607 8A          TXA                     A:10C0 X:0040 Y:10C0 P:envmxdizC
$9B/8608 04 14       TSB $14    [$00:0014]   A:0040 X:0040 Y:10C0 P:envmxdizC
$9B/860A 98          TYA                     A:0040 X:0040 Y:10C0 P:envmxdiZC
$9B/860B 0A          ASL A                   A:10C0 X:0040 Y:10C0 P:envmxdizC
$9B/860C 90 05       BCC $05    [$8613]      A:2180 X:0040 Y:10C0 P:envmxdizc
$9B/8613 0A          ASL A                   A:2180 X:0040 Y:10C0 P:envmxdizc
$9B/8614 90 05       BCC $05    [$861B]      A:4300 X:0040 Y:10C0 P:envmxdizc
$9B/861B A8          TAY                     A:4300 X:0040 Y:10C0 P:envmxdizc
$9B/861C 8A          TXA                     A:4300 X:0040 Y:4300 P:envmxdizc
$9B/861D 4A          LSR A                   A:0040 X:0040 Y:4300 P:envmxdizc
$9B/861E AA          TAX                     A:0020 X:0040 Y:4300 P:envmxdizc
$9B/861F E0 10 00    CPX #$0010              A:0020 X:0020 Y:4300 P:envmxdizc
$9B/8622 B0 D6       BCS $D6    [$85FA]      A:0020 X:0020 Y:4300 P:envmxdizC
$9B/85FA 98          TYA                     A:0020 X:0020 Y:4300 P:envmxdizC
$9B/85FB 0A          ASL A                   A:4300 X:0020 Y:4300 P:envmxdizC
$9B/85FC 90 05       BCC $05    [$8603]      A:8600 X:0020 Y:4300 P:eNvmxdizc
$9B/8603 0A          ASL A                   A:8600 X:0020 Y:4300 P:eNvmxdizc
$9B/8604 90 05       BCC $05    [$860B]      A:0C00 X:0020 Y:4300 P:envmxdizC
$9B/8606 A8          TAY                     A:0C00 X:0020 Y:4300 P:envmxdizC
$9B/8607 8A          TXA                     A:0C00 X:0020 Y:0C00 P:envmxdizC
$9B/8608 04 14       TSB $14    [$00:0014]   A:0020 X:0020 Y:0C00 P:envmxdizC
$9B/860A 98          TYA                     A:0020 X:0020 Y:0C00 P:envmxdiZC
$9B/860B 0A          ASL A                   A:0C00 X:0020 Y:0C00 P:envmxdizC
$9B/860C 90 05       BCC $05    [$8613]      A:1800 X:0020 Y:0C00 P:envmxdizc
$9B/8613 0A          ASL A                   A:1800 X:0020 Y:0C00 P:envmxdizc
$9B/8614 90 05       BCC $05    [$861B]      A:3000 X:0020 Y:0C00 P:envmxdizc
$9B/861B A8          TAY                     A:3000 X:0020 Y:0C00 P:envmxdizc
$9B/861C 8A          TXA                     A:3000 X:0020 Y:3000 P:envmxdizc
$9B/861D 4A          LSR A                   A:0020 X:0020 Y:3000 P:envmxdizc
$9B/861E AA          TAX                     A:0010 X:0020 Y:3000 P:envmxdizc
$9B/861F E0 10 00    CPX #$0010              A:0010 X:0010 Y:3000 P:envmxdizc
$9B/8622 B0 D6       BCS $D6    [$85FA]      A:0010 X:0010 Y:3000 P:envmxdiZC
$9B/85FA 98          TYA                     A:0010 X:0010 Y:3000 P:envmxdiZC
$9B/85FB 0A          ASL A                   A:3000 X:0010 Y:3000 P:envmxdizC
$9B/85FC 90 05       BCC $05    [$8603]      A:6000 X:0010 Y:3000 P:envmxdizc
$9B/8603 0A          ASL A                   A:6000 X:0010 Y:3000 P:envmxdizc
$9B/8604 90 05       BCC $05    [$860B]      A:C000 X:0010 Y:3000 P:eNvmxdizc
$9B/860B 0A          ASL A                   A:C000 X:0010 Y:3000 P:eNvmxdizc
$9B/860C 90 05       BCC $05    [$8613]      A:8000 X:0010 Y:3000 P:eNvmxdizC
$9B/860E A8          TAY                     A:8000 X:0010 Y:3000 P:eNvmxdizC
$9B/860F 8A          TXA                     A:8000 X:0010 Y:8000 P:eNvmxdizC
$9B/8610 04 17       TSB $17    [$00:0017]   A:0010 X:0010 Y:8000 P:envmxdizC
$9B/8612 98          TYA                     A:0010 X:0010 Y:8000 P:envmxdiZC
$9B/8613 0A          ASL A                   A:8000 X:0010 Y:8000 P:eNvmxdizC
$9B/8614 90 05       BCC $05    [$861B]      A:0000 X:0010 Y:8000 P:envmxdiZC
$9B/8616 A8          TAY                     A:0000 X:0010 Y:8000 P:envmxdiZC
$9B/8617 8A          TXA                     A:0000 X:0010 Y:0000 P:envmxdiZC
$9B/8618 04 16       TSB $16    [$00:0016]   A:0010 X:0010 Y:0000 P:envmxdizC
$9B/861A 98          TYA                     A:0010 X:0010 Y:0000 P:envmxdiZC
$9B/861B A8          TAY                     A:0000 X:0010 Y:0000 P:envmxdiZC
$9B/861C 8A          TXA                     A:0000 X:0010 Y:0000 P:envmxdiZC
$9B/861D 4A          LSR A                   A:0010 X:0010 Y:0000 P:envmxdizC
$9B/861E AA          TAX                     A:0008 X:0010 Y:0000 P:envmxdizc
$9B/861F E0 10 00    CPX #$0010              A:0008 X:0008 Y:0000 P:envmxdizc
$9B/8622 B0 D6       BCS $D6    [$85FA]      A:0008 X:0008 Y:0000 P:eNvmxdizc
$9B/8624 E0 00 00    CPX #$0000              A:0008 X:0008 Y:0000 P:eNvmxdizc
$9B/8627 F0 0E       BEQ $0E    [$8637]      A:0008 X:0008 Y:0000 P:envmxdizC
$9B/8629 E0 08 00    CPX #$0008              A:0008 X:0008 Y:0000 P:envmxdizC
$9B/862C 90 CC       BCC $CC    [$85FA]      A:0008 X:0008 Y:0000 P:envmxdiZC
$9B/862E A5 04       LDA $04    [$00:0004]   A:0008 X:0008 Y:0000 P:envmxdiZC
$9B/8630 0A          ASL A                   A:010D X:0008 Y:0000 P:envmxdizC
$9B/8631 0A          ASL A                   A:021A X:0008 Y:0000 P:envmxdizc
$9B/8632 A8          TAY                     A:0434 X:0008 Y:0000 P:envmxdizc
$9B/8633 C8          INY                     A:0434 X:0008 Y:0434 P:envmxdizc
$9B/8634 C8          INY                     A:0434 X:0008 Y:0435 P:envmxdizc
$9B/8635 80 BD       BRA $BD    [$85F4]      A:0434 X:0008 Y:0436 P:envmxdizc
$9B/85F4 B1 0C       LDA ($0C),y[$7F:0436]   A:0434 X:0008 Y:0436 P:envmxdizc
$9B/85F6 F0 E4       BEQ $E4    [$85DC]      A:4433 X:0008 Y:0436 P:envmxdizc
$9B/85F8 EB          XBA                     A:4433 X:0008 Y:0436 P:envmxdizc
$9B/85F9 A8          TAY                     A:3344 X:0008 Y:0436 P:envmxdizc
$9B/85FA 98          TYA                     A:3344 X:0008 Y:3344 P:envmxdizc
$9B/85FB 0A          ASL A                   A:3344 X:0008 Y:3344 P:envmxdizc
$9B/85FC 90 05       BCC $05    [$8603]      A:6688 X:0008 Y:3344 P:envmxdizc
$9B/8603 0A          ASL A                   A:6688 X:0008 Y:3344 P:envmxdizc
$9B/8604 90 05       BCC $05    [$860B]      A:CD10 X:0008 Y:3344 P:eNvmxdizc
$9B/860B 0A          ASL A                   A:CD10 X:0008 Y:3344 P:eNvmxdizc
$9B/860C 90 05       BCC $05    [$8613]      A:9A20 X:0008 Y:3344 P:eNvmxdizC
$9B/860E A8          TAY                     A:9A20 X:0008 Y:3344 P:eNvmxdizC
$9B/860F 8A          TXA                     A:9A20 X:0008 Y:9A20 P:eNvmxdizC
$9B/8610 04 17       TSB $17    [$00:0017]   A:0008 X:0008 Y:9A20 P:envmxdizC
$9B/8612 98          TYA                     A:0008 X:0008 Y:9A20 P:envmxdiZC
$9B/8613 0A          ASL A                   A:9A20 X:0008 Y:9A20 P:eNvmxdizC
$9B/8614 90 05       BCC $05    [$861B]      A:3440 X:0008 Y:9A20 P:envmxdizC
$9B/8616 A8          TAY                     A:3440 X:0008 Y:9A20 P:envmxdizC
$9B/8617 8A          TXA                     A:3440 X:0008 Y:3440 P:envmxdizC
$9B/8618 04 16       TSB $16    [$00:0016]   A:0008 X:0008 Y:3440 P:envmxdizC
$9B/861A 98          TYA                     A:0008 X:0008 Y:3440 P:envmxdiZC
$9B/861B A8          TAY                     A:3440 X:0008 Y:3440 P:envmxdizC
$9B/861C 8A          TXA                     A:3440 X:0008 Y:3440 P:envmxdizC
$9B/861D 4A          LSR A                   A:0008 X:0008 Y:3440 P:envmxdizC
$9B/861E AA          TAX                     A:0004 X:0008 Y:3440 P:envmxdizc
$9B/861F E0 10 00    CPX #$0010              A:0004 X:0004 Y:3440 P:envmxdizc
$9B/8622 B0 D6       BCS $D6    [$85FA]      A:0004 X:0004 Y:3440 P:eNvmxdizc
$9B/8624 E0 00 00    CPX #$0000              A:0004 X:0004 Y:3440 P:eNvmxdizc
$9B/8627 F0 0E       BEQ $0E    [$8637]      A:0004 X:0004 Y:3440 P:envmxdizC
$9B/8629 E0 08 00    CPX #$0008              A:0004 X:0004 Y:3440 P:envmxdizC
$9B/862C 90 CC       BCC $CC    [$85FA]      A:0004 X:0004 Y:3440 P:eNvmxdizc
$9B/85FA 98          TYA                     A:0004 X:0004 Y:3440 P:eNvmxdizc
$9B/85FB 0A          ASL A                   A:3440 X:0004 Y:3440 P:envmxdizc
$9B/85FC 90 05       BCC $05    [$8603]      A:6880 X:0004 Y:3440 P:envmxdizc
$9B/8603 0A          ASL A                   A:6880 X:0004 Y:3440 P:envmxdizc
$9B/8604 90 05       BCC $05    [$860B]      A:D100 X:0004 Y:3440 P:eNvmxdizc
$9B/860B 0A          ASL A                   A:D100 X:0004 Y:3440 P:eNvmxdizc
$9B/860C 90 05       BCC $05    [$8613]      A:A200 X:0004 Y:3440 P:eNvmxdizC
$9B/860E A8          TAY                     A:A200 X:0004 Y:3440 P:eNvmxdizC
$9B/860F 8A          TXA                     A:A200 X:0004 Y:A200 P:eNvmxdizC
$9B/8610 04 17       TSB $17    [$00:0017]   A:0004 X:0004 Y:A200 P:envmxdizC
$9B/8612 98          TYA                     A:0004 X:0004 Y:A200 P:envmxdiZC
$9B/8613 0A          ASL A                   A:A200 X:0004 Y:A200 P:eNvmxdizC
$9B/8614 90 05       BCC $05    [$861B]      A:4400 X:0004 Y:A200 P:envmxdizC
$9B/8616 A8          TAY                     A:4400 X:0004 Y:A200 P:envmxdizC
$9B/8617 8A          TXA                     A:4400 X:0004 Y:4400 P:envmxdizC
$9B/8618 04 16       TSB $16    [$00:0016]   A:0004 X:0004 Y:4400 P:envmxdizC
$9B/861A 98          TYA                     A:0004 X:0004 Y:4400 P:envmxdiZC
$9B/861B A8          TAY                     A:4400 X:0004 Y:4400 P:envmxdizC
$9B/861C 8A          TXA                     A:4400 X:0004 Y:4400 P:envmxdizC
$9B/861D 4A          LSR A                   A:0004 X:0004 Y:4400 P:envmxdizC
$9B/861E AA          TAX                     A:0002 X:0004 Y:4400 P:envmxdizc
$9B/861F E0 10 00    CPX #$0010              A:0002 X:0002 Y:4400 P:envmxdizc
$9B/8622 B0 D6       BCS $D6    [$85FA]      A:0002 X:0002 Y:4400 P:eNvmxdizc
$9B/8624 E0 00 00    CPX #$0000              A:0002 X:0002 Y:4400 P:eNvmxdizc
$9B/8627 F0 0E       BEQ $0E    [$8637]      A:0002 X:0002 Y:4400 P:envmxdizC
$9B/8629 E0 08 00    CPX #$0008              A:0002 X:0002 Y:4400 P:envmxdizC
$9B/862C 90 CC       BCC $CC    [$85FA]      A:0002 X:0002 Y:4400 P:eNvmxdizc
$9B/85FA 98          TYA                     A:0002 X:0002 Y:4400 P:eNvmxdizc
$9B/85FB 0A          ASL A                   A:4400 X:0002 Y:4400 P:envmxdizc
$9B/85FC 90 05       BCC $05    [$8603]      A:8800 X:0002 Y:4400 P:eNvmxdizc
$9B/8603 0A          ASL A                   A:8800 X:0002 Y:4400 P:eNvmxdizc
$9B/8604 90 05       BCC $05    [$860B]      A:1000 X:0002 Y:4400 P:envmxdizC
$9B/8606 A8          TAY                     A:1000 X:0002 Y:4400 P:envmxdizC
$9B/8607 8A          TXA                     A:1000 X:0002 Y:1000 P:envmxdizC
$9B/8608 04 14       TSB $14    [$00:0014]   A:0002 X:0002 Y:1000 P:envmxdizC
$9B/860A 98          TYA                     A:0002 X:0002 Y:1000 P:envmxdiZC
$9B/860B 0A          ASL A                   A:1000 X:0002 Y:1000 P:envmxdizC
$9B/860C 90 05       BCC $05    [$8613]      A:2000 X:0002 Y:1000 P:envmxdizc
$9B/8613 0A          ASL A                   A:2000 X:0002 Y:1000 P:envmxdizc
$9B/8614 90 05       BCC $05    [$861B]      A:4000 X:0002 Y:1000 P:envmxdizc
$9B/861B A8          TAY                     A:4000 X:0002 Y:1000 P:envmxdizc
$9B/861C 8A          TXA                     A:4000 X:0002 Y:4000 P:envmxdizc
$9B/861D 4A          LSR A                   A:0002 X:0002 Y:4000 P:envmxdizc
$9B/861E AA          TAX                     A:0001 X:0002 Y:4000 P:envmxdizc
$9B/861F E0 10 00    CPX #$0010              A:0001 X:0001 Y:4000 P:envmxdizc
$9B/8622 B0 D6       BCS $D6    [$85FA]      A:0001 X:0001 Y:4000 P:eNvmxdizc
$9B/8624 E0 00 00    CPX #$0000              A:0001 X:0001 Y:4000 P:eNvmxdizc
$9B/8627 F0 0E       BEQ $0E    [$8637]      A:0001 X:0001 Y:4000 P:envmxdizC
$9B/8629 E0 08 00    CPX #$0008              A:0001 X:0001 Y:4000 P:envmxdizC
$9B/862C 90 CC       BCC $CC    [$85FA]      A:0001 X:0001 Y:4000 P:eNvmxdizc
$9B/85FA 98          TYA                     A:0001 X:0001 Y:4000 P:eNvmxdizc
$9B/85FB 0A          ASL A                   A:4000 X:0001 Y:4000 P:envmxdizc
$9B/85FC 90 05       BCC $05    [$8603]      A:8000 X:0001 Y:4000 P:eNvmxdizc
$9B/8603 0A          ASL A                   A:8000 X:0001 Y:4000 P:eNvmxdizc
$9B/8604 90 05       BCC $05    [$860B]      A:0000 X:0001 Y:4000 P:envmxdiZC
$9B/8606 A8          TAY                     A:0000 X:0001 Y:4000 P:envmxdiZC
$9B/8607 8A          TXA                     A:0000 X:0001 Y:0000 P:envmxdiZC
$9B/8608 04 14       TSB $14    [$00:0014]   A:0001 X:0001 Y:0000 P:envmxdizC
$9B/860A 98          TYA                     A:0001 X:0001 Y:0000 P:envmxdiZC
$9B/860B 0A          ASL A                   A:0000 X:0001 Y:0000 P:envmxdiZC
$9B/860C 90 05       BCC $05    [$8613]      A:0000 X:0001 Y:0000 P:envmxdiZc
$9B/8613 0A          ASL A                   A:0000 X:0001 Y:0000 P:envmxdiZc
$9B/8614 90 05       BCC $05    [$861B]      A:0000 X:0001 Y:0000 P:envmxdiZc
$9B/861B A8          TAY                     A:0000 X:0001 Y:0000 P:envmxdiZc
$9B/861C 8A          TXA                     A:0000 X:0001 Y:0000 P:envmxdiZc
$9B/861D 4A          LSR A                   A:0001 X:0001 Y:0000 P:envmxdizc
$9B/861E AA          TAX                     A:0000 X:0001 Y:0000 P:envmxdiZC
$9B/861F E0 10 00    CPX #$0010              A:0000 X:0000 Y:0000 P:envmxdiZC
$9B/8622 B0 D6       BCS $D6    [$85FA]      A:0000 X:0000 Y:0000 P:eNvmxdizc
$9B/8624 E0 00 00    CPX #$0000              A:0000 X:0000 Y:0000 P:eNvmxdizc
$9B/8627 F0 0E       BEQ $0E    [$8637]      A:0000 X:0000 Y:0000 P:envmxdiZC
$9B/8637 A5 06       LDA $06    [$00:0006]   A:0000 X:0000 Y:0000 P:envmxdiZC
$9B/8639 1A          INC A                   A:0428 X:0000 Y:0000 P:envmxdizC
$9B/863A 1A          INC A                   A:0429 X:0000 Y:0000 P:envmxdizC
$9B/863B A8          TAY                     A:042A X:0000 Y:0000 P:envmxdizC
$9B/863C 29 10 00    AND #$0010              A:042A X:0000 Y:042A P:envmxdizC
$9B/863F F0 06       BEQ $06    [$8647]      A:0000 X:0000 Y:042A P:envmxdiZC
$9B/8647 84 06       STY $06    [$00:0006]   A:0000 X:0000 Y:042A P:envmxdiZC
$9B/8649 A5 16       LDA $16    [$00:0016]   A:0000 X:0000 Y:042A P:envmxdiZC
$9B/864B 91 10       STA ($10),y[$7F:552A]   A:1C1C X:0000 Y:042A P:envmxdizC
$9B/864D 98          TYA                     A:1C1C X:0000 Y:042A P:envmxdizC
$9B/864E 18          CLC                     A:042A X:0000 Y:042A P:envmxdizC
$9B/864F 69 10 00    ADC #$0010              A:042A X:0000 Y:042A P:envmxdizc
$9B/8652 A8          TAY                     A:043A X:0000 Y:042A P:envmxdizc
$9B/8653 A5 14       LDA $14    [$00:0014]   A:043A X:0000 Y:043A P:envmxdizc
$9B/8655 91 10       STA ($10),y[$7F:553A]   A:00E3 X:0000 Y:043A P:envmxdizc
$9B/8657 E6 04       INC $04    [$00:0004]   A:00E3 X:0000 Y:043A P:envmxdizc
$9B/8659 C6 00       DEC $00    [$00:0000]   A:00E3 X:0000 Y:043A P:envmxdizc
$9B/865B 10 8B       BPL $8B    [$85E8]      A:00E3 X:0000 Y:043A P:envmxdizc
$9B/85E8 A2 80 00    LDX #$0080              A:00E3 X:0000 Y:043A P:envmxdizc
$9B/85EB 64 14       STZ $14    [$00:0014]   A:00E3 X:0080 Y:043A P:envmxdizc
$9B/85ED 64 16       STZ $16    [$00:0016]   A:00E3 X:0080 Y:043A P:envmxdizc
$9B/85EF A5 04       LDA $04    [$00:0004]   A:00E3 X:0080 Y:043A P:envmxdizc
$9B/85F1 0A          ASL A                   A:010E X:0080 Y:043A P:envmxdizc
$9B/85F2 0A          ASL A                   A:021C X:0080 Y:043A P:envmxdizc
$9B/85F3 A8          TAY                     A:0438 X:0080 Y:043A P:envmxdizc
$9B/85F4 B1 0C       LDA ($0C),y[$7F:0438]   A:0438 X:0080 Y:0438 P:envmxdizc
$9B/85F6 F0 E4       BEQ $E4    [$85DC]      A:3344 X:0080 Y:0438 P:envmxdizc
$9B/85F8 EB          XBA                     A:3344 X:0080 Y:0438 P:envmxdizc
$9B/85F9 A8          TAY                     A:4433 X:0080 Y:0438 P:envmxdizc
$9B/85FA 98          TYA                     A:4433 X:0080 Y:4433 P:envmxdizc
$9B/85FB 0A          ASL A                   A:4433 X:0080 Y:4433 P:envmxdizc
$9B/85FC 90 05       BCC $05    [$8603]      A:8866 X:0080 Y:4433 P:eNvmxdizc
$9B/8603 0A          ASL A                   A:8866 X:0080 Y:4433 P:eNvmxdizc
$9B/8604 90 05       BCC $05    [$860B]      A:10CC X:0080 Y:4433 P:envmxdizC
$9B/8606 A8          TAY                     A:10CC X:0080 Y:4433 P:envmxdizC
$9B/8607 8A          TXA                     A:10CC X:0080 Y:10CC P:envmxdizC
$9B/8608 04 14       TSB $14    [$00:0014]   A:0080 X:0080 Y:10CC P:envmxdizC
$9B/860A 98          TYA                     A:0080 X:0080 Y:10CC P:envmxdiZC
$9B/860B 0A          ASL A                   A:10CC X:0080 Y:10CC P:envmxdizC
$9B/860C 90 05       BCC $05    [$8613]      A:2198 X:0080 Y:10CC P:envmxdizc
$9B/8613 0A          ASL A                   A:2198 X:0080 Y:10CC P:envmxdizc
$9B/8614 90 05       BCC $05    [$861B]      A:4330 X:0080 Y:10CC P:envmxdizc
$9B/861B A8          TAY                     A:4330 X:0080 Y:10CC P:envmxdizc
$9B/861C 8A          TXA                     A:4330 X:0080 Y:4330 P:envmxdizc
$9B/861D 4A          LSR A                   A:0080 X:0080 Y:4330 P:envmxdizc
$9B/861E AA          TAX                     A:0040 X:0080 Y:4330 P:envmxdizc
$9B/861F E0 10 00    CPX #$0010              A:0040 X:0040 Y:4330 P:envmxdizc
$9B/8622 B0 D6       BCS $D6    [$85FA]      A:0040 X:0040 Y:4330 P:envmxdizC
$9B/85FA 98          TYA                     A:0040 X:0040 Y:4330 P:envmxdizC
$9B/85FB 0A          ASL A                   A:4330 X:0040 Y:4330 P:envmxdizC
$9B/85FC 90 05       BCC $05    [$8603]      A:8660 X:0040 Y:4330 P:eNvmxdizc
$9B/8603 0A          ASL A                   A:8660 X:0040 Y:4330 P:eNvmxdizc
$9B/8604 90 05       BCC $05    [$860B]      A:0CC0 X:0040 Y:4330 P:envmxdizC
$9B/8606 A8          TAY                     A:0CC0 X:0040 Y:4330 P:envmxdizC
$9B/8607 8A          TXA                     A:0CC0 X:0040 Y:0CC0 P:envmxdizC
$9B/8608 04 14       TSB $14    [$00:0014]   A:0040 X:0040 Y:0CC0 P:envmxdizC
$9B/860A 98          TYA                     A:0040 X:0040 Y:0CC0 P:envmxdiZC
$9B/860B 0A          ASL A                   A:0CC0 X:0040 Y:0CC0 P:envmxdizC
$9B/860C 90 05       BCC $05    [$8613]      A:1980 X:0040 Y:0CC0 P:envmxdizc
$9B/8613 0A          ASL A                   A:1980 X:0040 Y:0CC0 P:envmxdizc
$9B/8614 90 05       BCC $05    [$861B]      A:3300 X:0040 Y:0CC0 P:envmxdizc
$9B/861B A8          TAY                     A:3300 X:0040 Y:0CC0 P:envmxdizc
$9B/861C 8A          TXA                     A:3300 X:0040 Y:3300 P:envmxdizc
$9B/861D 4A          LSR A                   A:0040 X:0040 Y:3300 P:envmxdizc
$9B/861E AA          TAX                     A:0020 X:0040 Y:3300 P:envmxdizc
$9B/861F E0 10 00    CPX #$0010              A:0020 X:0020 Y:3300 P:envmxdizc
$9B/8622 B0 D6       BCS $D6    [$85FA]      A:0020 X:0020 Y:3300 P:envmxdizC
$9B/85FA 98          TYA                     A:0020 X:0020 Y:3300 P:envmxdizC
$9B/85FB 0A          ASL A                   A:3300 X:0020 Y:3300 P:envmxdizC
$9B/85FC 90 05       BCC $05    [$8603]      A:6600 X:0020 Y:3300 P:envmxdizc
$9B/8603 0A          ASL A                   A:6600 X:0020 Y:3300 P:envmxdizc
$9B/8604 90 05       BCC $05    [$860B]      A:CC00 X:0020 Y:3300 P:eNvmxdizc
$9B/860B 0A          ASL A                   A:CC00 X:0020 Y:3300 P:eNvmxdizc
$9B/860C 90 05       BCC $05    [$8613]      A:9800 X:0020 Y:3300 P:eNvmxdizC
$9B/860E A8          TAY                     A:9800 X:0020 Y:3300 P:eNvmxdizC
$9B/860F 8A          TXA                     A:9800 X:0020 Y:9800 P:eNvmxdizC
$9B/8610 04 17       TSB $17    [$00:0017]   A:0020 X:0020 Y:9800 P:envmxdizC
$9B/8612 98          TYA                     A:0020 X:0020 Y:9800 P:envmxdiZC
$9B/8613 0A          ASL A                   A:9800 X:0020 Y:9800 P:eNvmxdizC
$9B/8614 90 05       BCC $05    [$861B]      A:3000 X:0020 Y:9800 P:envmxdizC
$9B/8616 A8          TAY                     A:3000 X:0020 Y:9800 P:envmxdizC
$9B/8617 8A          TXA                     A:3000 X:0020 Y:3000 P:envmxdizC
$9B/8618 04 16       TSB $16    [$00:0016]   A:0020 X:0020 Y:3000 P:envmxdizC
$9B/861A 98          TYA                     A:0020 X:0020 Y:3000 P:envmxdiZC
$9B/861B A8          TAY                     A:3000 X:0020 Y:3000 P:envmxdizC
$9B/861C 8A          TXA                     A:3000 X:0020 Y:3000 P:envmxdizC
$9B/861D 4A          LSR A                   A:0020 X:0020 Y:3000 P:envmxdizC
$9B/861E AA          TAX                     A:0010 X:0020 Y:3000 P:envmxdizc
$9B/861F E0 10 00    CPX #$0010              A:0010 X:0010 Y:3000 P:envmxdizc
$9B/8622 B0 D6       BCS $D6    [$85FA]      A:0010 X:0010 Y:3000 P:envmxdiZC
$9B/85FA 98          TYA                     A:0010 X:0010 Y:3000 P:envmxdiZC
$9B/85FB 0A          ASL A                   A:3000 X:0010 Y:3000 P:envmxdizC
$9B/85FC 90 05       BCC $05    [$8603]      A:6000 X:0010 Y:3000 P:envmxdizc
$9B/8603 0A          ASL A                   A:6000 X:0010 Y:3000 P:envmxdizc
$9B/8604 90 05       BCC $05    [$860B]      A:C000 X:0010 Y:3000 P:eNvmxdizc
$9B/860B 0A          ASL A                   A:C000 X:0010 Y:3000 P:eNvmxdizc
$9B/860C 90 05       BCC $05    [$8613]      A:8000 X:0010 Y:3000 P:eNvmxdizC
$9B/860E A8          TAY                     A:8000 X:0010 Y:3000 P:eNvmxdizC
$9B/860F 8A          TXA                     A:8000 X:0010 Y:8000 P:eNvmxdizC
$9B/8610 04 17       TSB $17    [$00:0017]   A:0010 X:0010 Y:8000 P:envmxdizC
$9B/8612 98          TYA                     A:0010 X:0010 Y:8000 P:envmxdiZC
$9B/8613 0A          ASL A                   A:8000 X:0010 Y:8000 P:eNvmxdizC
$9B/8614 90 05       BCC $05    [$861B]      A:0000 X:0010 Y:8000 P:envmxdiZC
$9B/8616 A8          TAY                     A:0000 X:0010 Y:8000 P:envmxdiZC
$9B/8617 8A          TXA                     A:0000 X:0010 Y:0000 P:envmxdiZC
$9B/8618 04 16       TSB $16    [$00:0016]   A:0010 X:0010 Y:0000 P:envmxdizC
$9B/861A 98          TYA                     A:0010 X:0010 Y:0000 P:envmxdiZC
$9B/861B A8          TAY                     A:0000 X:0010 Y:0000 P:envmxdiZC
$9B/861C 8A          TXA                     A:0000 X:0010 Y:0000 P:envmxdiZC
$9B/861D 4A          LSR A                   A:0010 X:0010 Y:0000 P:envmxdizC
$9B/861E AA          TAX                     A:0008 X:0010 Y:0000 P:envmxdizc
$9B/861F E0 10 00    CPX #$0010              A:0008 X:0008 Y:0000 P:envmxdizc
$9B/8622 B0 D6       BCS $D6    [$85FA]      A:0008 X:0008 Y:0000 P:eNvmxdizc
$9B/8624 E0 00 00    CPX #$0000              A:0008 X:0008 Y:0000 P:eNvmxdizc
$9B/8627 F0 0E       BEQ $0E    [$8637]      A:0008 X:0008 Y:0000 P:envmxdizC
$9B/8629 E0 08 00    CPX #$0008              A:0008 X:0008 Y:0000 P:envmxdizC
$9B/862C 90 CC       BCC $CC    [$85FA]      A:0008 X:0008 Y:0000 P:envmxdiZC
$9B/862E A5 04       LDA $04    [$00:0004]   A:0008 X:0008 Y:0000 P:envmxdiZC
$9B/8630 0A          ASL A                   A:010E X:0008 Y:0000 P:envmxdizC
$9B/8631 0A          ASL A                   A:021C X:0008 Y:0000 P:envmxdizc
$9B/8632 A8          TAY                     A:0438 X:0008 Y:0000 P:envmxdizc
$9B/8633 C8          INY                     A:0438 X:0008 Y:0438 P:envmxdizc
$9B/8634 C8          INY                     A:0438 X:0008 Y:0439 P:envmxdizc
$9B/8635 80 BD       BRA $BD    [$85F4]      A:0438 X:0008 Y:043A P:envmxdizc
$9B/85F4 B1 0C       LDA ($0C),y[$7F:043A]   A:0438 X:0008 Y:043A P:envmxdizc
$9B/85F6 F0 E4       BEQ $E4    [$85DC]      A:4633 X:0008 Y:043A P:envmxdizc
$9B/85F8 EB          XBA                     A:4633 X:0008 Y:043A P:envmxdizc
$9B/85F9 A8          TAY                     A:3346 X:0008 Y:043A P:envmxdizc
$9B/85FA 98          TYA                     A:3346 X:0008 Y:3346 P:envmxdizc
$9B/85FB 0A          ASL A                   A:3346 X:0008 Y:3346 P:envmxdizc
$9B/85FC 90 05       BCC $05    [$8603]      A:668C X:0008 Y:3346 P:envmxdizc
$9B/8603 0A          ASL A                   A:668C X:0008 Y:3346 P:envmxdizc
$9B/8604 90 05       BCC $05    [$860B]      A:CD18 X:0008 Y:3346 P:eNvmxdizc
$9B/860B 0A          ASL A                   A:CD18 X:0008 Y:3346 P:eNvmxdizc
$9B/860C 90 05       BCC $05    [$8613]      A:9A30 X:0008 Y:3346 P:eNvmxdizC
$9B/860E A8          TAY                     A:9A30 X:0008 Y:3346 P:eNvmxdizC
$9B/860F 8A          TXA                     A:9A30 X:0008 Y:9A30 P:eNvmxdizC
$9B/8610 04 17       TSB $17    [$00:0017]   A:0008 X:0008 Y:9A30 P:envmxdizC
$9B/8612 98          TYA                     A:0008 X:0008 Y:9A30 P:envmxdiZC
$9B/8613 0A          ASL A                   A:9A30 X:0008 Y:9A30 P:eNvmxdizC
$9B/8614 90 05       BCC $05    [$861B]      A:3460 X:0008 Y:9A30 P:envmxdizC
$9B/8616 A8          TAY                     A:3460 X:0008 Y:9A30 P:envmxdizC
$9B/8617 8A          TXA                     A:3460 X:0008 Y:3460 P:envmxdizC
$9B/8618 04 16       TSB $16    [$00:0016]   A:0008 X:0008 Y:3460 P:envmxdizC
$9B/861A 98          TYA                     A:0008 X:0008 Y:3460 P:envmxdiZC
$9B/861B A8          TAY                     A:3460 X:0008 Y:3460 P:envmxdizC
$9B/861C 8A          TXA                     A:3460 X:0008 Y:3460 P:envmxdizC
$9B/861D 4A          LSR A                   A:0008 X:0008 Y:3460 P:envmxdizC
$9B/861E AA          TAX                     A:0004 X:0008 Y:3460 P:envmxdizc
$9B/861F E0 10 00    CPX #$0010              A:0004 X:0004 Y:3460 P:envmxdizc
$9B/8622 B0 D6       BCS $D6    [$85FA]      A:0004 X:0004 Y:3460 P:eNvmxdizc
$9B/8624 E0 00 00    CPX #$0000              A:0004 X:0004 Y:3460 P:eNvmxdizc
$9B/8627 F0 0E       BEQ $0E    [$8637]      A:0004 X:0004 Y:3460 P:envmxdizC
$9B/8629 E0 08 00    CPX #$0008              A:0004 X:0004 Y:3460 P:envmxdizC
$9B/862C 90 CC       BCC $CC    [$85FA]      A:0004 X:0004 Y:3460 P:eNvmxdizc
$9B/85FA 98          TYA                     A:0004 X:0004 Y:3460 P:eNvmxdizc
$9B/85FB 0A          ASL A                   A:3460 X:0004 Y:3460 P:envmxdizc
$9B/85FC 90 05       BCC $05    [$8603]      A:68C0 X:0004 Y:3460 P:envmxdizc
$9B/8603 0A          ASL A                   A:68C0 X:0004 Y:3460 P:envmxdizc
$9B/8604 90 05       BCC $05    [$860B]      A:D180 X:0004 Y:3460 P:eNvmxdizc
$9B/860B 0A          ASL A                   A:D180 X:0004 Y:3460 P:eNvmxdizc
$9B/860C 90 05       BCC $05    [$8613]      A:A300 X:0004 Y:3460 P:eNvmxdizC
$9B/860E A8          TAY                     A:A300 X:0004 Y:3460 P:eNvmxdizC
$9B/860F 8A          TXA                     A:A300 X:0004 Y:A300 P:eNvmxdizC
$9B/8610 04 17       TSB $17    [$00:0017]   A:0004 X:0004 Y:A300 P:envmxdizC
$9B/8612 98          TYA                     A:0004 X:0004 Y:A300 P:envmxdiZC
$9B/8613 0A          ASL A                   A:A300 X:0004 Y:A300 P:eNvmxdizC
$9B/8614 90 05       BCC $05    [$861B]      A:4600 X:0004 Y:A300 P:envmxdizC
$9B/8616 A8          TAY                     A:4600 X:0004 Y:A300 P:envmxdizC
$9B/8617 8A          TXA                     A:4600 X:0004 Y:4600 P:envmxdizC
$9B/8618 04 16       TSB $16    [$00:0016]   A:0004 X:0004 Y:4600 P:envmxdizC
$9B/861A 98          TYA                     A:0004 X:0004 Y:4600 P:envmxdiZC
$9B/861B A8          TAY                     A:4600 X:0004 Y:4600 P:envmxdizC
$9B/861C 8A          TXA                     A:4600 X:0004 Y:4600 P:envmxdizC
$9B/861D 4A          LSR A                   A:0004 X:0004 Y:4600 P:envmxdizC
$9B/861E AA          TAX                     A:0002 X:0004 Y:4600 P:envmxdizc
$9B/861F E0 10 00    CPX #$0010              A:0002 X:0002 Y:4600 P:envmxdizc
$9B/8622 B0 D6       BCS $D6    [$85FA]      A:0002 X:0002 Y:4600 P:eNvmxdizc
$9B/8624 E0 00 00    CPX #$0000              A:0002 X:0002 Y:4600 P:eNvmxdizc
$9B/8627 F0 0E       BEQ $0E    [$8637]      A:0002 X:0002 Y:4600 P:envmxdizC
$9B/8629 E0 08 00    CPX #$0008              A:0002 X:0002 Y:4600 P:envmxdizC
$9B/862C 90 CC       BCC $CC    [$85FA]      A:0002 X:0002 Y:4600 P:eNvmxdizc
$9B/85FA 98          TYA                     A:0002 X:0002 Y:4600 P:eNvmxdizc
$9B/85FB 0A          ASL A                   A:4600 X:0002 Y:4600 P:envmxdizc
$9B/85FC 90 05       BCC $05    [$8603]      A:8C00 X:0002 Y:4600 P:eNvmxdizc
$9B/8603 0A          ASL A                   A:8C00 X:0002 Y:4600 P:eNvmxdizc
$9B/8604 90 05       BCC $05    [$860B]      A:1800 X:0002 Y:4600 P:envmxdizC
$9B/8606 A8          TAY                     A:1800 X:0002 Y:4600 P:envmxdizC
$9B/8607 8A          TXA                     A:1800 X:0002 Y:1800 P:envmxdizC
$9B/8608 04 14       TSB $14    [$00:0014]   A:0002 X:0002 Y:1800 P:envmxdizC
$9B/860A 98          TYA                     A:0002 X:0002 Y:1800 P:envmxdiZC
$9B/860B 0A          ASL A                   A:1800 X:0002 Y:1800 P:envmxdizC
$9B/860C 90 05       BCC $05    [$8613]      A:3000 X:0002 Y:1800 P:envmxdizc
$9B/8613 0A          ASL A                   A:3000 X:0002 Y:1800 P:envmxdizc
$9B/8614 90 05       BCC $05    [$861B]      A:6000 X:0002 Y:1800 P:envmxdizc
$9B/861B A8          TAY                     A:6000 X:0002 Y:1800 P:envmxdizc
$9B/861C 8A          TXA                     A:6000 X:0002 Y:6000 P:envmxdizc
$9B/861D 4A          LSR A                   A:0002 X:0002 Y:6000 P:envmxdizc
$9B/861E AA          TAX                     A:0001 X:0002 Y:6000 P:envmxdizc
$9B/861F E0 10 00    CPX #$0010              A:0001 X:0001 Y:6000 P:envmxdizc
$9B/8622 B0 D6       BCS $D6    [$85FA]      A:0001 X:0001 Y:6000 P:eNvmxdizc
$9B/8624 E0 00 00    CPX #$0000              A:0001 X:0001 Y:6000 P:eNvmxdizc
$9B/8627 F0 0E       BEQ $0E    [$8637]      A:0001 X:0001 Y:6000 P:envmxdizC
$9B/8629 E0 08 00    CPX #$0008              A:0001 X:0001 Y:6000 P:envmxdizC
$9B/862C 90 CC       BCC $CC    [$85FA]      A:0001 X:0001 Y:6000 P:eNvmxdizc
$9B/85FA 98          TYA                     A:0001 X:0001 Y:6000 P:eNvmxdizc
$9B/85FB 0A          ASL A                   A:6000 X:0001 Y:6000 P:envmxdizc
$9B/85FC 90 05       BCC $05    [$8603]      A:C000 X:0001 Y:6000 P:eNvmxdizc
$9B/8603 0A          ASL A                   A:C000 X:0001 Y:6000 P:eNvmxdizc
$9B/8604 90 05       BCC $05    [$860B]      A:8000 X:0001 Y:6000 P:eNvmxdizC
$9B/8606 A8          TAY                     A:8000 X:0001 Y:6000 P:eNvmxdizC
$9B/8607 8A          TXA                     A:8000 X:0001 Y:8000 P:eNvmxdizC
$9B/8608 04 14       TSB $14    [$00:0014]   A:0001 X:0001 Y:8000 P:envmxdizC
$9B/860A 98          TYA                     A:0001 X:0001 Y:8000 P:envmxdiZC
$9B/860B 0A          ASL A                   A:8000 X:0001 Y:8000 P:eNvmxdizC
$9B/860C 90 05       BCC $05    [$8613]      A:0000 X:0001 Y:8000 P:envmxdiZC
$9B/860E A8          TAY                     A:0000 X:0001 Y:8000 P:envmxdiZC
$9B/860F 8A          TXA                     A:0000 X:0001 Y:0000 P:envmxdiZC
$9B/8610 04 17       TSB $17    [$00:0017]   A:0001 X:0001 Y:0000 P:envmxdizC
$9B/8612 98          TYA                     A:0001 X:0001 Y:0000 P:envmxdiZC
$9B/8613 0A          ASL A                   A:0000 X:0001 Y:0000 P:envmxdiZC
$9B/8614 90 05       BCC $05    [$861B]      A:0000 X:0001 Y:0000 P:envmxdiZc
$9B/861B A8          TAY                     A:0000 X:0001 Y:0000 P:envmxdiZc
$9B/861C 8A          TXA                     A:0000 X:0001 Y:0000 P:envmxdiZc
$9B/861D 4A          LSR A                   A:0001 X:0001 Y:0000 P:envmxdizc
$9B/861E AA          TAX                     A:0000 X:0001 Y:0000 P:envmxdiZC
$9B/861F E0 10 00    CPX #$0010              A:0000 X:0000 Y:0000 P:envmxdiZC
$9B/8622 B0 D6       BCS $D6    [$85FA]      A:0000 X:0000 Y:0000 P:eNvmxdizc
$9B/8624 E0 00 00    CPX #$0000              A:0000 X:0000 Y:0000 P:eNvmxdizc
$9B/8627 F0 0E       BEQ $0E    [$8637]      A:0000 X:0000 Y:0000 P:envmxdiZC
$9B/8637 A5 06       LDA $06    [$00:0006]   A:0000 X:0000 Y:0000 P:envmxdiZC
$9B/8639 1A          INC A                   A:042A X:0000 Y:0000 P:envmxdizC
$9B/863A 1A          INC A                   A:042B X:0000 Y:0000 P:envmxdizC
$9B/863B A8          TAY                     A:042C X:0000 Y:0000 P:envmxdizC
$9B/863C 29 10 00    AND #$0010              A:042C X:0000 Y:042C P:envmxdizC
$9B/863F F0 06       BEQ $06    [$8647]      A:0000 X:0000 Y:042C P:envmxdiZC
$9B/8647 84 06       STY $06    [$00:0006]   A:0000 X:0000 Y:042C P:envmxdiZC
$9B/8649 A5 16       LDA $16    [$00:0016]   A:0000 X:0000 Y:042C P:envmxdiZC
$9B/864B 91 10       STA ($10),y[$7F:552C]   A:3D3C X:0000 Y:042C P:envmxdizC
$9B/864D 98          TYA                     A:3D3C X:0000 Y:042C P:envmxdizC
$9B/864E 18          CLC                     A:042C X:0000 Y:042C P:envmxdizC
$9B/864F 69 10 00    ADC #$0010              A:042C X:0000 Y:042C P:envmxdizc
$9B/8652 A8          TAY                     A:043C X:0000 Y:042C P:envmxdizc
$9B/8653 A5 14       LDA $14    [$00:0014]   A:043C X:0000 Y:043C P:envmxdizc
$9B/8655 91 10       STA ($10),y[$7F:553C]   A:00C3 X:0000 Y:043C P:envmxdizc
$9B/8657 E6 04       INC $04    [$00:0004]   A:00C3 X:0000 Y:043C P:envmxdizc
$9B/8659 C6 00       DEC $00    [$00:0000]   A:00C3 X:0000 Y:043C P:envmxdizc
$9B/865B 10 8B       BPL $8B    [$85E8]      A:00C3 X:0000 Y:043C P:envmxdizc
$9B/85E8 A2 80 00    LDX #$0080              A:00C3 X:0000 Y:043C P:envmxdizc
$9B/85EB 64 14       STZ $14    [$00:0014]   A:00C3 X:0080 Y:043C P:envmxdizc
$9B/85ED 64 16       STZ $16    [$00:0016]   A:00C3 X:0080 Y:043C P:envmxdizc
$9B/85EF A5 04       LDA $04    [$00:0004]   A:00C3 X:0080 Y:043C P:envmxdizc
$9B/85F1 0A          ASL A                   A:010F X:0080 Y:043C P:envmxdizc
$9B/85F2 0A          ASL A                   A:021E X:0080 Y:043C P:envmxdizc
$9B/85F3 A8          TAY                     A:043C X:0080 Y:043C P:envmxdizc
$9B/85F4 B1 0C       LDA ($0C),y[$7F:043C]   A:043C X:0080 Y:043C P:envmxdizc
$9B/85F6 F0 E4       BEQ $E4    [$85DC]      A:3344 X:0080 Y:043C P:envmxdizc
$9B/85F8 EB          XBA                     A:3344 X:0080 Y:043C P:envmxdizc
$9B/85F9 A8          TAY                     A:4433 X:0080 Y:043C P:envmxdizc
$9B/85FA 98          TYA                     A:4433 X:0080 Y:4433 P:envmxdizc
$9B/85FB 0A          ASL A                   A:4433 X:0080 Y:4433 P:envmxdizc
$9B/85FC 90 05       BCC $05    [$8603]      A:8866 X:0080 Y:4433 P:eNvmxdizc
$9B/8603 0A          ASL A                   A:8866 X:0080 Y:4433 P:eNvmxdizc
$9B/8604 90 05       BCC $05    [$860B]      A:10CC X:0080 Y:4433 P:envmxdizC
$9B/8606 A8          TAY                     A:10CC X:0080 Y:4433 P:envmxdizC
$9B/8607 8A          TXA                     A:10CC X:0080 Y:10CC P:envmxdizC
$9B/8608 04 14       TSB $14    [$00:0014]   A:0080 X:0080 Y:10CC P:envmxdizC
$9B/860A 98          TYA                     A:0080 X:0080 Y:10CC P:envmxdiZC
$9B/860B 0A          ASL A                   A:10CC X:0080 Y:10CC P:envmxdizC
$9B/860C 90 05       BCC $05    [$8613]      A:2198 X:0080 Y:10CC P:envmxdizc
$9B/8613 0A          ASL A                   A:2198 X:0080 Y:10CC P:envmxdizc
$9B/8614 90 05       BCC $05    [$861B]      A:4330 X:0080 Y:10CC P:envmxdizc
$9B/861B A8          TAY                     A:4330 X:0080 Y:10CC P:envmxdizc
$9B/861C 8A          TXA                     A:4330 X:0080 Y:4330 P:envmxdizc
$9B/861D 4A          LSR A                   A:0080 X:0080 Y:4330 P:envmxdizc
$9B/861E AA          TAX                     A:0040 X:0080 Y:4330 P:envmxdizc
$9B/861F E0 10 00    CPX #$0010              A:0040 X:0040 Y:4330 P:envmxdizc
$9B/8622 B0 D6       BCS $D6    [$85FA]      A:0040 X:0040 Y:4330 P:envmxdizC
$9B/85FA 98          TYA                     A:0040 X:0040 Y:4330 P:envmxdizC
$9B/85FB 0A          ASL A                   A:4330 X:0040 Y:4330 P:envmxdizC
$9B/85FC 90 05       BCC $05    [$8603]      A:8660 X:0040 Y:4330 P:eNvmxdizc
$9B/8603 0A          ASL A                   A:8660 X:0040 Y:4330 P:eNvmxdizc
$9B/8604 90 05       BCC $05    [$860B]      A:0CC0 X:0040 Y:4330 P:envmxdizC
$9B/8606 A8          TAY                     A:0CC0 X:0040 Y:4330 P:envmxdizC
$9B/8607 8A          TXA                     A:0CC0 X:0040 Y:0CC0 P:envmxdizC
$9B/8608 04 14       TSB $14    [$00:0014]   A:0040 X:0040 Y:0CC0 P:envmxdizC
$9B/860A 98          TYA                     A:0040 X:0040 Y:0CC0 P:envmxdiZC
$9B/860B 0A          ASL A                   A:0CC0 X:0040 Y:0CC0 P:envmxdizC
$9B/860C 90 05       BCC $05    [$8613]      A:1980 X:0040 Y:0CC0 P:envmxdizc
$9B/8613 0A          ASL A                   A:1980 X:0040 Y:0CC0 P:envmxdizc
$9B/8614 90 05       BCC $05    [$861B]      A:3300 X:0040 Y:0CC0 P:envmxdizc
$9B/861B A8          TAY                     A:3300 X:0040 Y:0CC0 P:envmxdizc
$9B/861C 8A          TXA                     A:3300 X:0040 Y:3300 P:envmxdizc
$9B/861D 4A          LSR A                   A:0040 X:0040 Y:3300 P:envmxdizc
$9B/861E AA          TAX                     A:0020 X:0040 Y:3300 P:envmxdizc
$9B/861F E0 10 00    CPX #$0010              A:0020 X:0020 Y:3300 P:envmxdizc
$9B/8622 B0 D6       BCS $D6    [$85FA]      A:0020 X:0020 Y:3300 P:envmxdizC
$9B/85FA 98          TYA                     A:0020 X:0020 Y:3300 P:envmxdizC
$9B/85FB 0A          ASL A                   A:3300 X:0020 Y:3300 P:envmxdizC
$9B/85FC 90 05       BCC $05    [$8603]      A:6600 X:0020 Y:3300 P:envmxdizc
$9B/8603 0A          ASL A                   A:6600 X:0020 Y:3300 P:envmxdizc
$9B/8604 90 05       BCC $05    [$860B]      A:CC00 X:0020 Y:3300 P:eNvmxdizc
$9B/860B 0A          ASL A                   A:CC00 X:0020 Y:3300 P:eNvmxdizc
$9B/860C 90 05       BCC $05    [$8613]      A:9800 X:0020 Y:3300 P:eNvmxdizC
$9B/860E A8          TAY                     A:9800 X:0020 Y:3300 P:eNvmxdizC
$9B/860F 8A          TXA                     A:9800 X:0020 Y:9800 P:eNvmxdizC
$9B/8610 04 17       TSB $17    [$00:0017]   A:0020 X:0020 Y:9800 P:envmxdizC
$9B/8612 98          TYA                     A:0020 X:0020 Y:9800 P:envmxdiZC
$9B/8613 0A          ASL A                   A:9800 X:0020 Y:9800 P:eNvmxdizC
$9B/8614 90 05       BCC $05    [$861B]      A:3000 X:0020 Y:9800 P:envmxdizC
$9B/8616 A8          TAY                     A:3000 X:0020 Y:9800 P:envmxdizC
$9B/8617 8A          TXA                     A:3000 X:0020 Y:3000 P:envmxdizC
$9B/8618 04 16       TSB $16    [$00:0016]   A:0020 X:0020 Y:3000 P:envmxdizC
$9B/861A 98          TYA                     A:0020 X:0020 Y:3000 P:envmxdiZC
$9B/861B A8          TAY                     A:3000 X:0020 Y:3000 P:envmxdizC
$9B/861C 8A          TXA                     A:3000 X:0020 Y:3000 P:envmxdizC
$9B/861D 4A          LSR A                   A:0020 X:0020 Y:3000 P:envmxdizC
$9B/861E AA          TAX                     A:0010 X:0020 Y:3000 P:envmxdizc
$9B/861F E0 10 00    CPX #$0010              A:0010 X:0010 Y:3000 P:envmxdizc
$9B/8622 B0 D6       BCS $D6    [$85FA]      A:0010 X:0010 Y:3000 P:envmxdiZC
$9B/85FA 98          TYA                     A:0010 X:0010 Y:3000 P:envmxdiZC
$9B/85FB 0A          ASL A                   A:3000 X:0010 Y:3000 P:envmxdizC
$9B/85FC 90 05       BCC $05    [$8603]      A:6000 X:0010 Y:3000 P:envmxdizc
$9B/8603 0A          ASL A                   A:6000 X:0010 Y:3000 P:envmxdizc
$9B/8604 90 05       BCC $05    [$860B]      A:C000 X:0010 Y:3000 P:eNvmxdizc
$9B/860B 0A          ASL A                   A:C000 X:0010 Y:3000 P:eNvmxdizc
$9B/860C 90 05       BCC $05    [$8613]      A:8000 X:0010 Y:3000 P:eNvmxdizC
$9B/860E A8          TAY                     A:8000 X:0010 Y:3000 P:eNvmxdizC
$9B/860F 8A          TXA                     A:8000 X:0010 Y:8000 P:eNvmxdizC
$9B/8610 04 17       TSB $17    [$00:0017]   A:0010 X:0010 Y:8000 P:envmxdizC
$9B/8612 98          TYA                     A:0010 X:0010 Y:8000 P:envmxdiZC
$9B/8613 0A          ASL A                   A:8000 X:0010 Y:8000 P:eNvmxdizC
$9B/8614 90 05       BCC $05    [$861B]      A:0000 X:0010 Y:8000 P:envmxdiZC
$9B/8616 A8          TAY                     A:0000 X:0010 Y:8000 P:envmxdiZC
$9B/8617 8A          TXA                     A:0000 X:0010 Y:0000 P:envmxdiZC
$9B/8618 04 16       TSB $16    [$00:0016]   A:0010 X:0010 Y:0000 P:envmxdizC
$9B/861A 98          TYA                     A:0010 X:0010 Y:0000 P:envmxdiZC
$9B/861B A8          TAY                     A:0000 X:0010 Y:0000 P:envmxdiZC
$9B/861C 8A          TXA                     A:0000 X:0010 Y:0000 P:envmxdiZC
$9B/861D 4A          LSR A                   A:0010 X:0010 Y:0000 P:envmxdizC
$9B/861E AA          TAX                     A:0008 X:0010 Y:0000 P:envmxdizc
$9B/861F E0 10 00    CPX #$0010              A:0008 X:0008 Y:0000 P:envmxdizc
$9B/8622 B0 D6       BCS $D6    [$85FA]      A:0008 X:0008 Y:0000 P:eNvmxdizc
$9B/8624 E0 00 00    CPX #$0000              A:0008 X:0008 Y:0000 P:eNvmxdizc
$9B/8627 F0 0E       BEQ $0E    [$8637]      A:0008 X:0008 Y:0000 P:envmxdizC
$9B/8629 E0 08 00    CPX #$0008              A:0008 X:0008 Y:0000 P:envmxdizC
$9B/862C 90 CC       BCC $CC    [$85FA]      A:0008 X:0008 Y:0000 P:envmxdiZC
$9B/862E A5 04       LDA $04    [$00:0004]   A:0008 X:0008 Y:0000 P:envmxdiZC
$9B/8630 0A          ASL A                   A:010F X:0008 Y:0000 P:envmxdizC
$9B/8631 0A          ASL A                   A:021E X:0008 Y:0000 P:envmxdizc
$9B/8632 A8          TAY                     A:043C X:0008 Y:0000 P:envmxdizc
$9B/8633 C8          INY                     A:043C X:0008 Y:043C P:envmxdizc
$9B/8634 C8          INY                     A:043C X:0008 Y:043D P:envmxdizc
$9B/8635 80 BD       BRA $BD    [$85F4]      A:043C X:0008 Y:043E P:envmxdizc
$9B/85F4 B1 0C       LDA ($0C),y[$7F:043E]   A:043C X:0008 Y:043E P:envmxdizc
$9B/85F6 F0 E4       BEQ $E4    [$85DC]      A:6D44 X:0008 Y:043E P:envmxdizc
$9B/85F8 EB          XBA                     A:6D44 X:0008 Y:043E P:envmxdizc
$9B/85F9 A8          TAY                     A:446D X:0008 Y:043E P:envmxdizc
$9B/85FA 98          TYA                     A:446D X:0008 Y:446D P:envmxdizc
$9B/85FB 0A          ASL A                   A:446D X:0008 Y:446D P:envmxdizc
$9B/85FC 90 05       BCC $05    [$8603]      A:88DA X:0008 Y:446D P:eNvmxdizc
$9B/8603 0A          ASL A                   A:88DA X:0008 Y:446D P:eNvmxdizc
$9B/8604 90 05       BCC $05    [$860B]      A:11B4 X:0008 Y:446D P:envmxdizC
$9B/8606 A8          TAY                     A:11B4 X:0008 Y:446D P:envmxdizC
$9B/8607 8A          TXA                     A:11B4 X:0008 Y:11B4 P:envmxdizC
$9B/8608 04 14       TSB $14    [$00:0014]   A:0008 X:0008 Y:11B4 P:envmxdizC
$9B/860A 98          TYA                     A:0008 X:0008 Y:11B4 P:envmxdiZC
$9B/860B 0A          ASL A                   A:11B4 X:0008 Y:11B4 P:envmxdizC
$9B/860C 90 05       BCC $05    [$8613]      A:2368 X:0008 Y:11B4 P:envmxdizc
$9B/8613 0A          ASL A                   A:2368 X:0008 Y:11B4 P:envmxdizc
$9B/8614 90 05       BCC $05    [$861B]      A:46D0 X:0008 Y:11B4 P:envmxdizc
$9B/861B A8          TAY                     A:46D0 X:0008 Y:11B4 P:envmxdizc
$9B/861C 8A          TXA                     A:46D0 X:0008 Y:46D0 P:envmxdizc
$9B/861D 4A          LSR A                   A:0008 X:0008 Y:46D0 P:envmxdizc
$9B/861E AA          TAX                     A:0004 X:0008 Y:46D0 P:envmxdizc
$9B/861F E0 10 00    CPX #$0010              A:0004 X:0004 Y:46D0 P:envmxdizc
$9B/8622 B0 D6       BCS $D6    [$85FA]      A:0004 X:0004 Y:46D0 P:eNvmxdizc
$9B/8624 E0 00 00    CPX #$0000              A:0004 X:0004 Y:46D0 P:eNvmxdizc
$9B/8627 F0 0E       BEQ $0E    [$8637]      A:0004 X:0004 Y:46D0 P:envmxdizC
$9B/8629 E0 08 00    CPX #$0008              A:0004 X:0004 Y:46D0 P:envmxdizC
$9B/862C 90 CC       BCC $CC    [$85FA]      A:0004 X:0004 Y:46D0 P:eNvmxdizc
$9B/85FA 98          TYA                     A:0004 X:0004 Y:46D0 P:eNvmxdizc
$9B/85FB 0A          ASL A                   A:46D0 X:0004 Y:46D0 P:envmxdizc
$9B/85FC 90 05       BCC $05    [$8603]      A:8DA0 X:0004 Y:46D0 P:eNvmxdizc
$9B/8603 0A          ASL A                   A:8DA0 X:0004 Y:46D0 P:eNvmxdizc
$9B/8604 90 05       BCC $05    [$860B]      A:1B40 X:0004 Y:46D0 P:envmxdizC
$9B/8606 A8          TAY                     A:1B40 X:0004 Y:46D0 P:envmxdizC
$9B/8607 8A          TXA                     A:1B40 X:0004 Y:1B40 P:envmxdizC
$9B/8608 04 14       TSB $14    [$00:0014]   A:0004 X:0004 Y:1B40 P:envmxdizC
$9B/860A 98          TYA                     A:0004 X:0004 Y:1B40 P:envmxdiZC
$9B/860B 0A          ASL A                   A:1B40 X:0004 Y:1B40 P:envmxdizC
$9B/860C 90 05       BCC $05    [$8613]      A:3680 X:0004 Y:1B40 P:envmxdizc
$9B/8613 0A          ASL A                   A:3680 X:0004 Y:1B40 P:envmxdizc
$9B/8614 90 05       BCC $05    [$861B]      A:6D00 X:0004 Y:1B40 P:envmxdizc
$9B/861B A8          TAY                     A:6D00 X:0004 Y:1B40 P:envmxdizc
$9B/861C 8A          TXA                     A:6D00 X:0004 Y:6D00 P:envmxdizc
$9B/861D 4A          LSR A                   A:0004 X:0004 Y:6D00 P:envmxdizc
$9B/861E AA          TAX                     A:0002 X:0004 Y:6D00 P:envmxdizc
$9B/861F E0 10 00    CPX #$0010              A:0002 X:0002 Y:6D00 P:envmxdizc
$9B/8622 B0 D6       BCS $D6    [$85FA]      A:0002 X:0002 Y:6D00 P:eNvmxdizc
$9B/8624 E0 00 00    CPX #$0000              A:0002 X:0002 Y:6D00 P:eNvmxdizc
$9B/8627 F0 0E       BEQ $0E    [$8637]      A:0002 X:0002 Y:6D00 P:envmxdizC
$9B/8629 E0 08 00    CPX #$0008              A:0002 X:0002 Y:6D00 P:envmxdizC
$9B/862C 90 CC       BCC $CC    [$85FA]      A:0002 X:0002 Y:6D00 P:eNvmxdizc
$9B/85FA 98          TYA                     A:0002 X:0002 Y:6D00 P:eNvmxdizc
$9B/85FB 0A          ASL A                   A:6D00 X:0002 Y:6D00 P:envmxdizc
$9B/85FC 90 05       BCC $05    [$8603]      A:DA00 X:0002 Y:6D00 P:eNvmxdizc
$9B/8603 0A          ASL A                   A:DA00 X:0002 Y:6D00 P:eNvmxdizc
$9B/8604 90 05       BCC $05    [$860B]      A:B400 X:0002 Y:6D00 P:eNvmxdizC
$9B/8606 A8          TAY                     A:B400 X:0002 Y:6D00 P:eNvmxdizC
$9B/8607 8A          TXA                     A:B400 X:0002 Y:B400 P:eNvmxdizC
$9B/8608 04 14       TSB $14    [$00:0014]   A:0002 X:0002 Y:B400 P:envmxdizC
$9B/860A 98          TYA                     A:0002 X:0002 Y:B400 P:envmxdiZC
$9B/860B 0A          ASL A                   A:B400 X:0002 Y:B400 P:eNvmxdizC
$9B/860C 90 05       BCC $05    [$8613]      A:6800 X:0002 Y:B400 P:envmxdizC
$9B/860E A8          TAY                     A:6800 X:0002 Y:B400 P:envmxdizC
$9B/860F 8A          TXA                     A:6800 X:0002 Y:6800 P:envmxdizC
$9B/8610 04 17       TSB $17    [$00:0017]   A:0002 X:0002 Y:6800 P:envmxdizC
$9B/8612 98          TYA                     A:0002 X:0002 Y:6800 P:envmxdiZC
$9B/8613 0A          ASL A                   A:6800 X:0002 Y:6800 P:envmxdizC
$9B/8614 90 05       BCC $05    [$861B]      A:D000 X:0002 Y:6800 P:eNvmxdizc
$9B/861B A8          TAY                     A:D000 X:0002 Y:6800 P:eNvmxdizc
$9B/861C 8A          TXA                     A:D000 X:0002 Y:D000 P:eNvmxdizc
$9B/861D 4A          LSR A                   A:0002 X:0002 Y:D000 P:envmxdizc
$9B/861E AA          TAX                     A:0001 X:0002 Y:D000 P:envmxdizc
$9B/861F E0 10 00    CPX #$0010              A:0001 X:0001 Y:D000 P:envmxdizc
$9B/8622 B0 D6       BCS $D6    [$85FA]      A:0001 X:0001 Y:D000 P:eNvmxdizc
$9B/8624 E0 00 00    CPX #$0000              A:0001 X:0001 Y:D000 P:eNvmxdizc
$9B/8627 F0 0E       BEQ $0E    [$8637]      A:0001 X:0001 Y:D000 P:envmxdizC
$9B/8629 E0 08 00    CPX #$0008              A:0001 X:0001 Y:D000 P:envmxdizC
$9B/862C 90 CC       BCC $CC    [$85FA]      A:0001 X:0001 Y:D000 P:eNvmxdizc
$9B/85FA 98          TYA                     A:0001 X:0001 Y:D000 P:eNvmxdizc
$9B/85FB 0A          ASL A                   A:D000 X:0001 Y:D000 P:eNvmxdizc
$9B/85FC 90 05       BCC $05    [$8603]      A:A000 X:0001 Y:D000 P:eNvmxdizC
$9B/85FE A8          TAY                     A:A000 X:0001 Y:D000 P:eNvmxdizC
$9B/85FF 8A          TXA                     A:A000 X:0001 Y:A000 P:eNvmxdizC
$9B/8600 04 15       TSB $15    [$00:0015]   A:0001 X:0001 Y:A000 P:envmxdizC
$9B/8602 98          TYA                     A:0001 X:0001 Y:A000 P:envmxdiZC
$9B/8603 0A          ASL A                   A:A000 X:0001 Y:A000 P:eNvmxdizC
$9B/8604 90 05       BCC $05    [$860B]      A:4000 X:0001 Y:A000 P:envmxdizC
$9B/8606 A8          TAY                     A:4000 X:0001 Y:A000 P:envmxdizC
$9B/8607 8A          TXA                     A:4000 X:0001 Y:4000 P:envmxdizC
$9B/8608 04 14       TSB $14    [$00:0014]   A:0001 X:0001 Y:4000 P:envmxdizC
$9B/860A 98          TYA                     A:0001 X:0001 Y:4000 P:envmxdiZC
$9B/860B 0A          ASL A                   A:4000 X:0001 Y:4000 P:envmxdizC
$9B/860C 90 05       BCC $05    [$8613]      A:8000 X:0001 Y:4000 P:eNvmxdizc
$9B/8613 0A          ASL A                   A:8000 X:0001 Y:4000 P:eNvmxdizc
$9B/8614 90 05       BCC $05    [$861B]      A:0000 X:0001 Y:4000 P:envmxdiZC
$9B/8616 A8          TAY                     A:0000 X:0001 Y:4000 P:envmxdiZC
$9B/8617 8A          TXA                     A:0000 X:0001 Y:0000 P:envmxdiZC
$9B/8618 04 16       TSB $16    [$00:0016]   A:0001 X:0001 Y:0000 P:envmxdizC
$9B/861A 98          TYA                     A:0001 X:0001 Y:0000 P:envmxdiZC
$9B/861B A8          TAY                     A:0000 X:0001 Y:0000 P:envmxdiZC
$9B/861C 8A          TXA                     A:0000 X:0001 Y:0000 P:envmxdiZC
$9B/861D 4A          LSR A                   A:0001 X:0001 Y:0000 P:envmxdizC
$9B/861E AA          TAX                     A:0000 X:0001 Y:0000 P:envmxdiZC
$9B/861F E0 10 00    CPX #$0010              A:0000 X:0000 Y:0000 P:envmxdiZC
$9B/8622 B0 D6       BCS $D6    [$85FA]      A:0000 X:0000 Y:0000 P:eNvmxdizc
$9B/8624 E0 00 00    CPX #$0000              A:0000 X:0000 Y:0000 P:eNvmxdizc
$9B/8627 F0 0E       BEQ $0E    [$8637]      A:0000 X:0000 Y:0000 P:envmxdiZC
$9B/8637 A5 06       LDA $06    [$00:0006]   A:0000 X:0000 Y:0000 P:envmxdiZC
$9B/8639 1A          INC A                   A:042C X:0000 Y:0000 P:envmxdizC
$9B/863A 1A          INC A                   A:042D X:0000 Y:0000 P:envmxdizC
$9B/863B A8          TAY                     A:042E X:0000 Y:0000 P:envmxdizC
$9B/863C 29 10 00    AND #$0010              A:042E X:0000 Y:042E P:envmxdizC
$9B/863F F0 06       BEQ $06    [$8647]      A:0000 X:0000 Y:042E P:envmxdiZC
$9B/8647 84 06       STY $06    [$00:0006]   A:0000 X:0000 Y:042E P:envmxdiZC
$9B/8649 A5 16       LDA $16    [$00:0016]   A:0000 X:0000 Y:042E P:envmxdiZC
$9B/864B 91 10       STA ($10),y[$7F:552E]   A:3231 X:0000 Y:042E P:envmxdizC
$9B/864D 98          TYA                     A:3231 X:0000 Y:042E P:envmxdizC
$9B/864E 18          CLC                     A:042E X:0000 Y:042E P:envmxdizC
$9B/864F 69 10 00    ADC #$0010              A:042E X:0000 Y:042E P:envmxdizc
$9B/8652 A8          TAY                     A:043E X:0000 Y:042E P:envmxdizc
$9B/8653 A5 14       LDA $14    [$00:0014]   A:043E X:0000 Y:043E P:envmxdizc
$9B/8655 91 10       STA ($10),y[$7F:553E]   A:01CF X:0000 Y:043E P:envmxdizc
$9B/8657 E6 04       INC $04    [$00:0004]   A:01CF X:0000 Y:043E P:envmxdizc
$9B/8659 C6 00       DEC $00    [$00:0000]   A:01CF X:0000 Y:043E P:envmxdizc
$9B/865B 10 8B       BPL $8B    [$85E8]      A:01CF X:0000 Y:043E P:envmxdizc
$9B/85E8 A2 80 00    LDX #$0080              A:01CF X:0000 Y:043E P:envmxdizc
$9B/85EB 64 14       STZ $14    [$00:0014]   A:01CF X:0080 Y:043E P:envmxdizc
$9B/85ED 64 16       STZ $16    [$00:0016]   A:01CF X:0080 Y:043E P:envmxdizc
$9B/85EF A5 04       LDA $04    [$00:0004]   A:01CF X:0080 Y:043E P:envmxdizc
$9B/85F1 0A          ASL A                   A:0110 X:0080 Y:043E P:envmxdizc
$9B/85F2 0A          ASL A                   A:0220 X:0080 Y:043E P:envmxdizc
$9B/85F3 A8          TAY                     A:0440 X:0080 Y:043E P:envmxdizc
$9B/85F4 B1 0C       LDA ($0C),y[$7F:0440]   A:0440 X:0080 Y:0440 P:envmxdizc
$9B/85F6 F0 E4       BEQ $E4    [$85DC]      A:0045 X:0080 Y:0440 P:envmxdizc
$9B/85F8 EB          XBA                     A:0045 X:0080 Y:0440 P:envmxdizc
$9B/85F9 A8          TAY                     A:4500 X:0080 Y:0440 P:envmxdiZc
$9B/85FA 98          TYA                     A:4500 X:0080 Y:4500 P:envmxdizc
$9B/85FB 0A          ASL A                   A:4500 X:0080 Y:4500 P:envmxdizc
$9B/85FC 90 05       BCC $05    [$8603]      A:8A00 X:0080 Y:4500 P:eNvmxdizc
$9B/8603 0A          ASL A                   A:8A00 X:0080 Y:4500 P:eNvmxdizc
$9B/8604 90 05       BCC $05    [$860B]      A:1400 X:0080 Y:4500 P:envmxdizC
$9B/8606 A8          TAY                     A:1400 X:0080 Y:4500 P:envmxdizC
$9B/8607 8A          TXA                     A:1400 X:0080 Y:1400 P:envmxdizC
$9B/8608 04 14       TSB $14    [$00:0014]   A:0080 X:0080 Y:1400 P:envmxdizC
$9B/860A 98          TYA                     A:0080 X:0080 Y:1400 P:envmxdiZC
$9B/860B 0A          ASL A                   A:1400 X:0080 Y:1400 P:envmxdizC
$9B/860C 90 05       BCC $05    [$8613]      A:2800 X:0080 Y:1400 P:envmxdizc
$9B/8613 0A          ASL A                   A:2800 X:0080 Y:1400 P:envmxdizc
$9B/8614 90 05       BCC $05    [$861B]      A:5000 X:0080 Y:1400 P:envmxdizc
$9B/861B A8          TAY                     A:5000 X:0080 Y:1400 P:envmxdizc
$9B/861C 8A          TXA                     A:5000 X:0080 Y:5000 P:envmxdizc
$9B/861D 4A          LSR A                   A:0080 X:0080 Y:5000 P:envmxdizc
$9B/861E AA          TAX                     A:0040 X:0080 Y:5000 P:envmxdizc
$9B/861F E0 10 00    CPX #$0010              A:0040 X:0040 Y:5000 P:envmxdizc
$9B/8622 B0 D6       BCS $D6    [$85FA]      A:0040 X:0040 Y:5000 P:envmxdizC
$9B/85FA 98          TYA                     A:0040 X:0040 Y:5000 P:envmxdizC
$9B/85FB 0A          ASL A                   A:5000 X:0040 Y:5000 P:envmxdizC
$9B/85FC 90 05       BCC $05    [$8603]      A:A000 X:0040 Y:5000 P:eNvmxdizc
$9B/8603 0A          ASL A                   A:A000 X:0040 Y:5000 P:eNvmxdizc
$9B/8604 90 05       BCC $05    [$860B]      A:4000 X:0040 Y:5000 P:envmxdizC
$9B/8606 A8          TAY                     A:4000 X:0040 Y:5000 P:envmxdizC
$9B/8607 8A          TXA                     A:4000 X:0040 Y:4000 P:envmxdizC
$9B/8608 04 14       TSB $14    [$00:0014]   A:0040 X:0040 Y:4000 P:envmxdizC
$9B/860A 98          TYA                     A:0040 X:0040 Y:4000 P:envmxdiZC
$9B/860B 0A          ASL A                   A:4000 X:0040 Y:4000 P:envmxdizC
$9B/860C 90 05       BCC $05    [$8613]      A:8000 X:0040 Y:4000 P:eNvmxdizc
$9B/8613 0A          ASL A                   A:8000 X:0040 Y:4000 P:eNvmxdizc
$9B/8614 90 05       BCC $05    [$861B]      A:0000 X:0040 Y:4000 P:envmxdiZC
$9B/8616 A8          TAY                     A:0000 X:0040 Y:4000 P:envmxdiZC
$9B/8617 8A          TXA                     A:0000 X:0040 Y:0000 P:envmxdiZC
$9B/8618 04 16       TSB $16    [$00:0016]   A:0040 X:0040 Y:0000 P:envmxdizC
$9B/861A 98          TYA                     A:0040 X:0040 Y:0000 P:envmxdiZC
$9B/861B A8          TAY                     A:0000 X:0040 Y:0000 P:envmxdiZC
$9B/861C 8A          TXA                     A:0000 X:0040 Y:0000 P:envmxdiZC
$9B/861D 4A          LSR A                   A:0040 X:0040 Y:0000 P:envmxdizC
$9B/861E AA          TAX                     A:0020 X:0040 Y:0000 P:envmxdizc
$9B/861F E0 10 00    CPX #$0010              A:0020 X:0020 Y:0000 P:envmxdizc
$9B/8622 B0 D6       BCS $D6    [$85FA]      A:0020 X:0020 Y:0000 P:envmxdizC
$9B/85FA 98          TYA                     A:0020 X:0020 Y:0000 P:envmxdizC
$9B/85FB 0A          ASL A                   A:0000 X:0020 Y:0000 P:envmxdiZC
$9B/85FC 90 05       BCC $05    [$8603]      A:0000 X:0020 Y:0000 P:envmxdiZc
$9B/8603 0A          ASL A                   A:0000 X:0020 Y:0000 P:envmxdiZc
$9B/8604 90 05       BCC $05    [$860B]      A:0000 X:0020 Y:0000 P:envmxdiZc
$9B/860B 0A          ASL A                   A:0000 X:0020 Y:0000 P:envmxdiZc
$9B/860C 90 05       BCC $05    [$8613]      A:0000 X:0020 Y:0000 P:envmxdiZc
$9B/8613 0A          ASL A                   A:0000 X:0020 Y:0000 P:envmxdiZc
$9B/8614 90 05       BCC $05    [$861B]      A:0000 X:0020 Y:0000 P:envmxdiZc
$9B/861B A8          TAY                     A:0000 X:0020 Y:0000 P:envmxdiZc
$9B/861C 8A          TXA                     A:0000 X:0020 Y:0000 P:envmxdiZc
$9B/861D 4A          LSR A                   A:0020 X:0020 Y:0000 P:envmxdizc
$9B/861E AA          TAX                     A:0010 X:0020 Y:0000 P:envmxdizc
$9B/861F E0 10 00    CPX #$0010              A:0010 X:0010 Y:0000 P:envmxdizc
$9B/8622 B0 D6       BCS $D6    [$85FA]      A:0010 X:0010 Y:0000 P:envmxdiZC
$9B/85FA 98          TYA                     A:0010 X:0010 Y:0000 P:envmxdiZC
$9B/85FB 0A          ASL A                   A:0000 X:0010 Y:0000 P:envmxdiZC
$9B/85FC 90 05       BCC $05    [$8603]      A:0000 X:0010 Y:0000 P:envmxdiZc
$9B/8603 0A          ASL A                   A:0000 X:0010 Y:0000 P:envmxdiZc
$9B/8604 90 05       BCC $05    [$860B]      A:0000 X:0010 Y:0000 P:envmxdiZc
$9B/860B 0A          ASL A                   A:0000 X:0010 Y:0000 P:envmxdiZc
$9B/860C 90 05       BCC $05    [$8613]      A:0000 X:0010 Y:0000 P:envmxdiZc
$9B/8613 0A          ASL A                   A:0000 X:0010 Y:0000 P:envmxdiZc
$9B/8614 90 05       BCC $05    [$861B]      A:0000 X:0010 Y:0000 P:envmxdiZc
$9B/861B A8          TAY                     A:0000 X:0010 Y:0000 P:envmxdiZc
$9B/861C 8A          TXA                     A:0000 X:0010 Y:0000 P:envmxdiZc
$9B/861D 4A          LSR A                   A:0010 X:0010 Y:0000 P:envmxdizc
$9B/861E AA          TAX                     A:0008 X:0010 Y:0000 P:envmxdizc
$9B/861F E0 10 00    CPX #$0010              A:0008 X:0008 Y:0000 P:envmxdizc
$9B/8622 B0 D6       BCS $D6    [$85FA]      A:0008 X:0008 Y:0000 P:eNvmxdizc
$9B/8624 E0 00 00    CPX #$0000              A:0008 X:0008 Y:0000 P:eNvmxdizc
$9B/8627 F0 0E       BEQ $0E    [$8637]      A:0008 X:0008 Y:0000 P:envmxdizC
$9B/8629 E0 08 00    CPX #$0008              A:0008 X:0008 Y:0000 P:envmxdizC
$9B/862C 90 CC       BCC $CC    [$85FA]      A:0008 X:0008 Y:0000 P:envmxdiZC
$9B/862E A5 04       LDA $04    [$00:0004]   A:0008 X:0008 Y:0000 P:envmxdiZC
$9B/8630 0A          ASL A                   A:0110 X:0008 Y:0000 P:envmxdizC
$9B/8631 0A          ASL A                   A:0220 X:0008 Y:0000 P:envmxdizc
$9B/8632 A8          TAY                     A:0440 X:0008 Y:0000 P:envmxdizc
$9B/8633 C8          INY                     A:0440 X:0008 Y:0440 P:envmxdizc
$9B/8634 C8          INY                     A:0440 X:0008 Y:0441 P:envmxdizc
$9B/8635 80 BD       BRA $BD    [$85F4]      A:0440 X:0008 Y:0442 P:envmxdizc
$9B/85F4 B1 0C       LDA ($0C),y[$7F:0442]   A:0440 X:0008 Y:0442 P:envmxdizc
$9B/85F6 F0 E4       BEQ $E4    [$85DC]      A:0000 X:0008 Y:0442 P:envmxdiZc
$9B/85DC 8A          TXA                     A:0000 X:0008 Y:0442 P:envmxdiZc
$9B/85DD 4A          LSR A                   A:0008 X:0008 Y:0442 P:envmxdizc
$9B/85DE 4A          LSR A                   A:0004 X:0008 Y:0442 P:envmxdizc
$9B/85DF 4A          LSR A                   A:0002 X:0008 Y:0442 P:envmxdizc
$9B/85E0 4A          LSR A                   A:0001 X:0008 Y:0442 P:envmxdizc
$9B/85E1 F0 54       BEQ $54    [$8637]      A:0000 X:0008 Y:0442 P:envmxdiZC
$9B/8637 A5 06       LDA $06    [$00:0006]   A:0000 X:0008 Y:0442 P:envmxdiZC
$9B/8639 1A          INC A                   A:042E X:0008 Y:0442 P:envmxdizC
$9B/863A 1A          INC A                   A:042F X:0008 Y:0442 P:envmxdizC
$9B/863B A8          TAY                     A:0430 X:0008 Y:0442 P:envmxdizC
$9B/863C 29 10 00    AND #$0010              A:0430 X:0008 Y:0430 P:envmxdizC
$9B/863F F0 06       BEQ $06    [$8647]      A:0010 X:0008 Y:0430 P:envmxdizC
$9B/8641 98          TYA                     A:0010 X:0008 Y:0430 P:envmxdizC
$9B/8642 18          CLC                     A:0430 X:0008 Y:0430 P:envmxdizC
$9B/8643 69 10 00    ADC #$0010              A:0430 X:0008 Y:0430 P:envmxdizc
$9B/8646 A8          TAY                     A:0440 X:0008 Y:0430 P:envmxdizc
$9B/8647 84 06       STY $06    [$00:0006]   A:0440 X:0008 Y:0440 P:envmxdizc
$9B/8649 A5 16       LDA $16    [$00:0016]   A:0440 X:0008 Y:0440 P:envmxdizc
$9B/864B 91 10       STA ($10),y[$7F:5540]   A:0040 X:0008 Y:0440 P:envmxdizc
$9B/864D 98          TYA                     A:0040 X:0008 Y:0440 P:envmxdizc
$9B/864E 18          CLC                     A:0440 X:0008 Y:0440 P:envmxdizc
$9B/864F 69 10 00    ADC #$0010              A:0440 X:0008 Y:0440 P:envmxdizc
$9B/8652 A8          TAY                     A:0450 X:0008 Y:0440 P:envmxdizc
$9B/8653 A5 14       LDA $14    [$00:0014]   A:0450 X:0008 Y:0450 P:envmxdizc
$9B/8655 91 10       STA ($10),y[$7F:5550]   A:00C0 X:0008 Y:0450 P:envmxdizc
$9B/8657 E6 04       INC $04    [$00:0004]   A:00C0 X:0008 Y:0450 P:envmxdizc
$9B/8659 C6 00       DEC $00    [$00:0000]   A:00C0 X:0008 Y:0450 P:envmxdizc
$9B/865B 10 8B       BPL $8B    [$85E8]      A:00C0 X:0008 Y:0450 P:envmxdizc
$9B/85E8 A2 80 00    LDX #$0080              A:00C0 X:0008 Y:0450 P:envmxdizc
$9B/85EB 64 14       STZ $14    [$00:0014]   A:00C0 X:0080 Y:0450 P:envmxdizc
$9B/85ED 64 16       STZ $16    [$00:0016]   A:00C0 X:0080 Y:0450 P:envmxdizc
$9B/85EF A5 04       LDA $04    [$00:0004]   A:00C0 X:0080 Y:0450 P:envmxdizc
$9B/85F1 0A          ASL A                   A:0111 X:0080 Y:0450 P:envmxdizc
$9B/85F2 0A          ASL A                   A:0222 X:0080 Y:0450 P:envmxdizc
$9B/85F3 A8          TAY                     A:0444 X:0080 Y:0450 P:envmxdizc
$9B/85F4 B1 0C       LDA ($0C),y[$7F:0444]   A:0444 X:0080 Y:0444 P:envmxdizc
$9B/85F6 F0 E4       BEQ $E4    [$85DC]      A:6045 X:0080 Y:0444 P:envmxdizc
$9B/85F8 EB          XBA                     A:6045 X:0080 Y:0444 P:envmxdizc
$9B/85F9 A8          TAY                     A:4560 X:0080 Y:0444 P:envmxdizc
$9B/85FA 98          TYA                     A:4560 X:0080 Y:4560 P:envmxdizc
$9B/85FB 0A          ASL A                   A:4560 X:0080 Y:4560 P:envmxdizc
$9B/85FC 90 05       BCC $05    [$8603]      A:8AC0 X:0080 Y:4560 P:eNvmxdizc
$9B/8603 0A          ASL A                   A:8AC0 X:0080 Y:4560 P:eNvmxdizc
$9B/8604 90 05       BCC $05    [$860B]      A:1580 X:0080 Y:4560 P:envmxdizC
$9B/8606 A8          TAY                     A:1580 X:0080 Y:4560 P:envmxdizC
$9B/8607 8A          TXA                     A:1580 X:0080 Y:1580 P:envmxdizC
$9B/8608 04 14       TSB $14    [$00:0014]   A:0080 X:0080 Y:1580 P:envmxdizC
$9B/860A 98          TYA                     A:0080 X:0080 Y:1580 P:envmxdiZC
$9B/860B 0A          ASL A                   A:1580 X:0080 Y:1580 P:envmxdizC
$9B/860C 90 05       BCC $05    [$8613]      A:2B00 X:0080 Y:1580 P:envmxdizc
$9B/8613 0A          ASL A                   A:2B00 X:0080 Y:1580 P:envmxdizc
$9B/8614 90 05       BCC $05    [$861B]      A:5600 X:0080 Y:1580 P:envmxdizc
$9B/861B A8          TAY                     A:5600 X:0080 Y:1580 P:envmxdizc
$9B/861C 8A          TXA                     A:5600 X:0080 Y:5600 P:envmxdizc
$9B/861D 4A          LSR A                   A:0080 X:0080 Y:5600 P:envmxdizc
$9B/861E AA          TAX                     A:0040 X:0080 Y:5600 P:envmxdizc
$9B/861F E0 10 00    CPX #$0010              A:0040 X:0040 Y:5600 P:envmxdizc
$9B/8622 B0 D6       BCS $D6    [$85FA]      A:0040 X:0040 Y:5600 P:envmxdizC
$9B/85FA 98          TYA                     A:0040 X:0040 Y:5600 P:envmxdizC
$9B/85FB 0A          ASL A                   A:5600 X:0040 Y:5600 P:envmxdizC
$9B/85FC 90 05       BCC $05    [$8603]      A:AC00 X:0040 Y:5600 P:eNvmxdizc
$9B/8603 0A          ASL A                   A:AC00 X:0040 Y:5600 P:eNvmxdizc
$9B/8604 90 05       BCC $05    [$860B]      A:5800 X:0040 Y:5600 P:envmxdizC
$9B/8606 A8          TAY                     A:5800 X:0040 Y:5600 P:envmxdizC
$9B/8607 8A          TXA                     A:5800 X:0040 Y:5800 P:envmxdizC
$9B/8608 04 14       TSB $14    [$00:0014]   A:0040 X:0040 Y:5800 P:envmxdizC
$9B/860A 98          TYA                     A:0040 X:0040 Y:5800 P:envmxdiZC
$9B/860B 0A          ASL A                   A:5800 X:0040 Y:5800 P:envmxdizC
$9B/860C 90 05       BCC $05    [$8613]      A:B000 X:0040 Y:5800 P:eNvmxdizc
$9B/8613 0A          ASL A                   A:B000 X:0040 Y:5800 P:eNvmxdizc
$9B/8614 90 05       BCC $05    [$861B]      A:6000 X:0040 Y:5800 P:envmxdizC
$9B/8616 A8          TAY                     A:6000 X:0040 Y:5800 P:envmxdizC
$9B/8617 8A          TXA                     A:6000 X:0040 Y:6000 P:envmxdizC
$9B/8618 04 16       TSB $16    [$00:0016]   A:0040 X:0040 Y:6000 P:envmxdizC
$9B/861A 98          TYA                     A:0040 X:0040 Y:6000 P:envmxdiZC
$9B/861B A8          TAY                     A:6000 X:0040 Y:6000 P:envmxdizC
$9B/861C 8A          TXA                     A:6000 X:0040 Y:6000 P:envmxdizC
$9B/861D 4A          LSR A                   A:0040 X:0040 Y:6000 P:envmxdizC
$9B/861E AA          TAX                     A:0020 X:0040 Y:6000 P:envmxdizc
$9B/861F E0 10 00    CPX #$0010              A:0020 X:0020 Y:6000 P:envmxdizc
$9B/8622 B0 D6       BCS $D6    [$85FA]      A:0020 X:0020 Y:6000 P:envmxdizC
$9B/85FA 98          TYA                     A:0020 X:0020 Y:6000 P:envmxdizC
$9B/85FB 0A          ASL A                   A:6000 X:0020 Y:6000 P:envmxdizC
$9B/85FC 90 05       BCC $05    [$8603]      A:C000 X:0020 Y:6000 P:eNvmxdizc
$9B/8603 0A          ASL A                   A:C000 X:0020 Y:6000 P:eNvmxdizc
$9B/8604 90 05       BCC $05    [$860B]      A:8000 X:0020 Y:6000 P:eNvmxdizC
$9B/8606 A8          TAY                     A:8000 X:0020 Y:6000 P:eNvmxdizC
$9B/8607 8A          TXA                     A:8000 X:0020 Y:8000 P:eNvmxdizC
$9B/8608 04 14       TSB $14    [$00:0014]   A:0020 X:0020 Y:8000 P:envmxdizC
$9B/860A 98          TYA                     A:0020 X:0020 Y:8000 P:envmxdiZC
$9B/860B 0A          ASL A                   A:8000 X:0020 Y:8000 P:eNvmxdizC
$9B/860C 90 05       BCC $05    [$8613]      A:0000 X:0020 Y:8000 P:envmxdiZC
$9B/860E A8          TAY                     A:0000 X:0020 Y:8000 P:envmxdiZC
$9B/860F 8A          TXA                     A:0000 X:0020 Y:0000 P:envmxdiZC
$9B/8610 04 17       TSB $17    [$00:0017]   A:0020 X:0020 Y:0000 P:envmxdizC
$9B/8612 98          TYA                     A:0020 X:0020 Y:0000 P:envmxdiZC
$9B/8613 0A          ASL A                   A:0000 X:0020 Y:0000 P:envmxdiZC
$9B/8614 90 05       BCC $05    [$861B]      A:0000 X:0020 Y:0000 P:envmxdiZc
$9B/861B A8          TAY                     A:0000 X:0020 Y:0000 P:envmxdiZc
$9B/861C 8A          TXA                     A:0000 X:0020 Y:0000 P:envmxdiZc
$9B/861D 4A          LSR A                   A:0020 X:0020 Y:0000 P:envmxdizc
$9B/861E AA          TAX                     A:0010 X:0020 Y:0000 P:envmxdizc
$9B/861F E0 10 00    CPX #$0010              A:0010 X:0010 Y:0000 P:envmxdizc
$9B/8622 B0 D6       BCS $D6    [$85FA]      A:0010 X:0010 Y:0000 P:envmxdiZC
$9B/85FA 98          TYA                     A:0010 X:0010 Y:0000 P:envmxdiZC
$9B/85FB 0A          ASL A                   A:0000 X:0010 Y:0000 P:envmxdiZC
$9B/85FC 90 05       BCC $05    [$8603]      A:0000 X:0010 Y:0000 P:envmxdiZc
$9B/8603 0A          ASL A                   A:0000 X:0010 Y:0000 P:envmxdiZc
$9B/8604 90 05       BCC $05    [$860B]      A:0000 X:0010 Y:0000 P:envmxdiZc
$9B/860B 0A          ASL A                   A:0000 X:0010 Y:0000 P:envmxdiZc
$9B/860C 90 05       BCC $05    [$8613]      A:0000 X:0010 Y:0000 P:envmxdiZc
$9B/8613 0A          ASL A                   A:0000 X:0010 Y:0000 P:envmxdiZc
$9B/8614 90 05       BCC $05    [$861B]      A:0000 X:0010 Y:0000 P:envmxdiZc
$9B/861B A8          TAY                     A:0000 X:0010 Y:0000 P:envmxdiZc
$9B/861C 8A          TXA                     A:0000 X:0010 Y:0000 P:envmxdiZc
$9B/861D 4A          LSR A                   A:0010 X:0010 Y:0000 P:envmxdizc
$9B/861E AA          TAX                     A:0008 X:0010 Y:0000 P:envmxdizc
$9B/861F E0 10 00    CPX #$0010              A:0008 X:0008 Y:0000 P:envmxdizc
$9B/8622 B0 D6       BCS $D6    [$85FA]      A:0008 X:0008 Y:0000 P:eNvmxdizc
$9B/8624 E0 00 00    CPX #$0000              A:0008 X:0008 Y:0000 P:eNvmxdizc
$9B/8627 F0 0E       BEQ $0E    [$8637]      A:0008 X:0008 Y:0000 P:envmxdizC
$9B/8629 E0 08 00    CPX #$0008              A:0008 X:0008 Y:0000 P:envmxdizC
$9B/862C 90 CC       BCC $CC    [$85FA]      A:0008 X:0008 Y:0000 P:envmxdiZC
$9B/862E A5 04       LDA $04    [$00:0004]   A:0008 X:0008 Y:0000 P:envmxdiZC
$9B/8630 0A          ASL A                   A:0111 X:0008 Y:0000 P:envmxdizC
$9B/8631 0A          ASL A                   A:0222 X:0008 Y:0000 P:envmxdizc
$9B/8632 A8          TAY                     A:0444 X:0008 Y:0000 P:envmxdizc
$9B/8633 C8          INY                     A:0444 X:0008 Y:0444 P:envmxdizc
$9B/8634 C8          INY                     A:0444 X:0008 Y:0445 P:envmxdizc
$9B/8635 80 BD       BRA $BD    [$85F4]      A:0444 X:0008 Y:0446 P:envmxdizc
$9B/85F4 B1 0C       LDA ($0C),y[$7F:0446]   A:0444 X:0008 Y:0446 P:envmxdizc
$9B/85F6 F0 E4       BEQ $E4    [$85DC]      A:0000 X:0008 Y:0446 P:envmxdiZc
$9B/85DC 8A          TXA                     A:0000 X:0008 Y:0446 P:envmxdiZc
$9B/85DD 4A          LSR A                   A:0008 X:0008 Y:0446 P:envmxdizc
$9B/85DE 4A          LSR A                   A:0004 X:0008 Y:0446 P:envmxdizc
$9B/85DF 4A          LSR A                   A:0002 X:0008 Y:0446 P:envmxdizc
$9B/85E0 4A          LSR A                   A:0001 X:0008 Y:0446 P:envmxdizc
$9B/85E1 F0 54       BEQ $54    [$8637]      A:0000 X:0008 Y:0446 P:envmxdiZC
$9B/8637 A5 06       LDA $06    [$00:0006]   A:0000 X:0008 Y:0446 P:envmxdiZC
$9B/8639 1A          INC A                   A:0440 X:0008 Y:0446 P:envmxdizC
$9B/863A 1A          INC A                   A:0441 X:0008 Y:0446 P:envmxdizC
$9B/863B A8          TAY                     A:0442 X:0008 Y:0446 P:envmxdizC
$9B/863C 29 10 00    AND #$0010              A:0442 X:0008 Y:0442 P:envmxdizC
$9B/863F F0 06       BEQ $06    [$8647]      A:0000 X:0008 Y:0442 P:envmxdiZC
$9B/8647 84 06       STY $06    [$00:0006]   A:0000 X:0008 Y:0442 P:envmxdiZC
$9B/8649 A5 16       LDA $16    [$00:0016]   A:0000 X:0008 Y:0442 P:envmxdiZC
$9B/864B 91 10       STA ($10),y[$7F:5542]   A:2040 X:0008 Y:0442 P:envmxdizC
$9B/864D 98          TYA                     A:2040 X:0008 Y:0442 P:envmxdizC
$9B/864E 18          CLC                     A:0442 X:0008 Y:0442 P:envmxdizC
$9B/864F 69 10 00    ADC #$0010              A:0442 X:0008 Y:0442 P:envmxdizc
$9B/8652 A8          TAY                     A:0452 X:0008 Y:0442 P:envmxdizc
$9B/8653 A5 14       LDA $14    [$00:0014]   A:0452 X:0008 Y:0452 P:envmxdizc
$9B/8655 91 10       STA ($10),y[$7F:5552]   A:00E0 X:0008 Y:0452 P:envmxdizc
$9B/8657 E6 04       INC $04    [$00:0004]   A:00E0 X:0008 Y:0452 P:envmxdizc
$9B/8659 C6 00       DEC $00    [$00:0000]   A:00E0 X:0008 Y:0452 P:envmxdizc
$9B/865B 10 8B       BPL $8B    [$85E8]      A:00E0 X:0008 Y:0452 P:envmxdizc
$9B/85E8 A2 80 00    LDX #$0080              A:00E0 X:0008 Y:0452 P:envmxdizc
$9B/85EB 64 14       STZ $14    [$00:0014]   A:00E0 X:0080 Y:0452 P:envmxdizc
$9B/85ED 64 16       STZ $16    [$00:0016]   A:00E0 X:0080 Y:0452 P:envmxdizc
$9B/85EF A5 04       LDA $04    [$00:0004]   A:00E0 X:0080 Y:0452 P:envmxdizc
$9B/85F1 0A          ASL A                   A:0112 X:0080 Y:0452 P:envmxdizc
$9B/85F2 0A          ASL A                   A:0224 X:0080 Y:0452 P:envmxdizc
$9B/85F3 A8          TAY                     A:0448 X:0080 Y:0452 P:envmxdizc
$9B/85F4 B1 0C       LDA ($0C),y[$7F:0448]   A:0448 X:0080 Y:0448 P:envmxdizc
$9B/85F6 F0 E4       BEQ $E4    [$85DC]      A:6D44 X:0080 Y:0448 P:envmxdizc
$9B/85F8 EB          XBA                     A:6D44 X:0080 Y:0448 P:envmxdizc
$9B/85F9 A8          TAY                     A:446D X:0080 Y:0448 P:envmxdizc
$9B/85FA 98          TYA                     A:446D X:0080 Y:446D P:envmxdizc
$9B/85FB 0A          ASL A                   A:446D X:0080 Y:446D P:envmxdizc
$9B/85FC 90 05       BCC $05    [$8603]      A:88DA X:0080 Y:446D P:eNvmxdizc
$9B/8603 0A          ASL A                   A:88DA X:0080 Y:446D P:eNvmxdizc
$9B/8604 90 05       BCC $05    [$860B]      A:11B4 X:0080 Y:446D P:envmxdizC
$9B/8606 A8          TAY                     A:11B4 X:0080 Y:446D P:envmxdizC
$9B/8607 8A          TXA                     A:11B4 X:0080 Y:11B4 P:envmxdizC
$9B/8608 04 14       TSB $14    [$00:0014]   A:0080 X:0080 Y:11B4 P:envmxdizC
$9B/860A 98          TYA                     A:0080 X:0080 Y:11B4 P:envmxdiZC
$9B/860B 0A          ASL A                   A:11B4 X:0080 Y:11B4 P:envmxdizC
$9B/860C 90 05       BCC $05    [$8613]      A:2368 X:0080 Y:11B4 P:envmxdizc
$9B/8613 0A          ASL A                   A:2368 X:0080 Y:11B4 P:envmxdizc
$9B/8614 90 05       BCC $05    [$861B]      A:46D0 X:0080 Y:11B4 P:envmxdizc
$9B/861B A8          TAY                     A:46D0 X:0080 Y:11B4 P:envmxdizc
$9B/861C 8A          TXA                     A:46D0 X:0080 Y:46D0 P:envmxdizc
$9B/861D 4A          LSR A                   A:0080 X:0080 Y:46D0 P:envmxdizc
$9B/861E AA          TAX                     A:0040 X:0080 Y:46D0 P:envmxdizc
$9B/861F E0 10 00    CPX #$0010              A:0040 X:0040 Y:46D0 P:envmxdizc
$9B/8622 B0 D6       BCS $D6    [$85FA]      A:0040 X:0040 Y:46D0 P:envmxdizC
$9B/85FA 98          TYA                     A:0040 X:0040 Y:46D0 P:envmxdizC
$9B/85FB 0A          ASL A                   A:46D0 X:0040 Y:46D0 P:envmxdizC
$9B/85FC 90 05       BCC $05    [$8603]      A:8DA0 X:0040 Y:46D0 P:eNvmxdizc
$9B/8603 0A          ASL A                   A:8DA0 X:0040 Y:46D0 P:eNvmxdizc
$9B/8604 90 05       BCC $05    [$860B]      A:1B40 X:0040 Y:46D0 P:envmxdizC
$9B/8606 A8          TAY                     A:1B40 X:0040 Y:46D0 P:envmxdizC
$9B/8607 8A          TXA                     A:1B40 X:0040 Y:1B40 P:envmxdizC
$9B/8608 04 14       TSB $14    [$00:0014]   A:0040 X:0040 Y:1B40 P:envmxdizC
$9B/860A 98          TYA                     A:0040 X:0040 Y:1B40 P:envmxdiZC
$9B/860B 0A          ASL A                   A:1B40 X:0040 Y:1B40 P:envmxdizC
$9B/860C 90 05       BCC $05    [$8613]      A:3680 X:0040 Y:1B40 P:envmxdizc
$9B/8613 0A          ASL A                   A:3680 X:0040 Y:1B40 P:envmxdizc
$9B/8614 90 05       BCC $05    [$861B]      A:6D00 X:0040 Y:1B40 P:envmxdizc
$9B/861B A8          TAY                     A:6D00 X:0040 Y:1B40 P:envmxdizc
$9B/861C 8A          TXA                     A:6D00 X:0040 Y:6D00 P:envmxdizc
$9B/861D 4A          LSR A                   A:0040 X:0040 Y:6D00 P:envmxdizc
$9B/861E AA          TAX                     A:0020 X:0040 Y:6D00 P:envmxdizc
$9B/861F E0 10 00    CPX #$0010              A:0020 X:0020 Y:6D00 P:envmxdizc
$9B/8622 B0 D6       BCS $D6    [$85FA]      A:0020 X:0020 Y:6D00 P:envmxdizC
$9B/85FA 98          TYA                     A:0020 X:0020 Y:6D00 P:envmxdizC
$9B/85FB 0A          ASL A                   A:6D00 X:0020 Y:6D00 P:envmxdizC
$9B/85FC 90 05       BCC $05    [$8603]      A:DA00 X:0020 Y:6D00 P:eNvmxdizc
$9B/8603 0A          ASL A                   A:DA00 X:0020 Y:6D00 P:eNvmxdizc
$9B/8604 90 05       BCC $05    [$860B]      A:B400 X:0020 Y:6D00 P:eNvmxdizC
$9B/8606 A8          TAY                     A:B400 X:0020 Y:6D00 P:eNvmxdizC
$9B/8607 8A          TXA                     A:B400 X:0020 Y:B400 P:eNvmxdizC
$9B/8608 04 14       TSB $14    [$00:0014]   A:0020 X:0020 Y:B400 P:envmxdizC
$9B/860A 98          TYA                     A:0020 X:0020 Y:B400 P:envmxdiZC
$9B/860B 0A          ASL A                   A:B400 X:0020 Y:B400 P:eNvmxdizC
$9B/860C 90 05       BCC $05    [$8613]      A:6800 X:0020 Y:B400 P:envmxdizC
$9B/860E A8          TAY                     A:6800 X:0020 Y:B400 P:envmxdizC
$9B/860F 8A          TXA                     A:6800 X:0020 Y:6800 P:envmxdizC
$9B/8610 04 17       TSB $17    [$00:0017]   A:0020 X:0020 Y:6800 P:envmxdizC
$9B/8612 98          TYA                     A:0020 X:0020 Y:6800 P:envmxdiZC
$9B/8613 0A          ASL A                   A:6800 X:0020 Y:6800 P:envmxdizC
$9B/8614 90 05       BCC $05    [$861B]      A:D000 X:0020 Y:6800 P:eNvmxdizc
$9B/861B A8          TAY                     A:D000 X:0020 Y:6800 P:eNvmxdizc
$9B/861C 8A          TXA                     A:D000 X:0020 Y:D000 P:eNvmxdizc
$9B/861D 4A          LSR A                   A:0020 X:0020 Y:D000 P:envmxdizc
$9B/861E AA          TAX                     A:0010 X:0020 Y:D000 P:envmxdizc
$9B/861F E0 10 00    CPX #$0010              A:0010 X:0010 Y:D000 P:envmxdizc
$9B/8622 B0 D6       BCS $D6    [$85FA]      A:0010 X:0010 Y:D000 P:envmxdiZC
$9B/85FA 98          TYA                     A:0010 X:0010 Y:D000 P:envmxdiZC
$9B/85FB 0A          ASL A                   A:D000 X:0010 Y:D000 P:eNvmxdizC
$9B/85FC 90 05       BCC $05    [$8603]      A:A000 X:0010 Y:D000 P:eNvmxdizC
$9B/85FE A8          TAY                     A:A000 X:0010 Y:D000 P:eNvmxdizC
$9B/85FF 8A          TXA                     A:A000 X:0010 Y:A000 P:eNvmxdizC
$9B/8600 04 15       TSB $15    [$00:0015]   A:0010 X:0010 Y:A000 P:envmxdizC
$9B/8602 98          TYA                     A:0010 X:0010 Y:A000 P:envmxdiZC
$9B/8603 0A          ASL A                   A:A000 X:0010 Y:A000 P:eNvmxdizC
$9B/8604 90 05       BCC $05    [$860B]      A:4000 X:0010 Y:A000 P:envmxdizC
$9B/8606 A8          TAY                     A:4000 X:0010 Y:A000 P:envmxdizC
$9B/8607 8A          TXA                     A:4000 X:0010 Y:4000 P:envmxdizC
$9B/8608 04 14       TSB $14    [$00:0014]   A:0010 X:0010 Y:4000 P:envmxdizC
$9B/860A 98          TYA                     A:0010 X:0010 Y:4000 P:envmxdiZC
$9B/860B 0A          ASL A                   A:4000 X:0010 Y:4000 P:envmxdizC
$9B/860C 90 05       BCC $05    [$8613]      A:8000 X:0010 Y:4000 P:eNvmxdizc
$9B/8613 0A          ASL A                   A:8000 X:0010 Y:4000 P:eNvmxdizc
$9B/8614 90 05       BCC $05    [$861B]      A:0000 X:0010 Y:4000 P:envmxdiZC
$9B/8616 A8          TAY                     A:0000 X:0010 Y:4000 P:envmxdiZC
$9B/8617 8A          TXA                     A:0000 X:0010 Y:0000 P:envmxdiZC
$9B/8618 04 16       TSB $16    [$00:0016]   A:0010 X:0010 Y:0000 P:envmxdizC
$9B/861A 98          TYA                     A:0010 X:0010 Y:0000 P:envmxdiZC
$9B/861B A8          TAY                     A:0000 X:0010 Y:0000 P:envmxdiZC
$9B/861C 8A          TXA                     A:0000 X:0010 Y:0000 P:envmxdiZC
$9B/861D 4A          LSR A                   A:0010 X:0010 Y:0000 P:envmxdizC
$9B/861E AA          TAX                     A:0008 X:0010 Y:0000 P:envmxdizc
$9B/861F E0 10 00    CPX #$0010              A:0008 X:0008 Y:0000 P:envmxdizc
$9B/8622 B0 D6       BCS $D6    [$85FA]      A:0008 X:0008 Y:0000 P:eNvmxdizc
$9B/8624 E0 00 00    CPX #$0000              A:0008 X:0008 Y:0000 P:eNvmxdizc
$9B/8627 F0 0E       BEQ $0E    [$8637]      A:0008 X:0008 Y:0000 P:envmxdizC
$9B/8629 E0 08 00    CPX #$0008              A:0008 X:0008 Y:0000 P:envmxdizC
$9B/862C 90 CC       BCC $CC    [$85FA]      A:0008 X:0008 Y:0000 P:envmxdiZC
$9B/862E A5 04       LDA $04    [$00:0004]   A:0008 X:0008 Y:0000 P:envmxdiZC
$9B/8630 0A          ASL A                   A:0112 X:0008 Y:0000 P:envmxdizC
$9B/8631 0A          ASL A                   A:0224 X:0008 Y:0000 P:envmxdizc
$9B/8632 A8          TAY                     A:0448 X:0008 Y:0000 P:envmxdizc
$9B/8633 C8          INY                     A:0448 X:0008 Y:0448 P:envmxdizc
$9B/8634 C8          INY                     A:0448 X:0008 Y:0449 P:envmxdizc
$9B/8635 80 BD       BRA $BD    [$85F4]      A:0448 X:0008 Y:044A P:envmxdizc
$9B/85F4 B1 0C       LDA ($0C),y[$7F:044A]   A:0448 X:0008 Y:044A P:envmxdizc
$9B/85F6 F0 E4       BEQ $E4    [$85DC]      A:00F0 X:0008 Y:044A P:envmxdizc
$9B/85F8 EB          XBA                     A:00F0 X:0008 Y:044A P:envmxdizc
$9B/85F9 A8          TAY                     A:F000 X:0008 Y:044A P:envmxdiZc
$9B/85FA 98          TYA                     A:F000 X:0008 Y:F000 P:eNvmxdizc
$9B/85FB 0A          ASL A                   A:F000 X:0008 Y:F000 P:eNvmxdizc
$9B/85FC 90 05       BCC $05    [$8603]      A:E000 X:0008 Y:F000 P:eNvmxdizC
$9B/85FE A8          TAY                     A:E000 X:0008 Y:F000 P:eNvmxdizC
$9B/85FF 8A          TXA                     A:E000 X:0008 Y:E000 P:eNvmxdizC
$9B/8600 04 15       TSB $15    [$00:0015]   A:0008 X:0008 Y:E000 P:envmxdizC
$9B/8602 98          TYA                     A:0008 X:0008 Y:E000 P:envmxdiZC
$9B/8603 0A          ASL A                   A:E000 X:0008 Y:E000 P:eNvmxdizC
$9B/8604 90 05       BCC $05    [$860B]      A:C000 X:0008 Y:E000 P:eNvmxdizC
$9B/8606 A8          TAY                     A:C000 X:0008 Y:E000 P:eNvmxdizC
$9B/8607 8A          TXA                     A:C000 X:0008 Y:C000 P:eNvmxdizC
$9B/8608 04 14       TSB $14    [$00:0014]   A:0008 X:0008 Y:C000 P:envmxdizC
$9B/860A 98          TYA                     A:0008 X:0008 Y:C000 P:envmxdiZC
$9B/860B 0A          ASL A                   A:C000 X:0008 Y:C000 P:eNvmxdizC
$9B/860C 90 05       BCC $05    [$8613]      A:8000 X:0008 Y:C000 P:eNvmxdizC
$9B/860E A8          TAY                     A:8000 X:0008 Y:C000 P:eNvmxdizC
$9B/860F 8A          TXA                     A:8000 X:0008 Y:8000 P:eNvmxdizC
$9B/8610 04 17       TSB $17    [$00:0017]   A:0008 X:0008 Y:8000 P:envmxdizC
$9B/8612 98          TYA                     A:0008 X:0008 Y:8000 P:envmxdiZC
$9B/8613 0A          ASL A                   A:8000 X:0008 Y:8000 P:eNvmxdizC
$9B/8614 90 05       BCC $05    [$861B]      A:0000 X:0008 Y:8000 P:envmxdiZC
$9B/8616 A8          TAY                     A:0000 X:0008 Y:8000 P:envmxdiZC
$9B/8617 8A          TXA                     A:0000 X:0008 Y:0000 P:envmxdiZC
$9B/8618 04 16       TSB $16    [$00:0016]   A:0008 X:0008 Y:0000 P:envmxdizC
$9B/861A 98          TYA                     A:0008 X:0008 Y:0000 P:envmxdiZC
$9B/861B A8          TAY                     A:0000 X:0008 Y:0000 P:envmxdiZC
$9B/861C 8A          TXA                     A:0000 X:0008 Y:0000 P:envmxdiZC
$9B/861D 4A          LSR A                   A:0008 X:0008 Y:0000 P:envmxdizC
$9B/861E AA          TAX                     A:0004 X:0008 Y:0000 P:envmxdizc
$9B/861F E0 10 00    CPX #$0010              A:0004 X:0004 Y:0000 P:envmxdizc
$9B/8622 B0 D6       BCS $D6    [$85FA]      A:0004 X:0004 Y:0000 P:eNvmxdizc
$9B/8624 E0 00 00    CPX #$0000              A:0004 X:0004 Y:0000 P:eNvmxdizc
$9B/8627 F0 0E       BEQ $0E    [$8637]      A:0004 X:0004 Y:0000 P:envmxdizC
$9B/8629 E0 08 00    CPX #$0008              A:0004 X:0004 Y:0000 P:envmxdizC
$9B/862C 90 CC       BCC $CC    [$85FA]      A:0004 X:0004 Y:0000 P:eNvmxdizc
$9B/85FA 98          TYA                     A:0004 X:0004 Y:0000 P:eNvmxdizc
$9B/85FB 0A          ASL A                   A:0000 X:0004 Y:0000 P:envmxdiZc
$9B/85FC 90 05       BCC $05    [$8603]      A:0000 X:0004 Y:0000 P:envmxdiZc
$9B/8603 0A          ASL A                   A:0000 X:0004 Y:0000 P:envmxdiZc
$9B/8604 90 05       BCC $05    [$860B]      A:0000 X:0004 Y:0000 P:envmxdiZc
$9B/860B 0A          ASL A                   A:0000 X:0004 Y:0000 P:envmxdiZc
$9B/860C 90 05       BCC $05    [$8613]      A:0000 X:0004 Y:0000 P:envmxdiZc
$9B/8613 0A          ASL A                   A:0000 X:0004 Y:0000 P:envmxdiZc
$9B/8614 90 05       BCC $05    [$861B]      A:0000 X:0004 Y:0000 P:envmxdiZc
$9B/861B A8          TAY                     A:0000 X:0004 Y:0000 P:envmxdiZc
$9B/861C 8A          TXA                     A:0000 X:0004 Y:0000 P:envmxdiZc
$9B/861D 4A          LSR A                   A:0004 X:0004 Y:0000 P:envmxdizc
$9B/861E AA          TAX                     A:0002 X:0004 Y:0000 P:envmxdizc
$9B/861F E0 10 00    CPX #$0010              A:0002 X:0002 Y:0000 P:envmxdizc
$9B/8622 B0 D6       BCS $D6    [$85FA]      A:0002 X:0002 Y:0000 P:eNvmxdizc
$9B/8624 E0 00 00    CPX #$0000              A:0002 X:0002 Y:0000 P:eNvmxdizc
$9B/8627 F0 0E       BEQ $0E    [$8637]      A:0002 X:0002 Y:0000 P:envmxdizC
$9B/8629 E0 08 00    CPX #$0008              A:0002 X:0002 Y:0000 P:envmxdizC
$9B/862C 90 CC       BCC $CC    [$85FA]      A:0002 X:0002 Y:0000 P:eNvmxdizc
$9B/85FA 98          TYA                     A:0002 X:0002 Y:0000 P:eNvmxdizc
$9B/85FB 0A          ASL A                   A:0000 X:0002 Y:0000 P:envmxdiZc
$9B/85FC 90 05       BCC $05    [$8603]      A:0000 X:0002 Y:0000 P:envmxdiZc
$9B/8603 0A          ASL A                   A:0000 X:0002 Y:0000 P:envmxdiZc
$9B/8604 90 05       BCC $05    [$860B]      A:0000 X:0002 Y:0000 P:envmxdiZc
$9B/860B 0A          ASL A                   A:0000 X:0002 Y:0000 P:envmxdiZc
$9B/860C 90 05       BCC $05    [$8613]      A:0000 X:0002 Y:0000 P:envmxdiZc
$9B/8613 0A          ASL A                   A:0000 X:0002 Y:0000 P:envmxdiZc
$9B/8614 90 05       BCC $05    [$861B]      A:0000 X:0002 Y:0000 P:envmxdiZc
$9B/861B A8          TAY                     A:0000 X:0002 Y:0000 P:envmxdiZc
$9B/861C 8A          TXA                     A:0000 X:0002 Y:0000 P:envmxdiZc
$9B/861D 4A          LSR A                   A:0002 X:0002 Y:0000 P:envmxdizc
$9B/861E AA          TAX                     A:0001 X:0002 Y:0000 P:envmxdizc
$9B/861F E0 10 00    CPX #$0010              A:0001 X:0001 Y:0000 P:envmxdizc
$9B/8622 B0 D6       BCS $D6    [$85FA]      A:0001 X:0001 Y:0000 P:eNvmxdizc
$9B/8624 E0 00 00    CPX #$0000              A:0001 X:0001 Y:0000 P:eNvmxdizc
$9B/8627 F0 0E       BEQ $0E    [$8637]      A:0001 X:0001 Y:0000 P:envmxdizC
$9B/8629 E0 08 00    CPX #$0008              A:0001 X:0001 Y:0000 P:envmxdizC
$9B/862C 90 CC       BCC $CC    [$85FA]      A:0001 X:0001 Y:0000 P:eNvmxdizc
$9B/85FA 98          TYA                     A:0001 X:0001 Y:0000 P:eNvmxdizc
$9B/85FB 0A          ASL A                   A:0000 X:0001 Y:0000 P:envmxdiZc
$9B/85FC 90 05       BCC $05    [$8603]      A:0000 X:0001 Y:0000 P:envmxdiZc
$9B/8603 0A          ASL A                   A:0000 X:0001 Y:0000 P:envmxdiZc
$9B/8604 90 05       BCC $05    [$860B]      A:0000 X:0001 Y:0000 P:envmxdiZc
$9B/860B 0A          ASL A                   A:0000 X:0001 Y:0000 P:envmxdiZc
$9B/860C 90 05       BCC $05    [$8613]      A:0000 X:0001 Y:0000 P:envmxdiZc
$9B/8613 0A          ASL A                   A:0000 X:0001 Y:0000 P:envmxdiZc
$9B/8614 90 05       BCC $05    [$861B]      A:0000 X:0001 Y:0000 P:envmxdiZc
$9B/861B A8          TAY                     A:0000 X:0001 Y:0000 P:envmxdiZc
$9B/861C 8A          TXA                     A:0000 X:0001 Y:0000 P:envmxdiZc
$9B/861D 4A          LSR A                   A:0001 X:0001 Y:0000 P:envmxdizc
$9B/861E AA          TAX                     A:0000 X:0001 Y:0000 P:envmxdiZC
$9B/861F E0 10 00    CPX #$0010              A:0000 X:0000 Y:0000 P:envmxdiZC
$9B/8622 B0 D6       BCS $D6    [$85FA]      A:0000 X:0000 Y:0000 P:eNvmxdizc
$9B/8624 E0 00 00    CPX #$0000              A:0000 X:0000 Y:0000 P:eNvmxdizc
$9B/8627 F0 0E       BEQ $0E    [$8637]      A:0000 X:0000 Y:0000 P:envmxdiZC
$9B/8637 A5 06       LDA $06    [$00:0006]   A:0000 X:0000 Y:0000 P:envmxdiZC
$9B/8639 1A          INC A                   A:0442 X:0000 Y:0000 P:envmxdizC
$9B/863A 1A          INC A                   A:0443 X:0000 Y:0000 P:envmxdizC
$9B/863B A8          TAY                     A:0444 X:0000 Y:0000 P:envmxdizC
$9B/863C 29 10 00    AND #$0010              A:0444 X:0000 Y:0444 P:envmxdizC
$9B/863F F0 06       BEQ $06    [$8647]      A:0000 X:0000 Y:0444 P:envmxdiZC
$9B/8647 84 06       STY $06    [$00:0006]   A:0000 X:0000 Y:0444 P:envmxdiZC
$9B/8649 A5 16       LDA $16    [$00:0016]   A:0000 X:0000 Y:0444 P:envmxdiZC
$9B/864B 91 10       STA ($10),y[$7F:5544]   A:2818 X:0000 Y:0444 P:envmxdizC
$9B/864D 98          TYA                     A:2818 X:0000 Y:0444 P:envmxdizC
$9B/864E 18          CLC                     A:0444 X:0000 Y:0444 P:envmxdizC
$9B/864F 69 10 00    ADC #$0010              A:0444 X:0000 Y:0444 P:envmxdizc
$9B/8652 A8          TAY                     A:0454 X:0000 Y:0444 P:envmxdizc
$9B/8653 A5 14       LDA $14    [$00:0014]   A:0454 X:0000 Y:0454 P:envmxdizc
$9B/8655 91 10       STA ($10),y[$7F:5554]   A:18F8 X:0000 Y:0454 P:envmxdizc
$9B/8657 E6 04       INC $04    [$00:0004]   A:18F8 X:0000 Y:0454 P:envmxdizc
$9B/8659 C6 00       DEC $00    [$00:0000]   A:18F8 X:0000 Y:0454 P:envmxdizc
$9B/865B 10 8B       BPL $8B    [$85E8]      A:18F8 X:0000 Y:0454 P:envmxdizc
$9B/85E8 A2 80 00    LDX #$0080              A:18F8 X:0000 Y:0454 P:envmxdizc
$9B/85EB 64 14       STZ $14    [$00:0014]   A:18F8 X:0080 Y:0454 P:envmxdizc
$9B/85ED 64 16       STZ $16    [$00:0016]   A:18F8 X:0080 Y:0454 P:envmxdizc
$9B/85EF A5 04       LDA $04    [$00:0004]   A:18F8 X:0080 Y:0454 P:envmxdizc
$9B/85F1 0A          ASL A                   A:0113 X:0080 Y:0454 P:envmxdizc
$9B/85F2 0A          ASL A                   A:0226 X:0080 Y:0454 P:envmxdizc
$9B/85F3 A8          TAY                     A:044C X:0080 Y:0454 P:envmxdizc
$9B/85F4 B1 0C       LDA ($0C),y[$7F:044C]   A:044C X:0080 Y:044C P:envmxdizc
$9B/85F6 F0 E4       BEQ $E4    [$85DC]      A:DD46 X:0080 Y:044C P:eNvmxdizc
$9B/85F8 EB          XBA                     A:DD46 X:0080 Y:044C P:eNvmxdizc
$9B/85F9 A8          TAY                     A:46DD X:0080 Y:044C P:eNvmxdizc
$9B/85FA 98          TYA                     A:46DD X:0080 Y:46DD P:envmxdizc
$9B/85FB 0A          ASL A                   A:46DD X:0080 Y:46DD P:envmxdizc
$9B/85FC 90 05       BCC $05    [$8603]      A:8DBA X:0080 Y:46DD P:eNvmxdizc
$9B/8603 0A          ASL A                   A:8DBA X:0080 Y:46DD P:eNvmxdizc
$9B/8604 90 05       BCC $05    [$860B]      A:1B74 X:0080 Y:46DD P:envmxdizC
$9B/8606 A8          TAY                     A:1B74 X:0080 Y:46DD P:envmxdizC
$9B/8607 8A          TXA                     A:1B74 X:0080 Y:1B74 P:envmxdizC
$9B/8608 04 14       TSB $14    [$00:0014]   A:0080 X:0080 Y:1B74 P:envmxdizC
$9B/860A 98          TYA                     A:0080 X:0080 Y:1B74 P:envmxdiZC
$9B/860B 0A          ASL A                   A:1B74 X:0080 Y:1B74 P:envmxdizC
$9B/860C 90 05       BCC $05    [$8613]      A:36E8 X:0080 Y:1B74 P:envmxdizc
$9B/8613 0A          ASL A                   A:36E8 X:0080 Y:1B74 P:envmxdizc
$9B/8614 90 05       BCC $05    [$861B]      A:6DD0 X:0080 Y:1B74 P:envmxdizc
$9B/861B A8          TAY                     A:6DD0 X:0080 Y:1B74 P:envmxdizc
$9B/861C 8A          TXA                     A:6DD0 X:0080 Y:6DD0 P:envmxdizc
$9B/861D 4A          LSR A                   A:0080 X:0080 Y:6DD0 P:envmxdizc
$9B/861E AA          TAX                     A:0040 X:0080 Y:6DD0 P:envmxdizc
$9B/861F E0 10 00    CPX #$0010              A:0040 X:0040 Y:6DD0 P:envmxdizc
$9B/8622 B0 D6       BCS $D6    [$85FA]      A:0040 X:0040 Y:6DD0 P:envmxdizC
$9B/85FA 98          TYA                     A:0040 X:0040 Y:6DD0 P:envmxdizC
$9B/85FB 0A          ASL A                   A:6DD0 X:0040 Y:6DD0 P:envmxdizC
$9B/85FC 90 05       BCC $05    [$8603]      A:DBA0 X:0040 Y:6DD0 P:eNvmxdizc
$9B/8603 0A          ASL A                   A:DBA0 X:0040 Y:6DD0 P:eNvmxdizc
$9B/8604 90 05       BCC $05    [$860B]      A:B740 X:0040 Y:6DD0 P:eNvmxdizC
$9B/8606 A8          TAY                     A:B740 X:0040 Y:6DD0 P:eNvmxdizC
$9B/8607 8A          TXA                     A:B740 X:0040 Y:B740 P:eNvmxdizC
$9B/8608 04 14       TSB $14    [$00:0014]   A:0040 X:0040 Y:B740 P:envmxdizC
$9B/860A 98          TYA                     A:0040 X:0040 Y:B740 P:envmxdiZC
$9B/860B 0A          ASL A                   A:B740 X:0040 Y:B740 P:eNvmxdizC
$9B/860C 90 05       BCC $05    [$8613]      A:6E80 X:0040 Y:B740 P:envmxdizC
$9B/860E A8          TAY                     A:6E80 X:0040 Y:B740 P:envmxdizC
$9B/860F 8A          TXA                     A:6E80 X:0040 Y:6E80 P:envmxdizC
$9B/8610 04 17       TSB $17    [$00:0017]   A:0040 X:0040 Y:6E80 P:envmxdizC
$9B/8612 98          TYA                     A:0040 X:0040 Y:6E80 P:envmxdiZC
$9B/8613 0A          ASL A                   A:6E80 X:0040 Y:6E80 P:envmxdizC
$9B/8614 90 05       BCC $05    [$861B]      A:DD00 X:0040 Y:6E80 P:eNvmxdizc
$9B/861B A8          TAY                     A:DD00 X:0040 Y:6E80 P:eNvmxdizc
$9B/861C 8A          TXA                     A:DD00 X:0040 Y:DD00 P:eNvmxdizc
$9B/861D 4A          LSR A                   A:0040 X:0040 Y:DD00 P:envmxdizc
$9B/861E AA          TAX                     A:0020 X:0040 Y:DD00 P:envmxdizc
$9B/861F E0 10 00    CPX #$0010              A:0020 X:0020 Y:DD00 P:envmxdizc
$9B/8622 B0 D6       BCS $D6    [$85FA]      A:0020 X:0020 Y:DD00 P:envmxdizC
$9B/85FA 98          TYA                     A:0020 X:0020 Y:DD00 P:envmxdizC
$9B/85FB 0A          ASL A                   A:DD00 X:0020 Y:DD00 P:eNvmxdizC
$9B/85FC 90 05       BCC $05    [$8603]      A:BA00 X:0020 Y:DD00 P:eNvmxdizC
$9B/85FE A8          TAY                     A:BA00 X:0020 Y:DD00 P:eNvmxdizC
$9B/85FF 8A          TXA                     A:BA00 X:0020 Y:BA00 P:eNvmxdizC
$9B/8600 04 15       TSB $15    [$00:0015]   A:0020 X:0020 Y:BA00 P:envmxdizC
$9B/8602 98          TYA                     A:0020 X:0020 Y:BA00 P:envmxdiZC
$9B/8603 0A          ASL A                   A:BA00 X:0020 Y:BA00 P:eNvmxdizC
$9B/8604 90 05       BCC $05    [$860B]      A:7400 X:0020 Y:BA00 P:envmxdizC
$9B/8606 A8          TAY                     A:7400 X:0020 Y:BA00 P:envmxdizC
$9B/8607 8A          TXA                     A:7400 X:0020 Y:7400 P:envmxdizC
$9B/8608 04 14       TSB $14    [$00:0014]   A:0020 X:0020 Y:7400 P:envmxdizC
$9B/860A 98          TYA                     A:0020 X:0020 Y:7400 P:envmxdiZC
$9B/860B 0A          ASL A                   A:7400 X:0020 Y:7400 P:envmxdizC
$9B/860C 90 05       BCC $05    [$8613]      A:E800 X:0020 Y:7400 P:eNvmxdizc
$9B/8613 0A          ASL A                   A:E800 X:0020 Y:7400 P:eNvmxdizc
$9B/8614 90 05       BCC $05    [$861B]      A:D000 X:0020 Y:7400 P:eNvmxdizC
$9B/8616 A8          TAY                     A:D000 X:0020 Y:7400 P:eNvmxdizC
$9B/8617 8A          TXA                     A:D000 X:0020 Y:D000 P:eNvmxdizC
$9B/8618 04 16       TSB $16    [$00:0016]   A:0020 X:0020 Y:D000 P:envmxdizC
$9B/861A 98          TYA                     A:0020 X:0020 Y:D000 P:envmxdiZC
$9B/861B A8          TAY                     A:D000 X:0020 Y:D000 P:eNvmxdizC
$9B/861C 8A          TXA                     A:D000 X:0020 Y:D000 P:eNvmxdizC
$9B/861D 4A          LSR A                   A:0020 X:0020 Y:D000 P:envmxdizC
$9B/861E AA          TAX                     A:0010 X:0020 Y:D000 P:envmxdizc
$9B/861F E0 10 00    CPX #$0010              A:0010 X:0010 Y:D000 P:envmxdizc
$9B/8622 B0 D6       BCS $D6    [$85FA]      A:0010 X:0010 Y:D000 P:envmxdiZC
$9B/85FA 98          TYA                     A:0010 X:0010 Y:D000 P:envmxdiZC
$9B/85FB 0A          ASL A                   A:D000 X:0010 Y:D000 P:eNvmxdizC
$9B/85FC 90 05       BCC $05    [$8603]      A:A000 X:0010 Y:D000 P:eNvmxdizC
$9B/85FE A8          TAY                     A:A000 X:0010 Y:D000 P:eNvmxdizC
$9B/85FF 8A          TXA                     A:A000 X:0010 Y:A000 P:eNvmxdizC
$9B/8600 04 15       TSB $15    [$00:0015]   A:0010 X:0010 Y:A000 P:envmxdizC
$9B/8602 98          TYA                     A:0010 X:0010 Y:A000 P:envmxdiZC
$9B/8603 0A          ASL A                   A:A000 X:0010 Y:A000 P:eNvmxdizC
$9B/8604 90 05       BCC $05    [$860B]      A:4000 X:0010 Y:A000 P:envmxdizC
$9B/8606 A8          TAY                     A:4000 X:0010 Y:A000 P:envmxdizC
$9B/8607 8A          TXA                     A:4000 X:0010 Y:4000 P:envmxdizC
$9B/8608 04 14       TSB $14    [$00:0014]   A:0010 X:0010 Y:4000 P:envmxdizC
$9B/860A 98          TYA                     A:0010 X:0010 Y:4000 P:envmxdiZC
$9B/860B 0A          ASL A                   A:4000 X:0010 Y:4000 P:envmxdizC
$9B/860C 90 05       BCC $05    [$8613]      A:8000 X:0010 Y:4000 P:eNvmxdizc
$9B/8613 0A          ASL A                   A:8000 X:0010 Y:4000 P:eNvmxdizc
$9B/8614 90 05       BCC $05    [$861B]      A:0000 X:0010 Y:4000 P:envmxdiZC
$9B/8616 A8          TAY                     A:0000 X:0010 Y:4000 P:envmxdiZC
$9B/8617 8A          TXA                     A:0000 X:0010 Y:0000 P:envmxdiZC
$9B/8618 04 16       TSB $16    [$00:0016]   A:0010 X:0010 Y:0000 P:envmxdizC
$9B/861A 98          TYA                     A:0010 X:0010 Y:0000 P:envmxdiZC
$9B/861B A8          TAY                     A:0000 X:0010 Y:0000 P:envmxdiZC
$9B/861C 8A          TXA                     A:0000 X:0010 Y:0000 P:envmxdiZC
$9B/861D 4A          LSR A                   A:0010 X:0010 Y:0000 P:envmxdizC
$9B/861E AA          TAX                     A:0008 X:0010 Y:0000 P:envmxdizc
$9B/861F E0 10 00    CPX #$0010              A:0008 X:0008 Y:0000 P:envmxdizc
$9B/8622 B0 D6       BCS $D6    [$85FA]      A:0008 X:0008 Y:0000 P:eNvmxdizc
$9B/8624 E0 00 00    CPX #$0000              A:0008 X:0008 Y:0000 P:eNvmxdizc
$9B/8627 F0 0E       BEQ $0E    [$8637]      A:0008 X:0008 Y:0000 P:envmxdizC
$9B/8629 E0 08 00    CPX #$0008              A:0008 X:0008 Y:0000 P:envmxdizC
$9B/862C 90 CC       BCC $CC    [$85FA]      A:0008 X:0008 Y:0000 P:envmxdiZC
$9B/862E A5 04       LDA $04    [$00:0004]   A:0008 X:0008 Y:0000 P:envmxdiZC
$9B/8630 0A          ASL A                   A:0113 X:0008 Y:0000 P:envmxdizC
$9B/8631 0A          ASL A                   A:0226 X:0008 Y:0000 P:envmxdizc
$9B/8632 A8          TAY                     A:044C X:0008 Y:0000 P:envmxdizc
$9B/8633 C8          INY                     A:044C X:0008 Y:044C P:envmxdizc
$9B/8634 C8          INY                     A:044C X:0008 Y:044D P:envmxdizc
$9B/8635 80 BD       BRA $BD    [$85F4]      A:044C X:0008 Y:044E P:envmxdizc
$9B/85F4 B1 0C       LDA ($0C),y[$7F:044E]   A:044C X:0008 Y:044E P:envmxdizc
$9B/85F6 F0 E4       BEQ $E4    [$85DC]      A:E0FE X:0008 Y:044E P:eNvmxdizc
$9B/85F8 EB          XBA                     A:E0FE X:0008 Y:044E P:eNvmxdizc
$9B/85F9 A8          TAY                     A:FEE0 X:0008 Y:044E P:eNvmxdizc
$9B/85FA 98          TYA                     A:FEE0 X:0008 Y:FEE0 P:eNvmxdizc
$9B/85FB 0A          ASL A                   A:FEE0 X:0008 Y:FEE0 P:eNvmxdizc
$9B/85FC 90 05       BCC $05    [$8603]      A:FDC0 X:0008 Y:FEE0 P:eNvmxdizC
$9B/85FE A8          TAY                     A:FDC0 X:0008 Y:FEE0 P:eNvmxdizC
$9B/85FF 8A          TXA                     A:FDC0 X:0008 Y:FDC0 P:eNvmxdizC
$9B/8600 04 15       TSB $15    [$00:0015]   A:0008 X:0008 Y:FDC0 P:envmxdizC
$9B/8602 98          TYA                     A:0008 X:0008 Y:FDC0 P:envmxdiZC
$9B/8603 0A          ASL A                   A:FDC0 X:0008 Y:FDC0 P:eNvmxdizC
$9B/8604 90 05       BCC $05    [$860B]      A:FB80 X:0008 Y:FDC0 P:eNvmxdizC
$9B/8606 A8          TAY                     A:FB80 X:0008 Y:FDC0 P:eNvmxdizC
$9B/8607 8A          TXA                     A:FB80 X:0008 Y:FB80 P:eNvmxdizC
$9B/8608 04 14       TSB $14    [$00:0014]   A:0008 X:0008 Y:FB80 P:envmxdizC
$9B/860A 98          TYA                     A:0008 X:0008 Y:FB80 P:envmxdiZC
$9B/860B 0A          ASL A                   A:FB80 X:0008 Y:FB80 P:eNvmxdizC
$9B/860C 90 05       BCC $05    [$8613]      A:F700 X:0008 Y:FB80 P:eNvmxdizC
$9B/860E A8          TAY                     A:F700 X:0008 Y:FB80 P:eNvmxdizC
$9B/860F 8A          TXA                     A:F700 X:0008 Y:F700 P:eNvmxdizC
$9B/8610 04 17       TSB $17    [$00:0017]   A:0008 X:0008 Y:F700 P:envmxdizC
$9B/8612 98          TYA                     A:0008 X:0008 Y:F700 P:envmxdiZC
$9B/8613 0A          ASL A                   A:F700 X:0008 Y:F700 P:eNvmxdizC
$9B/8614 90 05       BCC $05    [$861B]      A:EE00 X:0008 Y:F700 P:eNvmxdizC
$9B/8616 A8          TAY                     A:EE00 X:0008 Y:F700 P:eNvmxdizC
$9B/8617 8A          TXA                     A:EE00 X:0008 Y:EE00 P:eNvmxdizC
$9B/8618 04 16       TSB $16    [$00:0016]   A:0008 X:0008 Y:EE00 P:envmxdizC
$9B/861A 98          TYA                     A:0008 X:0008 Y:EE00 P:envmxdiZC
$9B/861B A8          TAY                     A:EE00 X:0008 Y:EE00 P:eNvmxdizC
$9B/861C 8A          TXA                     A:EE00 X:0008 Y:EE00 P:eNvmxdizC
$9B/861D 4A          LSR A                   A:0008 X:0008 Y:EE00 P:envmxdizC
$9B/861E AA          TAX                     A:0004 X:0008 Y:EE00 P:envmxdizc
$9B/861F E0 10 00    CPX #$0010              A:0004 X:0004 Y:EE00 P:envmxdizc
$9B/8622 B0 D6       BCS $D6    [$85FA]      A:0004 X:0004 Y:EE00 P:eNvmxdizc
$9B/8624 E0 00 00    CPX #$0000              A:0004 X:0004 Y:EE00 P:eNvmxdizc
$9B/8627 F0 0E       BEQ $0E    [$8637]      A:0004 X:0004 Y:EE00 P:envmxdizC
$9B/8629 E0 08 00    CPX #$0008              A:0004 X:0004 Y:EE00 P:envmxdizC
$9B/862C 90 CC       BCC $CC    [$85FA]      A:0004 X:0004 Y:EE00 P:eNvmxdizc
$9B/85FA 98          TYA                     A:0004 X:0004 Y:EE00 P:eNvmxdizc
$9B/85FB 0A          ASL A                   A:EE00 X:0004 Y:EE00 P:eNvmxdizc
$9B/85FC 90 05       BCC $05    [$8603]      A:DC00 X:0004 Y:EE00 P:eNvmxdizC
$9B/85FE A8          TAY                     A:DC00 X:0004 Y:EE00 P:eNvmxdizC
$9B/85FF 8A          TXA                     A:DC00 X:0004 Y:DC00 P:eNvmxdizC
$9B/8600 04 15       TSB $15    [$00:0015]   A:0004 X:0004 Y:DC00 P:envmxdizC
$9B/8602 98          TYA                     A:0004 X:0004 Y:DC00 P:envmxdiZC
$9B/8603 0A          ASL A                   A:DC00 X:0004 Y:DC00 P:eNvmxdizC
$9B/8604 90 05       BCC $05    [$860B]      A:B800 X:0004 Y:DC00 P:eNvmxdizC
$9B/8606 A8          TAY                     A:B800 X:0004 Y:DC00 P:eNvmxdizC
$9B/8607 8A          TXA                     A:B800 X:0004 Y:B800 P:eNvmxdizC
$9B/8608 04 14       TSB $14    [$00:0014]   A:0004 X:0004 Y:B800 P:envmxdizC
$9B/860A 98          TYA                     A:0004 X:0004 Y:B800 P:envmxdiZC
$9B/860B 0A          ASL A                   A:B800 X:0004 Y:B800 P:eNvmxdizC
$9B/860C 90 05       BCC $05    [$8613]      A:7000 X:0004 Y:B800 P:envmxdizC
$9B/860E A8          TAY                     A:7000 X:0004 Y:B800 P:envmxdizC
$9B/860F 8A          TXA                     A:7000 X:0004 Y:7000 P:envmxdizC
$9B/8610 04 17       TSB $17    [$00:0017]   A:0004 X:0004 Y:7000 P:envmxdizC
$9B/8612 98          TYA                     A:0004 X:0004 Y:7000 P:envmxdiZC
$9B/8613 0A          ASL A                   A:7000 X:0004 Y:7000 P:envmxdizC
$9B/8614 90 05       BCC $05    [$861B]      A:E000 X:0004 Y:7000 P:eNvmxdizc
$9B/861B A8          TAY                     A:E000 X:0004 Y:7000 P:eNvmxdizc
$9B/861C 8A          TXA                     A:E000 X:0004 Y:E000 P:eNvmxdizc
$9B/861D 4A          LSR A                   A:0004 X:0004 Y:E000 P:envmxdizc
$9B/861E AA          TAX                     A:0002 X:0004 Y:E000 P:envmxdizc
$9B/861F E0 10 00    CPX #$0010              A:0002 X:0002 Y:E000 P:envmxdizc
$9B/8622 B0 D6       BCS $D6    [$85FA]      A:0002 X:0002 Y:E000 P:eNvmxdizc
$9B/8624 E0 00 00    CPX #$0000              A:0002 X:0002 Y:E000 P:eNvmxdizc
$9B/8627 F0 0E       BEQ $0E    [$8637]      A:0002 X:0002 Y:E000 P:envmxdizC
$9B/8629 E0 08 00    CPX #$0008              A:0002 X:0002 Y:E000 P:envmxdizC
$9B/862C 90 CC       BCC $CC    [$85FA]      A:0002 X:0002 Y:E000 P:eNvmxdizc
$9B/85FA 98          TYA                     A:0002 X:0002 Y:E000 P:eNvmxdizc
$9B/85FB 0A          ASL A                   A:E000 X:0002 Y:E000 P:eNvmxdizc
$9B/85FC 90 05       BCC $05    [$8603]      A:C000 X:0002 Y:E000 P:eNvmxdizC
$9B/85FE A8          TAY                     A:C000 X:0002 Y:E000 P:eNvmxdizC
$9B/85FF 8A          TXA                     A:C000 X:0002 Y:C000 P:eNvmxdizC
$9B/8600 04 15       TSB $15    [$00:0015]   A:0002 X:0002 Y:C000 P:envmxdizC
$9B/8602 98          TYA                     A:0002 X:0002 Y:C000 P:envmxdiZC
$9B/8603 0A          ASL A                   A:C000 X:0002 Y:C000 P:eNvmxdizC
$9B/8604 90 05       BCC $05    [$860B]      A:8000 X:0002 Y:C000 P:eNvmxdizC
$9B/8606 A8          TAY                     A:8000 X:0002 Y:C000 P:eNvmxdizC
$9B/8607 8A          TXA                     A:8000 X:0002 Y:8000 P:eNvmxdizC
$9B/8608 04 14       TSB $14    [$00:0014]   A:0002 X:0002 Y:8000 P:envmxdizC
$9B/860A 98          TYA                     A:0002 X:0002 Y:8000 P:envmxdiZC
$9B/860B 0A          ASL A                   A:8000 X:0002 Y:8000 P:eNvmxdizC
$9B/860C 90 05       BCC $05    [$8613]      A:0000 X:0002 Y:8000 P:envmxdiZC
$9B/860E A8          TAY                     A:0000 X:0002 Y:8000 P:envmxdiZC
$9B/860F 8A          TXA                     A:0000 X:0002 Y:0000 P:envmxdiZC
$9B/8610 04 17       TSB $17    [$00:0017]   A:0002 X:0002 Y:0000 P:envmxdizC
$9B/8612 98          TYA                     A:0002 X:0002 Y:0000 P:envmxdiZC
$9B/8613 0A          ASL A                   A:0000 X:0002 Y:0000 P:envmxdiZC
$9B/8614 90 05       BCC $05    [$861B]      A:0000 X:0002 Y:0000 P:envmxdiZc
$9B/861B A8          TAY                     A:0000 X:0002 Y:0000 P:envmxdiZc
$9B/861C 8A          TXA                     A:0000 X:0002 Y:0000 P:envmxdiZc
$9B/861D 4A          LSR A                   A:0002 X:0002 Y:0000 P:envmxdizc
$9B/861E AA          TAX                     A:0001 X:0002 Y:0000 P:envmxdizc
$9B/861F E0 10 00    CPX #$0010              A:0001 X:0001 Y:0000 P:envmxdizc
$9B/8622 B0 D6       BCS $D6    [$85FA]      A:0001 X:0001 Y:0000 P:eNvmxdizc
$9B/8624 E0 00 00    CPX #$0000              A:0001 X:0001 Y:0000 P:eNvmxdizc
$9B/8627 F0 0E       BEQ $0E    [$8637]      A:0001 X:0001 Y:0000 P:envmxdizC
$9B/8629 E0 08 00    CPX #$0008              A:0001 X:0001 Y:0000 P:envmxdizC
$9B/862C 90 CC       BCC $CC    [$85FA]      A:0001 X:0001 Y:0000 P:eNvmxdizc
$9B/85FA 98          TYA                     A:0001 X:0001 Y:0000 P:eNvmxdizc
$9B/85FB 0A          ASL A                   A:0000 X:0001 Y:0000 P:envmxdiZc
$9B/85FC 90 05       BCC $05    [$8603]      A:0000 X:0001 Y:0000 P:envmxdiZc
$9B/8603 0A          ASL A                   A:0000 X:0001 Y:0000 P:envmxdiZc
$9B/8604 90 05       BCC $05    [$860B]      A:0000 X:0001 Y:0000 P:envmxdiZc
$9B/860B 0A          ASL A                   A:0000 X:0001 Y:0000 P:envmxdiZc
$9B/860C 90 05       BCC $05    [$8613]      A:0000 X:0001 Y:0000 P:envmxdiZc
$9B/8613 0A          ASL A                   A:0000 X:0001 Y:0000 P:envmxdiZc
$9B/8614 90 05       BCC $05    [$861B]      A:0000 X:0001 Y:0000 P:envmxdiZc
$9B/861B A8          TAY                     A:0000 X:0001 Y:0000 P:envmxdiZc
$9B/861C 8A          TXA                     A:0000 X:0001 Y:0000 P:envmxdiZc
$9B/861D 4A          LSR A                   A:0001 X:0001 Y:0000 P:envmxdizc
$9B/861E AA          TAX                     A:0000 X:0001 Y:0000 P:envmxdiZC
$9B/861F E0 10 00    CPX #$0010              A:0000 X:0000 Y:0000 P:envmxdiZC
$9B/8622 B0 D6       BCS $D6    [$85FA]      A:0000 X:0000 Y:0000 P:eNvmxdizc
$9B/8624 E0 00 00    CPX #$0000              A:0000 X:0000 Y:0000 P:eNvmxdizc
$9B/8627 F0 0E       BEQ $0E    [$8637]      A:0000 X:0000 Y:0000 P:envmxdiZC
$9B/8637 A5 06       LDA $06    [$00:0006]   A:0000 X:0000 Y:0000 P:envmxdiZC
$9B/8639 1A          INC A                   A:0444 X:0000 Y:0000 P:envmxdizC
$9B/863A 1A          INC A                   A:0445 X:0000 Y:0000 P:envmxdizC
$9B/863B A8          TAY                     A:0446 X:0000 Y:0000 P:envmxdizC
$9B/863C 29 10 00    AND #$0010              A:0446 X:0000 Y:0446 P:envmxdizC
$9B/863F F0 06       BEQ $06    [$8647]      A:0000 X:0000 Y:0446 P:envmxdiZC
$9B/8647 84 06       STY $06    [$00:0006]   A:0000 X:0000 Y:0446 P:envmxdiZC
$9B/8649 A5 16       LDA $16    [$00:0016]   A:0000 X:0000 Y:0446 P:envmxdiZC
$9B/864B 91 10       STA ($10),y[$7F:5546]   A:4E38 X:0000 Y:0446 P:envmxdizC
$9B/864D 98          TYA                     A:4E38 X:0000 Y:0446 P:envmxdizC
$9B/864E 18          CLC                     A:0446 X:0000 Y:0446 P:envmxdizC
$9B/864F 69 10 00    ADC #$0010              A:0446 X:0000 Y:0446 P:envmxdizc
$9B/8652 A8          TAY                     A:0456 X:0000 Y:0446 P:envmxdizc
$9B/8653 A5 14       LDA $14    [$00:0014]   A:0456 X:0000 Y:0456 P:envmxdizc
$9B/8655 91 10       STA ($10),y[$7F:5556]   A:3EFE X:0000 Y:0456 P:envmxdizc
$9B/8657 E6 04       INC $04    [$00:0004]   A:3EFE X:0000 Y:0456 P:envmxdizc
$9B/8659 C6 00       DEC $00    [$00:0000]   A:3EFE X:0000 Y:0456 P:envmxdizc
$9B/865B 10 8B       BPL $8B    [$85E8]      A:3EFE X:0000 Y:0456 P:envmxdizc
$9B/85E8 A2 80 00    LDX #$0080              A:3EFE X:0000 Y:0456 P:envmxdizc
$9B/85EB 64 14       STZ $14    [$00:0014]   A:3EFE X:0080 Y:0456 P:envmxdizc
$9B/85ED 64 16       STZ $16    [$00:0016]   A:3EFE X:0080 Y:0456 P:envmxdizc
$9B/85EF A5 04       LDA $04    [$00:0004]   A:3EFE X:0080 Y:0456 P:envmxdizc
$9B/85F1 0A          ASL A                   A:0114 X:0080 Y:0456 P:envmxdizc
$9B/85F2 0A          ASL A                   A:0228 X:0080 Y:0456 P:envmxdizc
$9B/85F3 A8          TAY                     A:0450 X:0080 Y:0456 P:envmxdizc
$9B/85F4 B1 0C       LDA ($0C),y[$7F:0450]   A:0450 X:0080 Y:0450 P:envmxdizc
$9B/85F6 F0 E4       BEQ $E4    [$85DC]      A:DF45 X:0080 Y:0450 P:eNvmxdizc
$9B/85F8 EB          XBA                     A:DF45 X:0080 Y:0450 P:eNvmxdizc
$9B/85F9 A8          TAY                     A:45DF X:0080 Y:0450 P:eNvmxdizc
$9B/85FA 98          TYA                     A:45DF X:0080 Y:45DF P:envmxdizc
$9B/85FB 0A          ASL A                   A:45DF X:0080 Y:45DF P:envmxdizc
$9B/85FC 90 05       BCC $05    [$8603]      A:8BBE X:0080 Y:45DF P:eNvmxdizc
$9B/8603 0A          ASL A                   A:8BBE X:0080 Y:45DF P:eNvmxdizc
$9B/8604 90 05       BCC $05    [$860B]      A:177C X:0080 Y:45DF P:envmxdizC
$9B/8606 A8          TAY                     A:177C X:0080 Y:45DF P:envmxdizC
$9B/8607 8A          TXA                     A:177C X:0080 Y:177C P:envmxdizC
$9B/8608 04 14       TSB $14    [$00:0014]   A:0080 X:0080 Y:177C P:envmxdizC
$9B/860A 98          TYA                     A:0080 X:0080 Y:177C P:envmxdiZC
$9B/860B 0A          ASL A                   A:177C X:0080 Y:177C P:envmxdizC
$9B/860C 90 05       BCC $05    [$8613]      A:2EF8 X:0080 Y:177C P:envmxdizc
$9B/8613 0A          ASL A                   A:2EF8 X:0080 Y:177C P:envmxdizc
$9B/8614 90 05       BCC $05    [$861B]      A:5DF0 X:0080 Y:177C P:envmxdizc
$9B/861B A8          TAY                     A:5DF0 X:0080 Y:177C P:envmxdizc
$9B/861C 8A          TXA                     A:5DF0 X:0080 Y:5DF0 P:envmxdizc
$9B/861D 4A          LSR A                   A:0080 X:0080 Y:5DF0 P:envmxdizc
$9B/861E AA          TAX                     A:0040 X:0080 Y:5DF0 P:envmxdizc
$9B/861F E0 10 00    CPX #$0010              A:0040 X:0040 Y:5DF0 P:envmxdizc
$9B/8622 B0 D6       BCS $D6    [$85FA]      A:0040 X:0040 Y:5DF0 P:envmxdizC
$9B/85FA 98          TYA                     A:0040 X:0040 Y:5DF0 P:envmxdizC
$9B/85FB 0A          ASL A                   A:5DF0 X:0040 Y:5DF0 P:envmxdizC
$9B/85FC 90 05       BCC $05    [$8603]      A:BBE0 X:0040 Y:5DF0 P:eNvmxdizc
$9B/8603 0A          ASL A                   A:BBE0 X:0040 Y:5DF0 P:eNvmxdizc
$9B/8604 90 05       BCC $05    [$860B]      A:77C0 X:0040 Y:5DF0 P:envmxdizC
$9B/8606 A8          TAY                     A:77C0 X:0040 Y:5DF0 P:envmxdizC
$9B/8607 8A          TXA                     A:77C0 X:0040 Y:77C0 P:envmxdizC
$9B/8608 04 14       TSB $14    [$00:0014]   A:0040 X:0040 Y:77C0 P:envmxdizC
$9B/860A 98          TYA                     A:0040 X:0040 Y:77C0 P:envmxdiZC
$9B/860B 0A          ASL A                   A:77C0 X:0040 Y:77C0 P:envmxdizC
$9B/860C 90 05       BCC $05    [$8613]      A:EF80 X:0040 Y:77C0 P:eNvmxdizc
$9B/8613 0A          ASL A                   A:EF80 X:0040 Y:77C0 P:eNvmxdizc
$9B/8614 90 05       BCC $05    [$861B]      A:DF00 X:0040 Y:77C0 P:eNvmxdizC
$9B/8616 A8          TAY                     A:DF00 X:0040 Y:77C0 P:eNvmxdizC
$9B/8617 8A          TXA                     A:DF00 X:0040 Y:DF00 P:eNvmxdizC
$9B/8618 04 16       TSB $16    [$00:0016]   A:0040 X:0040 Y:DF00 P:envmxdizC
$9B/861A 98          TYA                     A:0040 X:0040 Y:DF00 P:envmxdiZC
$9B/861B A8          TAY                     A:DF00 X:0040 Y:DF00 P:eNvmxdizC
$9B/861C 8A          TXA                     A:DF00 X:0040 Y:DF00 P:eNvmxdizC
$9B/861D 4A          LSR A                   A:0040 X:0040 Y:DF00 P:envmxdizC
$9B/861E AA          TAX                     A:0020 X:0040 Y:DF00 P:envmxdizc
$9B/861F E0 10 00    CPX #$0010              A:0020 X:0020 Y:DF00 P:envmxdizc
$9B/8622 B0 D6       BCS $D6    [$85FA]      A:0020 X:0020 Y:DF00 P:envmxdizC
$9B/85FA 98          TYA                     A:0020 X:0020 Y:DF00 P:envmxdizC
$9B/85FB 0A          ASL A                   A:DF00 X:0020 Y:DF00 P:eNvmxdizC
$9B/85FC 90 05       BCC $05    [$8603]      A:BE00 X:0020 Y:DF00 P:eNvmxdizC
$9B/85FE A8          TAY                     A:BE00 X:0020 Y:DF00 P:eNvmxdizC
$9B/85FF 8A          TXA                     A:BE00 X:0020 Y:BE00 P:eNvmxdizC
$9B/8600 04 15       TSB $15    [$00:0015]   A:0020 X:0020 Y:BE00 P:envmxdizC
$9B/8602 98          TYA                     A:0020 X:0020 Y:BE00 P:envmxdiZC
$9B/8603 0A          ASL A                   A:BE00 X:0020 Y:BE00 P:eNvmxdizC
$9B/8604 90 05       BCC $05    [$860B]      A:7C00 X:0020 Y:BE00 P:envmxdizC
$9B/8606 A8          TAY                     A:7C00 X:0020 Y:BE00 P:envmxdizC
$9B/8607 8A          TXA                     A:7C00 X:0020 Y:7C00 P:envmxdizC
$9B/8608 04 14       TSB $14    [$00:0014]   A:0020 X:0020 Y:7C00 P:envmxdizC
$9B/860A 98          TYA                     A:0020 X:0020 Y:7C00 P:envmxdiZC
$9B/860B 0A          ASL A                   A:7C00 X:0020 Y:7C00 P:envmxdizC
$9B/860C 90 05       BCC $05    [$8613]      A:F800 X:0020 Y:7C00 P:eNvmxdizc
$9B/8613 0A          ASL A                   A:F800 X:0020 Y:7C00 P:eNvmxdizc
$9B/8614 90 05       BCC $05    [$861B]      A:F000 X:0020 Y:7C00 P:eNvmxdizC
$9B/8616 A8          TAY                     A:F000 X:0020 Y:7C00 P:eNvmxdizC
$9B/8617 8A          TXA                     A:F000 X:0020 Y:F000 P:eNvmxdizC
$9B/8618 04 16       TSB $16    [$00:0016]   A:0020 X:0020 Y:F000 P:envmxdizC
$9B/861A 98          TYA                     A:0020 X:0020 Y:F000 P:envmxdiZC
$9B/861B A8          TAY                     A:F000 X:0020 Y:F000 P:eNvmxdizC
$9B/861C 8A          TXA                     A:F000 X:0020 Y:F000 P:eNvmxdizC
$9B/861D 4A          LSR A                   A:0020 X:0020 Y:F000 P:envmxdizC
$9B/861E AA          TAX                     A:0010 X:0020 Y:F000 P:envmxdizc
$9B/861F E0 10 00    CPX #$0010              A:0010 X:0010 Y:F000 P:envmxdizc
$9B/8622 B0 D6       BCS $D6    [$85FA]      A:0010 X:0010 Y:F000 P:envmxdiZC
$9B/85FA 98          TYA                     A:0010 X:0010 Y:F000 P:envmxdiZC
$9B/85FB 0A          ASL A                   A:F000 X:0010 Y:F000 P:eNvmxdizC
$9B/85FC 90 05       BCC $05    [$8603]      A:E000 X:0010 Y:F000 P:eNvmxdizC
$9B/85FE A8          TAY                     A:E000 X:0010 Y:F000 P:eNvmxdizC
$9B/85FF 8A          TXA                     A:E000 X:0010 Y:E000 P:eNvmxdizC
$9B/8600 04 15       TSB $15    [$00:0015]   A:0010 X:0010 Y:E000 P:envmxdizC
$9B/8602 98          TYA                     A:0010 X:0010 Y:E000 P:envmxdiZC
$9B/8603 0A          ASL A                   A:E000 X:0010 Y:E000 P:eNvmxdizC
$9B/8604 90 05       BCC $05    [$860B]      A:C000 X:0010 Y:E000 P:eNvmxdizC
$9B/8606 A8          TAY                     A:C000 X:0010 Y:E000 P:eNvmxdizC
$9B/8607 8A          TXA                     A:C000 X:0010 Y:C000 P:eNvmxdizC
$9B/8608 04 14       TSB $14    [$00:0014]   A:0010 X:0010 Y:C000 P:envmxdizC
$9B/860A 98          TYA                     A:0010 X:0010 Y:C000 P:envmxdiZC
$9B/860B 0A          ASL A                   A:C000 X:0010 Y:C000 P:eNvmxdizC
$9B/860C 90 05       BCC $05    [$8613]      A:8000 X:0010 Y:C000 P:eNvmxdizC
$9B/860E A8          TAY                     A:8000 X:0010 Y:C000 P:eNvmxdizC
$9B/860F 8A          TXA                     A:8000 X:0010 Y:8000 P:eNvmxdizC
$9B/8610 04 17       TSB $17    [$00:0017]   A:0010 X:0010 Y:8000 P:envmxdizC
$9B/8612 98          TYA                     A:0010 X:0010 Y:8000 P:envmxdiZC
$9B/8613 0A          ASL A                   A:8000 X:0010 Y:8000 P:eNvmxdizC
$9B/8614 90 05       BCC $05    [$861B]      A:0000 X:0010 Y:8000 P:envmxdiZC
$9B/8616 A8          TAY                     A:0000 X:0010 Y:8000 P:envmxdiZC
$9B/8617 8A          TXA                     A:0000 X:0010 Y:0000 P:envmxdiZC
$9B/8618 04 16       TSB $16    [$00:0016]   A:0010 X:0010 Y:0000 P:envmxdizC
$9B/861A 98          TYA                     A:0010 X:0010 Y:0000 P:envmxdiZC
$9B/861B A8          TAY                     A:0000 X:0010 Y:0000 P:envmxdiZC
$9B/861C 8A          TXA                     A:0000 X:0010 Y:0000 P:envmxdiZC
$9B/861D 4A          LSR A                   A:0010 X:0010 Y:0000 P:envmxdizC
$9B/861E AA          TAX                     A:0008 X:0010 Y:0000 P:envmxdizc
$9B/861F E0 10 00    CPX #$0010              A:0008 X:0008 Y:0000 P:envmxdizc
$9B/8622 B0 D6       BCS $D6    [$85FA]      A:0008 X:0008 Y:0000 P:eNvmxdizc
$9B/8624 E0 00 00    CPX #$0000              A:0008 X:0008 Y:0000 P:eNvmxdizc
$9B/8627 F0 0E       BEQ $0E    [$8637]      A:0008 X:0008 Y:0000 P:envmxdizC
$9B/8629 E0 08 00    CPX #$0008              A:0008 X:0008 Y:0000 P:envmxdizC
$9B/862C 90 CC       BCC $CC    [$85FA]      A:0008 X:0008 Y:0000 P:envmxdiZC
$9B/862E A5 04       LDA $04    [$00:0004]   A:0008 X:0008 Y:0000 P:envmxdiZC
$9B/8630 0A          ASL A                   A:0114 X:0008 Y:0000 P:envmxdizC
$9B/8631 0A          ASL A                   A:0228 X:0008 Y:0000 P:envmxdizc
$9B/8632 A8          TAY                     A:0450 X:0008 Y:0000 P:envmxdizc
$9B/8633 C8          INY                     A:0450 X:0008 Y:0450 P:envmxdizc
$9B/8634 C8          INY                     A:0450 X:0008 Y:0451 P:envmxdizc
$9B/8635 80 BD       BRA $BD    [$85F4]      A:0450 X:0008 Y:0452 P:envmxdizc
$9B/85F4 B1 0C       LDA ($0C),y[$7F:0452]   A:0450 X:0008 Y:0452 P:envmxdizc
$9B/85F6 F0 E4       BEQ $E4    [$85DC]      A:EEEE X:0008 Y:0452 P:eNvmxdizc
$9B/85F8 EB          XBA                     A:EEEE X:0008 Y:0452 P:eNvmxdizc
$9B/85F9 A8          TAY                     A:EEEE X:0008 Y:0452 P:eNvmxdizc
$9B/85FA 98          TYA                     A:EEEE X:0008 Y:EEEE P:eNvmxdizc
$9B/85FB 0A          ASL A                   A:EEEE X:0008 Y:EEEE P:eNvmxdizc
$9B/85FC 90 05       BCC $05    [$8603]      A:DDDC X:0008 Y:EEEE P:eNvmxdizC
$9B/85FE A8          TAY                     A:DDDC X:0008 Y:EEEE P:eNvmxdizC
$9B/85FF 8A          TXA                     A:DDDC X:0008 Y:DDDC P:eNvmxdizC
$9B/8600 04 15       TSB $15    [$00:0015]   A:0008 X:0008 Y:DDDC P:envmxdizC
$9B/8602 98          TYA                     A:0008 X:0008 Y:DDDC P:envmxdiZC
$9B/8603 0A          ASL A                   A:DDDC X:0008 Y:DDDC P:eNvmxdizC
$9B/8604 90 05       BCC $05    [$860B]      A:BBB8 X:0008 Y:DDDC P:eNvmxdizC
$9B/8606 A8          TAY                     A:BBB8 X:0008 Y:DDDC P:eNvmxdizC
$9B/8607 8A          TXA                     A:BBB8 X:0008 Y:BBB8 P:eNvmxdizC
$9B/8608 04 14       TSB $14    [$00:0014]   A:0008 X:0008 Y:BBB8 P:envmxdizC
$9B/860A 98          TYA                     A:0008 X:0008 Y:BBB8 P:envmxdiZC
$9B/860B 0A          ASL A                   A:BBB8 X:0008 Y:BBB8 P:eNvmxdizC
$9B/860C 90 05       BCC $05    [$8613]      A:7770 X:0008 Y:BBB8 P:envmxdizC
$9B/860E A8          TAY                     A:7770 X:0008 Y:BBB8 P:envmxdizC
$9B/860F 8A          TXA                     A:7770 X:0008 Y:7770 P:envmxdizC
$9B/8610 04 17       TSB $17    [$00:0017]   A:0008 X:0008 Y:7770 P:envmxdizC
$9B/8612 98          TYA                     A:0008 X:0008 Y:7770 P:envmxdiZC
$9B/8613 0A          ASL A                   A:7770 X:0008 Y:7770 P:envmxdizC
$9B/8614 90 05       BCC $05    [$861B]      A:EEE0 X:0008 Y:7770 P:eNvmxdizc
$9B/861B A8          TAY                     A:EEE0 X:0008 Y:7770 P:eNvmxdizc
$9B/861C 8A          TXA                     A:EEE0 X:0008 Y:EEE0 P:eNvmxdizc
$9B/861D 4A          LSR A                   A:0008 X:0008 Y:EEE0 P:envmxdizc
$9B/861E AA          TAX                     A:0004 X:0008 Y:EEE0 P:envmxdizc
$9B/861F E0 10 00    CPX #$0010              A:0004 X:0004 Y:EEE0 P:envmxdizc
$9B/8622 B0 D6       BCS $D6    [$85FA]      A:0004 X:0004 Y:EEE0 P:eNvmxdizc
$9B/8624 E0 00 00    CPX #$0000              A:0004 X:0004 Y:EEE0 P:eNvmxdizc
$9B/8627 F0 0E       BEQ $0E    [$8637]      A:0004 X:0004 Y:EEE0 P:envmxdizC
$9B/8629 E0 08 00    CPX #$0008              A:0004 X:0004 Y:EEE0 P:envmxdizC
$9B/862C 90 CC       BCC $CC    [$85FA]      A:0004 X:0004 Y:EEE0 P:eNvmxdizc
$9B/85FA 98          TYA                     A:0004 X:0004 Y:EEE0 P:eNvmxdizc
$9B/85FB 0A          ASL A                   A:EEE0 X:0004 Y:EEE0 P:eNvmxdizc
$9B/85FC 90 05       BCC $05    [$8603]      A:DDC0 X:0004 Y:EEE0 P:eNvmxdizC
$9B/85FE A8          TAY                     A:DDC0 X:0004 Y:EEE0 P:eNvmxdizC
$9B/85FF 8A          TXA                     A:DDC0 X:0004 Y:DDC0 P:eNvmxdizC
$9B/8600 04 15       TSB $15    [$00:0015]   A:0004 X:0004 Y:DDC0 P:envmxdizC
$9B/8602 98          TYA                     A:0004 X:0004 Y:DDC0 P:envmxdiZC
$9B/8603 0A          ASL A                   A:DDC0 X:0004 Y:DDC0 P:eNvmxdizC
$9B/8604 90 05       BCC $05    [$860B]      A:BB80 X:0004 Y:DDC0 P:eNvmxdizC
$9B/8606 A8          TAY                     A:BB80 X:0004 Y:DDC0 P:eNvmxdizC
$9B/8607 8A          TXA                     A:BB80 X:0004 Y:BB80 P:eNvmxdizC
$9B/8608 04 14       TSB $14    [$00:0014]   A:0004 X:0004 Y:BB80 P:envmxdizC
$9B/860A 98          TYA                     A:0004 X:0004 Y:BB80 P:envmxdiZC
$9B/860B 0A          ASL A                   A:BB80 X:0004 Y:BB80 P:eNvmxdizC
$9B/860C 90 05       BCC $05    [$8613]      A:7700 X:0004 Y:BB80 P:envmxdizC
$9B/860E A8          TAY                     A:7700 X:0004 Y:BB80 P:envmxdizC
$9B/860F 8A          TXA                     A:7700 X:0004 Y:7700 P:envmxdizC
$9B/8610 04 17       TSB $17    [$00:0017]   A:0004 X:0004 Y:7700 P:envmxdizC
$9B/8612 98          TYA                     A:0004 X:0004 Y:7700 P:envmxdiZC
$9B/8613 0A          ASL A                   A:7700 X:0004 Y:7700 P:envmxdizC
$9B/8614 90 05       BCC $05    [$861B]      A:EE00 X:0004 Y:7700 P:eNvmxdizc
$9B/861B A8          TAY                     A:EE00 X:0004 Y:7700 P:eNvmxdizc
$9B/861C 8A          TXA                     A:EE00 X:0004 Y:EE00 P:eNvmxdizc
$9B/861D 4A          LSR A                   A:0004 X:0004 Y:EE00 P:envmxdizc
$9B/861E AA          TAX                     A:0002 X:0004 Y:EE00 P:envmxdizc
$9B/861F E0 10 00    CPX #$0010              A:0002 X:0002 Y:EE00 P:envmxdizc
$9B/8622 B0 D6       BCS $D6    [$85FA]      A:0002 X:0002 Y:EE00 P:eNvmxdizc
$9B/8624 E0 00 00    CPX #$0000              A:0002 X:0002 Y:EE00 P:eNvmxdizc
$9B/8627 F0 0E       BEQ $0E    [$8637]      A:0002 X:0002 Y:EE00 P:envmxdizC
$9B/8629 E0 08 00    CPX #$0008              A:0002 X:0002 Y:EE00 P:envmxdizC
$9B/862C 90 CC       BCC $CC    [$85FA]      A:0002 X:0002 Y:EE00 P:eNvmxdizc
$9B/85FA 98          TYA                     A:0002 X:0002 Y:EE00 P:eNvmxdizc
$9B/85FB 0A          ASL A                   A:EE00 X:0002 Y:EE00 P:eNvmxdizc
$9B/85FC 90 05       BCC $05    [$8603]      A:DC00 X:0002 Y:EE00 P:eNvmxdizC
$9B/85FE A8          TAY                     A:DC00 X:0002 Y:EE00 P:eNvmxdizC
$9B/85FF 8A          TXA                     A:DC00 X:0002 Y:DC00 P:eNvmxdizC
$9B/8600 04 15       TSB $15    [$00:0015]   A:0002 X:0002 Y:DC00 P:envmxdizC
$9B/8602 98          TYA                     A:0002 X:0002 Y:DC00 P:envmxdiZC
$9B/8603 0A          ASL A                   A:DC00 X:0002 Y:DC00 P:eNvmxdizC
$9B/8604 90 05       BCC $05    [$860B]      A:B800 X:0002 Y:DC00 P:eNvmxdizC
$9B/8606 A8          TAY                     A:B800 X:0002 Y:DC00 P:eNvmxdizC
$9B/8607 8A          TXA                     A:B800 X:0002 Y:B800 P:eNvmxdizC
$9B/8608 04 14       TSB $14    [$00:0014]   A:0002 X:0002 Y:B800 P:envmxdizC
$9B/860A 98          TYA                     A:0002 X:0002 Y:B800 P:envmxdiZC
$9B/860B 0A          ASL A                   A:B800 X:0002 Y:B800 P:eNvmxdizC
$9B/860C 90 05       BCC $05    [$8613]      A:7000 X:0002 Y:B800 P:envmxdizC
$9B/860E A8          TAY                     A:7000 X:0002 Y:B800 P:envmxdizC
$9B/860F 8A          TXA                     A:7000 X:0002 Y:7000 P:envmxdizC
$9B/8610 04 17       TSB $17    [$00:0017]   A:0002 X:0002 Y:7000 P:envmxdizC
$9B/8612 98          TYA                     A:0002 X:0002 Y:7000 P:envmxdiZC
$9B/8613 0A          ASL A                   A:7000 X:0002 Y:7000 P:envmxdizC
$9B/8614 90 05       BCC $05    [$861B]      A:E000 X:0002 Y:7000 P:eNvmxdizc
$9B/861B A8          TAY                     A:E000 X:0002 Y:7000 P:eNvmxdizc
$9B/861C 8A          TXA                     A:E000 X:0002 Y:E000 P:eNvmxdizc
$9B/861D 4A          LSR A                   A:0002 X:0002 Y:E000 P:envmxdizc
$9B/861E AA          TAX                     A:0001 X:0002 Y:E000 P:envmxdizc
$9B/861F E0 10 00    CPX #$0010              A:0001 X:0001 Y:E000 P:envmxdizc
$9B/8622 B0 D6       BCS $D6    [$85FA]      A:0001 X:0001 Y:E000 P:eNvmxdizc
$9B/8624 E0 00 00    CPX #$0000              A:0001 X:0001 Y:E000 P:eNvmxdizc
$9B/8627 F0 0E       BEQ $0E    [$8637]      A:0001 X:0001 Y:E000 P:envmxdizC
$9B/8629 E0 08 00    CPX #$0008              A:0001 X:0001 Y:E000 P:envmxdizC
$9B/862C 90 CC       BCC $CC    [$85FA]      A:0001 X:0001 Y:E000 P:eNvmxdizc
$9B/85FA 98          TYA                     A:0001 X:0001 Y:E000 P:eNvmxdizc
$9B/85FB 0A          ASL A                   A:E000 X:0001 Y:E000 P:eNvmxdizc
$9B/85FC 90 05       BCC $05    [$8603]      A:C000 X:0001 Y:E000 P:eNvmxdizC
$9B/85FE A8          TAY                     A:C000 X:0001 Y:E000 P:eNvmxdizC
$9B/85FF 8A          TXA                     A:C000 X:0001 Y:C000 P:eNvmxdizC
$9B/8600 04 15       TSB $15    [$00:0015]   A:0001 X:0001 Y:C000 P:envmxdizC
$9B/8602 98          TYA                     A:0001 X:0001 Y:C000 P:envmxdiZC
$9B/8603 0A          ASL A                   A:C000 X:0001 Y:C000 P:eNvmxdizC
$9B/8604 90 05       BCC $05    [$860B]      A:8000 X:0001 Y:C000 P:eNvmxdizC
$9B/8606 A8          TAY                     A:8000 X:0001 Y:C000 P:eNvmxdizC
$9B/8607 8A          TXA                     A:8000 X:0001 Y:8000 P:eNvmxdizC
$9B/8608 04 14       TSB $14    [$00:0014]   A:0001 X:0001 Y:8000 P:envmxdizC
$9B/860A 98          TYA                     A:0001 X:0001 Y:8000 P:envmxdiZC
$9B/860B 0A          ASL A                   A:8000 X:0001 Y:8000 P:eNvmxdizC
$9B/860C 90 05       BCC $05    [$8613]      A:0000 X:0001 Y:8000 P:envmxdiZC
$9B/860E A8          TAY                     A:0000 X:0001 Y:8000 P:envmxdiZC
$9B/860F 8A          TXA                     A:0000 X:0001 Y:0000 P:envmxdiZC
$9B/8610 04 17       TSB $17    [$00:0017]   A:0001 X:0001 Y:0000 P:envmxdizC
$9B/8612 98          TYA                     A:0001 X:0001 Y:0000 P:envmxdiZC
$9B/8613 0A          ASL A                   A:0000 X:0001 Y:0000 P:envmxdiZC
$9B/8614 90 05       BCC $05    [$861B]      A:0000 X:0001 Y:0000 P:envmxdiZc
$9B/861B A8          TAY                     A:0000 X:0001 Y:0000 P:envmxdiZc
$9B/861C 8A          TXA                     A:0000 X:0001 Y:0000 P:envmxdiZc
$9B/861D 4A          LSR A                   A:0001 X:0001 Y:0000 P:envmxdizc
$9B/861E AA          TAX                     A:0000 X:0001 Y:0000 P:envmxdiZC
$9B/861F E0 10 00    CPX #$0010              A:0000 X:0000 Y:0000 P:envmxdiZC
$9B/8622 B0 D6       BCS $D6    [$85FA]      A:0000 X:0000 Y:0000 P:eNvmxdizc
$9B/8624 E0 00 00    CPX #$0000              A:0000 X:0000 Y:0000 P:eNvmxdizc
$9B/8627 F0 0E       BEQ $0E    [$8637]      A:0000 X:0000 Y:0000 P:envmxdiZC
$9B/8637 A5 06       LDA $06    [$00:0006]   A:0000 X:0000 Y:0000 P:envmxdiZC
$9B/8639 1A          INC A                   A:0446 X:0000 Y:0000 P:envmxdizC
$9B/863A 1A          INC A                   A:0447 X:0000 Y:0000 P:envmxdizC
$9B/863B A8          TAY                     A:0448 X:0000 Y:0000 P:envmxdizC
$9B/863C 29 10 00    AND #$0010              A:0448 X:0000 Y:0448 P:envmxdizC
$9B/863F F0 06       BEQ $06    [$8647]      A:0000 X:0000 Y:0448 P:envmxdiZC
$9B/8647 84 06       STY $06    [$00:0006]   A:0000 X:0000 Y:0448 P:envmxdiZC
$9B/8649 A5 16       LDA $16    [$00:0016]   A:0000 X:0000 Y:0448 P:envmxdiZC
$9B/864B 91 10       STA ($10),y[$7F:5548]   A:1F70 X:0000 Y:0448 P:envmxdizC
$9B/864D 98          TYA                     A:1F70 X:0000 Y:0448 P:envmxdizC
$9B/864E 18          CLC                     A:0448 X:0000 Y:0448 P:envmxdizC
$9B/864F 69 10 00    ADC #$0010              A:0448 X:0000 Y:0448 P:envmxdizc
$9B/8652 A8          TAY                     A:0458 X:0000 Y:0448 P:envmxdizc
$9B/8653 A5 14       LDA $14    [$00:0014]   A:0458 X:0000 Y:0458 P:envmxdizc
$9B/8655 91 10       STA ($10),y[$7F:5558]   A:3FFF X:0000 Y:0458 P:envmxdizc
$9B/8657 E6 04       INC $04    [$00:0004]   A:3FFF X:0000 Y:0458 P:envmxdizc
$9B/8659 C6 00       DEC $00    [$00:0000]   A:3FFF X:0000 Y:0458 P:envmxdizc
$9B/865B 10 8B       BPL $8B    [$85E8]      A:3FFF X:0000 Y:0458 P:envmxdizc
$9B/85E8 A2 80 00    LDX #$0080              A:3FFF X:0000 Y:0458 P:envmxdizc
$9B/85EB 64 14       STZ $14    [$00:0014]   A:3FFF X:0080 Y:0458 P:envmxdizc
$9B/85ED 64 16       STZ $16    [$00:0016]   A:3FFF X:0080 Y:0458 P:envmxdizc
$9B/85EF A5 04       LDA $04    [$00:0004]   A:3FFF X:0080 Y:0458 P:envmxdizc
$9B/85F1 0A          ASL A                   A:0115 X:0080 Y:0458 P:envmxdizc
$9B/85F2 0A          ASL A                   A:022A X:0080 Y:0458 P:envmxdizc
$9B/85F3 A8          TAY                     A:0454 X:0080 Y:0458 P:envmxdizc
$9B/85F4 B1 0C       LDA ($0C),y[$7F:0454]   A:0454 X:0080 Y:0454 P:envmxdizc
$9B/85F6 F0 E4       BEQ $E4    [$85DC]      A:FF6D X:0080 Y:0454 P:eNvmxdizc
$9B/85F8 EB          XBA                     A:FF6D X:0080 Y:0454 P:eNvmxdizc
$9B/85F9 A8          TAY                     A:6DFF X:0080 Y:0454 P:eNvmxdizc
$9B/85FA 98          TYA                     A:6DFF X:0080 Y:6DFF P:envmxdizc
$9B/85FB 0A          ASL A                   A:6DFF X:0080 Y:6DFF P:envmxdizc
$9B/85FC 90 05       BCC $05    [$8603]      A:DBFE X:0080 Y:6DFF P:eNvmxdizc
$9B/8603 0A          ASL A                   A:DBFE X:0080 Y:6DFF P:eNvmxdizc
$9B/8604 90 05       BCC $05    [$860B]      A:B7FC X:0080 Y:6DFF P:eNvmxdizC
$9B/8606 A8          TAY                     A:B7FC X:0080 Y:6DFF P:eNvmxdizC
$9B/8607 8A          TXA                     A:B7FC X:0080 Y:B7FC P:eNvmxdizC
$9B/8608 04 14       TSB $14    [$00:0014]   A:0080 X:0080 Y:B7FC P:envmxdizC
$9B/860A 98          TYA                     A:0080 X:0080 Y:B7FC P:envmxdiZC
$9B/860B 0A          ASL A                   A:B7FC X:0080 Y:B7FC P:eNvmxdizC
$9B/860C 90 05       BCC $05    [$8613]      A:6FF8 X:0080 Y:B7FC P:envmxdizC
$9B/860E A8          TAY                     A:6FF8 X:0080 Y:B7FC P:envmxdizC
$9B/860F 8A          TXA                     A:6FF8 X:0080 Y:6FF8 P:envmxdizC
$9B/8610 04 17       TSB $17    [$00:0017]   A:0080 X:0080 Y:6FF8 P:envmxdizC
$9B/8612 98          TYA                     A:0080 X:0080 Y:6FF8 P:envmxdiZC
$9B/8613 0A          ASL A                   A:6FF8 X:0080 Y:6FF8 P:envmxdizC
$9B/8614 90 05       BCC $05    [$861B]      A:DFF0 X:0080 Y:6FF8 P:eNvmxdizc
$9B/861B A8          TAY                     A:DFF0 X:0080 Y:6FF8 P:eNvmxdizc
$9B/861C 8A          TXA                     A:DFF0 X:0080 Y:DFF0 P:eNvmxdizc
$9B/861D 4A          LSR A                   A:0080 X:0080 Y:DFF0 P:envmxdizc
$9B/861E AA          TAX                     A:0040 X:0080 Y:DFF0 P:envmxdizc
$9B/861F E0 10 00    CPX #$0010              A:0040 X:0040 Y:DFF0 P:envmxdizc
$9B/8622 B0 D6       BCS $D6    [$85FA]      A:0040 X:0040 Y:DFF0 P:envmxdizC
$9B/85FA 98          TYA                     A:0040 X:0040 Y:DFF0 P:envmxdizC
$9B/85FB 0A          ASL A                   A:DFF0 X:0040 Y:DFF0 P:eNvmxdizC
$9B/85FC 90 05       BCC $05    [$8603]      A:BFE0 X:0040 Y:DFF0 P:eNvmxdizC
$9B/85FE A8          TAY                     A:BFE0 X:0040 Y:DFF0 P:eNvmxdizC
$9B/85FF 8A          TXA                     A:BFE0 X:0040 Y:BFE0 P:eNvmxdizC
$9B/8600 04 15       TSB $15    [$00:0015]   A:0040 X:0040 Y:BFE0 P:envmxdizC
$9B/8602 98          TYA                     A:0040 X:0040 Y:BFE0 P:envmxdiZC
$9B/8603 0A          ASL A                   A:BFE0 X:0040 Y:BFE0 P:eNvmxdizC
$9B/8604 90 05       BCC $05    [$860B]      A:7FC0 X:0040 Y:BFE0 P:envmxdizC
$9B/8606 A8          TAY                     A:7FC0 X:0040 Y:BFE0 P:envmxdizC
$9B/8607 8A          TXA                     A:7FC0 X:0040 Y:7FC0 P:envmxdizC
$9B/8608 04 14       TSB $14    [$00:0014]   A:0040 X:0040 Y:7FC0 P:envmxdizC
$9B/860A 98          TYA                     A:0040 X:0040 Y:7FC0 P:envmxdiZC
$9B/860B 0A          ASL A                   A:7FC0 X:0040 Y:7FC0 P:envmxdizC
$9B/860C 90 05       BCC $05    [$8613]      A:FF80 X:0040 Y:7FC0 P:eNvmxdizc
$9B/8613 0A          ASL A                   A:FF80 X:0040 Y:7FC0 P:eNvmxdizc
$9B/8614 90 05       BCC $05    [$861B]      A:FF00 X:0040 Y:7FC0 P:eNvmxdizC
$9B/8616 A8          TAY                     A:FF00 X:0040 Y:7FC0 P:eNvmxdizC
$9B/8617 8A          TXA                     A:FF00 X:0040 Y:FF00 P:eNvmxdizC
$9B/8618 04 16       TSB $16    [$00:0016]   A:0040 X:0040 Y:FF00 P:envmxdizC
$9B/861A 98          TYA                     A:0040 X:0040 Y:FF00 P:envmxdiZC
$9B/861B A8          TAY                     A:FF00 X:0040 Y:FF00 P:eNvmxdizC
$9B/861C 8A          TXA                     A:FF00 X:0040 Y:FF00 P:eNvmxdizC
$9B/861D 4A          LSR A                   A:0040 X:0040 Y:FF00 P:envmxdizC
$9B/861E AA          TAX                     A:0020 X:0040 Y:FF00 P:envmxdizc
$9B/861F E0 10 00    CPX #$0010              A:0020 X:0020 Y:FF00 P:envmxdizc
$9B/8622 B0 D6       BCS $D6    [$85FA]      A:0020 X:0020 Y:FF00 P:envmxdizC
$9B/85FA 98          TYA                     A:0020 X:0020 Y:FF00 P:envmxdizC
$9B/85FB 0A          ASL A                   A:FF00 X:0020 Y:FF00 P:eNvmxdizC
$9B/85FC 90 05       BCC $05    [$8603]      A:FE00 X:0020 Y:FF00 P:eNvmxdizC
$9B/85FE A8          TAY                     A:FE00 X:0020 Y:FF00 P:eNvmxdizC
$9B/85FF 8A          TXA                     A:FE00 X:0020 Y:FE00 P:eNvmxdizC
$9B/8600 04 15       TSB $15    [$00:0015]   A:0020 X:0020 Y:FE00 P:envmxdizC
$9B/8602 98          TYA                     A:0020 X:0020 Y:FE00 P:envmxdiZC
$9B/8603 0A          ASL A                   A:FE00 X:0020 Y:FE00 P:eNvmxdizC
$9B/8604 90 05       BCC $05    [$860B]      A:FC00 X:0020 Y:FE00 P:eNvmxdizC
$9B/8606 A8          TAY                     A:FC00 X:0020 Y:FE00 P:eNvmxdizC
$9B/8607 8A          TXA                     A:FC00 X:0020 Y:FC00 P:eNvmxdizC
$9B/8608 04 14       TSB $14    [$00:0014]   A:0020 X:0020 Y:FC00 P:envmxdizC
$9B/860A 98          TYA                     A:0020 X:0020 Y:FC00 P:envmxdiZC
$9B/860B 0A          ASL A                   A:FC00 X:0020 Y:FC00 P:eNvmxdizC
$9B/860C 90 05       BCC $05    [$8613]      A:F800 X:0020 Y:FC00 P:eNvmxdizC
$9B/860E A8          TAY                     A:F800 X:0020 Y:FC00 P:eNvmxdizC
$9B/860F 8A          TXA                     A:F800 X:0020 Y:F800 P:eNvmxdizC
$9B/8610 04 17       TSB $17    [$00:0017]   A:0020 X:0020 Y:F800 P:envmxdizC
$9B/8612 98          TYA                     A:0020 X:0020 Y:F800 P:envmxdiZC
$9B/8613 0A          ASL A                   A:F800 X:0020 Y:F800 P:eNvmxdizC
$9B/8614 90 05       BCC $05    [$861B]      A:F000 X:0020 Y:F800 P:eNvmxdizC
$9B/8616 A8          TAY                     A:F000 X:0020 Y:F800 P:eNvmxdizC
$9B/8617 8A          TXA                     A:F000 X:0020 Y:F000 P:eNvmxdizC
$9B/8618 04 16       TSB $16    [$00:0016]   A:0020 X:0020 Y:F000 P:envmxdizC
$9B/861A 98          TYA                     A:0020 X:0020 Y:F000 P:envmxdiZC
$9B/861B A8          TAY                     A:F000 X:0020 Y:F000 P:eNvmxdizC
$9B/861C 8A          TXA                     A:F000 X:0020 Y:F000 P:eNvmxdizC
$9B/861D 4A          LSR A                   A:0020 X:0020 Y:F000 P:envmxdizC
$9B/861E AA          TAX                     A:0010 X:0020 Y:F000 P:envmxdizc
$9B/861F E0 10 00    CPX #$0010              A:0010 X:0010 Y:F000 P:envmxdizc
$9B/8622 B0 D6       BCS $D6    [$85FA]      A:0010 X:0010 Y:F000 P:envmxdiZC
$9B/85FA 98          TYA                     A:0010 X:0010 Y:F000 P:envmxdiZC
$9B/85FB 0A          ASL A                   A:F000 X:0010 Y:F000 P:eNvmxdizC
$9B/85FC 90 05       BCC $05    [$8603]      A:E000 X:0010 Y:F000 P:eNvmxdizC
$9B/85FE A8          TAY                     A:E000 X:0010 Y:F000 P:eNvmxdizC
$9B/85FF 8A          TXA                     A:E000 X:0010 Y:E000 P:eNvmxdizC
$9B/8600 04 15       TSB $15    [$00:0015]   A:0010 X:0010 Y:E000 P:envmxdizC
$9B/8602 98          TYA                     A:0010 X:0010 Y:E000 P:envmxdiZC
$9B/8603 0A          ASL A                   A:E000 X:0010 Y:E000 P:eNvmxdizC
$9B/8604 90 05       BCC $05    [$860B]      A:C000 X:0010 Y:E000 P:eNvmxdizC
$9B/8606 A8          TAY                     A:C000 X:0010 Y:E000 P:eNvmxdizC
$9B/8607 8A          TXA                     A:C000 X:0010 Y:C000 P:eNvmxdizC
$9B/8608 04 14       TSB $14    [$00:0014]   A:0010 X:0010 Y:C000 P:envmxdizC
$9B/860A 98          TYA                     A:0010 X:0010 Y:C000 P:envmxdiZC
$9B/860B 0A          ASL A                   A:C000 X:0010 Y:C000 P:eNvmxdizC
$9B/860C 90 05       BCC $05    [$8613]      A:8000 X:0010 Y:C000 P:eNvmxdizC
$9B/860E A8          TAY                     A:8000 X:0010 Y:C000 P:eNvmxdizC
$9B/860F 8A          TXA                     A:8000 X:0010 Y:8000 P:eNvmxdizC
$9B/8610 04 17       TSB $17    [$00:0017]   A:0010 X:0010 Y:8000 P:envmxdizC
$9B/8612 98          TYA                     A:0010 X:0010 Y:8000 P:envmxdiZC
$9B/8613 0A          ASL A                   A:8000 X:0010 Y:8000 P:eNvmxdizC
$9B/8614 90 05       BCC $05    [$861B]      A:0000 X:0010 Y:8000 P:envmxdiZC
$9B/8616 A8          TAY                     A:0000 X:0010 Y:8000 P:envmxdiZC
$9B/8617 8A          TXA                     A:0000 X:0010 Y:0000 P:envmxdiZC
$9B/8618 04 16       TSB $16    [$00:0016]   A:0010 X:0010 Y:0000 P:envmxdizC
$9B/861A 98          TYA                     A:0010 X:0010 Y:0000 P:envmxdiZC
$9B/861B A8          TAY                     A:0000 X:0010 Y:0000 P:envmxdiZC
$9B/861C 8A          TXA                     A:0000 X:0010 Y:0000 P:envmxdiZC
$9B/861D 4A          LSR A                   A:0010 X:0010 Y:0000 P:envmxdizC
$9B/861E AA          TAX                     A:0008 X:0010 Y:0000 P:envmxdizc
$9B/861F E0 10 00    CPX #$0010              A:0008 X:0008 Y:0000 P:envmxdizc
$9B/8622 B0 D6       BCS $D6    [$85FA]      A:0008 X:0008 Y:0000 P:eNvmxdizc
$9B/8624 E0 00 00    CPX #$0000              A:0008 X:0008 Y:0000 P:eNvmxdizc
$9B/8627 F0 0E       BEQ $0E    [$8637]      A:0008 X:0008 Y:0000 P:envmxdizC
$9B/8629 E0 08 00    CPX #$0008              A:0008 X:0008 Y:0000 P:envmxdizC
$9B/862C 90 CC       BCC $CC    [$85FA]      A:0008 X:0008 Y:0000 P:envmxdiZC
$9B/862E A5 04       LDA $04    [$00:0004]   A:0008 X:0008 Y:0000 P:envmxdiZC
$9B/8630 0A          ASL A                   A:0115 X:0008 Y:0000 P:envmxdizC
$9B/8631 0A          ASL A                   A:022A X:0008 Y:0000 P:envmxdizc
$9B/8632 A8          TAY                     A:0454 X:0008 Y:0000 P:envmxdizc
$9B/8633 C8          INY                     A:0454 X:0008 Y:0454 P:envmxdizc
$9B/8634 C8          INY                     A:0454 X:0008 Y:0455 P:envmxdizc
$9B/8635 80 BD       BRA $BD    [$85F4]      A:0454 X:0008 Y:0456 P:envmxdizc
$9B/85F4 B1 0C       LDA ($0C),y[$7F:0456]   A:0454 X:0008 Y:0456 P:envmxdizc
$9B/85F6 F0 E4       BEQ $E4    [$85DC]      A:EEEE X:0008 Y:0456 P:eNvmxdizc
$9B/85F8 EB          XBA                     A:EEEE X:0008 Y:0456 P:eNvmxdizc
$9B/85F9 A8          TAY                     A:EEEE X:0008 Y:0456 P:eNvmxdizc
$9B/85FA 98          TYA                     A:EEEE X:0008 Y:EEEE P:eNvmxdizc
$9B/85FB 0A          ASL A                   A:EEEE X:0008 Y:EEEE P:eNvmxdizc
$9B/85FC 90 05       BCC $05    [$8603]      A:DDDC X:0008 Y:EEEE P:eNvmxdizC
$9B/85FE A8          TAY                     A:DDDC X:0008 Y:EEEE P:eNvmxdizC
$9B/85FF 8A          TXA                     A:DDDC X:0008 Y:DDDC P:eNvmxdizC
$9B/8600 04 15       TSB $15    [$00:0015]   A:0008 X:0008 Y:DDDC P:envmxdizC
$9B/8602 98          TYA                     A:0008 X:0008 Y:DDDC P:envmxdiZC
$9B/8603 0A          ASL A                   A:DDDC X:0008 Y:DDDC P:eNvmxdizC
$9B/8604 90 05       BCC $05    [$860B]      A:BBB8 X:0008 Y:DDDC P:eNvmxdizC
$9B/8606 A8          TAY                     A:BBB8 X:0008 Y:DDDC P:eNvmxdizC
$9B/8607 8A          TXA                     A:BBB8 X:0008 Y:BBB8 P:eNvmxdizC
$9B/8608 04 14       TSB $14    [$00:0014]   A:0008 X:0008 Y:BBB8 P:envmxdizC
$9B/860A 98          TYA                     A:0008 X:0008 Y:BBB8 P:envmxdiZC
$9B/860B 0A          ASL A                   A:BBB8 X:0008 Y:BBB8 P:eNvmxdizC
$9B/860C 90 05       BCC $05    [$8613]      A:7770 X:0008 Y:BBB8 P:envmxdizC
$9B/860E A8          TAY                     A:7770 X:0008 Y:BBB8 P:envmxdizC
$9B/860F 8A          TXA                     A:7770 X:0008 Y:7770 P:envmxdizC
$9B/8610 04 17       TSB $17    [$00:0017]   A:0008 X:0008 Y:7770 P:envmxdizC
$9B/8612 98          TYA                     A:0008 X:0008 Y:7770 P:envmxdiZC
$9B/8613 0A          ASL A                   A:7770 X:0008 Y:7770 P:envmxdizC
$9B/8614 90 05       BCC $05    [$861B]      A:EEE0 X:0008 Y:7770 P:eNvmxdizc
$9B/861B A8          TAY                     A:EEE0 X:0008 Y:7770 P:eNvmxdizc
$9B/861C 8A          TXA                     A:EEE0 X:0008 Y:EEE0 P:eNvmxdizc
$9B/861D 4A          LSR A                   A:0008 X:0008 Y:EEE0 P:envmxdizc
$9B/861E AA          TAX                     A:0004 X:0008 Y:EEE0 P:envmxdizc
$9B/861F E0 10 00    CPX #$0010              A:0004 X:0004 Y:EEE0 P:envmxdizc
$9B/8622 B0 D6       BCS $D6    [$85FA]      A:0004 X:0004 Y:EEE0 P:eNvmxdizc
$9B/8624 E0 00 00    CPX #$0000              A:0004 X:0004 Y:EEE0 P:eNvmxdizc
$9B/8627 F0 0E       BEQ $0E    [$8637]      A:0004 X:0004 Y:EEE0 P:envmxdizC
$9B/8629 E0 08 00    CPX #$0008              A:0004 X:0004 Y:EEE0 P:envmxdizC
$9B/862C 90 CC       BCC $CC    [$85FA]      A:0004 X:0004 Y:EEE0 P:eNvmxdizc
$9B/85FA 98          TYA                     A:0004 X:0004 Y:EEE0 P:eNvmxdizc
$9B/85FB 0A          ASL A                   A:EEE0 X:0004 Y:EEE0 P:eNvmxdizc
$9B/85FC 90 05       BCC $05    [$8603]      A:DDC0 X:0004 Y:EEE0 P:eNvmxdizC
$9B/85FE A8          TAY                     A:DDC0 X:0004 Y:EEE0 P:eNvmxdizC
$9B/85FF 8A          TXA                     A:DDC0 X:0004 Y:DDC0 P:eNvmxdizC
$9B/8600 04 15       TSB $15    [$00:0015]   A:0004 X:0004 Y:DDC0 P:envmxdizC
$9B/8602 98          TYA                     A:0004 X:0004 Y:DDC0 P:envmxdiZC
$9B/8603 0A          ASL A                   A:DDC0 X:0004 Y:DDC0 P:eNvmxdizC
$9B/8604 90 05       BCC $05    [$860B]      A:BB80 X:0004 Y:DDC0 P:eNvmxdizC
$9B/8606 A8          TAY                     A:BB80 X:0004 Y:DDC0 P:eNvmxdizC
$9B/8607 8A          TXA                     A:BB80 X:0004 Y:BB80 P:eNvmxdizC
$9B/8608 04 14       TSB $14    [$00:0014]   A:0004 X:0004 Y:BB80 P:envmxdizC
$9B/860A 98          TYA                     A:0004 X:0004 Y:BB80 P:envmxdiZC
$9B/860B 0A          ASL A                   A:BB80 X:0004 Y:BB80 P:eNvmxdizC
$9B/860C 90 05       BCC $05    [$8613]      A:7700 X:0004 Y:BB80 P:envmxdizC
$9B/860E A8          TAY                     A:7700 X:0004 Y:BB80 P:envmxdizC
$9B/860F 8A          TXA                     A:7700 X:0004 Y:7700 P:envmxdizC
$9B/8610 04 17       TSB $17    [$00:0017]   A:0004 X:0004 Y:7700 P:envmxdizC
$9B/8612 98          TYA                     A:0004 X:0004 Y:7700 P:envmxdiZC
$9B/8613 0A          ASL A                   A:7700 X:0004 Y:7700 P:envmxdizC
$9B/8614 90 05       BCC $05    [$861B]      A:EE00 X:0004 Y:7700 P:eNvmxdizc
$9B/861B A8          TAY                     A:EE00 X:0004 Y:7700 P:eNvmxdizc
$9B/861C 8A          TXA                     A:EE00 X:0004 Y:EE00 P:eNvmxdizc
$9B/861D 4A          LSR A                   A:0004 X:0004 Y:EE00 P:envmxdizc
$9B/861E AA          TAX                     A:0002 X:0004 Y:EE00 P:envmxdizc
$9B/861F E0 10 00    CPX #$0010              A:0002 X:0002 Y:EE00 P:envmxdizc
$9B/8622 B0 D6       BCS $D6    [$85FA]      A:0002 X:0002 Y:EE00 P:eNvmxdizc
$9B/8624 E0 00 00    CPX #$0000              A:0002 X:0002 Y:EE00 P:eNvmxdizc
$9B/8627 F0 0E       BEQ $0E    [$8637]      A:0002 X:0002 Y:EE00 P:envmxdizC
$9B/8629 E0 08 00    CPX #$0008              A:0002 X:0002 Y:EE00 P:envmxdizC
$9B/862C 90 CC       BCC $CC    [$85FA]      A:0002 X:0002 Y:EE00 P:eNvmxdizc
$9B/85FA 98          TYA                     A:0002 X:0002 Y:EE00 P:eNvmxdizc
$9B/85FB 0A          ASL A                   A:EE00 X:0002 Y:EE00 P:eNvmxdizc
$9B/85FC 90 05       BCC $05    [$8603]      A:DC00 X:0002 Y:EE00 P:eNvmxdizC
$9B/85FE A8          TAY                     A:DC00 X:0002 Y:EE00 P:eNvmxdizC
$9B/85FF 8A          TXA                     A:DC00 X:0002 Y:DC00 P:eNvmxdizC
$9B/8600 04 15       TSB $15    [$00:0015]   A:0002 X:0002 Y:DC00 P:envmxdizC
$9B/8602 98          TYA                     A:0002 X:0002 Y:DC00 P:envmxdiZC
$9B/8603 0A          ASL A                   A:DC00 X:0002 Y:DC00 P:eNvmxdizC
$9B/8604 90 05       BCC $05    [$860B]      A:B800 X:0002 Y:DC00 P:eNvmxdizC
$9B/8606 A8          TAY                     A:B800 X:0002 Y:DC00 P:eNvmxdizC
$9B/8607 8A          TXA                     A:B800 X:0002 Y:B800 P:eNvmxdizC
$9B/8608 04 14       TSB $14    [$00:0014]   A:0002 X:0002 Y:B800 P:envmxdizC
$9B/860A 98          TYA                     A:0002 X:0002 Y:B800 P:envmxdiZC
$9B/860B 0A          ASL A                   A:B800 X:0002 Y:B800 P:eNvmxdizC
$9B/860C 90 05       BCC $05    [$8613]      A:7000 X:0002 Y:B800 P:envmxdizC
$9B/860E A8          TAY                     A:7000 X:0002 Y:B800 P:envmxdizC
$9B/860F 8A          TXA                     A:7000 X:0002 Y:7000 P:envmxdizC
$9B/8610 04 17       TSB $17    [$00:0017]   A:0002 X:0002 Y:7000 P:envmxdizC
$9B/8612 98          TYA                     A:0002 X:0002 Y:7000 P:envmxdiZC
$9B/8613 0A          ASL A                   A:7000 X:0002 Y:7000 P:envmxdizC
$9B/8614 90 05       BCC $05    [$861B]      A:E000 X:0002 Y:7000 P:eNvmxdizc
$9B/861B A8          TAY                     A:E000 X:0002 Y:7000 P:eNvmxdizc
$9B/861C 8A          TXA                     A:E000 X:0002 Y:E000 P:eNvmxdizc
$9B/861D 4A          LSR A                   A:0002 X:0002 Y:E000 P:envmxdizc
$9B/861E AA          TAX                     A:0001 X:0002 Y:E000 P:envmxdizc
$9B/861F E0 10 00    CPX #$0010              A:0001 X:0001 Y:E000 P:envmxdizc
$9B/8622 B0 D6       BCS $D6    [$85FA]      A:0001 X:0001 Y:E000 P:eNvmxdizc
$9B/8624 E0 00 00    CPX #$0000              A:0001 X:0001 Y:E000 P:eNvmxdizc
$9B/8627 F0 0E       BEQ $0E    [$8637]      A:0001 X:0001 Y:E000 P:envmxdizC
$9B/8629 E0 08 00    CPX #$0008              A:0001 X:0001 Y:E000 P:envmxdizC
$9B/862C 90 CC       BCC $CC    [$85FA]      A:0001 X:0001 Y:E000 P:eNvmxdizc
$9B/85FA 98          TYA                     A:0001 X:0001 Y:E000 P:eNvmxdizc
$9B/85FB 0A          ASL A                   A:E000 X:0001 Y:E000 P:eNvmxdizc
$9B/85FC 90 05       BCC $05    [$8603]      A:C000 X:0001 Y:E000 P:eNvmxdizC
$9B/85FE A8          TAY                     A:C000 X:0001 Y:E000 P:eNvmxdizC
$9B/85FF 8A          TXA                     A:C000 X:0001 Y:C000 P:eNvmxdizC
$9B/8600 04 15       TSB $15    [$00:0015]   A:0001 X:0001 Y:C000 P:envmxdizC
$9B/8602 98          TYA                     A:0001 X:0001 Y:C000 P:envmxdiZC
$9B/8603 0A          ASL A                   A:C000 X:0001 Y:C000 P:eNvmxdizC
$9B/8604 90 05       BCC $05    [$860B]      A:8000 X:0001 Y:C000 P:eNvmxdizC
$9B/8606 A8          TAY                     A:8000 X:0001 Y:C000 P:eNvmxdizC
$9B/8607 8A          TXA                     A:8000 X:0001 Y:8000 P:eNvmxdizC
$9B/8608 04 14       TSB $14    [$00:0014]   A:0001 X:0001 Y:8000 P:envmxdizC
$9B/860A 98          TYA                     A:0001 X:0001 Y:8000 P:envmxdiZC
$9B/860B 0A          ASL A                   A:8000 X:0001 Y:8000 P:eNvmxdizC
$9B/860C 90 05       BCC $05    [$8613]      A:0000 X:0001 Y:8000 P:envmxdiZC
$9B/860E A8          TAY                     A:0000 X:0001 Y:8000 P:envmxdiZC
$9B/860F 8A          TXA                     A:0000 X:0001 Y:0000 P:envmxdiZC
$9B/8610 04 17       TSB $17    [$00:0017]   A:0001 X:0001 Y:0000 P:envmxdizC
$9B/8612 98          TYA                     A:0001 X:0001 Y:0000 P:envmxdiZC
$9B/8613 0A          ASL A                   A:0000 X:0001 Y:0000 P:envmxdiZC
$9B/8614 90 05       BCC $05    [$861B]      A:0000 X:0001 Y:0000 P:envmxdiZc
$9B/861B A8          TAY                     A:0000 X:0001 Y:0000 P:envmxdiZc
$9B/861C 8A          TXA                     A:0000 X:0001 Y:0000 P:envmxdiZc
$9B/861D 4A          LSR A                   A:0001 X:0001 Y:0000 P:envmxdizc
$9B/861E AA          TAX                     A:0000 X:0001 Y:0000 P:envmxdiZC
$9B/861F E0 10 00    CPX #$0010              A:0000 X:0000 Y:0000 P:envmxdiZC
$9B/8622 B0 D6       BCS $D6    [$85FA]      A:0000 X:0000 Y:0000 P:eNvmxdizc
$9B/8624 E0 00 00    CPX #$0000              A:0000 X:0000 Y:0000 P:eNvmxdizc
$9B/8627 F0 0E       BEQ $0E    [$8637]      A:0000 X:0000 Y:0000 P:envmxdiZC
$9B/8637 A5 06       LDA $06    [$00:0006]   A:0000 X:0000 Y:0000 P:envmxdiZC
$9B/8639 1A          INC A                   A:0448 X:0000 Y:0000 P:envmxdizC
$9B/863A 1A          INC A                   A:0449 X:0000 Y:0000 P:envmxdizC
$9B/863B A8          TAY                     A:044A X:0000 Y:0000 P:envmxdizC
$9B/863C 29 10 00    AND #$0010              A:044A X:0000 Y:044A P:envmxdizC
$9B/863F F0 06       BEQ $06    [$8647]      A:0000 X:0000 Y:044A P:envmxdiZC
$9B/8647 84 06       STY $06    [$00:0006]   A:0000 X:0000 Y:044A P:envmxdiZC
$9B/8649 A5 16       LDA $16    [$00:0016]   A:0000 X:0000 Y:044A P:envmxdiZC
$9B/864B 91 10       STA ($10),y[$7F:554A]   A:BF70 X:0000 Y:044A P:eNvmxdizC
$9B/864D 98          TYA                     A:BF70 X:0000 Y:044A P:eNvmxdizC
$9B/864E 18          CLC                     A:044A X:0000 Y:044A P:envmxdizC
$9B/864F 69 10 00    ADC #$0010              A:044A X:0000 Y:044A P:envmxdizc
$9B/8652 A8          TAY                     A:045A X:0000 Y:044A P:envmxdizc
$9B/8653 A5 14       LDA $14    [$00:0014]   A:045A X:0000 Y:045A P:envmxdizc
$9B/8655 91 10       STA ($10),y[$7F:555A]   A:7FFF X:0000 Y:045A P:envmxdizc
$9B/8657 E6 04       INC $04    [$00:0004]   A:7FFF X:0000 Y:045A P:envmxdizc
$9B/8659 C6 00       DEC $00    [$00:0000]   A:7FFF X:0000 Y:045A P:envmxdizc
$9B/865B 10 8B       BPL $8B    [$85E8]      A:7FFF X:0000 Y:045A P:envmxdizc
$9B/85E8 A2 80 00    LDX #$0080              A:7FFF X:0000 Y:045A P:envmxdizc
$9B/85EB 64 14       STZ $14    [$00:0014]   A:7FFF X:0080 Y:045A P:envmxdizc
$9B/85ED 64 16       STZ $16    [$00:0016]   A:7FFF X:0080 Y:045A P:envmxdizc
$9B/85EF A5 04       LDA $04    [$00:0004]   A:7FFF X:0080 Y:045A P:envmxdizc
$9B/85F1 0A          ASL A                   A:0116 X:0080 Y:045A P:envmxdizc
$9B/85F2 0A          ASL A                   A:022C X:0080 Y:045A P:envmxdizc
$9B/85F3 A8          TAY                     A:0458 X:0080 Y:045A P:envmxdizc
$9B/85F4 B1 0C       LDA ($0C),y[$7F:0458]   A:0458 X:0080 Y:0458 P:envmxdizc
$9B/85F6 F0 E4       BEQ $E4    [$85DC]      A:FEDF X:0080 Y:0458 P:eNvmxdizc
$9B/85F8 EB          XBA                     A:FEDF X:0080 Y:0458 P:eNvmxdizc
$9B/85F9 A8          TAY                     A:DFFE X:0080 Y:0458 P:eNvmxdizc
$9B/85FA 98          TYA                     A:DFFE X:0080 Y:DFFE P:eNvmxdizc
$9B/85FB 0A          ASL A                   A:DFFE X:0080 Y:DFFE P:eNvmxdizc
$9B/85FC 90 05       BCC $05    [$8603]      A:BFFC X:0080 Y:DFFE P:eNvmxdizC
$9B/85FE A8          TAY                     A:BFFC X:0080 Y:DFFE P:eNvmxdizC
$9B/85FF 8A          TXA                     A:BFFC X:0080 Y:BFFC P:eNvmxdizC
$9B/8600 04 15       TSB $15    [$00:0015]   A:0080 X:0080 Y:BFFC P:envmxdizC
$9B/8602 98          TYA                     A:0080 X:0080 Y:BFFC P:envmxdiZC
$9B/8603 0A          ASL A                   A:BFFC X:0080 Y:BFFC P:eNvmxdizC
$9B/8604 90 05       BCC $05    [$860B]      A:7FF8 X:0080 Y:BFFC P:envmxdizC
$9B/8606 A8          TAY                     A:7FF8 X:0080 Y:BFFC P:envmxdizC
$9B/8607 8A          TXA                     A:7FF8 X:0080 Y:7FF8 P:envmxdizC
$9B/8608 04 14       TSB $14    [$00:0014]   A:0080 X:0080 Y:7FF8 P:envmxdizC
$9B/860A 98          TYA                     A:0080 X:0080 Y:7FF8 P:envmxdiZC
$9B/860B 0A          ASL A                   A:7FF8 X:0080 Y:7FF8 P:envmxdizC
$9B/860C 90 05       BCC $05    [$8613]      A:FFF0 X:0080 Y:7FF8 P:eNvmxdizc
$9B/8613 0A          ASL A                   A:FFF0 X:0080 Y:7FF8 P:eNvmxdizc
$9B/8614 90 05       BCC $05    [$861B]      A:FFE0 X:0080 Y:7FF8 P:eNvmxdizC
$9B/8616 A8          TAY                     A:FFE0 X:0080 Y:7FF8 P:eNvmxdizC
$9B/8617 8A          TXA                     A:FFE0 X:0080 Y:FFE0 P:eNvmxdizC
$9B/8618 04 16       TSB $16    [$00:0016]   A:0080 X:0080 Y:FFE0 P:envmxdizC
$9B/861A 98          TYA                     A:0080 X:0080 Y:FFE0 P:envmxdiZC
$9B/861B A8          TAY                     A:FFE0 X:0080 Y:FFE0 P:eNvmxdizC
$9B/861C 8A          TXA                     A:FFE0 X:0080 Y:FFE0 P:eNvmxdizC
$9B/861D 4A          LSR A                   A:0080 X:0080 Y:FFE0 P:envmxdizC
$9B/861E AA          TAX                     A:0040 X:0080 Y:FFE0 P:envmxdizc
$9B/861F E0 10 00    CPX #$0010              A:0040 X:0040 Y:FFE0 P:envmxdizc
$9B/8622 B0 D6       BCS $D6    [$85FA]      A:0040 X:0040 Y:FFE0 P:envmxdizC
$9B/85FA 98          TYA                     A:0040 X:0040 Y:FFE0 P:envmxdizC
$9B/85FB 0A          ASL A                   A:FFE0 X:0040 Y:FFE0 P:eNvmxdizC
$9B/85FC 90 05       BCC $05    [$8603]      A:FFC0 X:0040 Y:FFE0 P:eNvmxdizC
$9B/85FE A8          TAY                     A:FFC0 X:0040 Y:FFE0 P:eNvmxdizC
$9B/85FF 8A          TXA                     A:FFC0 X:0040 Y:FFC0 P:eNvmxdizC
$9B/8600 04 15       TSB $15    [$00:0015]   A:0040 X:0040 Y:FFC0 P:envmxdizC
$9B/8602 98          TYA                     A:0040 X:0040 Y:FFC0 P:envmxdiZC
$9B/8603 0A          ASL A                   A:FFC0 X:0040 Y:FFC0 P:eNvmxdizC
$9B/8604 90 05       BCC $05    [$860B]      A:FF80 X:0040 Y:FFC0 P:eNvmxdizC
$9B/8606 A8          TAY                     A:FF80 X:0040 Y:FFC0 P:eNvmxdizC
$9B/8607 8A          TXA                     A:FF80 X:0040 Y:FF80 P:eNvmxdizC
$9B/8608 04 14       TSB $14    [$00:0014]   A:0040 X:0040 Y:FF80 P:envmxdizC
$9B/860A 98          TYA                     A:0040 X:0040 Y:FF80 P:envmxdiZC
$9B/860B 0A          ASL A                   A:FF80 X:0040 Y:FF80 P:eNvmxdizC
$9B/860C 90 05       BCC $05    [$8613]      A:FF00 X:0040 Y:FF80 P:eNvmxdizC
$9B/860E A8          TAY                     A:FF00 X:0040 Y:FF80 P:eNvmxdizC
$9B/860F 8A          TXA                     A:FF00 X:0040 Y:FF00 P:eNvmxdizC
$9B/8610 04 17       TSB $17    [$00:0017]   A:0040 X:0040 Y:FF00 P:envmxdizC
$9B/8612 98          TYA                     A:0040 X:0040 Y:FF00 P:envmxdiZC
$9B/8613 0A          ASL A                   A:FF00 X:0040 Y:FF00 P:eNvmxdizC
$9B/8614 90 05       BCC $05    [$861B]      A:FE00 X:0040 Y:FF00 P:eNvmxdizC
$9B/8616 A8          TAY                     A:FE00 X:0040 Y:FF00 P:eNvmxdizC
$9B/8617 8A          TXA                     A:FE00 X:0040 Y:FE00 P:eNvmxdizC
$9B/8618 04 16       TSB $16    [$00:0016]   A:0040 X:0040 Y:FE00 P:envmxdizC
$9B/861A 98          TYA                     A:0040 X:0040 Y:FE00 P:envmxdiZC
$9B/861B A8          TAY                     A:FE00 X:0040 Y:FE00 P:eNvmxdizC
$9B/861C 8A          TXA                     A:FE00 X:0040 Y:FE00 P:eNvmxdizC
$9B/861D 4A          LSR A                   A:0040 X:0040 Y:FE00 P:envmxdizC
$9B/861E AA          TAX                     A:0020 X:0040 Y:FE00 P:envmxdizc
$9B/861F E0 10 00    CPX #$0010              A:0020 X:0020 Y:FE00 P:envmxdizc
$9B/8622 B0 D6       BCS $D6    [$85FA]      A:0020 X:0020 Y:FE00 P:envmxdizC
$9B/85FA 98          TYA                     A:0020 X:0020 Y:FE00 P:envmxdizC
$9B/85FB 0A          ASL A                   A:FE00 X:0020 Y:FE00 P:eNvmxdizC
$9B/85FC 90 05       BCC $05    [$8603]      A:FC00 X:0020 Y:FE00 P:eNvmxdizC
$9B/85FE A8          TAY                     A:FC00 X:0020 Y:FE00 P:eNvmxdizC
$9B/85FF 8A          TXA                     A:FC00 X:0020 Y:FC00 P:eNvmxdizC
$9B/8600 04 15       TSB $15    [$00:0015]   A:0020 X:0020 Y:FC00 P:envmxdizC
$9B/8602 98          TYA                     A:0020 X:0020 Y:FC00 P:envmxdiZC
$9B/8603 0A          ASL A                   A:FC00 X:0020 Y:FC00 P:eNvmxdizC
$9B/8604 90 05       BCC $05    [$860B]      A:F800 X:0020 Y:FC00 P:eNvmxdizC
$9B/8606 A8          TAY                     A:F800 X:0020 Y:FC00 P:eNvmxdizC
$9B/8607 8A          TXA                     A:F800 X:0020 Y:F800 P:eNvmxdizC
$9B/8608 04 14       TSB $14    [$00:0014]   A:0020 X:0020 Y:F800 P:envmxdizC
$9B/860A 98          TYA                     A:0020 X:0020 Y:F800 P:envmxdiZC
$9B/860B 0A          ASL A                   A:F800 X:0020 Y:F800 P:eNvmxdizC
$9B/860C 90 05       BCC $05    [$8613]      A:F000 X:0020 Y:F800 P:eNvmxdizC
$9B/860E A8          TAY                     A:F000 X:0020 Y:F800 P:eNvmxdizC
$9B/860F 8A          TXA                     A:F000 X:0020 Y:F000 P:eNvmxdizC
$9B/8610 04 17       TSB $17    [$00:0017]   A:0020 X:0020 Y:F000 P:envmxdizC
$9B/8612 98          TYA                     A:0020 X:0020 Y:F000 P:envmxdiZC
$9B/8613 0A          ASL A                   A:F000 X:0020 Y:F000 P:eNvmxdizC
$9B/8614 90 05       BCC $05    [$861B]      A:E000 X:0020 Y:F000 P:eNvmxdizC
$9B/8616 A8          TAY                     A:E000 X:0020 Y:F000 P:eNvmxdizC
$9B/8617 8A          TXA                     A:E000 X:0020 Y:E000 P:eNvmxdizC
$9B/8618 04 16       TSB $16    [$00:0016]   A:0020 X:0020 Y:E000 P:envmxdizC
$9B/861A 98          TYA                     A:0020 X:0020 Y:E000 P:envmxdiZC
$9B/861B A8          TAY                     A:E000 X:0020 Y:E000 P:eNvmxdizC
$9B/861C 8A          TXA                     A:E000 X:0020 Y:E000 P:eNvmxdizC
$9B/861D 4A          LSR A                   A:0020 X:0020 Y:E000 P:envmxdizC
$9B/861E AA          TAX                     A:0010 X:0020 Y:E000 P:envmxdizc
$9B/861F E0 10 00    CPX #$0010              A:0010 X:0010 Y:E000 P:envmxdizc
$9B/8622 B0 D6       BCS $D6    [$85FA]      A:0010 X:0010 Y:E000 P:envmxdiZC
$9B/85FA 98          TYA                     A:0010 X:0010 Y:E000 P:envmxdiZC
$9B/85FB 0A          ASL A                   A:E000 X:0010 Y:E000 P:eNvmxdizC
$9B/85FC 90 05       BCC $05    [$8603]      A:C000 X:0010 Y:E000 P:eNvmxdizC
$9B/85FE A8          TAY                     A:C000 X:0010 Y:E000 P:eNvmxdizC
$9B/85FF 8A          TXA                     A:C000 X:0010 Y:C000 P:eNvmxdizC
$9B/8600 04 15       TSB $15    [$00:0015]   A:0010 X:0010 Y:C000 P:envmxdizC
$9B/8602 98          TYA                     A:0010 X:0010 Y:C000 P:envmxdiZC
$9B/8603 0A          ASL A                   A:C000 X:0010 Y:C000 P:eNvmxdizC
$9B/8604 90 05       BCC $05    [$860B]      A:8000 X:0010 Y:C000 P:eNvmxdizC
$9B/8606 A8          TAY                     A:8000 X:0010 Y:C000 P:eNvmxdizC
$9B/8607 8A          TXA                     A:8000 X:0010 Y:8000 P:eNvmxdizC
$9B/8608 04 14       TSB $14    [$00:0014]   A:0010 X:0010 Y:8000 P:envmxdizC
$9B/860A 98          TYA                     A:0010 X:0010 Y:8000 P:envmxdiZC
$9B/860B 0A          ASL A                   A:8000 X:0010 Y:8000 P:eNvmxdizC
$9B/860C 90 05       BCC $05    [$8613]      A:0000 X:0010 Y:8000 P:envmxdiZC
$9B/860E A8          TAY                     A:0000 X:0010 Y:8000 P:envmxdiZC
$9B/860F 8A          TXA                     A:0000 X:0010 Y:0000 P:envmxdiZC
$9B/8610 04 17       TSB $17    [$00:0017]   A:0010 X:0010 Y:0000 P:envmxdizC
$9B/8612 98          TYA                     A:0010 X:0010 Y:0000 P:envmxdiZC
$9B/8613 0A          ASL A                   A:0000 X:0010 Y:0000 P:envmxdiZC
$9B/8614 90 05       BCC $05    [$861B]      A:0000 X:0010 Y:0000 P:envmxdiZc
$9B/861B A8          TAY                     A:0000 X:0010 Y:0000 P:envmxdiZc
$9B/861C 8A          TXA                     A:0000 X:0010 Y:0000 P:envmxdiZc
$9B/861D 4A          LSR A                   A:0010 X:0010 Y:0000 P:envmxdizc
$9B/861E AA          TAX                     A:0008 X:0010 Y:0000 P:envmxdizc
$9B/861F E0 10 00    CPX #$0010              A:0008 X:0008 Y:0000 P:envmxdizc
$9B/8622 B0 D6       BCS $D6    [$85FA]      A:0008 X:0008 Y:0000 P:eNvmxdizc
$9B/8624 E0 00 00    CPX #$0000              A:0008 X:0008 Y:0000 P:eNvmxdizc
$9B/8627 F0 0E       BEQ $0E    [$8637]      A:0008 X:0008 Y:0000 P:envmxdizC
$9B/8629 E0 08 00    CPX #$0008              A:0008 X:0008 Y:0000 P:envmxdizC
$9B/862C 90 CC       BCC $CC    [$85FA]      A:0008 X:0008 Y:0000 P:envmxdiZC
$9B/862E A5 04       LDA $04    [$00:0004]   A:0008 X:0008 Y:0000 P:envmxdiZC
$9B/8630 0A          ASL A                   A:0116 X:0008 Y:0000 P:envmxdizC
$9B/8631 0A          ASL A                   A:022C X:0008 Y:0000 P:envmxdizc
$9B/8632 A8          TAY                     A:0458 X:0008 Y:0000 P:envmxdizc
$9B/8633 C8          INY                     A:0458 X:0008 Y:0458 P:envmxdizc
$9B/8634 C8          INY                     A:0458 X:0008 Y:0459 P:envmxdizc
$9B/8635 80 BD       BRA $BD    [$85F4]      A:0458 X:0008 Y:045A P:envmxdizc
$9B/85F4 B1 0C       LDA ($0C),y[$7F:045A]   A:0458 X:0008 Y:045A P:envmxdizc
*** NMI
$00/8147 5C 4B 81 80 JMP $80814B[$80:814B]   A:EEEE X:0008 Y:045A P:eNvmxdIzc
$80/814B C2 30       REP #$30                A:EEEE X:0008 Y:045A P:eNvmxdIzc
$80/814D 8B          PHB                     A:EEEE X:0008 Y:045A P:eNvmxdIzc
$80/814E 4B          PHK                     A:EEEE X:0008 Y:045A P:eNvmxdIzc
$80/814F AB          PLB                     A:EEEE X:0008 Y:045A P:eNvmxdIzc
$80/8150 48          PHA                     A:EEEE X:0008 Y:045A P:eNvmxdIzc
$80/8151 58          CLI                     A:EEEE X:0008 Y:045A P:eNvmxdIzc
$80/8152 A9 00 00    LDA #$0000              A:EEEE X:0008 Y:045A P:eNvmxdizc
$80/8155 5B          TCD                     A:0000 X:0008 Y:045A P:envmxdiZc
$80/8156 AD 10 42    LDA $4210  [$80:4210]   A:0000 X:0008 Y:045A P:envmxdiZc
$80/8159 A5 38       LDA $38    [$00:0038]   A:42C2 X:0008 Y:045A P:envmxdizc
$80/815B F0 03       BEQ $03    [$8160]      A:0000 X:0008 Y:045A P:envmxdiZc
$80/8160 DA          PHX                     A:0000 X:0008 Y:045A P:envmxdiZc
$80/8161 5A          PHY                     A:0000 X:0008 Y:045A P:envmxdiZc
$80/8162 A9 D3 16    LDA #$16D3              A:0000 X:0008 Y:045A P:envmxdiZc
$80/8165 85 3E       STA $3E    [$00:003E]   A:16D3 X:0008 Y:045A P:envmxdizc
$80/8167 E2 10       SEP #$10                A:16D3 X:0008 Y:045A P:envmxdizc
$80/8169 AE 74 07    LDX $0774  [$80:0774]   A:16D3 X:0008 Y:005A P:envmXdizc
$80/816C F0 0F       BEQ $0F    [$817D]      A:16D3 X:0000 Y:005A P:envmXdiZc
$80/817D A2 80       LDX #$80                A:16D3 X:0000 Y:005A P:envmXdiZc
$80/817F DA          PHX                     A:16D3 X:0080 Y:005A P:eNvmXdizc
$80/8180 F4 85 81    PEA $8185               A:16D3 X:0080 Y:005A P:eNvmXdizc
$80/8183 DC 8C 07    JML [$078C][$80:8019]   A:16D3 X:0080 Y:005A P:eNvmXdizc
$80/8019 6B          RTL                     A:16D3 X:0080 Y:005A P:eNvmXdizc


$80/8186 C2 30       REP #$30                A:16D3 X:0080 Y:005A P:eNvmXdizc
$80/8188 AD D2 07    LDA $07D2  [$80:07D2]   A:16D3 X:0080 Y:005A P:eNvmxdizc
$80/818B 8D 09 42    STA $4209  [$80:4209]   A:0008 X:0080 Y:005A P:envmxdizc
$80/818E AD D4 07    LDA $07D4  [$80:07D4]   A:0008 X:0080 Y:005A P:envmxdizc
$80/8191 8D 07 42    STA $4207  [$80:4207]   A:00C4 X:0080 Y:005A P:envmxdizc
$80/8194 E2 30       SEP #$30                A:00C4 X:0080 Y:005A P:envmxdizc
$80/8196 AD 62 07    LDA $0762  [$80:0762]   A:00C4 X:0080 Y:005A P:envMXdizc
$80/8199 8D 00 21    STA $2100  [$80:2100]   A:000F X:0080 Y:005A P:envMXdizc
$80/819C A2 00       LDX #$00                A:000F X:0080 Y:005A P:envMXdizc
$80/819E 9B          TXY                     A:000F X:0000 Y:005A P:envMXdiZc
$80/819F 8A          TXA                     A:000F X:0000 Y:0000 P:envMXdiZc
$80/81A0 BD D6 07    LDA $07D6,x[$80:07D6]   A:0000 X:0000 Y:0000 P:envMXdiZc
$80/81A3 99 0D 21    STA $210D,y[$80:210D]   A:0000 X:0000 Y:0000 P:envMXdiZc
$80/81A6 BD D7 07    LDA $07D7,x[$80:07D7]   A:0000 X:0000 Y:0000 P:envMXdiZc
$80/81A9 99 0D 21    STA $210D,y[$80:210D]   A:0000 X:0000 Y:0000 P:envMXdiZc
$80/81AC C8          INY                     A:0000 X:0000 Y:0000 P:envMXdiZc
$80/81AD E8          INX                     A:0000 X:0000 Y:0001 P:envMXdizc
$80/81AE E8          INX                     A:0000 X:0001 Y:0001 P:envMXdizc
$80/81AF E0 0C       CPX #$0C                A:0000 X:0002 Y:0001 P:envMXdizc
$80/81B1 D0 EC       BNE $EC    [$819F]      A:0000 X:0002 Y:0001 P:eNvMXdizc
$80/819F 8A          TXA                     A:0000 X:0002 Y:0001 P:eNvMXdizc
$80/81A0 BD D6 07    LDA $07D6,x[$80:07D8]   A:0002 X:0002 Y:0001 P:envMXdizc
$80/81A3 99 0D 21    STA $210D,y[$80:210E]   A:00FF X:0002 Y:0001 P:eNvMXdizc
$80/81A6 BD D7 07    LDA $07D7,x[$80:07D9]   A:00FF X:0002 Y:0001 P:eNvMXdizc
$80/81A9 99 0D 21    STA $210D,y[$80:210E]   A:00FF X:0002 Y:0001 P:eNvMXdizc
$80/81AC C8          INY                     A:00FF X:0002 Y:0001 P:eNvMXdizc
$80/81AD E8          INX                     A:00FF X:0002 Y:0002 P:envMXdizc
$80/81AE E8          INX                     A:00FF X:0003 Y:0002 P:envMXdizc
$80/81AF E0 0C       CPX #$0C                A:00FF X:0004 Y:0002 P:envMXdizc
$80/81B1 D0 EC       BNE $EC    [$819F]      A:00FF X:0004 Y:0002 P:eNvMXdizc
$80/819F 8A          TXA                     A:00FF X:0004 Y:0002 P:eNvMXdizc
$80/81A0 BD D6 07    LDA $07D6,x[$80:07DA]   A:0004 X:0004 Y:0002 P:envMXdizc
$80/81A3 99 0D 21    STA $210D,y[$80:210F]   A:0000 X:0004 Y:0002 P:envMXdiZc
$80/81A6 BD D7 07    LDA $07D7,x[$80:07DB]   A:0000 X:0004 Y:0002 P:envMXdiZc
$80/81A9 99 0D 21    STA $210D,y[$80:210F]   A:0000 X:0004 Y:0002 P:envMXdiZc
$80/81AC C8          INY                     A:0000 X:0004 Y:0002 P:envMXdiZc
$80/81AD E8          INX                     A:0000 X:0004 Y:0003 P:envMXdizc
$80/81AE E8          INX                     A:0000 X:0005 Y:0003 P:envMXdizc
$80/81AF E0 0C       CPX #$0C                A:0000 X:0006 Y:0003 P:envMXdizc
$80/81B1 D0 EC       BNE $EC    [$819F]      A:0000 X:0006 Y:0003 P:eNvMXdizc
$80/819F 8A          TXA                     A:0000 X:0006 Y:0003 P:eNvMXdizc
$80/81A0 BD D6 07    LDA $07D6,x[$80:07DC]   A:0006 X:0006 Y:0003 P:envMXdizc
$80/81A3 99 0D 21    STA $210D,y[$80:2110]   A:00FF X:0006 Y:0003 P:eNvMXdizc
$80/81A6 BD D7 07    LDA $07D7,x[$80:07DD]   A:00FF X:0006 Y:0003 P:eNvMXdizc
$80/81A9 99 0D 21    STA $210D,y[$80:2110]   A:00FF X:0006 Y:0003 P:eNvMXdizc
$80/81AC C8          INY                     A:00FF X:0006 Y:0003 P:eNvMXdizc
$80/81AD E8          INX                     A:00FF X:0006 Y:0004 P:envMXdizc
$80/81AE E8          INX                     A:00FF X:0007 Y:0004 P:envMXdizc
$80/81AF E0 0C       CPX #$0C                A:00FF X:0008 Y:0004 P:envMXdizc
$80/81B1 D0 EC       BNE $EC    [$819F]      A:00FF X:0008 Y:0004 P:eNvMXdizc
$80/819F 8A          TXA                     A:00FF X:0008 Y:0004 P:eNvMXdizc
$80/81A0 BD D6 07    LDA $07D6,x[$80:07DE]   A:0008 X:0008 Y:0004 P:envMXdizc
$80/81A3 99 0D 21    STA $210D,y[$80:2111]   A:0000 X:0008 Y:0004 P:envMXdiZc
$80/81A6 BD D7 07    LDA $07D7,x[$80:07DF]   A:0000 X:0008 Y:0004 P:envMXdiZc
$80/81A9 99 0D 21    STA $210D,y[$80:2111]   A:0000 X:0008 Y:0004 P:envMXdiZc
$80/81AC C8          INY                     A:0000 X:0008 Y:0004 P:envMXdiZc
$80/81AD E8          INX                     A:0000 X:0008 Y:0005 P:envMXdizc
$80/81AE E8          INX                     A:0000 X:0009 Y:0005 P:envMXdizc
$80/81AF E0 0C       CPX #$0C                A:0000 X:000A Y:0005 P:envMXdizc
$80/81B1 D0 EC       BNE $EC    [$819F]      A:0000 X:000A Y:0005 P:eNvMXdizc
$80/819F 8A          TXA                     A:0000 X:000A Y:0005 P:eNvMXdizc
$80/81A0 BD D6 07    LDA $07D6,x[$80:07E0]   A:000A X:000A Y:0005 P:envMXdizc
$80/81A3 99 0D 21    STA $210D,y[$80:2112]   A:00FF X:000A Y:0005 P:eNvMXdizc
$80/81A6 BD D7 07    LDA $07D7,x[$80:07E1]   A:00FF X:000A Y:0005 P:eNvMXdizc
$80/81A9 99 0D 21    STA $210D,y[$80:2112]   A:00FF X:000A Y:0005 P:eNvMXdizc
$80/81AC C8          INY                     A:00FF X:000A Y:0005 P:eNvMXdizc
$80/81AD E8          INX                     A:00FF X:000A Y:0006 P:envMXdizc
$80/81AE E8          INX                     A:00FF X:000B Y:0006 P:envMXdizc
$80/81AF E0 0C       CPX #$0C                A:00FF X:000C Y:0006 P:envMXdizc
$80/81B1 D0 EC       BNE $EC    [$819F]      A:00FF X:000C Y:0006 P:envMXdiZC
$80/81B3 C2 20       REP #$20                A:00FF X:000C Y:0006 P:envMXdiZC
$80/81B5 AD 68 07    LDA $0768  [$80:0768]   A:00FF X:000C Y:0006 P:envmXdiZC
$80/81B8 F0 31       BEQ $31    [$81EB]      A:0000 X:000C Y:0006 P:envmXdiZC
$80/81EB E2 20       SEP #$20                A:0000 X:000C Y:0006 P:envmXdiZC
$80/81ED C2 10       REP #$10                A:0000 X:000C Y:0006 P:envMXdiZC
$80/81EF A6 3A       LDX $3A    [$00:003A]   A:0000 X:000C Y:0006 P:envMxdiZC
$80/81F1 E4 3C       CPX $3C    [$00:003C]   A:0000 X:0060 Y:0006 P:envMxdizC
$80/81F3 F0 48       BEQ $48    [$823D]      A:0000 X:0060 Y:0006 P:envMxdiZC
$80/823D 4C A5 83    JMP $83A5  [$80:83A5]   A:0000 X:0060 Y:0006 P:envMxdiZC
$80/83A5 86 3A       STX $3A    [$00:003A]   A:0000 X:0060 Y:0006 P:envMxdiZC
$80/83A7 C2 20       REP #$20                A:0000 X:0060 Y:0006 P:envMxdiZC
$80/83A9 A5 3E       LDA $3E    [$00:003E]   A:0000 X:0060 Y:0006 P:envmxdiZC
$80/83AB C9 6E 02    CMP #$026E              A:16D3 X:0060 Y:0006 P:envmxdizC
$80/83AE 90 2D       BCC $2D    [$83DD]      A:16D3 X:0060 Y:0006 P:envmxdizC
$80/83B0 E2 20       SEP #$20                A:16D3 X:0060 Y:0006 P:envmxdizC
$80/83B2 AD 66 07    LDA $0766  [$80:0766]   A:16D3 X:0060 Y:0006 P:envMxdizC
$80/83B5 F0 26       BEQ $26    [$83DD]      A:1600 X:0060 Y:0006 P:envMxdiZC
$80/83DD C2 30       REP #$30                A:1600 X:0060 Y:0006 P:envMxdiZC
$80/83DF AF D8 35 7E LDA $7E35D8[$7E:35D8]   A:1600 X:0060 Y:0006 P:envmxdiZC
$80/83E3 18          CLC                     A:0000 X:0060 Y:0006 P:envmxdiZC
$80/83E4 6F DA 35 7E ADC $7E35DA[$7E:35DA]   A:0000 X:0060 Y:0006 P:envmxdiZc
$80/83E8 8F D8 35 7E STA $7E35D8[$7E:35D8]   A:0000 X:0060 Y:0006 P:envmxdiZc
$80/83EC A5 83       LDA $83    [$00:0083]   A:0000 X:0060 Y:0006 P:envmxdiZc
$80/83EE 69 01 00    ADC #$0001              A:06CF X:0060 Y:0006 P:envmxdizc
$80/83F1 85 83       STA $83    [$00:0083]   A:06D0 X:0060 Y:0006 P:envmxdizc
$80/83F3 90 02       BCC $02    [$83F7]      A:06D0 X:0060 Y:0006 P:envmxdizc
$80/83F7 AD D1 0A    LDA $0AD1  [$80:0AD1]   A:06D0 X:0060 Y:0006 P:envmxdizc
$80/83FA F0 42       BEQ $42    [$843E]      A:0000 X:0060 Y:0006 P:envmxdiZc
$80/843E C2 20       REP #$20                A:0000 X:0060 Y:0006 P:envmxdiZc
$80/8440 AD 87 07    LDA $0787  [$80:0787]   A:0000 X:0060 Y:0006 P:envmxdiZc
$80/8443 D0 03       BNE $03    [$8448]      A:0000 X:0060 Y:0006 P:envmxdiZc
$80/8445 EE 64 07    INC $0764  [$80:0764]   A:0000 X:0060 Y:0006 P:envmxdiZc
$80/8448 E2 10       SEP #$10                A:0000 X:0060 Y:0006 P:envmxdizc
$80/844A C2 20       REP #$20                A:0000 X:0060 Y:0006 P:envmXdizc
$80/844C AE 71 07    LDX $0771  [$80:0771]   A:0000 X:0060 Y:0006 P:envmXdizc
$80/844F F0 0F       BEQ $0F    [$8460]      A:0000 X:0000 Y:0006 P:envmXdiZc
$80/8460 A2 80       LDX #$80                A:0000 X:0000 Y:0006 P:envmXdiZc
$80/8462 DA          PHX                     A:0000 X:0080 Y:0006 P:eNvmXdizc
$80/8463 F4 68 84    PEA $8468               A:0000 X:0080 Y:0006 P:eNvmXdizc
$80/8466 DC 89 07    JML [$0789][$9C:9971]   A:0000 X:0080 Y:0006 P:eNvmXdizc
$9C/9971 E2 20       SEP #$20                A:0000 X:0080 Y:0006 P:eNvmXdizc
$9C/9973 AD 62 07    LDA $0762  [$80:0762]   A:0000 X:0080 Y:0006 P:eNvMXdizc
$9C/9976 30 06       BMI $06    [$997E]      A:000F X:0080 Y:0006 P:envMXdizc
$9C/9978 AD D3 0A    LDA $0AD3  [$80:0AD3]   A:000F X:0080 Y:0006 P:envMXdizc
$9C/997B 8D 00 21    STA $2100  [$80:2100]   A:000F X:0080 Y:0006 P:envMXdizc
$9C/997E C2 30       REP #$30                A:000F X:0080 Y:0006 P:envMXdizc
$9C/9980 6B          RTL                     A:000F X:0080 Y:0006 P:envmxdizc


$80/8469 E2 30       SEP #$30                A:000F X:0080 Y:0006 P:envmxdizc
$80/846B 22 AB 80 9B JSL $9B80AB[$9B:80AB]   A:000F X:0080 Y:0006 P:envMXdizc


$9B/80AB 08          PHP                     A:000F X:0080 Y:0006 P:envMXdizc
$9B/80AC E2 20       SEP #$20                A:000F X:0080 Y:0006 P:envMXdizc
$9B/80AE C2 10       REP #$10                A:000F X:0080 Y:0006 P:envMXdizc
$9B/80B0 9C CD 0A    STZ $0ACD  [$80:0ACD]   A:000F X:0080 Y:0006 P:envMxdizc
$9B/80B3 9C CE 0A    STZ $0ACE  [$80:0ACE]   A:000F X:0080 Y:0006 P:envMxdizc
$9B/80B6 AD 12 42    LDA $4212  [$80:4212]   A:000F X:0080 Y:0006 P:envMxdizc
$9B/80B9 29 01       AND #$01                A:0082 X:0080 Y:0006 P:eNvMxdizc
$9B/80BB D0 F9       BNE $F9    [$80B6]      A:0000 X:0080 Y:0006 P:envMxdiZc
$9B/80BD AE 18 42    LDX $4218  [$80:4218]   A:0000 X:0080 Y:0006 P:envMxdiZc
$9B/80C0 8E 76 07    STX $0776  [$80:0776]   A:0000 X:0000 Y:0006 P:envMxdiZc
$9B/80C3 8A          TXA                     A:0000 X:0000 Y:0006 P:envMxdiZc
$9B/80C4 29 0F       AND #$0F                A:0000 X:0000 Y:0006 P:envMxdiZc
$9B/80C6 8D CA 0A    STA $0ACA  [$80:0ACA]   A:0000 X:0000 Y:0006 P:envMxdiZc
$9B/80C9 AD 16 40    LDA $4016  [$80:4016]   A:0000 X:0000 Y:0006 P:envMxdiZc
$9B/80CC 4A          LSR A                   A:0041 X:0000 Y:0006 P:envMxdizc
$9B/80CD 2E CA 0A    ROL $0ACA  [$80:0ACA]   A:0020 X:0000 Y:0006 P:envMxdizC
$9B/80D0 AE 1A 42    LDX $421A  [$80:421A]   A:0020 X:0000 Y:0006 P:envMxdizc
$9B/80D3 8E 78 07    STX $0778  [$80:0778]   A:0020 X:0000 Y:0006 P:envMxdiZc
$9B/80D6 8A          TXA                     A:0020 X:0000 Y:0006 P:envMxdiZc
$9B/80D7 29 0F       AND #$0F                A:0000 X:0000 Y:0006 P:envMxdiZc
$9B/80D9 8D CB 0A    STA $0ACB  [$80:0ACB]   A:0000 X:0000 Y:0006 P:envMxdiZc
$9B/80DC AD 0C 1A    LDA $1A0C  [$80:1A0C]   A:0000 X:0000 Y:0006 P:envMxdiZc
$9B/80DF D0 03       BNE $03    [$80E4]      A:0000 X:0000 Y:0006 P:envMxdiZc
$9B/80E1 4C EC 81    JMP $81EC  [$9B:81EC]   A:0000 X:0000 Y:0006 P:envMxdiZc
$9B/81EC AD 17 40    LDA $4017  [$80:4017]   A:0000 X:0000 Y:0006 P:envMxdiZc
$9B/81EF 4A          LSR A                   A:005D X:0000 Y:0006 P:envMxdizc
$9B/81F0 2E CB 0A    ROL $0ACB  [$80:0ACB]   A:002E X:0000 Y:0006 P:envMxdizC
$9B/81F3 A9 80       LDA #$80                A:002E X:0000 Y:0006 P:envMxdizc
$9B/81F5 8D 01 42    STA $4201  [$80:4201]   A:0080 X:0000 Y:0006 P:eNvMxdizc
$9B/81F8 AD 0E 1A    LDA $1A0E  [$80:1A0E]   A:0080 X:0000 Y:0006 P:eNvMxdizc
$9B/81FB 29 01       AND #$01                A:0000 X:0000 Y:0006 P:envMxdiZc
$9B/81FD 8D 0E 1A    STA $1A0E  [$80:1A0E]   A:0000 X:0000 Y:0006 P:envMxdiZc
$9B/8200 AD 04 1A    LDA $1A04  [$80:1A04]   A:0000 X:0000 Y:0006 P:envMxdiZc
$9B/8203 F0 03       BEQ $03    [$8208]      A:0000 X:0000 Y:0006 P:envMxdiZc
$9B/8208 9C 16 40    STZ $4016  [$80:4016]   A:0000 X:0000 Y:0006 P:envMxdiZc
$9B/820B A9 01       LDA #$01                A:0000 X:0000 Y:0006 P:envMxdiZc
$9B/820D 8D 16 40    STA $4016  [$80:4016]   A:0001 X:0000 Y:0006 P:envMxdizc
$9B/8210 AD 16 40    LDA $4016  [$80:4016]   A:0001 X:0000 Y:0006 P:envMxdizc
$9B/8213 29 02       AND #$02                A:0040 X:0000 Y:0006 P:envMxdizc
$9B/8215 AA          TAX                     A:0000 X:0000 Y:0006 P:envMxdiZc
$9B/8216 4D 06 1A    EOR $1A06  [$80:1A06]   A:0000 X:0000 Y:0006 P:envMxdiZc
$9B/8219 8E 06 1A    STX $1A06  [$80:1A06]   A:0000 X:0000 Y:0006 P:envMxdiZc
$9B/821C 8D 0A 1A    STA $1A0A  [$80:1A0A]   A:0000 X:0000 Y:0006 P:envMxdiZc
$9B/821F AD 17 40    LDA $4017  [$80:4017]   A:0000 X:0000 Y:0006 P:envMxdiZc
$9B/8222 29 02       AND #$02                A:005C X:0000 Y:0006 P:envMxdizc
$9B/8224 AA          TAX                     A:0000 X:0000 Y:0006 P:envMxdiZc
$9B/8225 4D 08 1A    EOR $1A08  [$80:1A08]   A:0000 X:0000 Y:0006 P:envMxdiZc
$9B/8228 8E 08 1A    STX $1A08  [$80:1A08]   A:0000 X:0000 Y:0006 P:envMxdiZc
$9B/822B 0D 0A 1A    ORA $1A0A  [$80:1A0A]   A:0000 X:0000 Y:0006 P:envMxdiZc
$9B/822E F0 05       BEQ $05    [$8235]      A:0000 X:0000 Y:0006 P:envMxdiZc
$9B/8235 AD 04 1A    LDA $1A04  [$80:1A04]   A:0000 X:0000 Y:0006 P:envMxdiZc
$9B/8238 D0 02       BNE $02    [$823C]      A:0000 X:0000 Y:0006 P:envMxdiZc
$9B/823A 80 38       BRA $38    [$8274]      A:0000 X:0000 Y:0006 P:envMxdiZc
$9B/8274 9C 16 40    STZ $4016  [$80:4016]   A:0000 X:0000 Y:0006 P:envMxdiZc
$9B/8277 AD CA 0A    LDA $0ACA  [$80:0ACA]   A:0000 X:0000 Y:0006 P:envMxdiZc
$9B/827A C9 01       CMP #$01                A:0001 X:0000 Y:0006 P:envMxdizc
$9B/827C F0 0E       BEQ $0E    [$828C]      A:0001 X:0000 Y:0006 P:envMxdiZC
$9B/828C AD CB 0A    LDA $0ACB  [$80:0ACB]   A:0001 X:0000 Y:0006 P:envMxdiZC
$9B/828F C9 01       CMP #$01                A:0001 X:0000 Y:0006 P:envMxdizC
$9B/8291 F0 0E       BEQ $0E    [$82A1]      A:0001 X:0000 Y:0006 P:envMxdiZC
$9B/82A1 AD 0C 1A    LDA $1A0C  [$80:1A0C]   A:0001 X:0000 Y:0006 P:envMxdiZC
$9B/82A4 F0 30       BEQ $30    [$82D6]      A:0000 X:0000 Y:0006 P:envMxdiZC
$9B/82D6 AD 0E 1A    LDA $1A0E  [$80:1A0E]   A:0000 X:0000 Y:0006 P:envMxdiZC
$9B/82D9 F0 2C       BEQ $2C    [$8307]      A:0000 X:0000 Y:0006 P:envMxdiZC
$9B/8307 28          PLP                     A:0000 X:0000 Y:0006 P:envMxdiZC
$9B/8308 6B          RTL                     A:0000 X:0000 Y:0006 P:envMXdizc


$80/846F C2 20       REP #$20                A:0000 X:0000 Y:0006 P:envMXdizc
$80/8471 20 9D AD    JSR $AD9D  [$80:AD9D]   A:0000 X:0000 Y:0006 P:envmXdizc


$80/AD9D E2 30       SEP #$30                A:0000 X:0000 Y:0006 P:envmXdizc
$80/AD9F A5 50       LDA $50    [$00:0050]   A:0000 X:0000 Y:0006 P:envMXdizc
$80/ADA1 48          PHA                     A:009B X:0000 Y:0006 P:eNvMXdizc
$80/ADA2 AB          PLB                     A:009B X:0000 Y:0006 P:eNvMXdizc
$80/ADA3 AD E5 07    LDA $07E5  [$9B:07E5]   A:009B X:0000 Y:0006 P:eNvMXdizc
$80/ADA6 D0 40       BNE $40    [$ADE8]      A:0000 X:0000 Y:0006 P:envMXdiZc
$80/ADA8 C2 20       REP #$20                A:0000 X:0000 Y:0006 P:envMXdiZc
$80/ADAA AD F9 07    LDA $07F9  [$9B:07F9]   A:0000 X:0000 Y:0006 P:envmXdiZc
$80/ADAD F0 17       BEQ $17    [$ADC6]      A:0000 X:0000 Y:0006 P:envmXdiZc
$80/ADC6 E2 20       SEP #$20                A:0000 X:0000 Y:0006 P:envmXdiZc
$80/ADC8 AD F1 07    LDA $07F1  [$9B:07F1]   A:0000 X:0000 Y:0006 P:envMXdiZc
$80/ADCB F0 07       BEQ $07    [$ADD4]      A:0000 X:0000 Y:0006 P:envMXdiZc
$80/ADD4 AD F1 07    LDA $07F1  [$9B:07F1]   A:0000 X:0000 Y:0006 P:envMXdiZc
$80/ADD7 F0 04       BEQ $04    [$ADDD]      A:0000 X:0000 Y:0006 P:envMXdiZc
$80/ADDD 20 7B AC    JSR $AC7B  [$80:AC7B]   A:0000 X:0000 Y:0006 P:envMXdiZc


$80/AC7B A2 00       LDX #$00                A:0000 X:0000 Y:0006 P:envMXdiZc
$80/AC7D 9B          TXY                     A:0000 X:0000 Y:0006 P:envMXdiZc
$80/AC7E 84 4B       STY $4B    [$00:004B]   A:0000 X:0000 Y:0000 P:envMXdiZc
$80/AC80 8E 00 08    STX $0800  [$9B:0800]   A:0000 X:0000 Y:0000 P:envMXdiZc
$80/AC83 B9 F2 08    LDA $08F2,y[$9B:08F2]   A:0000 X:0000 Y:0000 P:envMXdiZc
$80/AC86 D0 03       BNE $03    [$AC8B]      A:0000 X:0000 Y:0000 P:envMXdiZc
$80/AC88 4C 61 AD    JMP $AD61  [$80:AD61]   A:0000 X:0000 Y:0000 P:envMXdiZc
$80/AD61 4C 90 AD    JMP $AD90  [$80:AD90]   A:0000 X:0000 Y:0000 P:envMXdiZc
$80/AD90 E2 20       SEP #$20                A:0000 X:0000 Y:0000 P:envMXdiZc
$80/AD92 E8          INX                     A:0000 X:0000 Y:0000 P:envMXdiZc
$80/AD93 E8          INX                     A:0000 X:0001 Y:0000 P:envMXdizc
$80/AD94 C8          INY                     A:0000 X:0002 Y:0000 P:envMXdizc
$80/AD95 C0 08       CPY #$08                A:0000 X:0002 Y:0001 P:envMXdizc
$80/AD97 B0 03       BCS $03    [$AD9C]      A:0000 X:0002 Y:0001 P:eNvMXdizc
$80/AD99 4C 7E AC    JMP $AC7E  [$80:AC7E]   A:0000 X:0002 Y:0001 P:eNvMXdizc
$80/AC7E 84 4B       STY $4B    [$00:004B]   A:0000 X:0002 Y:0001 P:eNvMXdizc
$80/AC80 8E 00 08    STX $0800  [$9B:0800]   A:0000 X:0002 Y:0001 P:eNvMXdizc
$80/AC83 B9 F2 08    LDA $08F2,y[$9B:08F3]   A:0000 X:0002 Y:0001 P:eNvMXdizc
$80/AC86 D0 03       BNE $03    [$AC8B]      A:0000 X:0002 Y:0001 P:envMXdiZc
$80/AC88 4C 61 AD    JMP $AD61  [$80:AD61]   A:0000 X:0002 Y:0001 P:envMXdiZc
$80/AD61 4C 90 AD    JMP $AD90  [$80:AD90]   A:0000 X:0002 Y:0001 P:envMXdiZc
$80/AD90 E2 20       SEP #$20                A:0000 X:0002 Y:0001 P:envMXdiZc
$80/AD92 E8          INX                     A:0000 X:0002 Y:0001 P:envMXdiZc
$80/AD93 E8          INX                     A:0000 X:0003 Y:0001 P:envMXdizc
$80/AD94 C8          INY                     A:0000 X:0004 Y:0001 P:envMXdizc
$80/AD95 C0 08       CPY #$08                A:0000 X:0004 Y:0002 P:envMXdizc
$80/AD97 B0 03       BCS $03    [$AD9C]      A:0000 X:0004 Y:0002 P:eNvMXdizc
$80/AD99 4C 7E AC    JMP $AC7E  [$80:AC7E]   A:0000 X:0004 Y:0002 P:eNvMXdizc
$80/AC7E 84 4B       STY $4B    [$00:004B]   A:0000 X:0004 Y:0002 P:eNvMXdizc
$80/AC80 8E 00 08    STX $0800  [$9B:0800]   A:0000 X:0004 Y:0002 P:eNvMXdizc
$80/AC83 B9 F2 08    LDA $08F2,y[$9B:08F4]   A:0000 X:0004 Y:0002 P:eNvMXdizc
$80/AC86 D0 03       BNE $03    [$AC8B]      A:0000 X:0004 Y:0002 P:envMXdiZc
$80/AC88 4C 61 AD    JMP $AD61  [$80:AD61]   A:0000 X:0004 Y:0002 P:envMXdiZc
$80/AD61 4C 90 AD    JMP $AD90  [$80:AD90]   A:0000 X:0004 Y:0002 P:envMXdiZc
$80/AD90 E2 20       SEP #$20                A:0000 X:0004 Y:0002 P:envMXdiZc
$80/AD92 E8          INX                     A:0000 X:0004 Y:0002 P:envMXdiZc
$80/AD93 E8          INX                     A:0000 X:0005 Y:0002 P:envMXdizc
$80/AD94 C8          INY                     A:0000 X:0006 Y:0002 P:envMXdizc
$80/AD95 C0 08       CPY #$08                A:0000 X:0006 Y:0003 P:envMXdizc
$80/AD97 B0 03       BCS $03    [$AD9C]      A:0000 X:0006 Y:0003 P:eNvMXdizc
$80/AD99 4C 7E AC    JMP $AC7E  [$80:AC7E]   A:0000 X:0006 Y:0003 P:eNvMXdizc
$80/AC7E 84 4B       STY $4B    [$00:004B]   A:0000 X:0006 Y:0003 P:eNvMXdizc
$80/AC80 8E 00 08    STX $0800  [$9B:0800]   A:0000 X:0006 Y:0003 P:eNvMXdizc
$80/AC83 B9 F2 08    LDA $08F2,y[$9B:08F5]   A:0000 X:0006 Y:0003 P:eNvMXdizc
$80/AC86 D0 03       BNE $03    [$AC8B]      A:0000 X:0006 Y:0003 P:envMXdiZc
$80/AC88 4C 61 AD    JMP $AD61  [$80:AD61]   A:0000 X:0006 Y:0003 P:envMXdiZc
$80/AD61 4C 90 AD    JMP $AD90  [$80:AD90]   A:0000 X:0006 Y:0003 P:envMXdiZc
$80/AD90 E2 20       SEP #$20                A:0000 X:0006 Y:0003 P:envMXdiZc
$80/AD92 E8          INX                     A:0000 X:0006 Y:0003 P:envMXdiZc
$80/AD93 E8          INX                     A:0000 X:0007 Y:0003 P:envMXdizc
$80/AD94 C8          INY                     A:0000 X:0008 Y:0003 P:envMXdizc
$80/AD95 C0 08       CPY #$08                A:0000 X:0008 Y:0004 P:envMXdizc
$80/AD97 B0 03       BCS $03    [$AD9C]      A:0000 X:0008 Y:0004 P:eNvMXdizc
$80/AD99 4C 7E AC    JMP $AC7E  [$80:AC7E]   A:0000 X:0008 Y:0004 P:eNvMXdizc
$80/AC7E 84 4B       STY $4B    [$00:004B]   A:0000 X:0008 Y:0004 P:eNvMXdizc
$80/AC80 8E 00 08    STX $0800  [$9B:0800]   A:0000 X:0008 Y:0004 P:eNvMXdizc
$80/AC83 B9 F2 08    LDA $08F2,y[$9B:08F6]   A:0000 X:0008 Y:0004 P:eNvMXdizc
$80/AC86 D0 03       BNE $03    [$AC8B]      A:0002 X:0008 Y:0004 P:envMXdizc
$80/AC8B 48          PHA                     A:0002 X:0008 Y:0004 P:envMXdizc
$80/AC8C B9 FA 08    LDA $08FA,y[$9B:08FE]   A:0002 X:0008 Y:0004 P:envMXdizc
$80/AC8F C9 10       CMP #$10                A:000D X:0008 Y:0004 P:envMXdizc
$80/AC91 90 03       BCC $03    [$AC96]      A:000D X:0008 Y:0004 P:eNvMXdizc
$80/AC96 C2 20       REP #$20                A:000D X:0008 Y:0004 P:eNvMXdizc
$80/AC98 BD 2A 09    LDA $092A,x[$9B:0932]   A:000D X:0008 Y:0004 P:eNvmXdizc
$80/AC9B 85 4E       STA $4E    [$00:004E]   A:B8C9 X:0008 Y:0004 P:eNvmXdizc
$80/AC9D BD 4A 09    LDA $094A,x[$9B:0952]   A:B8C9 X:0008 Y:0004 P:eNvmXdizc
$80/ACA0 85 60       STA $60    [$00:0060]   A:0983 X:0008 Y:0004 P:envmXdizc
$80/ACA2 BD 3A 09    LDA $093A,x[$9B:0942]   A:0983 X:0008 Y:0004 P:envmXdizc
$80/ACA5 85 5A       STA $5A    [$00:005A]   A:0000 X:0008 Y:0004 P:envmXdiZc
$80/ACA7 BD 6A 09    LDA $096A,x[$9B:0972]   A:0000 X:0008 Y:0004 P:envmXdiZc
$80/ACAA 1A          INC A                   A:0009 X:0008 Y:0004 P:envmXdizc
$80/ACAB 9D 6A 09    STA $096A,x[$9B:0972]   A:000A X:0008 Y:0004 P:envmXdizc
$80/ACAE A0 1A       LDY #$1A                A:000A X:0008 Y:0004 P:envmXdizc
$80/ACB0 D1 4E       CMP ($4E),y[$9B:B8E3]   A:000A X:0008 Y:001A P:envmXdizc
$80/ACB2 B0 0B       BCS $0B    [$ACBF]      A:000A X:0008 Y:001A P:envmXdizC
$80/ACBF 4C 55 AD    JMP $AD55  [$80:AD55]   A:000A X:0008 Y:001A P:envmXdizC
$80/AD55 7A          PLY                     A:000A X:0008 Y:001A P:envmXdizC
$80/AD56 C0 02       CPY #$02                A:000A X:0008 Y:0002 P:envmXdizC
$80/AD58 D0 0A       BNE $0A    [$AD64]      A:000A X:0008 Y:0002 P:envmXdiZC
$80/AD5A E2 20       SEP #$20                A:000A X:0008 Y:0002 P:envmXdiZC
$80/AD5C A4 4B       LDY $4B    [$00:004B]   A:000A X:0008 Y:0002 P:envMXdiZC
$80/AD5E 20 FD A4    JSR $A4FD  [$80:A4FD]   A:000A X:0008 Y:0004 P:envMXdizC


$80/A4FD AD 40 21    LDA $2140  [$9B:2140]   A:000A X:0008 Y:0004 P:envMXdizC
$80/A500 D0 FB       BNE $FB    [$A4FD]      A:0000 X:0008 Y:0004 P:envMXdiZC
$80/A502 C2 20       REP #$20                A:0000 X:0008 Y:0004 P:envMXdiZC
$80/A504 A5 60       LDA $60    [$00:0060]   A:0000 X:0008 Y:0004 P:envmXdiZC
$80/A506 8D 42 21    STA $2142  [$9B:2142]   A:0983 X:0008 Y:0004 P:envmXdizC
$80/A509 E2 20       SEP #$20                A:0983 X:0008 Y:0004 P:envmXdizC
$80/A50B 8C 41 21    STY $2141  [$9B:2141]   A:0983 X:0008 Y:0004 P:envMXdizC
$80/A50E A9 0B       LDA #$0B                A:0983 X:0008 Y:0004 P:envMXdizC
$80/A510 8D 40 21    STA $2140  [$9B:2140]   A:090B X:0008 Y:0004 P:envMXdizC
$80/A513 CD 40 21    CMP $2140  [$9B:2140]   A:090B X:0008 Y:0004 P:envMXdizC
$80/A516 D0 FB       BNE $FB    [$A513]      A:090B X:0008 Y:0004 P:envMXdizC
$80/A513 CD 40 21    CMP $2140  [$9B:2140]   A:090B X:0008 Y:0004 P:envMXdizC
$80/A516 D0 FB       BNE $FB    [$A513]      A:090B X:0008 Y:0004 P:envMXdizC
$80/A513 CD 40 21    CMP $2140  [$9B:2140]   A:090B X:0008 Y:0004 P:envMXdizC
$80/A516 D0 FB       BNE $FB    [$A513]      A:090B X:0008 Y:0004 P:envMXdizC
$80/A513 CD 40 21    CMP $2140  [$9B:2140]   A:090B X:0008 Y:0004 P:envMXdizC
$80/A516 D0 FB       BNE $FB    [$A513]      A:090B X:0008 Y:0004 P:envMXdizC
$80/A513 CD 40 21    CMP $2140  [$9B:2140]   A:090B X:0008 Y:0004 P:envMXdizC
$80/A516 D0 FB       BNE $FB    [$A513]      A:090B X:0008 Y:0004 P:envMXdizC
$80/A513 CD 40 21    CMP $2140  [$9B:2140]   A:090B X:0008 Y:0004 P:envMXdizC
$80/A516 D0 FB       BNE $FB    [$A513]      A:090B X:0008 Y:0004 P:envMXdizC
$80/A513 CD 40 21    CMP $2140  [$9B:2140]   A:090B X:0008 Y:0004 P:envMXdizC
$80/A516 D0 FB       BNE $FB    [$A513]      A:090B X:0008 Y:0004 P:envMXdizC
$80/A513 CD 40 21    CMP $2140  [$9B:2140]   A:090B X:0008 Y:0004 P:envMXdizC
$80/A516 D0 FB       BNE $FB    [$A513]      A:090B X:0008 Y:0004 P:envMXdizC
$80/A513 CD 40 21    CMP $2140  [$9B:2140]   A:090B X:0008 Y:0004 P:envMXdizC
$80/A516 D0 FB       BNE $FB    [$A513]      A:090B X:0008 Y:0004 P:envMXdizC
$80/A513 CD 40 21    CMP $2140  [$9B:2140]   A:090B X:0008 Y:0004 P:envMXdizC
$80/A516 D0 FB       BNE $FB    [$A513]      A:090B X:0008 Y:0004 P:envMXdizC
$80/A513 CD 40 21    CMP $2140  [$9B:2140]   A:090B X:0008 Y:0004 P:envMXdizC
$80/A516 D0 FB       BNE $FB    [$A513]      A:090B X:0008 Y:0004 P:envMXdizC
$80/A513 CD 40 21    CMP $2140  [$9B:2140]   A:090B X:0008 Y:0004 P:envMXdizC
$80/A516 D0 FB       BNE $FB    [$A513]      A:090B X:0008 Y:0004 P:envMXdizC
$80/A513 CD 40 21    CMP $2140  [$9B:2140]   A:090B X:0008 Y:0004 P:envMXdizC
$80/A516 D0 FB       BNE $FB    [$A513]      A:090B X:0008 Y:0004 P:envMXdizC
$80/A513 CD 40 21    CMP $2140  [$9B:2140]   A:090B X:0008 Y:0004 P:envMXdizC
$80/A516 D0 FB       BNE $FB    [$A513]      A:090B X:0008 Y:0004 P:envMXdizC
$80/A513 CD 40 21    CMP $2140  [$9B:2140]   A:090B X:0008 Y:0004 P:envMXdizC
$80/A516 D0 FB       BNE $FB    [$A513]      A:090B X:0008 Y:0004 P:envMXdizC
$80/A513 CD 40 21    CMP $2140  [$9B:2140]   A:090B X:0008 Y:0004 P:envMXdizC
$80/A516 D0 FB       BNE $FB    [$A513]      A:090B X:0008 Y:0004 P:envMXdizC
$80/A513 CD 40 21    CMP $2140  [$9B:2140]   A:090B X:0008 Y:0004 P:envMXdizC
$80/A516 D0 FB       BNE $FB    [$A513]      A:090B X:0008 Y:0004 P:envMXdizC
$80/A513 CD 40 21    CMP $2140  [$9B:2140]   A:090B X:0008 Y:0004 P:envMXdizC
$80/A516 D0 FB       BNE $FB    [$A513]      A:090B X:0008 Y:0004 P:envMXdizC
$80/A513 CD 40 21    CMP $2140  [$9B:2140]   A:090B X:0008 Y:0004 P:envMXdizC
$80/A516 D0 FB       BNE $FB    [$A513]      A:090B X:0008 Y:0004 P:envMXdizC
$80/A513 CD 40 21    CMP $2140  [$9B:2140]   A:090B X:0008 Y:0004 P:envMXdizC
$80/A516 D0 FB       BNE $FB    [$A513]      A:090B X:0008 Y:0004 P:envMXdizC
$80/A513 CD 40 21    CMP $2140  [$9B:2140]   A:090B X:0008 Y:0004 P:envMXdizC
$80/A516 D0 FB       BNE $FB    [$A513]      A:090B X:0008 Y:0004 P:envMXdizC
$80/A513 CD 40 21    CMP $2140  [$9B:2140]   A:090B X:0008 Y:0004 P:envMXdizC
$80/A516 D0 FB       BNE $FB    [$A513]      A:090B X:0008 Y:0004 P:envMXdizC
$80/A513 CD 40 21    CMP $2140  [$9B:2140]   A:090B X:0008 Y:0004 P:envMXdizC
$80/A516 D0 FB       BNE $FB    [$A513]      A:090B X:0008 Y:0004 P:envMXdizC
$80/A513 CD 40 21    CMP $2140  [$9B:2140]   A:090B X:0008 Y:0004 P:envMXdizC
$80/A516 D0 FB       BNE $FB    [$A513]      A:090B X:0008 Y:0004 P:envMXdizC
$80/A513 CD 40 21    CMP $2140  [$9B:2140]   A:090B X:0008 Y:0004 P:envMXdizC
$80/A516 D0 FB       BNE $FB    [$A513]      A:090B X:0008 Y:0004 P:envMXdizC
$80/A513 CD 40 21    CMP $2140  [$9B:2140]   A:090B X:0008 Y:0004 P:envMXdizC
$80/A516 D0 FB       BNE $FB    [$A513]      A:090B X:0008 Y:0004 P:envMXdizC
$80/A513 CD 40 21    CMP $2140  [$9B:2140]   A:090B X:0008 Y:0004 P:envMXdizC
$80/A516 D0 FB       BNE $FB    [$A513]      A:090B X:0008 Y:0004 P:envMXdizC
$80/A513 CD 40 21    CMP $2140  [$9B:2140]   A:090B X:0008 Y:0004 P:envMXdizC
$80/A516 D0 FB       BNE $FB    [$A513]      A:090B X:0008 Y:0004 P:envMXdizC
$80/A513 CD 40 21    CMP $2140  [$9B:2140]   A:090B X:0008 Y:0004 P:envMXdizC
$80/A516 D0 FB       BNE $FB    [$A513]      A:090B X:0008 Y:0004 P:envMXdiZC
$80/A518 9C 40 21    STZ $2140  [$9B:2140]   A:090B X:0008 Y:0004 P:envMXdiZC
$80/A51B 60          RTS                     A:090B X:0008 Y:0004 P:envMXdiZC


$80/AD61 4C 90 AD    JMP $AD90  [$80:AD90]   A:090B X:0008 Y:0004 P:envMXdiZC
$80/AD90 E2 20       SEP #$20                A:090B X:0008 Y:0004 P:envMXdiZC
$80/AD92 E8          INX                     A:090B X:0008 Y:0004 P:envMXdiZC
$80/AD93 E8          INX                     A:090B X:0009 Y:0004 P:envMXdizC
$80/AD94 C8          INY                     A:090B X:000A Y:0004 P:envMXdizC
$80/AD95 C0 08       CPY #$08                A:090B X:000A Y:0005 P:envMXdizC
$80/AD97 B0 03       BCS $03    [$AD9C]      A:090B X:000A Y:0005 P:eNvMXdizc
$80/AD99 4C 7E AC    JMP $AC7E  [$80:AC7E]   A:090B X:000A Y:0005 P:eNvMXdizc
$80/AC7E 84 4B       STY $4B    [$00:004B]   A:090B X:000A Y:0005 P:eNvMXdizc
$80/AC80 8E 00 08    STX $0800  [$9B:0800]   A:090B X:000A Y:0005 P:eNvMXdizc
$80/AC83 B9 F2 08    LDA $08F2,y[$9B:08F7]   A:090B X:000A Y:0005 P:eNvMXdizc
$80/AC86 D0 03       BNE $03    [$AC8B]      A:0900 X:000A Y:0005 P:envMXdiZc
$80/AC88 4C 61 AD    JMP $AD61  [$80:AD61]   A:0900 X:000A Y:0005 P:envMXdiZc
$80/AD61 4C 90 AD    JMP $AD90  [$80:AD90]   A:0900 X:000A Y:0005 P:envMXdiZc
$80/AD90 E2 20       SEP #$20                A:0900 X:000A Y:0005 P:envMXdiZc
$80/AD92 E8          INX                     A:0900 X:000A Y:0005 P:envMXdiZc
$80/AD93 E8          INX                     A:0900 X:000B Y:0005 P:envMXdizc
$80/AD94 C8          INY                     A:0900 X:000C Y:0005 P:envMXdizc
$80/AD95 C0 08       CPY #$08                A:0900 X:000C Y:0006 P:envMXdizc
$80/AD97 B0 03       BCS $03    [$AD9C]      A:0900 X:000C Y:0006 P:eNvMXdizc
$80/AD99 4C 7E AC    JMP $AC7E  [$80:AC7E]   A:0900 X:000C Y:0006 P:eNvMXdizc
$80/AC7E 84 4B       STY $4B    [$00:004B]   A:0900 X:000C Y:0006 P:eNvMXdizc
$80/AC80 8E 00 08    STX $0800  [$9B:0800]   A:0900 X:000C Y:0006 P:eNvMXdizc
$80/AC83 B9 F2 08    LDA $08F2,y[$9B:08F8]   A:0900 X:000C Y:0006 P:eNvMXdizc
$80/AC86 D0 03       BNE $03    [$AC8B]      A:0904 X:000C Y:0006 P:envMXdizc
$80/AC8B 48          PHA                     A:0904 X:000C Y:0006 P:envMXdizc
$80/AC8C B9 FA 08    LDA $08FA,y[$9B:0900]   A:0904 X:000C Y:0006 P:envMXdizc
$80/AC8F C9 10       CMP #$10                A:0909 X:000C Y:0006 P:envMXdizc
$80/AC91 90 03       BCC $03    [$AC96]      A:0909 X:000C Y:0006 P:eNvMXdizc
$80/AC96 C2 20       REP #$20                A:0909 X:000C Y:0006 P:eNvMXdizc
$80/AC98 BD 2A 09    LDA $092A,x[$9B:0936]   A:0909 X:000C Y:0006 P:eNvmXdizc
$80/AC9B 85 4E       STA $4E    [$00:004E]   A:B689 X:000C Y:0006 P:eNvmXdizc
$80/AC9D BD 4A 09    LDA $094A,x[$9B:0956]   A:B689 X:000C Y:0006 P:eNvmXdizc
$80/ACA0 85 60       STA $60    [$00:0060]   A:1428 X:000C Y:0006 P:envmXdizc
$80/ACA2 BD 3A 09    LDA $093A,x[$9B:0946]   A:1428 X:000C Y:0006 P:envmXdizc
$80/ACA5 85 5A       STA $5A    [$00:005A]   A:0FFF X:000C Y:0006 P:envmXdizc
$80/ACA7 BD 6A 09    LDA $096A,x[$9B:0976]   A:0FFF X:000C Y:0006 P:envmXdizc
$80/ACAA 1A          INC A                   A:0009 X:000C Y:0006 P:envmXdizc
$80/ACAB 9D 6A 09    STA $096A,x[$9B:0976]   A:000A X:000C Y:0006 P:envmXdizc
$80/ACAE A0 1A       LDY #$1A                A:000A X:000C Y:0006 P:envmXdizc
$80/ACB0 D1 4E       CMP ($4E),y[$9B:B6A3]   A:000A X:000C Y:001A P:envmXdizc
$80/ACB2 B0 0B       BCS $0B    [$ACBF]      A:000A X:000C Y:001A P:envmXdizC
$80/ACBF 4C 55 AD    JMP $AD55  [$80:AD55]   A:000A X:000C Y:001A P:envmXdizC
$80/AD55 7A          PLY                     A:000A X:000C Y:001A P:envmXdizC
$80/AD56 C0 02       CPY #$02                A:000A X:000C Y:0004 P:envmXdizC
$80/AD58 D0 0A       BNE $0A    [$AD64]      A:000A X:000C Y:0004 P:envmXdizC
$80/AD64 C0 04       CPY #$04                A:000A X:000C Y:0004 P:envmXdizC
$80/AD66 D0 21       BNE $21    [$AD89]      A:000A X:000C Y:0004 P:envmXdiZC
$80/AD68 C2 20       REP #$20                A:000A X:000C Y:0004 P:envmXdiZC
$80/AD6A A0 10       LDY #$10                A:000A X:000C Y:0004 P:envmXdiZC
$80/AD6C BD 3A 09    LDA $093A,x[$9B:0946]   A:000A X:000C Y:0010 P:envmXdizC
$80/AD6F 38          SEC                     A:0FFF X:000C Y:0010 P:envmXdizC
$80/AD70 F1 4E       SBC ($4E),y[$9B:B699]   A:0FFF X:000C Y:0010 P:envmXdizC
$80/AD72 9D 3A 09    STA $093A,x[$9B:0946]   A:0FFF X:000C Y:0010 P:envmXdizC
$80/AD75 B0 09       BCS $09    [$AD80]      A:0FFF X:000C Y:0010 P:envmXdizC
$80/AD80 E2 20       SEP #$20                A:0FFF X:000C Y:0010 P:envmXdizC
$80/AD82 A4 4B       LDY $4B    [$00:004B]   A:0FFF X:000C Y:0010 P:envMXdizC
$80/AD84 20 FD A4    JSR $A4FD  [$80:A4FD]   A:0FFF X:000C Y:0006 P:envMXdizC


$80/A4FD AD 40 21    LDA $2140  [$9B:2140]   A:0FFF X:000C Y:0006 P:envMXdizC
$80/A500 D0 FB       BNE $FB    [$A4FD]      A:0F00 X:000C Y:0006 P:envMXdiZC
$80/A502 C2 20       REP #$20                A:0F00 X:000C Y:0006 P:envMXdiZC
$80/A504 A5 60       LDA $60    [$00:0060]   A:0F00 X:000C Y:0006 P:envmXdiZC
$80/A506 8D 42 21    STA $2142  [$9B:2142]   A:1428 X:000C Y:0006 P:envmXdizC
$80/A509 E2 20       SEP #$20                A:1428 X:000C Y:0006 P:envmXdizC
$80/A50B 8C 41 21    STY $2141  [$9B:2141]   A:1428 X:000C Y:0006 P:envMXdizC
$80/A50E A9 0B       LDA #$0B                A:1428 X:000C Y:0006 P:envMXdizC
$80/A510 8D 40 21    STA $2140  [$9B:2140]   A:140B X:000C Y:0006 P:envMXdizC
$80/A513 CD 40 21    CMP $2140  [$9B:2140]   A:140B X:000C Y:0006 P:envMXdizC
$80/A516 D0 FB       BNE $FB    [$A513]      A:140B X:000C Y:0006 P:envMXdizC
$80/A513 CD 40 21    CMP $2140  [$9B:2140]   A:140B X:000C Y:0006 P:envMXdizC
$80/A516 D0 FB       BNE $FB    [$A513]      A:140B X:000C Y:0006 P:envMXdizC
$80/A513 CD 40 21    CMP $2140  [$9B:2140]   A:140B X:000C Y:0006 P:envMXdizC
$80/A516 D0 FB       BNE $FB    [$A513]      A:140B X:000C Y:0006 P:envMXdizC
$80/A513 CD 40 21    CMP $2140  [$9B:2140]   A:140B X:000C Y:0006 P:envMXdizC
$80/A516 D0 FB       BNE $FB    [$A513]      A:140B X:000C Y:0006 P:envMXdizC
$80/A513 CD 40 21    CMP $2140  [$9B:2140]   A:140B X:000C Y:0006 P:envMXdizC
$80/A516 D0 FB       BNE $FB    [$A513]      A:140B X:000C Y:0006 P:envMXdizC
$80/A513 CD 40 21    CMP $2140  [$9B:2140]   A:140B X:000C Y:0006 P:envMXdizC
$80/A516 D0 FB       BNE $FB    [$A513]      A:140B X:000C Y:0006 P:envMXdizC
$80/A513 CD 40 21    CMP $2140  [$9B:2140]   A:140B X:000C Y:0006 P:envMXdizC
$80/A516 D0 FB       BNE $FB    [$A513]      A:140B X:000C Y:0006 P:envMXdizC
$80/A513 CD 40 21    CMP $2140  [$9B:2140]   A:140B X:000C Y:0006 P:envMXdizC
$80/A516 D0 FB       BNE $FB    [$A513]      A:140B X:000C Y:0006 P:envMXdizC
$80/A513 CD 40 21    CMP $2140  [$9B:2140]   A:140B X:000C Y:0006 P:envMXdizC
$80/A516 D0 FB       BNE $FB    [$A513]      A:140B X:000C Y:0006 P:envMXdizC
$80/A513 CD 40 21    CMP $2140  [$9B:2140]   A:140B X:000C Y:0006 P:envMXdizC
$80/A516 D0 FB       BNE $FB    [$A513]      A:140B X:000C Y:0006 P:envMXdizC
$80/A513 CD 40 21    CMP $2140  [$9B:2140]   A:140B X:000C Y:0006 P:envMXdizC
$80/A516 D0 FB       BNE $FB    [$A513]      A:140B X:000C Y:0006 P:envMXdizC
$80/A513 CD 40 21    CMP $2140  [$9B:2140]   A:140B X:000C Y:0006 P:envMXdizC
$80/A516 D0 FB       BNE $FB    [$A513]      A:140B X:000C Y:0006 P:envMXdizC
$80/A513 CD 40 21    CMP $2140  [$9B:2140]   A:140B X:000C Y:0006 P:envMXdizC
$80/A516 D0 FB       BNE $FB    [$A513]      A:140B X:000C Y:0006 P:envMXdizC
$80/A513 CD 40 21    CMP $2140  [$9B:2140]   A:140B X:000C Y:0006 P:envMXdizC
$80/A516 D0 FB       BNE $FB    [$A513]      A:140B X:000C Y:0006 P:envMXdizC
$80/A513 CD 40 21    CMP $2140  [$9B:2140]   A:140B X:000C Y:0006 P:envMXdizC
$80/A516 D0 FB       BNE $FB    [$A513]      A:140B X:000C Y:0006 P:envMXdizC
$80/A513 CD 40 21    CMP $2140  [$9B:2140]   A:140B X:000C Y:0006 P:envMXdizC
$80/A516 D0 FB       BNE $FB    [$A513]      A:140B X:000C Y:0006 P:envMXdizC
$80/A513 CD 40 21    CMP $2140  [$9B:2140]   A:140B X:000C Y:0006 P:envMXdizC
$80/A516 D0 FB       BNE $FB    [$A513]      A:140B X:000C Y:0006 P:envMXdizC
$80/A513 CD 40 21    CMP $2140  [$9B:2140]   A:140B X:000C Y:0006 P:envMXdizC
$80/A516 D0 FB       BNE $FB    [$A513]      A:140B X:000C Y:0006 P:envMXdizC
$80/A513 CD 40 21    CMP $2140  [$9B:2140]   A:140B X:000C Y:0006 P:envMXdizC
$80/A516 D0 FB       BNE $FB    [$A513]      A:140B X:000C Y:0006 P:envMXdizC
$80/A513 CD 40 21    CMP $2140  [$9B:2140]   A:140B X:000C Y:0006 P:envMXdizC
$80/A516 D0 FB       BNE $FB    [$A513]      A:140B X:000C Y:0006 P:envMXdizC
$80/A513 CD 40 21    CMP $2140  [$9B:2140]   A:140B X:000C Y:0006 P:envMXdizC
$80/A516 D0 FB       BNE $FB    [$A513]      A:140B X:000C Y:0006 P:envMXdizC
$80/A513 CD 40 21    CMP $2140  [$9B:2140]   A:140B X:000C Y:0006 P:envMXdizC
$80/A516 D0 FB       BNE $FB    [$A513]      A:140B X:000C Y:0006 P:envMXdizC
$80/A513 CD 40 21    CMP $2140  [$9B:2140]   A:140B X:000C Y:0006 P:envMXdizC
$80/A516 D0 FB       BNE $FB    [$A513]      A:140B X:000C Y:0006 P:envMXdizC
$80/A513 CD 40 21    CMP $2140  [$9B:2140]   A:140B X:000C Y:0006 P:envMXdizC
$80/A516 D0 FB       BNE $FB    [$A513]      A:140B X:000C Y:0006 P:envMXdizC
$80/A513 CD 40 21    CMP $2140  [$9B:2140]   A:140B X:000C Y:0006 P:envMXdizC
$80/A516 D0 FB       BNE $FB    [$A513]      A:140B X:000C Y:0006 P:envMXdizC
$80/A513 CD 40 21    CMP $2140  [$9B:2140]   A:140B X:000C Y:0006 P:envMXdizC
$80/A516 D0 FB       BNE $FB    [$A513]      A:140B X:000C Y:0006 P:envMXdizC
$80/A513 CD 40 21    CMP $2140  [$9B:2140]   A:140B X:000C Y:0006 P:envMXdizC
$80/A516 D0 FB       BNE $FB    [$A513]      A:140B X:000C Y:0006 P:envMXdizC
$80/A513 CD 40 21    CMP $2140  [$9B:2140]   A:140B X:000C Y:0006 P:envMXdizC
$80/A516 D0 FB       BNE $FB    [$A513]      A:140B X:000C Y:0006 P:envMXdizC
$80/A513 CD 40 21    CMP $2140  [$9B:2140]   A:140B X:000C Y:0006 P:envMXdizC
$80/A516 D0 FB       BNE $FB    [$A513]      A:140B X:000C Y:0006 P:envMXdiZC
$80/A518 9C 40 21    STZ $2140  [$9B:2140]   A:140B X:000C Y:0006 P:envMXdiZC
$80/A51B 60          RTS                     A:140B X:000C Y:0006 P:envMXdiZC


$80/AD87 80 07       BRA $07    [$AD90]      A:140B X:000C Y:0006 P:envMXdiZC
$80/AD90 E2 20       SEP #$20                A:140B X:000C Y:0006 P:envMXdiZC
$80/AD92 E8          INX                     A:140B X:000C Y:0006 P:envMXdiZC
$80/AD93 E8          INX                     A:140B X:000D Y:0006 P:envMXdizC
$80/AD94 C8          INY                     A:140B X:000E Y:0006 P:envMXdizC
$80/AD95 C0 08       CPY #$08                A:140B X:000E Y:0007 P:envMXdizC
$80/AD97 B0 03       BCS $03    [$AD9C]      A:140B X:000E Y:0007 P:eNvMXdizc
$80/AD99 4C 7E AC    JMP $AC7E  [$80:AC7E]   A:140B X:000E Y:0007 P:eNvMXdizc
$80/AC7E 84 4B       STY $4B    [$00:004B]   A:140B X:000E Y:0007 P:eNvMXdizc
$80/AC80 8E 00 08    STX $0800  [$9B:0800]   A:140B X:000E Y:0007 P:eNvMXdizc
$80/AC83 B9 F2 08    LDA $08F2,y[$9B:08F9]   A:140B X:000E Y:0007 P:eNvMXdizc
$80/AC86 D0 03       BNE $03    [$AC8B]      A:1400 X:000E Y:0007 P:envMXdiZc
$80/AC88 4C 61 AD    JMP $AD61  [$80:AD61]   A:1400 X:000E Y:0007 P:envMXdiZc
$80/AD61 4C 90 AD    JMP $AD90  [$80:AD90]   A:1400 X:000E Y:0007 P:envMXdiZc
$80/AD90 E2 20       SEP #$20                A:1400 X:000E Y:0007 P:envMXdiZc
$80/AD92 E8          INX                     A:1400 X:000E Y:0007 P:envMXdiZc
$80/AD93 E8          INX                     A:1400 X:000F Y:0007 P:envMXdizc
$80/AD94 C8          INY                     A:1400 X:0010 Y:0007 P:envMXdizc
$80/AD95 C0 08       CPY #$08                A:1400 X:0010 Y:0008 P:envMXdizc
$80/AD97 B0 03       BCS $03    [$AD9C]      A:1400 X:0010 Y:0008 P:envMXdiZC
$80/AD9C 60          RTS                     A:1400 X:0010 Y:0008 P:envMXdiZC


$80/ADE0 AD F3 07    LDA $07F3  [$9B:07F3]   A:1400 X:0010 Y:0008 P:envMXdiZC
$80/ADE3 F0 03       BEQ $03    [$ADE8]      A:1401 X:0010 Y:0008 P:envMXdizC
$80/ADE5 20 4A AC    JSR $AC4A  [$80:AC4A]   A:1401 X:0010 Y:0008 P:envMXdizC


$80/AC4A AD F5 07    LDA $07F5  [$9B:07F5]   A:1401 X:0010 Y:0008 P:envMXdizC
$80/AC4D 18          CLC                     A:1426 X:0010 Y:0008 P:envMXdizC
$80/AC4E 69 40       ADC #$40                A:1426 X:0010 Y:0008 P:envMXdizc
$80/AC50 8D F5 07    STA $07F5  [$9B:07F5]   A:1466 X:0010 Y:0008 P:envMXdizc
$80/AC53 CD F6 07    CMP $07F6  [$9B:07F6]   A:1466 X:0010 Y:0008 P:envMXdizc
$80/AC56 90 22       BCC $22    [$AC7A]      A:1466 X:0010 Y:0008 P:envMXdizC
$80/AC58 20 49 A5    JSR $A549  [$80:A549]   A:1466 X:0010 Y:0008 P:envMXdizC


$80/A549 A2 00       LDX #$00                A:1466 X:0010 Y:0008 P:envMXdizC
$80/A54B 9B          TXY                     A:1466 X:0000 Y:0008 P:envMXdiZC
$80/A54C 84 4B       STY $4B    [$00:004B]   A:1466 X:0000 Y:0000 P:envMXdiZC
$80/A54E 8E 00 08    STX $0800  [$9B:0800]   A:1466 X:0000 Y:0000 P:envMXdiZC
$80/A551 B9 F2 08    LDA $08F2,y[$9B:08F2]   A:1466 X:0000 Y:0000 P:envMXdiZC
$80/A554 F0 0A       BEQ $0A    [$A560]      A:1400 X:0000 Y:0000 P:envMXdiZC
$80/A560 E8          INX                     A:1400 X:0000 Y:0000 P:envMXdiZC
$80/A561 E8          INX                     A:1400 X:0001 Y:0000 P:envMXdizC
$80/A562 C8          INY                     A:1400 X:0002 Y:0000 P:envMXdizC
$80/A563 C0 08       CPY #$08                A:1400 X:0002 Y:0001 P:envMXdizC
$80/A565 90 E5       BCC $E5    [$A54C]      A:1400 X:0002 Y:0001 P:eNvMXdizc
$80/A54C 84 4B       STY $4B    [$00:004B]   A:1400 X:0002 Y:0001 P:eNvMXdizc
$80/A54E 8E 00 08    STX $0800  [$9B:0800]   A:1400 X:0002 Y:0001 P:eNvMXdizc
$80/A551 B9 F2 08    LDA $08F2,y[$9B:08F3]   A:1400 X:0002 Y:0001 P:eNvMXdizc
$80/A554 F0 0A       BEQ $0A    [$A560]      A:1400 X:0002 Y:0001 P:envMXdiZc
$80/A560 E8          INX                     A:1400 X:0002 Y:0001 P:envMXdiZc
$80/A561 E8          INX                     A:1400 X:0003 Y:0001 P:envMXdizc
$80/A562 C8          INY                     A:1400 X:0004 Y:0001 P:envMXdizc
$80/A563 C0 08       CPY #$08                A:1400 X:0004 Y:0002 P:envMXdizc
$80/A565 90 E5       BCC $E5    [$A54C]      A:1400 X:0004 Y:0002 P:eNvMXdizc
$80/A54C 84 4B       STY $4B    [$00:004B]   A:1400 X:0004 Y:0002 P:eNvMXdizc
$80/A54E 8E 00 08    STX $0800  [$9B:0800]   A:1400 X:0004 Y:0002 P:eNvMXdizc
$80/A551 B9 F2 08    LDA $08F2,y[$9B:08F4]   A:1400 X:0004 Y:0002 P:eNvMXdizc
$80/A554 F0 0A       BEQ $0A    [$A560]      A:1400 X:0004 Y:0002 P:envMXdiZc
$80/A560 E8          INX                     A:1400 X:0004 Y:0002 P:envMXdiZc
$80/A561 E8          INX                     A:1400 X:0005 Y:0002 P:envMXdizc
$80/A562 C8          INY                     A:1400 X:0006 Y:0002 P:envMXdizc
$80/A563 C0 08       CPY #$08                A:1400 X:0006 Y:0003 P:envMXdizc
$80/A565 90 E5       BCC $E5    [$A54C]      A:1400 X:0006 Y:0003 P:eNvMXdizc
$80/A54C 84 4B       STY $4B    [$00:004B]   A:1400 X:0006 Y:0003 P:eNvMXdizc
$80/A54E 8E 00 08    STX $0800  [$9B:0800]   A:1400 X:0006 Y:0003 P:eNvMXdizc
$80/A551 B9 F2 08    LDA $08F2,y[$9B:08F5]   A:1400 X:0006 Y:0003 P:eNvMXdizc
$80/A554 F0 0A       BEQ $0A    [$A560]      A:1400 X:0006 Y:0003 P:envMXdiZc
$80/A560 E8          INX                     A:1400 X:0006 Y:0003 P:envMXdiZc
$80/A561 E8          INX                     A:1400 X:0007 Y:0003 P:envMXdizc
$80/A562 C8          INY                     A:1400 X:0008 Y:0003 P:envMXdizc
$80/A563 C0 08       CPY #$08                A:1400 X:0008 Y:0004 P:envMXdizc
$80/A565 90 E5       BCC $E5    [$A54C]      A:1400 X:0008 Y:0004 P:eNvMXdizc
$80/A54C 84 4B       STY $4B    [$00:004B]   A:1400 X:0008 Y:0004 P:eNvMXdizc
$80/A54E 8E 00 08    STX $0800  [$9B:0800]   A:1400 X:0008 Y:0004 P:eNvMXdizc
$80/A551 B9 F2 08    LDA $08F2,y[$9B:08F6]   A:1400 X:0008 Y:0004 P:eNvMXdizc
$80/A554 F0 0A       BEQ $0A    [$A560]      A:1402 X:0008 Y:0004 P:envMXdizc
$80/A556 B9 FA 08    LDA $08FA,y[$9B:08FE]   A:1402 X:0008 Y:0004 P:envMXdizc
$80/A559 C9 10       CMP #$10                A:140D X:0008 Y:0004 P:envMXdizc
$80/A55B B0 03       BCS $03    [$A560]      A:140D X:0008 Y:0004 P:eNvMXdizc
$80/A55D 20 1C A5    JSR $A51C  [$80:A51C]   A:140D X:0008 Y:0004 P:eNvMXdizc


$80/A51C C2 20       REP #$20                A:140D X:0008 Y:0004 P:eNvMXdizc
$80/A51E BD 1A 09    LDA $091A,x[$9B:0922]   A:140D X:0008 Y:0004 P:eNvmXdizc
$80/A521 30 23       BMI $23    [$A546]      A:000D X:0008 Y:0004 P:envmXdizc
$80/A523 D0 1E       BNE $1E    [$A543]      A:000D X:0008 Y:0004 P:envmXdizc
$80/A543 DE 1A 09    DEC $091A,x[$9B:0922]   A:000D X:0008 Y:0004 P:envmXdizc
$80/A546 E2 20       SEP #$20                A:000D X:0008 Y:0004 P:envmXdizc
$80/A548 60          RTS                     A:000D X:0008 Y:0004 P:envMXdizc


$80/A560 E8          INX                     A:000D X:0008 Y:0004 P:envMXdizc
$80/A561 E8          INX                     A:000D X:0009 Y:0004 P:envMXdizc
$80/A562 C8          INY                     A:000D X:000A Y:0004 P:envMXdizc
$80/A563 C0 08       CPY #$08                A:000D X:000A Y:0005 P:envMXdizc
$80/A565 90 E5       BCC $E5    [$A54C]      A:000D X:000A Y:0005 P:eNvMXdizc
$80/A54C 84 4B       STY $4B    [$00:004B]   A:000D X:000A Y:0005 P:eNvMXdizc
$80/A54E 8E 00 08    STX $0800  [$9B:0800]   A:000D X:000A Y:0005 P:eNvMXdizc
$80/A551 B9 F2 08    LDA $08F2,y[$9B:08F7]   A:000D X:000A Y:0005 P:eNvMXdizc
$80/A554 F0 0A       BEQ $0A    [$A560]      A:0000 X:000A Y:0005 P:envMXdiZc
$80/A560 E8          INX                     A:0000 X:000A Y:0005 P:envMXdiZc
$80/A561 E8          INX                     A:0000 X:000B Y:0005 P:envMXdizc
$80/A562 C8          INY                     A:0000 X:000C Y:0005 P:envMXdizc
$80/A563 C0 08       CPY #$08                A:0000 X:000C Y:0006 P:envMXdizc
$80/A565 90 E5       BCC $E5    [$A54C]      A:0000 X:000C Y:0006 P:eNvMXdizc
$80/A54C 84 4B       STY $4B    [$00:004B]   A:0000 X:000C Y:0006 P:eNvMXdizc
$80/A54E 8E 00 08    STX $0800  [$9B:0800]   A:0000 X:000C Y:0006 P:eNvMXdizc
$80/A551 B9 F2 08    LDA $08F2,y[$9B:08F8]   A:0000 X:000C Y:0006 P:eNvMXdizc
$80/A554 F0 0A       BEQ $0A    [$A560]      A:0004 X:000C Y:0006 P:envMXdizc
$80/A556 B9 FA 08    LDA $08FA,y[$9B:0900]   A:0004 X:000C Y:0006 P:envMXdizc
$80/A559 C9 10       CMP #$10                A:0009 X:000C Y:0006 P:envMXdizc
$80/A55B B0 03       BCS $03    [$A560]      A:0009 X:000C Y:0006 P:eNvMXdizc
$80/A55D 20 1C A5    JSR $A51C  [$80:A51C]   A:0009 X:000C Y:0006 P:eNvMXdizc


$80/A51C C2 20       REP #$20                A:0009 X:000C Y:0006 P:eNvMXdizc
$80/A51E BD 1A 09    LDA $091A,x[$9B:0926]   A:0009 X:000C Y:0006 P:eNvmXdizc
$80/A521 30 23       BMI $23    [$A546]      A:0000 X:000C Y:0006 P:envmXdiZc
$80/A523 D0 1E       BNE $1E    [$A543]      A:0000 X:000C Y:0006 P:envmXdiZc
$80/A525 E2 20       SEP #$20                A:0000 X:000C Y:0006 P:envmXdiZc
$80/A527 B9 F2 08    LDA $08F2,y[$9B:08F8]   A:0000 X:000C Y:0006 P:envMXdiZc
$80/A52A C9 04       CMP #$04                A:0004 X:000C Y:0006 P:envMXdizc
$80/A52C F0 14       BEQ $14    [$A542]      A:0004 X:000C Y:0006 P:envMXdiZC
$80/A542 60          RTS                     A:0004 X:000C Y:0006 P:envMXdiZC


$80/A560 E8          INX                     A:0004 X:000C Y:0006 P:envMXdiZC
$80/A561 E8          INX                     A:0004 X:000D Y:0006 P:envMXdizC
$80/A562 C8          INY                     A:0004 X:000E Y:0006 P:envMXdizC
$80/A563 C0 08       CPY #$08                A:0004 X:000E Y:0007 P:envMXdizC
$80/A565 90 E5       BCC $E5    [$A54C]      A:0004 X:000E Y:0007 P:eNvMXdizc
$80/A54C 84 4B       STY $4B    [$00:004B]   A:0004 X:000E Y:0007 P:eNvMXdizc
$80/A54E 8E 00 08    STX $0800  [$9B:0800]   A:0004 X:000E Y:0007 P:eNvMXdizc
$80/A551 B9 F2 08    LDA $08F2,y[$9B:08F9]   A:0004 X:000E Y:0007 P:eNvMXdizc
$80/A554 F0 0A       BEQ $0A    [$A560]      A:0000 X:000E Y:0007 P:envMXdiZc
$80/A560 E8          INX                     A:0000 X:000E Y:0007 P:envMXdiZc
$80/A561 E8          INX                     A:0000 X:000F Y:0007 P:envMXdizc
$80/A562 C8          INY                     A:0000 X:0010 Y:0007 P:envMXdizc
$80/A563 C0 08       CPY #$08                A:0000 X:0010 Y:0008 P:envMXdizc
$80/A565 90 E5       BCC $E5    [$A54C]      A:0000 X:0010 Y:0008 P:envMXdiZC
$80/A567 60          RTS                     A:0000 X:0010 Y:0008 P:envMXdiZC


$80/AC5B AD F1 07    LDA $07F1  [$9B:07F1]   A:0000 X:0010 Y:0008 P:envMXdiZC
$80/AC5E D0 11       BNE $11    [$AC71]      A:0000 X:0010 Y:0008 P:envMXdiZC
$80/AC60 AE 01 08    LDX $0801  [$9B:0801]   A:0000 X:0010 Y:0008 P:envMXdiZC
$80/AC63 F0 15       BEQ $15    [$AC7A]      A:0000 X:000E Y:0008 P:envMXdizC
$80/AC65 CA          DEX                     A:0000 X:000E Y:0008 P:envMXdizC
$80/AC66 20 6F A8    JSR $A86F  [$80:A86F]   A:0000 X:000D Y:0008 P:envMXdizC


$80/A86F 8A          TXA                     A:0000 X:000D Y:0008 P:envMXdizC
$80/A870 85 4A       STA $4A    [$00:004A]   A:000D X:000D Y:0008 P:envMXdizC
$80/A872 0A          ASL A                   A:000D X:000D Y:0008 P:envMXdizC
$80/A873 AA          TAX                     A:001A X:000D Y:0008 P:envMXdizc
$80/A874 8E FF 07    STX $07FF  [$9B:07FF]   A:001A X:001A Y:0008 P:envMXdizc
$80/A877 C2 20       REP #$20                A:001A X:001A Y:0008 P:envMXdizc
$80/A879 BD 48 08    LDA $0848,x[$9B:0862]   A:001A X:001A Y:0008 P:envmXdizc
$80/A87C F0 03       BEQ $03    [$A881]      A:000E X:001A Y:0008 P:envmXdizc
$80/A87E 4C BF AB    JMP $ABBF  [$80:ABBF]   A:000E X:001A Y:0008 P:envmXdizc
$80/ABBF DE 48 08    DEC $0848,x[$9B:0862]   A:000E X:001A Y:0008 P:envmXdizc
$80/ABC2 E2 30       SEP #$30                A:000E X:001A Y:0008 P:envmXdizc
$80/ABC4 A6 4A       LDX $4A    [$00:004A]   A:000E X:001A Y:0008 P:envMXdizc
$80/ABC6 60          RTS                     A:000E X:000D Y:0008 P:envMXdizc


$80/AC69 AD F3 07    LDA $07F3  [$9B:07F3]   A:000E X:000D Y:0008 P:envMXdizc
$80/AC6C F0 0C       BEQ $0C    [$AC7A]      A:0001 X:000D Y:0008 P:envMXdizc
$80/AC6E CA          DEX                     A:0001 X:000D Y:0008 P:envMXdizc
$80/AC6F 10 F5       BPL $F5    [$AC66]      A:0001 X:000C Y:0008 P:envMXdizc
$80/AC66 20 6F A8    JSR $A86F  [$80:A86F]   A:0001 X:000C Y:0008 P:envMXdizc


$80/A86F 8A          TXA                     A:0001 X:000C Y:0008 P:envMXdizc
$80/A870 85 4A       STA $4A    [$00:004A]   A:000C X:000C Y:0008 P:envMXdizc
$80/A872 0A          ASL A                   A:000C X:000C Y:0008 P:envMXdizc
$80/A873 AA          TAX                     A:0018 X:000C Y:0008 P:envMXdizc
$80/A874 8E FF 07    STX $07FF  [$9B:07FF]   A:0018 X:0018 Y:0008 P:envMXdizc
$80/A877 C2 20       REP #$20                A:0018 X:0018 Y:0008 P:envMXdizc
$80/A879 BD 48 08    LDA $0848,x[$9B:0860]   A:0018 X:0018 Y:0008 P:envmXdizc
$80/A87C F0 03       BEQ $03    [$A881]      A:0004 X:0018 Y:0008 P:envmXdizc
$80/A87E 4C BF AB    JMP $ABBF  [$80:ABBF]   A:0004 X:0018 Y:0008 P:envmXdizc
$80/ABBF DE 48 08    DEC $0848,x[$9B:0860]   A:0004 X:0018 Y:0008 P:envmXdizc
$80/ABC2 E2 30       SEP #$30                A:0004 X:0018 Y:0008 P:envmXdizc
$80/ABC4 A6 4A       LDX $4A    [$00:004A]   A:0004 X:0018 Y:0008 P:envMXdizc
$80/ABC6 60          RTS                     A:0004 X:000C Y:0008 P:envMXdizc


$80/AC69 AD F3 07    LDA $07F3  [$9B:07F3]   A:0004 X:000C Y:0008 P:envMXdizc
$80/AC6C F0 0C       BEQ $0C    [$AC7A]      A:0001 X:000C Y:0008 P:envMXdizc
$80/AC6E CA          DEX                     A:0001 X:000C Y:0008 P:envMXdizc
$80/AC6F 10 F5       BPL $F5    [$AC66]      A:0001 X:000B Y:0008 P:envMXdizc
$80/AC66 20 6F A8    JSR $A86F  [$80:A86F]   A:0001 X:000B Y:0008 P:envMXdizc


$80/A86F 8A          TXA                     A:0001 X:000B Y:0008 P:envMXdizc
$80/A870 85 4A       STA $4A    [$00:004A]   A:000B X:000B Y:0008 P:envMXdizc
$80/A872 0A          ASL A                   A:000B X:000B Y:0008 P:envMXdizc
$80/A873 AA          TAX                     A:0016 X:000B Y:0008 P:envMXdizc
$80/A874 8E FF 07    STX $07FF  [$9B:07FF]   A:0016 X:0016 Y:0008 P:envMXdizc
$80/A877 C2 20       REP #$20                A:0016 X:0016 Y:0008 P:envMXdizc
$80/A879 BD 48 08    LDA $0848,x[$9B:085E]   A:0016 X:0016 Y:0008 P:envmXdizc
$80/A87C F0 03       BEQ $03    [$A881]      A:0002 X:0016 Y:0008 P:envmXdizc
$80/A87E 4C BF AB    JMP $ABBF  [$80:ABBF]   A:0002 X:0016 Y:0008 P:envmXdizc
$80/ABBF DE 48 08    DEC $0848,x[$9B:085E]   A:0002 X:0016 Y:0008 P:envmXdizc
$80/ABC2 E2 30       SEP #$30                A:0002 X:0016 Y:0008 P:envmXdizc
$80/ABC4 A6 4A       LDX $4A    [$00:004A]   A:0002 X:0016 Y:0008 P:envMXdizc
$80/ABC6 60          RTS                     A:0002 X:000B Y:0008 P:envMXdizc


$80/AC69 AD F3 07    LDA $07F3  [$9B:07F3]   A:0002 X:000B Y:0008 P:envMXdizc
$80/AC6C F0 0C       BEQ $0C    [$AC7A]      A:0001 X:000B Y:0008 P:envMXdizc
$80/AC6E CA          DEX                     A:0001 X:000B Y:0008 P:envMXdizc
$80/AC6F 10 F5       BPL $F5    [$AC66]      A:0001 X:000A Y:0008 P:envMXdizc
$80/AC66 20 6F A8    JSR $A86F  [$80:A86F]   A:0001 X:000A Y:0008 P:envMXdizc


$80/A86F 8A          TXA                     A:0001 X:000A Y:0008 P:envMXdizc
$80/A870 85 4A       STA $4A    [$00:004A]   A:000A X:000A Y:0008 P:envMXdizc
$80/A872 0A          ASL A                   A:000A X:000A Y:0008 P:envMXdizc
$80/A873 AA          TAX                     A:0014 X:000A Y:0008 P:envMXdizc
$80/A874 8E FF 07    STX $07FF  [$9B:07FF]   A:0014 X:0014 Y:0008 P:envMXdizc
$80/A877 C2 20       REP #$20                A:0014 X:0014 Y:0008 P:envMXdizc
$80/A879 BD 48 08    LDA $0848,x[$9B:085C]   A:0014 X:0014 Y:0008 P:envmXdizc
$80/A87C F0 03       BEQ $03    [$A881]      A:063E X:0014 Y:0008 P:envmXdizc
$80/A87E 4C BF AB    JMP $ABBF  [$80:ABBF]   A:063E X:0014 Y:0008 P:envmXdizc
$80/ABBF DE 48 08    DEC $0848,x[$9B:085C]   A:063E X:0014 Y:0008 P:envmXdizc
$80/ABC2 E2 30       SEP #$30                A:063E X:0014 Y:0008 P:envmXdizc
$80/ABC4 A6 4A       LDX $4A    [$00:004A]   A:063E X:0014 Y:0008 P:envMXdizc
$80/ABC6 60          RTS                     A:063E X:000A Y:0008 P:envMXdizc


$80/AC69 AD F3 07    LDA $07F3  [$9B:07F3]   A:063E X:000A Y:0008 P:envMXdizc
$80/AC6C F0 0C       BEQ $0C    [$AC7A]      A:0601 X:000A Y:0008 P:envMXdizc
$80/AC6E CA          DEX                     A:0601 X:000A Y:0008 P:envMXdizc
$80/AC6F 10 F5       BPL $F5    [$AC66]      A:0601 X:0009 Y:0008 P:envMXdizc
$80/AC66 20 6F A8    JSR $A86F  [$80:A86F]   A:0601 X:0009 Y:0008 P:envMXdizc


$80/A86F 8A          TXA                     A:0601 X:0009 Y:0008 P:envMXdizc
$80/A870 85 4A       STA $4A    [$00:004A]   A:0609 X:0009 Y:0008 P:envMXdizc
$80/A872 0A          ASL A                   A:0609 X:0009 Y:0008 P:envMXdizc
$80/A873 AA          TAX                     A:0612 X:0009 Y:0008 P:envMXdizc
$80/A874 8E FF 07    STX $07FF  [$9B:07FF]   A:0612 X:0012 Y:0008 P:envMXdizc
$80/A877 C2 20       REP #$20                A:0612 X:0012 Y:0008 P:envMXdizc
$80/A879 BD 48 08    LDA $0848,x[$9B:085A]   A:0612 X:0012 Y:0008 P:envmXdizc
$80/A87C F0 03       BEQ $03    [$A881]      A:0002 X:0012 Y:0008 P:envmXdizc
$80/A87E 4C BF AB    JMP $ABBF  [$80:ABBF]   A:0002 X:0012 Y:0008 P:envmXdizc
$80/ABBF DE 48 08    DEC $0848,x[$9B:085A]   A:0002 X:0012 Y:0008 P:envmXdizc
$80/ABC2 E2 30       SEP #$30                A:0002 X:0012 Y:0008 P:envmXdizc
$80/ABC4 A6 4A       LDX $4A    [$00:004A]   A:0002 X:0012 Y:0008 P:envMXdizc
$80/ABC6 60          RTS                     A:0002 X:0009 Y:0008 P:envMXdizc


$80/AC69 AD F3 07    LDA $07F3  [$9B:07F3]   A:0002 X:0009 Y:0008 P:envMXdizc
$80/AC6C F0 0C       BEQ $0C    [$AC7A]      A:0001 X:0009 Y:0008 P:envMXdizc
$80/AC6E CA          DEX                     A:0001 X:0009 Y:0008 P:envMXdizc
$80/AC6F 10 F5       BPL $F5    [$AC66]      A:0001 X:0008 Y:0008 P:envMXdizc
$80/AC66 20 6F A8    JSR $A86F  [$80:A86F]   A:0001 X:0008 Y:0008 P:envMXdizc


$80/A86F 8A          TXA                     A:0001 X:0008 Y:0008 P:envMXdizc
$80/A870 85 4A       STA $4A    [$00:004A]   A:0008 X:0008 Y:0008 P:envMXdizc
$80/A872 0A          ASL A                   A:0008 X:0008 Y:0008 P:envMXdizc
$80/A873 AA          TAX                     A:0010 X:0008 Y:0008 P:envMXdizc
$80/A874 8E FF 07    STX $07FF  [$9B:07FF]   A:0010 X:0010 Y:0008 P:envMXdizc
$80/A877 C2 20       REP #$20                A:0010 X:0010 Y:0008 P:envMXdizc
$80/A879 BD 48 08    LDA $0848,x[$9B:0858]   A:0010 X:0010 Y:0008 P:envmXdizc
$80/A87C F0 03       BEQ $03    [$A881]      A:0002 X:0010 Y:0008 P:envmXdizc
$80/A87E 4C BF AB    JMP $ABBF  [$80:ABBF]   A:0002 X:0010 Y:0008 P:envmXdizc
$80/ABBF DE 48 08    DEC $0848,x[$9B:0858]   A:0002 X:0010 Y:0008 P:envmXdizc
$80/ABC2 E2 30       SEP #$30                A:0002 X:0010 Y:0008 P:envmXdizc
$80/ABC4 A6 4A       LDX $4A    [$00:004A]   A:0002 X:0010 Y:0008 P:envMXdizc
$80/ABC6 60          RTS                     A:0002 X:0008 Y:0008 P:envMXdizc


$80/AC69 AD F3 07    LDA $07F3  [$9B:07F3]   A:0002 X:0008 Y:0008 P:envMXdizc
$80/AC6C F0 0C       BEQ $0C    [$AC7A]      A:0001 X:0008 Y:0008 P:envMXdizc
$80/AC6E CA          DEX                     A:0001 X:0008 Y:0008 P:envMXdizc
$80/AC6F 10 F5       BPL $F5    [$AC66]      A:0001 X:0007 Y:0008 P:envMXdizc
$80/AC66 20 6F A8    JSR $A86F  [$80:A86F]   A:0001 X:0007 Y:0008 P:envMXdizc


$80/A86F 8A          TXA                     A:0001 X:0007 Y:0008 P:envMXdizc
$80/A870 85 4A       STA $4A    [$00:004A]   A:0007 X:0007 Y:0008 P:envMXdizc
$80/A872 0A          ASL A                   A:0007 X:0007 Y:0008 P:envMXdizc
$80/A873 AA          TAX                     A:000E X:0007 Y:0008 P:envMXdizc
$80/A874 8E FF 07    STX $07FF  [$9B:07FF]   A:000E X:000E Y:0008 P:envMXdizc
$80/A877 C2 20       REP #$20                A:000E X:000E Y:0008 P:envMXdizc
$80/A879 BD 48 08    LDA $0848,x[$9B:0856]   A:000E X:000E Y:0008 P:envmXdizc
$80/A87C F0 03       BEQ $03    [$A881]      A:0150 X:000E Y:0008 P:envmXdizc
$80/A87E 4C BF AB    JMP $ABBF  [$80:ABBF]   A:0150 X:000E Y:0008 P:envmXdizc
$80/ABBF DE 48 08    DEC $0848,x[$9B:0856]   A:0150 X:000E Y:0008 P:envmXdizc
$80/ABC2 E2 30       SEP #$30                A:0150 X:000E Y:0008 P:envmXdizc
$80/ABC4 A6 4A       LDX $4A    [$00:004A]   A:0150 X:000E Y:0008 P:envMXdizc
$80/ABC6 60          RTS                     A:0150 X:0007 Y:0008 P:envMXdizc


$80/AC69 AD F3 07    LDA $07F3  [$9B:07F3]   A:0150 X:0007 Y:0008 P:envMXdizc
$80/AC6C F0 0C       BEQ $0C    [$AC7A]      A:0101 X:0007 Y:0008 P:envMXdizc
$80/AC6E CA          DEX                     A:0101 X:0007 Y:0008 P:envMXdizc
$80/AC6F 10 F5       BPL $F5    [$AC66]      A:0101 X:0006 Y:0008 P:envMXdizc
$80/AC66 20 6F A8    JSR $A86F  [$80:A86F]   A:0101 X:0006 Y:0008 P:envMXdizc


$80/A86F 8A          TXA                     A:0101 X:0006 Y:0008 P:envMXdizc
$80/A870 85 4A       STA $4A    [$00:004A]   A:0106 X:0006 Y:0008 P:envMXdizc
$80/A872 0A          ASL A                   A:0106 X:0006 Y:0008 P:envMXdizc
$80/A873 AA          TAX                     A:010C X:0006 Y:0008 P:envMXdizc
$80/A874 8E FF 07    STX $07FF  [$9B:07FF]   A:010C X:000C Y:0008 P:envMXdizc
$80/A877 C2 20       REP #$20                A:010C X:000C Y:0008 P:envMXdizc
$80/A879 BD 48 08    LDA $0848,x[$9B:0854]   A:010C X:000C Y:0008 P:envmXdizc
$80/A87C F0 03       BEQ $03    [$A881]      A:014B X:000C Y:0008 P:envmXdizc
$80/A87E 4C BF AB    JMP $ABBF  [$80:ABBF]   A:014B X:000C Y:0008 P:envmXdizc
$80/ABBF DE 48 08    DEC $0848,x[$9B:0854]   A:014B X:000C Y:0008 P:envmXdizc
$80/ABC2 E2 30       SEP #$30                A:014B X:000C Y:0008 P:envmXdizc
$80/ABC4 A6 4A       LDX $4A    [$00:004A]   A:014B X:000C Y:0008 P:envMXdizc
$80/ABC6 60          RTS                     A:014B X:0006 Y:0008 P:envMXdizc


$80/AC69 AD F3 07    LDA $07F3  [$9B:07F3]   A:014B X:0006 Y:0008 P:envMXdizc
$80/AC6C F0 0C       BEQ $0C    [$AC7A]      A:0101 X:0006 Y:0008 P:envMXdizc
$80/AC6E CA          DEX                     A:0101 X:0006 Y:0008 P:envMXdizc
$80/AC6F 10 F5       BPL $F5    [$AC66]      A:0101 X:0005 Y:0008 P:envMXdizc
$80/AC66 20 6F A8    JSR $A86F  [$80:A86F]   A:0101 X:0005 Y:0008 P:envMXdizc


$80/A86F 8A          TXA                     A:0101 X:0005 Y:0008 P:envMXdizc
$80/A870 85 4A       STA $4A    [$00:004A]   A:0105 X:0005 Y:0008 P:envMXdizc
$80/A872 0A          ASL A                   A:0105 X:0005 Y:0008 P:envMXdizc
$80/A873 AA          TAX                     A:010A X:0005 Y:0008 P:envMXdizc
$80/A874 8E FF 07    STX $07FF  [$9B:07FF]   A:010A X:000A Y:0008 P:envMXdizc
$80/A877 C2 20       REP #$20                A:010A X:000A Y:0008 P:envMXdizc
$80/A879 BD 48 08    LDA $0848,x[$9B:0852]   A:010A X:000A Y:0008 P:envmXdizc
$80/A87C F0 03       BEQ $03    [$A881]      A:0146 X:000A Y:0008 P:envmXdizc
$80/A87E 4C BF AB    JMP $ABBF  [$80:ABBF]   A:0146 X:000A Y:0008 P:envmXdizc
$80/ABBF DE 48 08    DEC $0848,x[$9B:0852]   A:0146 X:000A Y:0008 P:envmXdizc
$80/ABC2 E2 30       SEP #$30                A:0146 X:000A Y:0008 P:envmXdizc
$80/ABC4 A6 4A       LDX $4A    [$00:004A]   A:0146 X:000A Y:0008 P:envMXdizc
$80/ABC6 60          RTS                     A:0146 X:0005 Y:0008 P:envMXdizc


$80/AC69 AD F3 07    LDA $07F3  [$9B:07F3]   A:0146 X:0005 Y:0008 P:envMXdizc
$80/AC6C F0 0C       BEQ $0C    [$AC7A]      A:0101 X:0005 Y:0008 P:envMXdizc
$80/AC6E CA          DEX                     A:0101 X:0005 Y:0008 P:envMXdizc
$80/AC6F 10 F5       BPL $F5    [$AC66]      A:0101 X:0004 Y:0008 P:envMXdizc
$80/AC66 20 6F A8    JSR $A86F  [$80:A86F]   A:0101 X:0004 Y:0008 P:envMXdizc


$80/A86F 8A          TXA                     A:0101 X:0004 Y:0008 P:envMXdizc
$80/A870 85 4A       STA $4A    [$00:004A]   A:0104 X:0004 Y:0008 P:envMXdizc
$80/A872 0A          ASL A                   A:0104 X:0004 Y:0008 P:envMXdizc
$80/A873 AA          TAX                     A:0108 X:0004 Y:0008 P:envMXdizc
$80/A874 8E FF 07    STX $07FF  [$9B:07FF]   A:0108 X:0008 Y:0008 P:envMXdizc
$80/A877 C2 20       REP #$20                A:0108 X:0008 Y:0008 P:envMXdizc
$80/A879 BD 48 08    LDA $0848,x[$9B:0850]   A:0108 X:0008 Y:0008 P:envmXdizc
$80/A87C F0 03       BEQ $03    [$A881]      A:001A X:0008 Y:0008 P:envmXdizc
$80/A87E 4C BF AB    JMP $ABBF  [$80:ABBF]   A:001A X:0008 Y:0008 P:envmXdizc
$80/ABBF DE 48 08    DEC $0848,x[$9B:0850]   A:001A X:0008 Y:0008 P:envmXdizc
$80/ABC2 E2 30       SEP #$30                A:001A X:0008 Y:0008 P:envmXdizc
$80/ABC4 A6 4A       LDX $4A    [$00:004A]   A:001A X:0008 Y:0008 P:envMXdizc
$80/ABC6 60          RTS                     A:001A X:0004 Y:0008 P:envMXdizc


$80/AC69 AD F3 07    LDA $07F3  [$9B:07F3]   A:001A X:0004 Y:0008 P:envMXdizc
$80/AC6C F0 0C       BEQ $0C    [$AC7A]      A:0001 X:0004 Y:0008 P:envMXdizc
$80/AC6E CA          DEX                     A:0001 X:0004 Y:0008 P:envMXdizc
$80/AC6F 10 F5       BPL $F5    [$AC66]      A:0001 X:0003 Y:0008 P:envMXdizc
$80/AC66 20 6F A8    JSR $A86F  [$80:A86F]   A:0001 X:0003 Y:0008 P:envMXdizc


$80/A86F 8A          TXA                     A:0001 X:0003 Y:0008 P:envMXdizc
$80/A870 85 4A       STA $4A    [$00:004A]   A:0003 X:0003 Y:0008 P:envMXdizc
$80/A872 0A          ASL A                   A:0003 X:0003 Y:0008 P:envMXdizc
$80/A873 AA          TAX                     A:0006 X:0003 Y:0008 P:envMXdizc
$80/A874 8E FF 07    STX $07FF  [$9B:07FF]   A:0006 X:0006 Y:0008 P:envMXdizc
$80/A877 C2 20       REP #$20                A:0006 X:0006 Y:0008 P:envMXdizc
$80/A879 BD 48 08    LDA $0848,x[$9B:084E]   A:0006 X:0006 Y:0008 P:envmXdizc
$80/A87C F0 03       BEQ $03    [$A881]      A:0146 X:0006 Y:0008 P:envmXdizc
$80/A87E 4C BF AB    JMP $ABBF  [$80:ABBF]   A:0146 X:0006 Y:0008 P:envmXdizc
$80/ABBF DE 48 08    DEC $0848,x[$9B:084E]   A:0146 X:0006 Y:0008 P:envmXdizc
$80/ABC2 E2 30       SEP #$30                A:0146 X:0006 Y:0008 P:envmXdizc
$80/ABC4 A6 4A       LDX $4A    [$00:004A]   A:0146 X:0006 Y:0008 P:envMXdizc
$80/ABC6 60          RTS                     A:0146 X:0003 Y:0008 P:envMXdizc


$80/AC69 AD F3 07    LDA $07F3  [$9B:07F3]   A:0146 X:0003 Y:0008 P:envMXdizc
$80/AC6C F0 0C       BEQ $0C    [$AC7A]      A:0101 X:0003 Y:0008 P:envMXdizc
$80/AC6E CA          DEX                     A:0101 X:0003 Y:0008 P:envMXdizc
$80/AC6F 10 F5       BPL $F5    [$AC66]      A:0101 X:0002 Y:0008 P:envMXdizc
$80/AC66 20 6F A8    JSR $A86F  [$80:A86F]   A:0101 X:0002 Y:0008 P:envMXdizc


$80/A86F 8A          TXA                     A:0101 X:0002 Y:0008 P:envMXdizc
$80/A870 85 4A       STA $4A    [$00:004A]   A:0102 X:0002 Y:0008 P:envMXdizc
$80/A872 0A          ASL A                   A:0102 X:0002 Y:0008 P:envMXdizc
$80/A873 AA          TAX                     A:0104 X:0002 Y:0008 P:envMXdizc
$80/A874 8E FF 07    STX $07FF  [$9B:07FF]   A:0104 X:0004 Y:0008 P:envMXdizc
$80/A877 C2 20       REP #$20                A:0104 X:0004 Y:0008 P:envMXdizc
$80/A879 BD 48 08    LDA $0848,x[$9B:084C]   A:0104 X:0004 Y:0008 P:envmXdizc
$80/A87C F0 03       BEQ $03    [$A881]      A:054E X:0004 Y:0008 P:envmXdizc
$80/A87E 4C BF AB    JMP $ABBF  [$80:ABBF]   A:054E X:0004 Y:0008 P:envmXdizc
$80/ABBF DE 48 08    DEC $0848,x[$9B:084C]   A:054E X:0004 Y:0008 P:envmXdizc
$80/ABC2 E2 30       SEP #$30                A:054E X:0004 Y:0008 P:envmXdizc
$80/ABC4 A6 4A       LDX $4A    [$00:004A]   A:054E X:0004 Y:0008 P:envMXdizc
$80/ABC6 60          RTS                     A:054E X:0002 Y:0008 P:envMXdizc


$80/AC69 AD F3 07    LDA $07F3  [$9B:07F3]   A:054E X:0002 Y:0008 P:envMXdizc
$80/AC6C F0 0C       BEQ $0C    [$AC7A]      A:0501 X:0002 Y:0008 P:envMXdizc
$80/AC6E CA          DEX                     A:0501 X:0002 Y:0008 P:envMXdizc
$80/AC6F 10 F5       BPL $F5    [$AC66]      A:0501 X:0001 Y:0008 P:envMXdizc
$80/AC66 20 6F A8    JSR $A86F  [$80:A86F]   A:0501 X:0001 Y:0008 P:envMXdizc


$80/A86F 8A          TXA                     A:0501 X:0001 Y:0008 P:envMXdizc
$80/A870 85 4A       STA $4A    [$00:004A]   A:0501 X:0001 Y:0008 P:envMXdizc
$80/A872 0A          ASL A                   A:0501 X:0001 Y:0008 P:envMXdizc
$80/A873 AA          TAX                     A:0502 X:0001 Y:0008 P:envMXdizc
$80/A874 8E FF 07    STX $07FF  [$9B:07FF]   A:0502 X:0002 Y:0008 P:envMXdizc
$80/A877 C2 20       REP #$20                A:0502 X:0002 Y:0008 P:envMXdizc
$80/A879 BD 48 08    LDA $0848,x[$9B:084A]   A:0502 X:0002 Y:0008 P:envmXdizc
$80/A87C F0 03       BEQ $03    [$A881]      A:01BE X:0002 Y:0008 P:envmXdizc
$80/A87E 4C BF AB    JMP $ABBF  [$80:ABBF]   A:01BE X:0002 Y:0008 P:envmXdizc
$80/ABBF DE 48 08    DEC $0848,x[$9B:084A]   A:01BE X:0002 Y:0008 P:envmXdizc
$80/ABC2 E2 30       SEP #$30                A:01BE X:0002 Y:0008 P:envmXdizc
$80/ABC4 A6 4A       LDX $4A    [$00:004A]   A:01BE X:0002 Y:0008 P:envMXdizc
$80/ABC6 60          RTS                     A:01BE X:0001 Y:0008 P:envMXdizc


$80/AC69 AD F3 07    LDA $07F3  [$9B:07F3]   A:01BE X:0001 Y:0008 P:envMXdizc
$80/AC6C F0 0C       BEQ $0C    [$AC7A]      A:0101 X:0001 Y:0008 P:envMXdizc
$80/AC6E CA          DEX                     A:0101 X:0001 Y:0008 P:envMXdizc
$80/AC6F 10 F5       BPL $F5    [$AC66]      A:0101 X:0000 Y:0008 P:envMXdiZc
$80/AC66 20 6F A8    JSR $A86F  [$80:A86F]   A:0101 X:0000 Y:0008 P:envMXdiZc


$80/A86F 8A          TXA                     A:0101 X:0000 Y:0008 P:envMXdiZc
$80/A870 85 4A       STA $4A    [$00:004A]   A:0100 X:0000 Y:0008 P:envMXdiZc
$80/A872 0A          ASL A                   A:0100 X:0000 Y:0008 P:envMXdiZc
$80/A873 AA          TAX                     A:0100 X:0000 Y:0008 P:envMXdiZc
$80/A874 8E FF 07    STX $07FF  [$9B:07FF]   A:0100 X:0000 Y:0008 P:envMXdiZc
$80/A877 C2 20       REP #$20                A:0100 X:0000 Y:0008 P:envMXdiZc
$80/A879 BD 48 08    LDA $0848,x[$9B:0848]   A:0100 X:0000 Y:0008 P:envmXdiZc
$80/A87C F0 03       BEQ $03    [$A881]      A:01A6 X:0000 Y:0008 P:envmXdizc
$80/A87E 4C BF AB    JMP $ABBF  [$80:ABBF]   A:01A6 X:0000 Y:0008 P:envmXdizc
$80/ABBF DE 48 08    DEC $0848,x[$9B:0848]   A:01A6 X:0000 Y:0008 P:envmXdizc
$80/ABC2 E2 30       SEP #$30                A:01A6 X:0000 Y:0008 P:envmXdizc
$80/ABC4 A6 4A       LDX $4A    [$00:004A]   A:01A6 X:0000 Y:0008 P:envMXdizc
$80/ABC6 60          RTS                     A:01A6 X:0000 Y:0008 P:envMXdiZc


$80/AC69 AD F3 07    LDA $07F3  [$9B:07F3]   A:01A6 X:0000 Y:0008 P:envMXdiZc
$80/AC6C F0 0C       BEQ $0C    [$AC7A]      A:0101 X:0000 Y:0008 P:envMXdizc
$80/AC6E CA          DEX                     A:0101 X:0000 Y:0008 P:envMXdizc
$80/AC6F 10 F5       BPL $F5    [$AC66]      A:0101 X:00FF Y:0008 P:eNvMXdizc
$80/AC71 AD F5 07    LDA $07F5  [$9B:07F5]   A:0101 X:00FF Y:0008 P:eNvMXdizc
$80/AC74 38          SEC                     A:0166 X:00FF Y:0008 P:envMXdizc
$80/AC75 ED F6 07    SBC $07F6  [$9B:07F6]   A:0166 X:00FF Y:0008 P:envMXdizC
$80/AC78 80 D6       BRA $D6    [$AC50]      A:0125 X:00FF Y:0008 P:envMXdizC
$80/AC50 8D F5 07    STA $07F5  [$9B:07F5]   A:0125 X:00FF Y:0008 P:envMXdizC
$80/AC53 CD F6 07    CMP $07F6  [$9B:07F6]   A:0125 X:00FF Y:0008 P:envMXdizC
$80/AC56 90 22       BCC $22    [$AC7A]      A:0125 X:00FF Y:0008 P:eNvMXdizc
$80/AC7A 60          RTS                     A:0125 X:00FF Y:0008 P:eNvMXdizc


$80/ADE8 60          RTS                     A:0125 X:00FF Y:0008 P:eNvMXdizc


$80/8474 22 81 99 9C JSL $9C9981[$9C:9981]   A:0125 X:00FF Y:0008 P:eNvMXdizc


$9C/9981 C2 30       REP #$30                A:0125 X:00FF Y:0008 P:eNvMXdizc
$9C/9983 AD E5 07    LDA $07E5  [$9B:07E5]   A:0125 X:00FF Y:0008 P:eNvmxdizc
$9C/9986 29 FF 00    AND #$00FF              A:0000 X:00FF Y:0008 P:envmxdiZc
$9C/9989 D0 59       BNE $59    [$99E4]      A:0000 X:00FF Y:0008 P:envmxdiZc
$9C/998B AD 68 1D    LDA $1D68  [$9B:1D68]   A:0000 X:00FF Y:0008 P:envmxdiZc
$9C/998E C9 02 00    CMP #$0002              A:0002 X:00FF Y:0008 P:envmxdizc
$9C/9991 F0 51       BEQ $51    [$99E4]      A:0002 X:00FF Y:0008 P:envmxdiZC
$9C/99E4 6B          RTL                     A:0002 X:00FF Y:0008 P:envmxdiZC


$80/8478 C2 30       REP #$30                A:0002 X:00FF Y:0008 P:envmxdiZC
$80/847A 64 38       STZ $38    [$00:0038]   A:0002 X:00FF Y:0008 P:envmxdiZC
$80/847C 7A          PLY                     A:0002 X:00FF Y:0008 P:envmxdiZC
$80/847D FA          PLX                     A:0002 X:00FF Y:045A P:envmxdizC
$80/847E 68          PLA                     A:0002 X:0008 Y:045A P:envmxdizC
$80/847F AB          PLB                     A:EEEE X:0008 Y:045A P:eNvmxdizC
$80/8480 40          RTI                     A:EEEE X:0008 Y:045A P:envmxdizC
$9B/85F6 F0 E4       BEQ $E4    [$85DC]      A:EEEE X:0008 Y:045A P:eNvmxdizc
$9B/85F8 EB          XBA                     A:EEEE X:0008 Y:045A P:eNvmxdizc
$9B/85F9 A8          TAY                     A:EEEE X:0008 Y:045A P:eNvmxdizc
$9B/85FA 98          TYA                     A:EEEE X:0008 Y:EEEE P:eNvmxdizc
$9B/85FB 0A          ASL A                   A:EEEE X:0008 Y:EEEE P:eNvmxdizc
$9B/85FC 90 05       BCC $05    [$8603]      A:DDDC X:0008 Y:EEEE P:eNvmxdizC
$9B/85FE A8          TAY                     A:DDDC X:0008 Y:EEEE P:eNvmxdizC
$9B/85FF 8A          TXA                     A:DDDC X:0008 Y:DDDC P:eNvmxdizC
$9B/8600 04 15       TSB $15    [$00:0015]   A:0008 X:0008 Y:DDDC P:envmxdizC
$9B/8602 98          TYA                     A:0008 X:0008 Y:DDDC P:envmxdiZC
$9B/8603 0A          ASL A                   A:DDDC X:0008 Y:DDDC P:eNvmxdizC
$9B/8604 90 05       BCC $05    [$860B]      A:BBB8 X:0008 Y:DDDC P:eNvmxdizC
$9B/8606 A8          TAY                     A:BBB8 X:0008 Y:DDDC P:eNvmxdizC
$9B/8607 8A          TXA                     A:BBB8 X:0008 Y:BBB8 P:eNvmxdizC
$9B/8608 04 14       TSB $14    [$00:0014]   A:0008 X:0008 Y:BBB8 P:envmxdizC
$9B/860A 98          TYA                     A:0008 X:0008 Y:BBB8 P:envmxdiZC
$9B/860B 0A          ASL A                   A:BBB8 X:0008 Y:BBB8 P:eNvmxdizC
$9B/860C 90 05       BCC $05    [$8613]      A:7770 X:0008 Y:BBB8 P:envmxdizC
$9B/860E A8          TAY                     A:7770 X:0008 Y:BBB8 P:envmxdizC
$9B/860F 8A          TXA                     A:7770 X:0008 Y:7770 P:envmxdizC
$9B/8610 04 17       TSB $17    [$00:0017]   A:0008 X:0008 Y:7770 P:envmxdizC
$9B/8612 98          TYA                     A:0008 X:0008 Y:7770 P:envmxdiZC
$9B/8613 0A          ASL A                   A:7770 X:0008 Y:7770 P:envmxdizC
$9B/8614 90 05       BCC $05    [$861B]      A:EEE0 X:0008 Y:7770 P:eNvmxdizc
$9B/861B A8          TAY                     A:EEE0 X:0008 Y:7770 P:eNvmxdizc
$9B/861C 8A          TXA                     A:EEE0 X:0008 Y:EEE0 P:eNvmxdizc
$9B/861D 4A          LSR A                   A:0008 X:0008 Y:EEE0 P:envmxdizc
$9B/861E AA          TAX                     A:0004 X:0008 Y:EEE0 P:envmxdizc
$9B/861F E0 10 00    CPX #$0010              A:0004 X:0004 Y:EEE0 P:envmxdizc
$9B/8622 B0 D6       BCS $D6    [$85FA]      A:0004 X:0004 Y:EEE0 P:eNvmxdizc
$9B/8624 E0 00 00    CPX #$0000              A:0004 X:0004 Y:EEE0 P:eNvmxdizc
$9B/8627 F0 0E       BEQ $0E    [$8637]      A:0004 X:0004 Y:EEE0 P:envmxdizC
$9B/8629 E0 08 00    CPX #$0008              A:0004 X:0004 Y:EEE0 P:envmxdizC
$9B/862C 90 CC       BCC $CC    [$85FA]      A:0004 X:0004 Y:EEE0 P:eNvmxdizc
$9B/85FA 98          TYA                     A:0004 X:0004 Y:EEE0 P:eNvmxdizc
$9B/85FB 0A          ASL A                   A:EEE0 X:0004 Y:EEE0 P:eNvmxdizc
$9B/85FC 90 05       BCC $05    [$8603]      A:DDC0 X:0004 Y:EEE0 P:eNvmxdizC
$9B/85FE A8          TAY                     A:DDC0 X:0004 Y:EEE0 P:eNvmxdizC
$9B/85FF 8A          TXA                     A:DDC0 X:0004 Y:DDC0 P:eNvmxdizC
$9B/8600 04 15       TSB $15    [$00:0015]   A:0004 X:0004 Y:DDC0 P:envmxdizC
$9B/8602 98          TYA                     A:0004 X:0004 Y:DDC0 P:envmxdiZC
$9B/8603 0A          ASL A                   A:DDC0 X:0004 Y:DDC0 P:eNvmxdizC
$9B/8604 90 05       BCC $05    [$860B]      A:BB80 X:0004 Y:DDC0 P:eNvmxdizC
$9B/8606 A8          TAY                     A:BB80 X:0004 Y:DDC0 P:eNvmxdizC
$9B/8607 8A          TXA                     A:BB80 X:0004 Y:BB80 P:eNvmxdizC
$9B/8608 04 14       TSB $14    [$00:0014]   A:0004 X:0004 Y:BB80 P:envmxdizC
$9B/860A 98          TYA                     A:0004 X:0004 Y:BB80 P:envmxdiZC
$9B/860B 0A          ASL A                   A:BB80 X:0004 Y:BB80 P:eNvmxdizC
$9B/860C 90 05       BCC $05    [$8613]      A:7700 X:0004 Y:BB80 P:envmxdizC
$9B/860E A8          TAY                     A:7700 X:0004 Y:BB80 P:envmxdizC
$9B/860F 8A          TXA                     A:7700 X:0004 Y:7700 P:envmxdizC
$9B/8610 04 17       TSB $17    [$00:0017]   A:0004 X:0004 Y:7700 P:envmxdizC
$9B/8612 98          TYA                     A:0004 X:0004 Y:7700 P:envmxdiZC
$9B/8613 0A          ASL A                   A:7700 X:0004 Y:7700 P:envmxdizC
$9B/8614 90 05       BCC $05    [$861B]      A:EE00 X:0004 Y:7700 P:eNvmxdizc
$9B/861B A8          TAY                     A:EE00 X:0004 Y:7700 P:eNvmxdizc
$9B/861C 8A          TXA                     A:EE00 X:0004 Y:EE00 P:eNvmxdizc
$9B/861D 4A          LSR A                   A:0004 X:0004 Y:EE00 P:envmxdizc
$9B/861E AA          TAX                     A:0002 X:0004 Y:EE00 P:envmxdizc
$9B/861F E0 10 00    CPX #$0010              A:0002 X:0002 Y:EE00 P:envmxdizc
$9B/8622 B0 D6       BCS $D6    [$85FA]      A:0002 X:0002 Y:EE00 P:eNvmxdizc
$9B/8624 E0 00 00    CPX #$0000              A:0002 X:0002 Y:EE00 P:eNvmxdizc
$9B/8627 F0 0E       BEQ $0E    [$8637]      A:0002 X:0002 Y:EE00 P:envmxdizC
$9B/8629 E0 08 00    CPX #$0008              A:0002 X:0002 Y:EE00 P:envmxdizC
$9B/862C 90 CC       BCC $CC    [$85FA]      A:0002 X:0002 Y:EE00 P:eNvmxdizc
$9B/85FA 98          TYA                     A:0002 X:0002 Y:EE00 P:eNvmxdizc
$9B/85FB 0A          ASL A                   A:EE00 X:0002 Y:EE00 P:eNvmxdizc
$9B/85FC 90 05       BCC $05    [$8603]      A:DC00 X:0002 Y:EE00 P:eNvmxdizC
$9B/85FE A8          TAY                     A:DC00 X:0002 Y:EE00 P:eNvmxdizC
$9B/85FF 8A          TXA                     A:DC00 X:0002 Y:DC00 P:eNvmxdizC
$9B/8600 04 15       TSB $15    [$00:0015]   A:0002 X:0002 Y:DC00 P:envmxdizC
$9B/8602 98          TYA                     A:0002 X:0002 Y:DC00 P:envmxdiZC
$9B/8603 0A          ASL A                   A:DC00 X:0002 Y:DC00 P:eNvmxdizC
$9B/8604 90 05       BCC $05    [$860B]      A:B800 X:0002 Y:DC00 P:eNvmxdizC
$9B/8606 A8          TAY                     A:B800 X:0002 Y:DC00 P:eNvmxdizC
$9B/8607 8A          TXA                     A:B800 X:0002 Y:B800 P:eNvmxdizC
$9B/8608 04 14       TSB $14    [$00:0014]   A:0002 X:0002 Y:B800 P:envmxdizC
$9B/860A 98          TYA                     A:0002 X:0002 Y:B800 P:envmxdiZC
$9B/860B 0A          ASL A                   A:B800 X:0002 Y:B800 P:eNvmxdizC
$9B/860C 90 05       BCC $05    [$8613]      A:7000 X:0002 Y:B800 P:envmxdizC
$9B/860E A8          TAY                     A:7000 X:0002 Y:B800 P:envmxdizC
$9B/860F 8A          TXA                     A:7000 X:0002 Y:7000 P:envmxdizC
$9B/8610 04 17       TSB $17    [$00:0017]   A:0002 X:0002 Y:7000 P:envmxdizC
$9B/8612 98          TYA                     A:0002 X:0002 Y:7000 P:envmxdiZC
$9B/8613 0A          ASL A                   A:7000 X:0002 Y:7000 P:envmxdizC
$9B/8614 90 05       BCC $05    [$861B]      A:E000 X:0002 Y:7000 P:eNvmxdizc
$9B/861B A8          TAY                     A:E000 X:0002 Y:7000 P:eNvmxdizc
$9B/861C 8A          TXA                     A:E000 X:0002 Y:E000 P:eNvmxdizc
$9B/861D 4A          LSR A                   A:0002 X:0002 Y:E000 P:envmxdizc
$9B/861E AA          TAX                     A:0001 X:0002 Y:E000 P:envmxdizc
$9B/861F E0 10 00    CPX #$0010              A:0001 X:0001 Y:E000 P:envmxdizc
$9B/8622 B0 D6       BCS $D6    [$85FA]      A:0001 X:0001 Y:E000 P:eNvmxdizc
$9B/8624 E0 00 00    CPX #$0000              A:0001 X:0001 Y:E000 P:eNvmxdizc
$9B/8627 F0 0E       BEQ $0E    [$8637]      A:0001 X:0001 Y:E000 P:envmxdizC
$9B/8629 E0 08 00    CPX #$0008              A:0001 X:0001 Y:E000 P:envmxdizC
$9B/862C 90 CC       BCC $CC    [$85FA]      A:0001 X:0001 Y:E000 P:eNvmxdizc
$9B/85FA 98          TYA                     A:0001 X:0001 Y:E000 P:eNvmxdizc
$9B/85FB 0A          ASL A                   A:E000 X:0001 Y:E000 P:eNvmxdizc
$9B/85FC 90 05       BCC $05    [$8603]      A:C000 X:0001 Y:E000 P:eNvmxdizC
$9B/85FE A8          TAY                     A:C000 X:0001 Y:E000 P:eNvmxdizC
$9B/85FF 8A          TXA                     A:C000 X:0001 Y:C000 P:eNvmxdizC
$9B/8600 04 15       TSB $15    [$00:0015]   A:0001 X:0001 Y:C000 P:envmxdizC
$9B/8602 98          TYA                     A:0001 X:0001 Y:C000 P:envmxdiZC
$9B/8603 0A          ASL A                   A:C000 X:0001 Y:C000 P:eNvmxdizC
$9B/8604 90 05       BCC $05    [$860B]      A:8000 X:0001 Y:C000 P:eNvmxdizC
$9B/8606 A8          TAY                     A:8000 X:0001 Y:C000 P:eNvmxdizC
$9B/8607 8A          TXA                     A:8000 X:0001 Y:8000 P:eNvmxdizC
$9B/8608 04 14       TSB $14    [$00:0014]   A:0001 X:0001 Y:8000 P:envmxdizC
$9B/860A 98          TYA                     A:0001 X:0001 Y:8000 P:envmxdiZC
$9B/860B 0A          ASL A                   A:8000 X:0001 Y:8000 P:eNvmxdizC
$9B/860C 90 05       BCC $05    [$8613]      A:0000 X:0001 Y:8000 P:envmxdiZC
$9B/860E A8          TAY                     A:0000 X:0001 Y:8000 P:envmxdiZC
$9B/860F 8A          TXA                     A:0000 X:0001 Y:0000 P:envmxdiZC
$9B/8610 04 17       TSB $17    [$00:0017]   A:0001 X:0001 Y:0000 P:envmxdizC
$9B/8612 98          TYA                     A:0001 X:0001 Y:0000 P:envmxdiZC
$9B/8613 0A          ASL A                   A:0000 X:0001 Y:0000 P:envmxdiZC
$9B/8614 90 05       BCC $05    [$861B]      A:0000 X:0001 Y:0000 P:envmxdiZc
$9B/861B A8          TAY                     A:0000 X:0001 Y:0000 P:envmxdiZc
$9B/861C 8A          TXA                     A:0000 X:0001 Y:0000 P:envmxdiZc
$9B/861D 4A          LSR A                   A:0001 X:0001 Y:0000 P:envmxdizc
$9B/861E AA          TAX                     A:0000 X:0001 Y:0000 P:envmxdiZC
$9B/861F E0 10 00    CPX #$0010              A:0000 X:0000 Y:0000 P:envmxdiZC
$9B/8622 B0 D6       BCS $D6    [$85FA]      A:0000 X:0000 Y:0000 P:eNvmxdizc
$9B/8624 E0 00 00    CPX #$0000              A:0000 X:0000 Y:0000 P:eNvmxdizc
$9B/8627 F0 0E       BEQ $0E    [$8637]      A:0000 X:0000 Y:0000 P:envmxdiZC
$9B/8637 A5 06       LDA $06    [$00:0006]   A:0000 X:0000 Y:0000 P:envmxdiZC
$9B/8639 1A          INC A                   A:044A X:0000 Y:0000 P:envmxdizC
$9B/863A 1A          INC A                   A:044B X:0000 Y:0000 P:envmxdizC
$9B/863B A8          TAY                     A:044C X:0000 Y:0000 P:envmxdizC
$9B/863C 29 10 00    AND #$0010              A:044C X:0000 Y:044C P:envmxdizC
$9B/863F F0 06       BEQ $06    [$8647]      A:0000 X:0000 Y:044C P:envmxdiZC
$9B/8647 84 06       STY $06    [$00:0006]   A:0000 X:0000 Y:044C P:envmxdiZC
$9B/8649 A5 16       LDA $16    [$00:0016]   A:0000 X:0000 Y:044C P:envmxdiZC
$9B/864B 91 10       STA ($10),y[$7F:554C]   A:7FE0 X:0000 Y:044C P:envmxdizC
$9B/864D 98          TYA                     A:7FE0 X:0000 Y:044C P:envmxdizC
$9B/864E 18          CLC                     A:044C X:0000 Y:044C P:envmxdizC
$9B/864F 69 10 00    ADC #$0010              A:044C X:0000 Y:044C P:envmxdizc
$9B/8652 A8          TAY                     A:045C X:0000 Y:044C P:envmxdizc
$9B/8653 A5 14       LDA $14    [$00:0014]   A:045C X:0000 Y:045C P:envmxdizc
$9B/8655 91 10       STA ($10),y[$7F:555C]   A:FFFF X:0000 Y:045C P:eNvmxdizc
$9B/8657 E6 04       INC $04    [$00:0004]   A:FFFF X:0000 Y:045C P:eNvmxdizc
$9B/8659 C6 00       DEC $00    [$00:0000]   A:FFFF X:0000 Y:045C P:envmxdizc
$9B/865B 10 8B       BPL $8B    [$85E8]      A:FFFF X:0000 Y:045C P:envmxdizc
$9B/85E8 A2 80 00    LDX #$0080              A:FFFF X:0000 Y:045C P:envmxdizc
$9B/85EB 64 14       STZ $14    [$00:0014]   A:FFFF X:0080 Y:045C P:envmxdizc
$9B/85ED 64 16       STZ $16    [$00:0016]   A:FFFF X:0080 Y:045C P:envmxdizc
$9B/85EF A5 04       LDA $04    [$00:0004]   A:FFFF X:0080 Y:045C P:envmxdizc
$9B/85F1 0A          ASL A                   A:0117 X:0080 Y:045C P:envmxdizc
$9B/85F2 0A          ASL A                   A:022E X:0080 Y:045C P:envmxdizc
$9B/85F3 A8          TAY                     A:045C X:0080 Y:045C P:envmxdizc
$9B/85F4 B1 0C       LDA ($0C),y[$7F:045C]   A:045C X:0080 Y:045C P:envmxdizc
$9B/85F6 F0 E4       BEQ $E4    [$85DC]      A:DDFF X:0080 Y:045C P:eNvmxdizc
$9B/85F8 EB          XBA                     A:DDFF X:0080 Y:045C P:eNvmxdizc
$9B/85F9 A8          TAY                     A:FFDD X:0080 Y:045C P:eNvmxdizc
$9B/85FA 98          TYA                     A:FFDD X:0080 Y:FFDD P:eNvmxdizc
$9B/85FB 0A          ASL A                   A:FFDD X:0080 Y:FFDD P:eNvmxdizc
$9B/85FC 90 05       BCC $05    [$8603]      A:FFBA X:0080 Y:FFDD P:eNvmxdizC
$9B/85FE A8          TAY                     A:FFBA X:0080 Y:FFDD P:eNvmxdizC
$9B/85FF 8A          TXA                     A:FFBA X:0080 Y:FFBA P:eNvmxdizC
$9B/8600 04 15       TSB $15    [$00:0015]   A:0080 X:0080 Y:FFBA P:envmxdizC
$9B/8602 98          TYA                     A:0080 X:0080 Y:FFBA P:envmxdiZC
$9B/8603 0A          ASL A                   A:FFBA X:0080 Y:FFBA P:eNvmxdizC
$9B/8604 90 05       BCC $05    [$860B]      A:FF74 X:0080 Y:FFBA P:eNvmxdizC
$9B/8606 A8          TAY                     A:FF74 X:0080 Y:FFBA P:eNvmxdizC
$9B/8607 8A          TXA                     A:FF74 X:0080 Y:FF74 P:eNvmxdizC
$9B/8608 04 14       TSB $14    [$00:0014]   A:0080 X:0080 Y:FF74 P:envmxdizC
$9B/860A 98          TYA                     A:0080 X:0080 Y:FF74 P:envmxdiZC
$9B/860B 0A          ASL A                   A:FF74 X:0080 Y:FF74 P:eNvmxdizC
$9B/860C 90 05       BCC $05    [$8613]      A:FEE8 X:0080 Y:FF74 P:eNvmxdizC
$9B/860E A8          TAY                     A:FEE8 X:0080 Y:FF74 P:eNvmxdizC
$9B/860F 8A          TXA                     A:FEE8 X:0080 Y:FEE8 P:eNvmxdizC
$9B/8610 04 17       TSB $17    [$00:0017]   A:0080 X:0080 Y:FEE8 P:envmxdizC
$9B/8612 98          TYA                     A:0080 X:0080 Y:FEE8 P:envmxdiZC
$9B/8613 0A          ASL A                   A:FEE8 X:0080 Y:FEE8 P:eNvmxdizC
$9B/8614 90 05       BCC $05    [$861B]      A:FDD0 X:0080 Y:FEE8 P:eNvmxdizC
$9B/8616 A8          TAY                     A:FDD0 X:0080 Y:FEE8 P:eNvmxdizC
$9B/8617 8A          TXA                     A:FDD0 X:0080 Y:FDD0 P:eNvmxdizC
$9B/8618 04 16       TSB $16    [$00:0016]   A:0080 X:0080 Y:FDD0 P:envmxdizC
$9B/861A 98          TYA                     A:0080 X:0080 Y:FDD0 P:envmxdiZC
$9B/861B A8          TAY                     A:FDD0 X:0080 Y:FDD0 P:eNvmxdizC
$9B/861C 8A          TXA                     A:FDD0 X:0080 Y:FDD0 P:eNvmxdizC
$9B/861D 4A          LSR A                   A:0080 X:0080 Y:FDD0 P:envmxdizC
$9B/861E AA          TAX                     A:0040 X:0080 Y:FDD0 P:envmxdizc
$9B/861F E0 10 00    CPX #$0010              A:0040 X:0040 Y:FDD0 P:envmxdizc
$9B/8622 B0 D6       BCS $D6    [$85FA]      A:0040 X:0040 Y:FDD0 P:envmxdizC
$9B/85FA 98          TYA                     A:0040 X:0040 Y:FDD0 P:envmxdizC
$9B/85FB 0A          ASL A                   A:FDD0 X:0040 Y:FDD0 P:eNvmxdizC
$9B/85FC 90 05       BCC $05    [$8603]      A:FBA0 X:0040 Y:FDD0 P:eNvmxdizC
$9B/85FE A8          TAY                     A:FBA0 X:0040 Y:FDD0 P:eNvmxdizC
$9B/85FF 8A          TXA                     A:FBA0 X:0040 Y:FBA0 P:eNvmxdizC
$9B/8600 04 15       TSB $15    [$00:0015]   A:0040 X:0040 Y:FBA0 P:envmxdizC
$9B/8602 98          TYA                     A:0040 X:0040 Y:FBA0 P:envmxdiZC
$9B/8603 0A          ASL A                   A:FBA0 X:0040 Y:FBA0 P:eNvmxdizC
$9B/8604 90 05       BCC $05    [$860B]      A:F740 X:0040 Y:FBA0 P:eNvmxdizC
$9B/8606 A8          TAY                     A:F740 X:0040 Y:FBA0 P:eNvmxdizC
$9B/8607 8A          TXA                     A:F740 X:0040 Y:F740 P:eNvmxdizC
$9B/8608 04 14       TSB $14    [$00:0014]   A:0040 X:0040 Y:F740 P:envmxdizC
$9B/860A 98          TYA                     A:0040 X:0040 Y:F740 P:envmxdiZC
$9B/860B 0A          ASL A                   A:F740 X:0040 Y:F740 P:eNvmxdizC
$9B/860C 90 05       BCC $05    [$8613]      A:EE80 X:0040 Y:F740 P:eNvmxdizC
$9B/860E A8          TAY                     A:EE80 X:0040 Y:F740 P:eNvmxdizC
$9B/860F 8A          TXA                     A:EE80 X:0040 Y:EE80 P:eNvmxdizC
$9B/8610 04 17       TSB $17    [$00:0017]   A:0040 X:0040 Y:EE80 P:envmxdizC
$9B/8612 98          TYA                     A:0040 X:0040 Y:EE80 P:envmxdiZC
$9B/8613 0A          ASL A                   A:EE80 X:0040 Y:EE80 P:eNvmxdizC
$9B/8614 90 05       BCC $05    [$861B]      A:DD00 X:0040 Y:EE80 P:eNvmxdizC
$9B/8616 A8          TAY                     A:DD00 X:0040 Y:EE80 P:eNvmxdizC
$9B/8617 8A          TXA                     A:DD00 X:0040 Y:DD00 P:eNvmxdizC
$9B/8618 04 16       TSB $16    [$00:0016]   A:0040 X:0040 Y:DD00 P:envmxdizC
$9B/861A 98          TYA                     A:0040 X:0040 Y:DD00 P:envmxdiZC
$9B/861B A8          TAY                     A:DD00 X:0040 Y:DD00 P:eNvmxdizC
$9B/861C 8A          TXA                     A:DD00 X:0040 Y:DD00 P:eNvmxdizC
$9B/861D 4A          LSR A                   A:0040 X:0040 Y:DD00 P:envmxdizC
$9B/861E AA          TAX                     A:0020 X:0040 Y:DD00 P:envmxdizc
$9B/861F E0 10 00    CPX #$0010              A:0020 X:0020 Y:DD00 P:envmxdizc
$9B/8622 B0 D6       BCS $D6    [$85FA]      A:0020 X:0020 Y:DD00 P:envmxdizC
$9B/85FA 98          TYA                     A:0020 X:0020 Y:DD00 P:envmxdizC
$9B/85FB 0A          ASL A                   A:DD00 X:0020 Y:DD00 P:eNvmxdizC
$9B/85FC 90 05       BCC $05    [$8603]      A:BA00 X:0020 Y:DD00 P:eNvmxdizC
$9B/85FE A8          TAY                     A:BA00 X:0020 Y:DD00 P:eNvmxdizC
$9B/85FF 8A          TXA                     A:BA00 X:0020 Y:BA00 P:eNvmxdizC
$9B/8600 04 15       TSB $15    [$00:0015]   A:0020 X:0020 Y:BA00 P:envmxdizC
$9B/8602 98          TYA                     A:0020 X:0020 Y:BA00 P:envmxdiZC
$9B/8603 0A          ASL A                   A:BA00 X:0020 Y:BA00 P:eNvmxdizC
$9B/8604 90 05       BCC $05    [$860B]      A:7400 X:0020 Y:BA00 P:envmxdizC
$9B/8606 A8          TAY                     A:7400 X:0020 Y:BA00 P:envmxdizC
$9B/8607 8A          TXA                     A:7400 X:0020 Y:7400 P:envmxdizC
$9B/8608 04 14       TSB $14    [$00:0014]   A:0020 X:0020 Y:7400 P:envmxdizC
$9B/860A 98          TYA                     A:0020 X:0020 Y:7400 P:envmxdiZC
$9B/860B 0A          ASL A                   A:7400 X:0020 Y:7400 P:envmxdizC
$9B/860C 90 05       BCC $05    [$8613]      A:E800 X:0020 Y:7400 P:eNvmxdizc
$9B/8613 0A          ASL A                   A:E800 X:0020 Y:7400 P:eNvmxdizc
$9B/8614 90 05       BCC $05    [$861B]      A:D000 X:0020 Y:7400 P:eNvmxdizC
$9B/8616 A8          TAY                     A:D000 X:0020 Y:7400 P:eNvmxdizC
$9B/8617 8A          TXA                     A:D000 X:0020 Y:D000 P:eNvmxdizC
$9B/8618 04 16       TSB $16    [$00:0016]   A:0020 X:0020 Y:D000 P:envmxdizC
$9B/861A 98          TYA                     A:0020 X:0020 Y:D000 P:envmxdiZC
$9B/861B A8          TAY                     A:D000 X:0020 Y:D000 P:eNvmxdizC
$9B/861C 8A          TXA                     A:D000 X:0020 Y:D000 P:eNvmxdizC
$9B/861D 4A          LSR A                   A:0020 X:0020 Y:D000 P:envmxdizC
$9B/861E AA          TAX                     A:0010 X:0020 Y:D000 P:envmxdizc
$9B/861F E0 10 00    CPX #$0010              A:0010 X:0010 Y:D000 P:envmxdizc
$9B/8622 B0 D6       BCS $D6    [$85FA]      A:0010 X:0010 Y:D000 P:envmxdiZC
$9B/85FA 98          TYA                     A:0010 X:0010 Y:D000 P:envmxdiZC
$9B/85FB 0A          ASL A                   A:D000 X:0010 Y:D000 P:eNvmxdizC
$9B/85FC 90 05       BCC $05    [$8603]      A:A000 X:0010 Y:D000 P:eNvmxdizC
$9B/85FE A8          TAY                     A:A000 X:0010 Y:D000 P:eNvmxdizC
$9B/85FF 8A          TXA                     A:A000 X:0010 Y:A000 P:eNvmxdizC
$9B/8600 04 15       TSB $15    [$00:0015]   A:0010 X:0010 Y:A000 P:envmxdizC
$9B/8602 98          TYA                     A:0010 X:0010 Y:A000 P:envmxdiZC
$9B/8603 0A          ASL A                   A:A000 X:0010 Y:A000 P:eNvmxdizC
$9B/8604 90 05       BCC $05    [$860B]      A:4000 X:0010 Y:A000 P:envmxdizC
$9B/8606 A8          TAY                     A:4000 X:0010 Y:A000 P:envmxdizC
$9B/8607 8A          TXA                     A:4000 X:0010 Y:4000 P:envmxdizC
$9B/8608 04 14       TSB $14    [$00:0014]   A:0010 X:0010 Y:4000 P:envmxdizC
$9B/860A 98          TYA                     A:0010 X:0010 Y:4000 P:envmxdiZC
$9B/860B 0A          ASL A                   A:4000 X:0010 Y:4000 P:envmxdizC
$9B/860C 90 05       BCC $05    [$8613]      A:8000 X:0010 Y:4000 P:eNvmxdizc
$9B/8613 0A          ASL A                   A:8000 X:0010 Y:4000 P:eNvmxdizc
$9B/8614 90 05       BCC $05    [$861B]      A:0000 X:0010 Y:4000 P:envmxdiZC
$9B/8616 A8          TAY                     A:0000 X:0010 Y:4000 P:envmxdiZC
$9B/8617 8A          TXA                     A:0000 X:0010 Y:0000 P:envmxdiZC
$9B/8618 04 16       TSB $16    [$00:0016]   A:0010 X:0010 Y:0000 P:envmxdizC
$9B/861A 98          TYA                     A:0010 X:0010 Y:0000 P:envmxdiZC
$9B/861B A8          TAY                     A:0000 X:0010 Y:0000 P:envmxdiZC
$9B/861C 8A          TXA                     A:0000 X:0010 Y:0000 P:envmxdiZC
$9B/861D 4A          LSR A                   A:0010 X:0010 Y:0000 P:envmxdizC
$9B/861E AA          TAX                     A:0008 X:0010 Y:0000 P:envmxdizc
$9B/861F E0 10 00    CPX #$0010              A:0008 X:0008 Y:0000 P:envmxdizc
$9B/8622 B0 D6       BCS $D6    [$85FA]      A:0008 X:0008 Y:0000 P:eNvmxdizc
$9B/8624 E0 00 00    CPX #$0000              A:0008 X:0008 Y:0000 P:eNvmxdizc
$9B/8627 F0 0E       BEQ $0E    [$8637]      A:0008 X:0008 Y:0000 P:envmxdizC
$9B/8629 E0 08 00    CPX #$0008              A:0008 X:0008 Y:0000 P:envmxdizC
$9B/862C 90 CC       BCC $CC    [$85FA]      A:0008 X:0008 Y:0000 P:envmxdiZC
$9B/862E A5 04       LDA $04    [$00:0004]   A:0008 X:0008 Y:0000 P:envmxdiZC
$9B/8630 0A          ASL A                   A:0117 X:0008 Y:0000 P:envmxdizC
$9B/8631 0A          ASL A                   A:022E X:0008 Y:0000 P:envmxdizc
$9B/8632 A8          TAY                     A:045C X:0008 Y:0000 P:envmxdizc
$9B/8633 C8          INY                     A:045C X:0008 Y:045C P:envmxdizc
$9B/8634 C8          INY                     A:045C X:0008 Y:045D P:envmxdizc
$9B/8635 80 BD       BRA $BD    [$85F4]      A:045C X:0008 Y:045E P:envmxdizc
$9B/85F4 B1 0C       LDA ($0C),y[$7F:045E]   A:045C X:0008 Y:045E P:envmxdizc
$9B/85F6 F0 E4       BEQ $E4    [$85DC]      A:DEDD X:0008 Y:045E P:eNvmxdizc
$9B/85F8 EB          XBA                     A:DEDD X:0008 Y:045E P:eNvmxdizc
$9B/85F9 A8          TAY                     A:DDDE X:0008 Y:045E P:eNvmxdizc
$9B/85FA 98          TYA                     A:DDDE X:0008 Y:DDDE P:eNvmxdizc
$9B/85FB 0A          ASL A                   A:DDDE X:0008 Y:DDDE P:eNvmxdizc
$9B/85FC 90 05       BCC $05    [$8603]      A:BBBC X:0008 Y:DDDE P:eNvmxdizC
$9B/85FE A8          TAY                     A:BBBC X:0008 Y:DDDE P:eNvmxdizC
$9B/85FF 8A          TXA                     A:BBBC X:0008 Y:BBBC P:eNvmxdizC
$9B/8600 04 15       TSB $15    [$00:0015]   A:0008 X:0008 Y:BBBC P:envmxdizC
$9B/8602 98          TYA                     A:0008 X:0008 Y:BBBC P:envmxdiZC
$9B/8603 0A          ASL A                   A:BBBC X:0008 Y:BBBC P:eNvmxdizC
$9B/8604 90 05       BCC $05    [$860B]      A:7778 X:0008 Y:BBBC P:envmxdizC
$9B/8606 A8          TAY                     A:7778 X:0008 Y:BBBC P:envmxdizC
$9B/8607 8A          TXA                     A:7778 X:0008 Y:7778 P:envmxdizC
$9B/8608 04 14       TSB $14    [$00:0014]   A:0008 X:0008 Y:7778 P:envmxdizC
$9B/860A 98          TYA                     A:0008 X:0008 Y:7778 P:envmxdiZC
$9B/860B 0A          ASL A                   A:7778 X:0008 Y:7778 P:envmxdizC
$9B/860C 90 05       BCC $05    [$8613]      A:EEF0 X:0008 Y:7778 P:eNvmxdizc
$9B/8613 0A          ASL A                   A:EEF0 X:0008 Y:7778 P:eNvmxdizc
$9B/8614 90 05       BCC $05    [$861B]      A:DDE0 X:0008 Y:7778 P:eNvmxdizC
$9B/8616 A8          TAY                     A:DDE0 X:0008 Y:7778 P:eNvmxdizC
$9B/8617 8A          TXA                     A:DDE0 X:0008 Y:DDE0 P:eNvmxdizC
$9B/8618 04 16       TSB $16    [$00:0016]   A:0008 X:0008 Y:DDE0 P:envmxdizC
$9B/861A 98          TYA                     A:0008 X:0008 Y:DDE0 P:envmxdiZC
$9B/861B A8          TAY                     A:DDE0 X:0008 Y:DDE0 P:eNvmxdizC
$9B/861C 8A          TXA                     A:DDE0 X:0008 Y:DDE0 P:eNvmxdizC
$9B/861D 4A          LSR A                   A:0008 X:0008 Y:DDE0 P:envmxdizC
$9B/861E AA          TAX                     A:0004 X:0008 Y:DDE0 P:envmxdizc
$9B/861F E0 10 00    CPX #$0010              A:0004 X:0004 Y:DDE0 P:envmxdizc
$9B/8622 B0 D6       BCS $D6    [$85FA]      A:0004 X:0004 Y:DDE0 P:eNvmxdizc
$9B/8624 E0 00 00    CPX #$0000              A:0004 X:0004 Y:DDE0 P:eNvmxdizc
$9B/8627 F0 0E       BEQ $0E    [$8637]      A:0004 X:0004 Y:DDE0 P:envmxdizC
$9B/8629 E0 08 00    CPX #$0008              A:0004 X:0004 Y:DDE0 P:envmxdizC
$9B/862C 90 CC       BCC $CC    [$85FA]      A:0004 X:0004 Y:DDE0 P:eNvmxdizc
$9B/85FA 98          TYA                     A:0004 X:0004 Y:DDE0 P:eNvmxdizc
$9B/85FB 0A          ASL A                   A:DDE0 X:0004 Y:DDE0 P:eNvmxdizc
$9B/85FC 90 05       BCC $05    [$8603]      A:BBC0 X:0004 Y:DDE0 P:eNvmxdizC
$9B/85FE A8          TAY                     A:BBC0 X:0004 Y:DDE0 P:eNvmxdizC
$9B/85FF 8A          TXA                     A:BBC0 X:0004 Y:BBC0 P:eNvmxdizC
$9B/8600 04 15       TSB $15    [$00:0015]   A:0004 X:0004 Y:BBC0 P:envmxdizC
$9B/8602 98          TYA                     A:0004 X:0004 Y:BBC0 P:envmxdiZC
$9B/8603 0A          ASL A                   A:BBC0 X:0004 Y:BBC0 P:eNvmxdizC
$9B/8604 90 05       BCC $05    [$860B]      A:7780 X:0004 Y:BBC0 P:envmxdizC
$9B/8606 A8          TAY                     A:7780 X:0004 Y:BBC0 P:envmxdizC
$9B/8607 8A          TXA                     A:7780 X:0004 Y:7780 P:envmxdizC
$9B/8608 04 14       TSB $14    [$00:0014]   A:0004 X:0004 Y:7780 P:envmxdizC
$9B/860A 98          TYA                     A:0004 X:0004 Y:7780 P:envmxdiZC
$9B/860B 0A          ASL A                   A:7780 X:0004 Y:7780 P:envmxdizC
$9B/860C 90 05       BCC $05    [$8613]      A:EF00 X:0004 Y:7780 P:eNvmxdizc
$9B/8613 0A          ASL A                   A:EF00 X:0004 Y:7780 P:eNvmxdizc
$9B/8614 90 05       BCC $05    [$861B]      A:DE00 X:0004 Y:7780 P:eNvmxdizC
$9B/8616 A8          TAY                     A:DE00 X:0004 Y:7780 P:eNvmxdizC
$9B/8617 8A          TXA                     A:DE00 X:0004 Y:DE00 P:eNvmxdizC
$9B/8618 04 16       TSB $16    [$00:0016]   A:0004 X:0004 Y:DE00 P:envmxdizC
$9B/861A 98          TYA                     A:0004 X:0004 Y:DE00 P:envmxdiZC
$9B/861B A8          TAY                     A:DE00 X:0004 Y:DE00 P:eNvmxdizC
$9B/861C 8A          TXA                     A:DE00 X:0004 Y:DE00 P:eNvmxdizC
$9B/861D 4A          LSR A                   A:0004 X:0004 Y:DE00 P:envmxdizC
$9B/861E AA          TAX                     A:0002 X:0004 Y:DE00 P:envmxdizc
$9B/861F E0 10 00    CPX #$0010              A:0002 X:0002 Y:DE00 P:envmxdizc
$9B/8622 B0 D6       BCS $D6    [$85FA]      A:0002 X:0002 Y:DE00 P:eNvmxdizc
$9B/8624 E0 00 00    CPX #$0000              A:0002 X:0002 Y:DE00 P:eNvmxdizc
$9B/8627 F0 0E       BEQ $0E    [$8637]      A:0002 X:0002 Y:DE00 P:envmxdizC
$9B/8629 E0 08 00    CPX #$0008              A:0002 X:0002 Y:DE00 P:envmxdizC
$9B/862C 90 CC       BCC $CC    [$85FA]      A:0002 X:0002 Y:DE00 P:eNvmxdizc
$9B/85FA 98          TYA                     A:0002 X:0002 Y:DE00 P:eNvmxdizc
$9B/85FB 0A          ASL A                   A:DE00 X:0002 Y:DE00 P:eNvmxdizc
$9B/85FC 90 05       BCC $05    [$8603]      A:BC00 X:0002 Y:DE00 P:eNvmxdizC
$9B/85FE A8          TAY                     A:BC00 X:0002 Y:DE00 P:eNvmxdizC
$9B/85FF 8A          TXA                     A:BC00 X:0002 Y:BC00 P:eNvmxdizC
$9B/8600 04 15       TSB $15    [$00:0015]   A:0002 X:0002 Y:BC00 P:envmxdizC
$9B/8602 98          TYA                     A:0002 X:0002 Y:BC00 P:envmxdiZC
$9B/8603 0A          ASL A                   A:BC00 X:0002 Y:BC00 P:eNvmxdizC
$9B/8604 90 05       BCC $05    [$860B]      A:7800 X:0002 Y:BC00 P:envmxdizC
$9B/8606 A8          TAY                     A:7800 X:0002 Y:BC00 P:envmxdizC
$9B/8607 8A          TXA                     A:7800 X:0002 Y:7800 P:envmxdizC
$9B/8608 04 14       TSB $14    [$00:0014]   A:0002 X:0002 Y:7800 P:envmxdizC
$9B/860A 98          TYA                     A:0002 X:0002 Y:7800 P:envmxdiZC
$9B/860B 0A          ASL A                   A:7800 X:0002 Y:7800 P:envmxdizC
$9B/860C 90 05       BCC $05    [$8613]      A:F000 X:0002 Y:7800 P:eNvmxdizc
$9B/8613 0A          ASL A                   A:F000 X:0002 Y:7800 P:eNvmxdizc
$9B/8614 90 05       BCC $05    [$861B]      A:E000 X:0002 Y:7800 P:eNvmxdizC
$9B/8616 A8          TAY                     A:E000 X:0002 Y:7800 P:eNvmxdizC
$9B/8617 8A          TXA                     A:E000 X:0002 Y:E000 P:eNvmxdizC
$9B/8618 04 16       TSB $16    [$00:0016]   A:0002 X:0002 Y:E000 P:envmxdizC
$9B/861A 98          TYA                     A:0002 X:0002 Y:E000 P:envmxdiZC
$9B/861B A8          TAY                     A:E000 X:0002 Y:E000 P:eNvmxdizC
$9B/861C 8A          TXA                     A:E000 X:0002 Y:E000 P:eNvmxdizC
$9B/861D 4A          LSR A                   A:0002 X:0002 Y:E000 P:envmxdizC
$9B/861E AA          TAX                     A:0001 X:0002 Y:E000 P:envmxdizc
$9B/861F E0 10 00    CPX #$0010              A:0001 X:0001 Y:E000 P:envmxdizc
$9B/8622 B0 D6       BCS $D6    [$85FA]      A:0001 X:0001 Y:E000 P:eNvmxdizc
$9B/8624 E0 00 00    CPX #$0000              A:0001 X:0001 Y:E000 P:eNvmxdizc
$9B/8627 F0 0E       BEQ $0E    [$8637]      A:0001 X:0001 Y:E000 P:envmxdizC
$9B/8629 E0 08 00    CPX #$0008              A:0001 X:0001 Y:E000 P:envmxdizC
$9B/862C 90 CC       BCC $CC    [$85FA]      A:0001 X:0001 Y:E000 P:eNvmxdizc
$9B/85FA 98          TYA                     A:0001 X:0001 Y:E000 P:eNvmxdizc
$9B/85FB 0A          ASL A                   A:E000 X:0001 Y:E000 P:eNvmxdizc
$9B/85FC 90 05       BCC $05    [$8603]      A:C000 X:0001 Y:E000 P:eNvmxdizC
$9B/85FE A8          TAY                     A:C000 X:0001 Y:E000 P:eNvmxdizC
$9B/85FF 8A          TXA                     A:C000 X:0001 Y:C000 P:eNvmxdizC
$9B/8600 04 15       TSB $15    [$00:0015]   A:0001 X:0001 Y:C000 P:envmxdizC
$9B/8602 98          TYA                     A:0001 X:0001 Y:C000 P:envmxdiZC
$9B/8603 0A          ASL A                   A:C000 X:0001 Y:C000 P:eNvmxdizC
$9B/8604 90 05       BCC $05    [$860B]      A:8000 X:0001 Y:C000 P:eNvmxdizC
$9B/8606 A8          TAY                     A:8000 X:0001 Y:C000 P:eNvmxdizC
$9B/8607 8A          TXA                     A:8000 X:0001 Y:8000 P:eNvmxdizC
$9B/8608 04 14       TSB $14    [$00:0014]   A:0001 X:0001 Y:8000 P:envmxdizC
$9B/860A 98          TYA                     A:0001 X:0001 Y:8000 P:envmxdiZC
$9B/860B 0A          ASL A                   A:8000 X:0001 Y:8000 P:eNvmxdizC
$9B/860C 90 05       BCC $05    [$8613]      A:0000 X:0001 Y:8000 P:envmxdiZC
$9B/860E A8          TAY                     A:0000 X:0001 Y:8000 P:envmxdiZC
$9B/860F 8A          TXA                     A:0000 X:0001 Y:0000 P:envmxdiZC
$9B/8610 04 17       TSB $17    [$00:0017]   A:0001 X:0001 Y:0000 P:envmxdizC
$9B/8612 98          TYA                     A:0001 X:0001 Y:0000 P:envmxdiZC
$9B/8613 0A          ASL A                   A:0000 X:0001 Y:0000 P:envmxdiZC
$9B/8614 90 05       BCC $05    [$861B]      A:0000 X:0001 Y:0000 P:envmxdiZc
$9B/861B A8          TAY                     A:0000 X:0001 Y:0000 P:envmxdiZc
$9B/861C 8A          TXA                     A:0000 X:0001 Y:0000 P:envmxdiZc
$9B/861D 4A          LSR A                   A:0001 X:0001 Y:0000 P:envmxdizc
$9B/861E AA          TAX                     A:0000 X:0001 Y:0000 P:envmxdiZC
$9B/861F E0 10 00    CPX #$0010              A:0000 X:0000 Y:0000 P:envmxdiZC
$9B/8622 B0 D6       BCS $D6    [$85FA]      A:0000 X:0000 Y:0000 P:eNvmxdizc
$9B/8624 E0 00 00    CPX #$0000              A:0000 X:0000 Y:0000 P:eNvmxdizc
$9B/8627 F0 0E       BEQ $0E    [$8637]      A:0000 X:0000 Y:0000 P:envmxdiZC
$9B/8637 A5 06       LDA $06    [$00:0006]   A:0000 X:0000 Y:0000 P:envmxdiZC
$9B/8639 1A          INC A                   A:044C X:0000 Y:0000 P:envmxdizC
$9B/863A 1A          INC A                   A:044D X:0000 Y:0000 P:envmxdizC
$9B/863B A8          TAY                     A:044E X:0000 Y:0000 P:envmxdizC
$9B/863C 29 10 00    AND #$0010              A:044E X:0000 Y:044E P:envmxdizC
$9B/863F F0 06       BEQ $06    [$8647]      A:0000 X:0000 Y:044E P:envmxdiZC
$9B/8647 84 06       STY $06    [$00:0006]   A:0000 X:0000 Y:044E P:envmxdiZC
$9B/8649 A5 16       LDA $16    [$00:0016]   A:0000 X:0000 Y:044E P:envmxdiZC
$9B/864B 91 10       STA ($10),y[$7F:554E]   A:C1FE X:0000 Y:044E P:eNvmxdizC
$9B/864D 98          TYA                     A:C1FE X:0000 Y:044E P:eNvmxdizC
$9B/864E 18          CLC                     A:044E X:0000 Y:044E P:envmxdizC
$9B/864F 69 10 00    ADC #$0010              A:044E X:0000 Y:044E P:envmxdizc
$9B/8652 A8          TAY                     A:045E X:0000 Y:044E P:envmxdizc
$9B/8653 A5 14       LDA $14    [$00:0014]   A:045E X:0000 Y:045E P:envmxdizc
$9B/8655 91 10       STA ($10),y[$7F:555E]   A:FFFF X:0000 Y:045E P:eNvmxdizc
$9B/8657 E6 04       INC $04    [$00:0004]   A:FFFF X:0000 Y:045E P:eNvmxdizc
$9B/8659 C6 00       DEC $00    [$00:0000]   A:FFFF X:0000 Y:045E P:envmxdizc
$9B/865B 10 8B       BPL $8B    [$85E8]      A:FFFF X:0000 Y:045E P:envmxdizc
$9B/85E8 A2 80 00    LDX #$0080              A:FFFF X:0000 Y:045E P:envmxdizc
$9B/85EB 64 14       STZ $14    [$00:0014]   A:FFFF X:0080 Y:045E P:envmxdizc
$9B/85ED 64 16       STZ $16    [$00:0016]   A:FFFF X:0080 Y:045E P:envmxdizc
$9B/85EF A5 04       LDA $04    [$00:0004]   A:FFFF X:0080 Y:045E P:envmxdizc
$9B/85F1 0A          ASL A                   A:0118 X:0080 Y:045E P:envmxdizc
$9B/85F2 0A          ASL A                   A:0230 X:0080 Y:045E P:envmxdizc
$9B/85F3 A8          TAY                     A:0460 X:0080 Y:045E P:envmxdizc
$9B/85F4 B1 0C       LDA ($0C),y[$7F:0460]   A:0460 X:0080 Y:0460 P:envmxdizc
$9B/85F6 F0 E4       BEQ $E4    [$85DC]      A:0000 X:0080 Y:0460 P:envmxdiZc
$9B/85DC 8A          TXA                     A:0000 X:0080 Y:0460 P:envmxdiZc
$9B/85DD 4A          LSR A                   A:0080 X:0080 Y:0460 P:envmxdizc
$9B/85DE 4A          LSR A                   A:0040 X:0080 Y:0460 P:envmxdizc
$9B/85DF 4A          LSR A                   A:0020 X:0080 Y:0460 P:envmxdizc
$9B/85E0 4A          LSR A                   A:0010 X:0080 Y:0460 P:envmxdizc
$9B/85E1 F0 54       BEQ $54    [$8637]      A:0008 X:0080 Y:0460 P:envmxdizc
$9B/85E3 AA          TAX                     A:0008 X:0080 Y:0460 P:envmxdizc
$9B/85E4 C8          INY                     A:0008 X:0008 Y:0460 P:envmxdizc
$9B/85E5 C8          INY                     A:0008 X:0008 Y:0461 P:envmxdizc
$9B/85E6 80 0C       BRA $0C    [$85F4]      A:0008 X:0008 Y:0462 P:envmxdizc
$9B/85F4 B1 0C       LDA ($0C),y[$7F:0462]   A:0008 X:0008 Y:0462 P:envmxdizc
$9B/85F6 F0 E4       BEQ $E4    [$85DC]      A:0000 X:0008 Y:0462 P:envmxdiZc
$9B/85DC 8A          TXA                     A:0000 X:0008 Y:0462 P:envmxdiZc
$9B/85DD 4A          LSR A                   A:0008 X:0008 Y:0462 P:envmxdizc
$9B/85DE 4A          LSR A                   A:0004 X:0008 Y:0462 P:envmxdizc
$9B/85DF 4A          LSR A                   A:0002 X:0008 Y:0462 P:envmxdizc
$9B/85E0 4A          LSR A                   A:0001 X:0008 Y:0462 P:envmxdizc
$9B/85E1 F0 54       BEQ $54    [$8637]      A:0000 X:0008 Y:0462 P:envmxdiZC
$9B/8637 A5 06       LDA $06    [$00:0006]   A:0000 X:0008 Y:0462 P:envmxdiZC
$9B/8639 1A          INC A                   A:044E X:0008 Y:0462 P:envmxdizC
$9B/863A 1A          INC A                   A:044F X:0008 Y:0462 P:envmxdizC
$9B/863B A8          TAY                     A:0450 X:0008 Y:0462 P:envmxdizC
$9B/863C 29 10 00    AND #$0010              A:0450 X:0008 Y:0450 P:envmxdizC
$9B/863F F0 06       BEQ $06    [$8647]      A:0010 X:0008 Y:0450 P:envmxdizC
$9B/8641 98          TYA                     A:0010 X:0008 Y:0450 P:envmxdizC
$9B/8642 18          CLC                     A:0450 X:0008 Y:0450 P:envmxdizC
$9B/8643 69 10 00    ADC #$0010              A:0450 X:0008 Y:0450 P:envmxdizc
$9B/8646 A8          TAY                     A:0460 X:0008 Y:0450 P:envmxdizc
$9B/8647 84 06       STY $06    [$00:0006]   A:0460 X:0008 Y:0460 P:envmxdizc
$9B/8649 A5 16       LDA $16    [$00:0016]   A:0460 X:0008 Y:0460 P:envmxdizc
$9B/864B 91 10       STA ($10),y[$7F:5560]   A:0000 X:0008 Y:0460 P:envmxdiZc
$9B/864D 98          TYA                     A:0000 X:0008 Y:0460 P:envmxdiZc
$9B/864E 18          CLC                     A:0460 X:0008 Y:0460 P:envmxdizc
$9B/864F 69 10 00    ADC #$0010              A:0460 X:0008 Y:0460 P:envmxdizc
$9B/8652 A8          TAY                     A:0470 X:0008 Y:0460 P:envmxdizc
$9B/8653 A5 14       LDA $14    [$00:0014]   A:0470 X:0008 Y:0470 P:envmxdizc
$9B/8655 91 10       STA ($10),y[$7F:5570]   A:0000 X:0008 Y:0470 P:envmxdiZc
$9B/8657 E6 04       INC $04    [$00:0004]   A:0000 X:0008 Y:0470 P:envmxdiZc
$9B/8659 C6 00       DEC $00    [$00:0000]   A:0000 X:0008 Y:0470 P:envmxdizc
$9B/865B 10 8B       BPL $8B    [$85E8]      A:0000 X:0008 Y:0470 P:envmxdizc
$9B/85E8 A2 80 00    LDX #$0080              A:0000 X:0008 Y:0470 P:envmxdizc
$9B/85EB 64 14       STZ $14    [$00:0014]   A:0000 X:0080 Y:0470 P:envmxdizc
$9B/85ED 64 16       STZ $16    [$00:0016]   A:0000 X:0080 Y:0470 P:envmxdizc
$9B/85EF A5 04       LDA $04    [$00:0004]   A:0000 X:0080 Y:0470 P:envmxdizc
$9B/85F1 0A          ASL A                   A:0119 X:0080 Y:0470 P:envmxdizc
$9B/85F2 0A          ASL A                   A:0232 X:0080 Y:0470 P:envmxdizc
$9B/85F3 A8          TAY                     A:0464 X:0080 Y:0470 P:envmxdizc
$9B/85F4 B1 0C       LDA ($0C),y[$7F:0464]   A:0464 X:0080 Y:0464 P:envmxdizc
$9B/85F6 F0 E4       BEQ $E4    [$85DC]      A:0000 X:0080 Y:0464 P:envmxdiZc
$9B/85DC 8A          TXA                     A:0000 X:0080 Y:0464 P:envmxdiZc
$9B/85DD 4A          LSR A                   A:0080 X:0080 Y:0464 P:envmxdizc
$9B/85DE 4A          LSR A                   A:0040 X:0080 Y:0464 P:envmxdizc
$9B/85DF 4A          LSR A                   A:0020 X:0080 Y:0464 P:envmxdizc
$9B/85E0 4A          LSR A                   A:0010 X:0080 Y:0464 P:envmxdizc
$9B/85E1 F0 54       BEQ $54    [$8637]      A:0008 X:0080 Y:0464 P:envmxdizc
$9B/85E3 AA          TAX                     A:0008 X:0080 Y:0464 P:envmxdizc
$9B/85E4 C8          INY                     A:0008 X:0008 Y:0464 P:envmxdizc
$9B/85E5 C8          INY                     A:0008 X:0008 Y:0465 P:envmxdizc
$9B/85E6 80 0C       BRA $0C    [$85F4]      A:0008 X:0008 Y:0466 P:envmxdizc
$9B/85F4 B1 0C       LDA ($0C),y[$7F:0466]   A:0008 X:0008 Y:0466 P:envmxdizc
$9B/85F6 F0 E4       BEQ $E4    [$85DC]      A:0000 X:0008 Y:0466 P:envmxdiZc
$9B/85DC 8A          TXA                     A:0000 X:0008 Y:0466 P:envmxdiZc
$9B/85DD 4A          LSR A                   A:0008 X:0008 Y:0466 P:envmxdizc
$9B/85DE 4A          LSR A                   A:0004 X:0008 Y:0466 P:envmxdizc
$9B/85DF 4A          LSR A                   A:0002 X:0008 Y:0466 P:envmxdizc
$9B/85E0 4A          LSR A                   A:0001 X:0008 Y:0466 P:envmxdizc
$9B/85E1 F0 54       BEQ $54    [$8637]      A:0000 X:0008 Y:0466 P:envmxdiZC
$9B/8637 A5 06       LDA $06    [$00:0006]   A:0000 X:0008 Y:0466 P:envmxdiZC
$9B/8639 1A          INC A                   A:0460 X:0008 Y:0466 P:envmxdizC
$9B/863A 1A          INC A                   A:0461 X:0008 Y:0466 P:envmxdizC
$9B/863B A8          TAY                     A:0462 X:0008 Y:0466 P:envmxdizC
$9B/863C 29 10 00    AND #$0010              A:0462 X:0008 Y:0462 P:envmxdizC
$9B/863F F0 06       BEQ $06    [$8647]      A:0000 X:0008 Y:0462 P:envmxdiZC
$9B/8647 84 06       STY $06    [$00:0006]   A:0000 X:0008 Y:0462 P:envmxdiZC
$9B/8649 A5 16       LDA $16    [$00:0016]   A:0000 X:0008 Y:0462 P:envmxdiZC
$9B/864B 91 10       STA ($10),y[$7F:5562]   A:0000 X:0008 Y:0462 P:envmxdiZC
$9B/864D 98          TYA                     A:0000 X:0008 Y:0462 P:envmxdiZC
$9B/864E 18          CLC                     A:0462 X:0008 Y:0462 P:envmxdizC
$9B/864F 69 10 00    ADC #$0010              A:0462 X:0008 Y:0462 P:envmxdizc
$9B/8652 A8          TAY                     A:0472 X:0008 Y:0462 P:envmxdizc
$9B/8653 A5 14       LDA $14    [$00:0014]   A:0472 X:0008 Y:0472 P:envmxdizc
$9B/8655 91 10       STA ($10),y[$7F:5572]   A:0000 X:0008 Y:0472 P:envmxdiZc
$9B/8657 E6 04       INC $04    [$00:0004]   A:0000 X:0008 Y:0472 P:envmxdiZc
$9B/8659 C6 00       DEC $00    [$00:0000]   A:0000 X:0008 Y:0472 P:envmxdizc
$9B/865B 10 8B       BPL $8B    [$85E8]      A:0000 X:0008 Y:0472 P:envmxdizc
$9B/85E8 A2 80 00    LDX #$0080              A:0000 X:0008 Y:0472 P:envmxdizc
$9B/85EB 64 14       STZ $14    [$00:0014]   A:0000 X:0080 Y:0472 P:envmxdizc
$9B/85ED 64 16       STZ $16    [$00:0016]   A:0000 X:0080 Y:0472 P:envmxdizc
$9B/85EF A5 04       LDA $04    [$00:0004]   A:0000 X:0080 Y:0472 P:envmxdizc
$9B/85F1 0A          ASL A                   A:011A X:0080 Y:0472 P:envmxdizc
$9B/85F2 0A          ASL A                   A:0234 X:0080 Y:0472 P:envmxdizc
$9B/85F3 A8          TAY                     A:0468 X:0080 Y:0472 P:envmxdizc
$9B/85F4 B1 0C       LDA ($0C),y[$7F:0468]   A:0468 X:0080 Y:0468 P:envmxdizc
$9B/85F6 F0 E4       BEQ $E4    [$85DC]      A:0000 X:0080 Y:0468 P:envmxdiZc
$9B/85DC 8A          TXA                     A:0000 X:0080 Y:0468 P:envmxdiZc
$9B/85DD 4A          LSR A                   A:0080 X:0080 Y:0468 P:envmxdizc
$9B/85DE 4A          LSR A                   A:0040 X:0080 Y:0468 P:envmxdizc
$9B/85DF 4A          LSR A                   A:0020 X:0080 Y:0468 P:envmxdizc
$9B/85E0 4A          LSR A                   A:0010 X:0080 Y:0468 P:envmxdizc
$9B/85E1 F0 54       BEQ $54    [$8637]      A:0008 X:0080 Y:0468 P:envmxdizc
$9B/85E3 AA          TAX                     A:0008 X:0080 Y:0468 P:envmxdizc
$9B/85E4 C8          INY                     A:0008 X:0008 Y:0468 P:envmxdizc
$9B/85E5 C8          INY                     A:0008 X:0008 Y:0469 P:envmxdizc
$9B/85E6 80 0C       BRA $0C    [$85F4]      A:0008 X:0008 Y:046A P:envmxdizc
$9B/85F4 B1 0C       LDA ($0C),y[$7F:046A]   A:0008 X:0008 Y:046A P:envmxdizc
$9B/85F6 F0 E4       BEQ $E4    [$85DC]      A:0000 X:0008 Y:046A P:envmxdiZc
$9B/85DC 8A          TXA                     A:0000 X:0008 Y:046A P:envmxdiZc
$9B/85DD 4A          LSR A                   A:0008 X:0008 Y:046A P:envmxdizc
$9B/85DE 4A          LSR A                   A:0004 X:0008 Y:046A P:envmxdizc
$9B/85DF 4A          LSR A                   A:0002 X:0008 Y:046A P:envmxdizc
$9B/85E0 4A          LSR A                   A:0001 X:0008 Y:046A P:envmxdizc
$9B/85E1 F0 54       BEQ $54    [$8637]      A:0000 X:0008 Y:046A P:envmxdiZC
$9B/8637 A5 06       LDA $06    [$00:0006]   A:0000 X:0008 Y:046A P:envmxdiZC
$9B/8639 1A          INC A                   A:0462 X:0008 Y:046A P:envmxdizC
$9B/863A 1A          INC A                   A:0463 X:0008 Y:046A P:envmxdizC
$9B/863B A8          TAY                     A:0464 X:0008 Y:046A P:envmxdizC
$9B/863C 29 10 00    AND #$0010              A:0464 X:0008 Y:0464 P:envmxdizC
$9B/863F F0 06       BEQ $06    [$8647]      A:0000 X:0008 Y:0464 P:envmxdiZC
$9B/8647 84 06       STY $06    [$00:0006]   A:0000 X:0008 Y:0464 P:envmxdiZC
$9B/8649 A5 16       LDA $16    [$00:0016]   A:0000 X:0008 Y:0464 P:envmxdiZC
$9B/864B 91 10       STA ($10),y[$7F:5564]   A:0000 X:0008 Y:0464 P:envmxdiZC
$9B/864D 98          TYA                     A:0000 X:0008 Y:0464 P:envmxdiZC
$9B/864E 18          CLC                     A:0464 X:0008 Y:0464 P:envmxdizC
$9B/864F 69 10 00    ADC #$0010              A:0464 X:0008 Y:0464 P:envmxdizc
$9B/8652 A8          TAY                     A:0474 X:0008 Y:0464 P:envmxdizc
$9B/8653 A5 14       LDA $14    [$00:0014]   A:0474 X:0008 Y:0474 P:envmxdizc
$9B/8655 91 10       STA ($10),y[$7F:5574]   A:0000 X:0008 Y:0474 P:envmxdiZc
$9B/8657 E6 04       INC $04    [$00:0004]   A:0000 X:0008 Y:0474 P:envmxdiZc
$9B/8659 C6 00       DEC $00    [$00:0000]   A:0000 X:0008 Y:0474 P:envmxdizc
$9B/865B 10 8B       BPL $8B    [$85E8]      A:0000 X:0008 Y:0474 P:envmxdizc
$9B/85E8 A2 80 00    LDX #$0080              A:0000 X:0008 Y:0474 P:envmxdizc
$9B/85EB 64 14       STZ $14    [$00:0014]   A:0000 X:0080 Y:0474 P:envmxdizc
$9B/85ED 64 16       STZ $16    [$00:0016]   A:0000 X:0080 Y:0474 P:envmxdizc
$9B/85EF A5 04       LDA $04    [$00:0004]   A:0000 X:0080 Y:0474 P:envmxdizc
$9B/85F1 0A          ASL A                   A:011B X:0080 Y:0474 P:envmxdizc
$9B/85F2 0A          ASL A                   A:0236 X:0080 Y:0474 P:envmxdizc
$9B/85F3 A8          TAY                     A:046C X:0080 Y:0474 P:envmxdizc
$9B/85F4 B1 0C       LDA ($0C),y[$7F:046C]   A:046C X:0080 Y:046C P:envmxdizc
$9B/85F6 F0 E4       BEQ $E4    [$85DC]      A:0000 X:0080 Y:046C P:envmxdiZc
$9B/85DC 8A          TXA                     A:0000 X:0080 Y:046C P:envmxdiZc
$9B/85DD 4A          LSR A                   A:0080 X:0080 Y:046C P:envmxdizc
$9B/85DE 4A          LSR A                   A:0040 X:0080 Y:046C P:envmxdizc
$9B/85DF 4A          LSR A                   A:0020 X:0080 Y:046C P:envmxdizc
$9B/85E0 4A          LSR A                   A:0010 X:0080 Y:046C P:envmxdizc
$9B/85E1 F0 54       BEQ $54    [$8637]      A:0008 X:0080 Y:046C P:envmxdizc
$9B/85E3 AA          TAX                     A:0008 X:0080 Y:046C P:envmxdizc
$9B/85E4 C8          INY                     A:0008 X:0008 Y:046C P:envmxdizc
$9B/85E5 C8          INY                     A:0008 X:0008 Y:046D P:envmxdizc
$9B/85E6 80 0C       BRA $0C    [$85F4]      A:0008 X:0008 Y:046E P:envmxdizc
$9B/85F4 B1 0C       LDA ($0C),y[$7F:046E]   A:0008 X:0008 Y:046E P:envmxdizc
$9B/85F6 F0 E4       BEQ $E4    [$85DC]      A:0000 X:0008 Y:046E P:envmxdiZc
$9B/85DC 8A          TXA                     A:0000 X:0008 Y:046E P:envmxdiZc
$9B/85DD 4A          LSR A                   A:0008 X:0008 Y:046E P:envmxdizc
$9B/85DE 4A          LSR A                   A:0004 X:0008 Y:046E P:envmxdizc
$9B/85DF 4A          LSR A                   A:0002 X:0008 Y:046E P:envmxdizc
$9B/85E0 4A          LSR A                   A:0001 X:0008 Y:046E P:envmxdizc
$9B/85E1 F0 54       BEQ $54    [$8637]      A:0000 X:0008 Y:046E P:envmxdiZC
$9B/8637 A5 06       LDA $06    [$00:0006]   A:0000 X:0008 Y:046E P:envmxdiZC
$9B/8639 1A          INC A                   A:0464 X:0008 Y:046E P:envmxdizC
$9B/863A 1A          INC A                   A:0465 X:0008 Y:046E P:envmxdizC
$9B/863B A8          TAY                     A:0466 X:0008 Y:046E P:envmxdizC
$9B/863C 29 10 00    AND #$0010              A:0466 X:0008 Y:0466 P:envmxdizC
$9B/863F F0 06       BEQ $06    [$8647]      A:0000 X:0008 Y:0466 P:envmxdiZC
$9B/8647 84 06       STY $06    [$00:0006]   A:0000 X:0008 Y:0466 P:envmxdiZC
$9B/8649 A5 16       LDA $16    [$00:0016]   A:0000 X:0008 Y:0466 P:envmxdiZC
$9B/864B 91 10       STA ($10),y[$7F:5566]   A:0000 X:0008 Y:0466 P:envmxdiZC
$9B/864D 98          TYA                     A:0000 X:0008 Y:0466 P:envmxdiZC
$9B/864E 18          CLC                     A:0466 X:0008 Y:0466 P:envmxdizC
$9B/864F 69 10 00    ADC #$0010              A:0466 X:0008 Y:0466 P:envmxdizc
$9B/8652 A8          TAY                     A:0476 X:0008 Y:0466 P:envmxdizc
$9B/8653 A5 14       LDA $14    [$00:0014]   A:0476 X:0008 Y:0476 P:envmxdizc
$9B/8655 91 10       STA ($10),y[$7F:5576]   A:0000 X:0008 Y:0476 P:envmxdiZc
$9B/8657 E6 04       INC $04    [$00:0004]   A:0000 X:0008 Y:0476 P:envmxdiZc
$9B/8659 C6 00       DEC $00    [$00:0000]   A:0000 X:0008 Y:0476 P:envmxdizc
$9B/865B 10 8B       BPL $8B    [$85E8]      A:0000 X:0008 Y:0476 P:envmxdizc
$9B/85E8 A2 80 00    LDX #$0080              A:0000 X:0008 Y:0476 P:envmxdizc
$9B/85EB 64 14       STZ $14    [$00:0014]   A:0000 X:0080 Y:0476 P:envmxdizc
$9B/85ED 64 16       STZ $16    [$00:0016]   A:0000 X:0080 Y:0476 P:envmxdizc
$9B/85EF A5 04       LDA $04    [$00:0004]   A:0000 X:0080 Y:0476 P:envmxdizc
$9B/85F1 0A          ASL A                   A:011C X:0080 Y:0476 P:envmxdizc
$9B/85F2 0A          ASL A                   A:0238 X:0080 Y:0476 P:envmxdizc
$9B/85F3 A8          TAY                     A:0470 X:0080 Y:0476 P:envmxdizc
$9B/85F4 B1 0C       LDA ($0C),y[$7F:0470]   A:0470 X:0080 Y:0470 P:envmxdizc
$9B/85F6 F0 E4       BEQ $E4    [$85DC]      A:00EE X:0080 Y:0470 P:envmxdizc
$9B/85F8 EB          XBA                     A:00EE X:0080 Y:0470 P:envmxdizc
$9B/85F9 A8          TAY                     A:EE00 X:0080 Y:0470 P:envmxdiZc
$9B/85FA 98          TYA                     A:EE00 X:0080 Y:EE00 P:eNvmxdizc
$9B/85FB 0A          ASL A                   A:EE00 X:0080 Y:EE00 P:eNvmxdizc
$9B/85FC 90 05       BCC $05    [$8603]      A:DC00 X:0080 Y:EE00 P:eNvmxdizC
$9B/85FE A8          TAY                     A:DC00 X:0080 Y:EE00 P:eNvmxdizC
$9B/85FF 8A          TXA                     A:DC00 X:0080 Y:DC00 P:eNvmxdizC
$9B/8600 04 15       TSB $15    [$00:0015]   A:0080 X:0080 Y:DC00 P:envmxdizC
$9B/8602 98          TYA                     A:0080 X:0080 Y:DC00 P:envmxdiZC
$9B/8603 0A          ASL A                   A:DC00 X:0080 Y:DC00 P:eNvmxdizC
$9B/8604 90 05       BCC $05    [$860B]      A:B800 X:0080 Y:DC00 P:eNvmxdizC
$9B/8606 A8          TAY                     A:B800 X:0080 Y:DC00 P:eNvmxdizC
$9B/8607 8A          TXA                     A:B800 X:0080 Y:B800 P:eNvmxdizC
$9B/8608 04 14       TSB $14    [$00:0014]   A:0080 X:0080 Y:B800 P:envmxdizC
$9B/860A 98          TYA                     A:0080 X:0080 Y:B800 P:envmxdiZC
$9B/860B 0A          ASL A                   A:B800 X:0080 Y:B800 P:eNvmxdizC
$9B/860C 90 05       BCC $05    [$8613]      A:7000 X:0080 Y:B800 P:envmxdizC
$9B/860E A8          TAY                     A:7000 X:0080 Y:B800 P:envmxdizC
$9B/860F 8A          TXA                     A:7000 X:0080 Y:7000 P:envmxdizC
$9B/8610 04 17       TSB $17    [$00:0017]   A:0080 X:0080 Y:7000 P:envmxdizC
$9B/8612 98          TYA                     A:0080 X:0080 Y:7000 P:envmxdiZC
$9B/8613 0A          ASL A                   A:7000 X:0080 Y:7000 P:envmxdizC
$9B/8614 90 05       BCC $05    [$861B]      A:E000 X:0080 Y:7000 P:eNvmxdizc
$9B/861B A8          TAY                     A:E000 X:0080 Y:7000 P:eNvmxdizc
$9B/861C 8A          TXA                     A:E000 X:0080 Y:E000 P:eNvmxdizc
$9B/861D 4A          LSR A                   A:0080 X:0080 Y:E000 P:envmxdizc
$9B/861E AA          TAX                     A:0040 X:0080 Y:E000 P:envmxdizc
$9B/861F E0 10 00    CPX #$0010              A:0040 X:0040 Y:E000 P:envmxdizc
$9B/8622 B0 D6       BCS $D6    [$85FA]      A:0040 X:0040 Y:E000 P:envmxdizC
$9B/85FA 98          TYA                     A:0040 X:0040 Y:E000 P:envmxdizC
$9B/85FB 0A          ASL A                   A:E000 X:0040 Y:E000 P:eNvmxdizC
$9B/85FC 90 05       BCC $05    [$8603]      A:C000 X:0040 Y:E000 P:eNvmxdizC
$9B/85FE A8          TAY                     A:C000 X:0040 Y:E000 P:eNvmxdizC
$9B/85FF 8A          TXA                     A:C000 X:0040 Y:C000 P:eNvmxdizC
$9B/8600 04 15       TSB $15    [$00:0015]   A:0040 X:0040 Y:C000 P:envmxdizC
$9B/8602 98          TYA                     A:0040 X:0040 Y:C000 P:envmxdiZC
$9B/8603 0A          ASL A                   A:C000 X:0040 Y:C000 P:eNvmxdizC
$9B/8604 90 05       BCC $05    [$860B]      A:8000 X:0040 Y:C000 P:eNvmxdizC
$9B/8606 A8          TAY                     A:8000 X:0040 Y:C000 P:eNvmxdizC
$9B/8607 8A          TXA                     A:8000 X:0040 Y:8000 P:eNvmxdizC
$9B/8608 04 14       TSB $14    [$00:0014]   A:0040 X:0040 Y:8000 P:envmxdizC
$9B/860A 98          TYA                     A:0040 X:0040 Y:8000 P:envmxdiZC
$9B/860B 0A          ASL A                   A:8000 X:0040 Y:8000 P:eNvmxdizC
$9B/860C 90 05       BCC $05    [$8613]      A:0000 X:0040 Y:8000 P:envmxdiZC
$9B/860E A8          TAY                     A:0000 X:0040 Y:8000 P:envmxdiZC
$9B/860F 8A          TXA                     A:0000 X:0040 Y:0000 P:envmxdiZC
$9B/8610 04 17       TSB $17    [$00:0017]   A:0040 X:0040 Y:0000 P:envmxdizC
$9B/8612 98          TYA                     A:0040 X:0040 Y:0000 P:envmxdiZC
$9B/8613 0A          ASL A                   A:0000 X:0040 Y:0000 P:envmxdiZC
$9B/8614 90 05       BCC $05    [$861B]      A:0000 X:0040 Y:0000 P:envmxdiZc
$9B/861B A8          TAY                     A:0000 X:0040 Y:0000 P:envmxdiZc
$9B/861C 8A          TXA                     A:0000 X:0040 Y:0000 P:envmxdiZc
$9B/861D 4A          LSR A                   A:0040 X:0040 Y:0000 P:envmxdizc
$9B/861E AA          TAX                     A:0020 X:0040 Y:0000 P:envmxdizc
$9B/861F E0 10 00    CPX #$0010              A:0020 X:0020 Y:0000 P:envmxdizc
$9B/8622 B0 D6       BCS $D6    [$85FA]      A:0020 X:0020 Y:0000 P:envmxdizC
$9B/85FA 98          TYA                     A:0020 X:0020 Y:0000 P:envmxdizC
$9B/85FB 0A          ASL A                   A:0000 X:0020 Y:0000 P:envmxdiZC
$9B/85FC 90 05       BCC $05    [$8603]      A:0000 X:0020 Y:0000 P:envmxdiZc
$9B/8603 0A          ASL A                   A:0000 X:0020 Y:0000 P:envmxdiZc
$9B/8604 90 05       BCC $05    [$860B]      A:0000 X:0020 Y:0000 P:envmxdiZc
$9B/860B 0A          ASL A                   A:0000 X:0020 Y:0000 P:envmxdiZc
$9B/860C 90 05       BCC $05    [$8613]      A:0000 X:0020 Y:0000 P:envmxdiZc
$9B/8613 0A          ASL A                   A:0000 X:0020 Y:0000 P:envmxdiZc
$9B/8614 90 05       BCC $05    [$861B]      A:0000 X:0020 Y:0000 P:envmxdiZc
$9B/861B A8          TAY                     A:0000 X:0020 Y:0000 P:envmxdiZc
$9B/861C 8A          TXA                     A:0000 X:0020 Y:0000 P:envmxdiZc
$9B/861D 4A          LSR A                   A:0020 X:0020 Y:0000 P:envmxdizc
$9B/861E AA          TAX                     A:0010 X:0020 Y:0000 P:envmxdizc
$9B/861F E0 10 00    CPX #$0010              A:0010 X:0010 Y:0000 P:envmxdizc
$9B/8622 B0 D6       BCS $D6    [$85FA]      A:0010 X:0010 Y:0000 P:envmxdiZC
$9B/85FA 98          TYA                     A:0010 X:0010 Y:0000 P:envmxdiZC
$9B/85FB 0A          ASL A                   A:0000 X:0010 Y:0000 P:envmxdiZC
$9B/85FC 90 05       BCC $05    [$8603]      A:0000 X:0010 Y:0000 P:envmxdiZc
$9B/8603 0A          ASL A                   A:0000 X:0010 Y:0000 P:envmxdiZc
$9B/8604 90 05       BCC $05    [$860B]      A:0000 X:0010 Y:0000 P:envmxdiZc
$9B/860B 0A          ASL A                   A:0000 X:0010 Y:0000 P:envmxdiZc
$9B/860C 90 05       BCC $05    [$8613]      A:0000 X:0010 Y:0000 P:envmxdiZc
$9B/8613 0A          ASL A                   A:0000 X:0010 Y:0000 P:envmxdiZc
$9B/8614 90 05       BCC $05    [$861B]      A:0000 X:0010 Y:0000 P:envmxdiZc
$9B/861B A8          TAY                     A:0000 X:0010 Y:0000 P:envmxdiZc
$9B/861C 8A          TXA                     A:0000 X:0010 Y:0000 P:envmxdiZc
$9B/861D 4A          LSR A                   A:0010 X:0010 Y:0000 P:envmxdizc
$9B/861E AA          TAX                     A:0008 X:0010 Y:0000 P:envmxdizc
$9B/861F E0 10 00    CPX #$0010              A:0008 X:0008 Y:0000 P:envmxdizc
$9B/8622 B0 D6       BCS $D6    [$85FA]      A:0008 X:0008 Y:0000 P:eNvmxdizc
$9B/8624 E0 00 00    CPX #$0000              A:0008 X:0008 Y:0000 P:eNvmxdizc
$9B/8627 F0 0E       BEQ $0E    [$8637]      A:0008 X:0008 Y:0000 P:envmxdizC
$9B/8629 E0 08 00    CPX #$0008              A:0008 X:0008 Y:0000 P:envmxdizC
$9B/862C 90 CC       BCC $CC    [$85FA]      A:0008 X:0008 Y:0000 P:envmxdiZC
$9B/862E A5 04       LDA $04    [$00:0004]   A:0008 X:0008 Y:0000 P:envmxdiZC
$9B/8630 0A          ASL A                   A:011C X:0008 Y:0000 P:envmxdizC
$9B/8631 0A          ASL A                   A:0238 X:0008 Y:0000 P:envmxdizc
$9B/8632 A8          TAY                     A:0470 X:0008 Y:0000 P:envmxdizc
$9B/8633 C8          INY                     A:0470 X:0008 Y:0470 P:envmxdizc
$9B/8634 C8          INY                     A:0470 X:0008 Y:0471 P:envmxdizc
$9B/8635 80 BD       BRA $BD    [$85F4]      A:0470 X:0008 Y:0472 P:envmxdizc
$9B/85F4 B1 0C       LDA ($0C),y[$7F:0472]   A:0470 X:0008 Y:0472 P:envmxdizc
$9B/85F6 F0 E4       BEQ $E4    [$85DC]      A:0000 X:0008 Y:0472 P:envmxdiZc
$9B/85DC 8A          TXA                     A:0000 X:0008 Y:0472 P:envmxdiZc
$9B/85DD 4A          LSR A                   A:0008 X:0008 Y:0472 P:envmxdizc
$9B/85DE 4A          LSR A                   A:0004 X:0008 Y:0472 P:envmxdizc
$9B/85DF 4A          LSR A                   A:0002 X:0008 Y:0472 P:envmxdizc
$9B/85E0 4A          LSR A                   A:0001 X:0008 Y:0472 P:envmxdizc
$9B/85E1 F0 54       BEQ $54    [$8637]      A:0000 X:0008 Y:0472 P:envmxdiZC
$9B/8637 A5 06       LDA $06    [$00:0006]   A:0000 X:0008 Y:0472 P:envmxdiZC
$9B/8639 1A          INC A                   A:0466 X:0008 Y:0472 P:envmxdizC
$9B/863A 1A          INC A                   A:0467 X:0008 Y:0472 P:envmxdizC
$9B/863B A8          TAY                     A:0468 X:0008 Y:0472 P:envmxdizC
$9B/863C 29 10 00    AND #$0010              A:0468 X:0008 Y:0468 P:envmxdizC
$9B/863F F0 06       BEQ $06    [$8647]      A:0000 X:0008 Y:0468 P:envmxdiZC
$9B/8647 84 06       STY $06    [$00:0006]   A:0000 X:0008 Y:0468 P:envmxdiZC
$9B/8649 A5 16       LDA $16    [$00:0016]   A:0000 X:0008 Y:0468 P:envmxdiZC
$9B/864B 91 10       STA ($10),y[$7F:5568]   A:C000 X:0008 Y:0468 P:eNvmxdizC
$9B/864D 98          TYA                     A:C000 X:0008 Y:0468 P:eNvmxdizC
$9B/864E 18          CLC                     A:0468 X:0008 Y:0468 P:envmxdizC
$9B/864F 69 10 00    ADC #$0010              A:0468 X:0008 Y:0468 P:envmxdizc
$9B/8652 A8          TAY                     A:0478 X:0008 Y:0468 P:envmxdizc
$9B/8653 A5 14       LDA $14    [$00:0014]   A:0478 X:0008 Y:0478 P:envmxdizc
$9B/8655 91 10       STA ($10),y[$7F:5578]   A:C0C0 X:0008 Y:0478 P:eNvmxdizc
$9B/8657 E6 04       INC $04    [$00:0004]   A:C0C0 X:0008 Y:0478 P:eNvmxdizc
$9B/8659 C6 00       DEC $00    [$00:0000]   A:C0C0 X:0008 Y:0478 P:envmxdizc
$9B/865B 10 8B       BPL $8B    [$85E8]      A:C0C0 X:0008 Y:0478 P:envmxdizc
$9B/85E8 A2 80 00    LDX #$0080              A:C0C0 X:0008 Y:0478 P:envmxdizc
$9B/85EB 64 14       STZ $14    [$00:0014]   A:C0C0 X:0080 Y:0478 P:envmxdizc
$9B/85ED 64 16       STZ $16    [$00:0016]   A:C0C0 X:0080 Y:0478 P:envmxdizc
$9B/85EF A5 04       LDA $04    [$00:0004]   A:C0C0 X:0080 Y:0478 P:envmxdizc
$9B/85F1 0A          ASL A                   A:011D X:0080 Y:0478 P:envmxdizc
$9B/85F2 0A          ASL A                   A:023A X:0080 Y:0478 P:envmxdizc
$9B/85F3 A8          TAY                     A:0474 X:0080 Y:0478 P:envmxdizc
$9B/85F4 B1 0C       LDA ($0C),y[$7F:0474]   A:0474 X:0080 Y:0474 P:envmxdizc
$9B/85F6 F0 E4       BEQ $E4    [$85DC]      A:EEEE X:0080 Y:0474 P:eNvmxdizc
$9B/85F8 EB          XBA                     A:EEEE X:0080 Y:0474 P:eNvmxdizc
$9B/85F9 A8          TAY                     A:EEEE X:0080 Y:0474 P:eNvmxdizc
$9B/85FA 98          TYA                     A:EEEE X:0080 Y:EEEE P:eNvmxdizc
$9B/85FB 0A          ASL A                   A:EEEE X:0080 Y:EEEE P:eNvmxdizc
$9B/85FC 90 05       BCC $05    [$8603]      A:DDDC X:0080 Y:EEEE P:eNvmxdizC
$9B/85FE A8          TAY                     A:DDDC X:0080 Y:EEEE P:eNvmxdizC
$9B/85FF 8A          TXA                     A:DDDC X:0080 Y:DDDC P:eNvmxdizC
$9B/8600 04 15       TSB $15    [$00:0015]   A:0080 X:0080 Y:DDDC P:envmxdizC
$9B/8602 98          TYA                     A:0080 X:0080 Y:DDDC P:envmxdiZC
$9B/8603 0A          ASL A                   A:DDDC X:0080 Y:DDDC P:eNvmxdizC
$9B/8604 90 05       BCC $05    [$860B]      A:BBB8 X:0080 Y:DDDC P:eNvmxdizC
$9B/8606 A8          TAY                     A:BBB8 X:0080 Y:DDDC P:eNvmxdizC
$9B/8607 8A          TXA                     A:BBB8 X:0080 Y:BBB8 P:eNvmxdizC
$9B/8608 04 14       TSB $14    [$00:0014]   A:0080 X:0080 Y:BBB8 P:envmxdizC
$9B/860A 98          TYA                     A:0080 X:0080 Y:BBB8 P:envmxdiZC
$9B/860B 0A          ASL A                   A:BBB8 X:0080 Y:BBB8 P:eNvmxdizC
$9B/860C 90 05       BCC $05    [$8613]      A:7770 X:0080 Y:BBB8 P:envmxdizC
$9B/860E A8          TAY                     A:7770 X:0080 Y:BBB8 P:envmxdizC
$9B/860F 8A          TXA                     A:7770 X:0080 Y:7770 P:envmxdizC
$9B/8610 04 17       TSB $17    [$00:0017]   A:0080 X:0080 Y:7770 P:envmxdizC
$9B/8612 98          TYA                     A:0080 X:0080 Y:7770 P:envmxdiZC
$9B/8613 0A          ASL A                   A:7770 X:0080 Y:7770 P:envmxdizC
$9B/8614 90 05       BCC $05    [$861B]      A:EEE0 X:0080 Y:7770 P:eNvmxdizc
$9B/861B A8          TAY                     A:EEE0 X:0080 Y:7770 P:eNvmxdizc
$9B/861C 8A          TXA                     A:EEE0 X:0080 Y:EEE0 P:eNvmxdizc
$9B/861D 4A          LSR A                   A:0080 X:0080 Y:EEE0 P:envmxdizc
$9B/861E AA          TAX                     A:0040 X:0080 Y:EEE0 P:envmxdizc
$9B/861F E0 10 00    CPX #$0010              A:0040 X:0040 Y:EEE0 P:envmxdizc
$9B/8622 B0 D6       BCS $D6    [$85FA]      A:0040 X:0040 Y:EEE0 P:envmxdizC
$9B/85FA 98          TYA                     A:0040 X:0040 Y:EEE0 P:envmxdizC
$9B/85FB 0A          ASL A                   A:EEE0 X:0040 Y:EEE0 P:eNvmxdizC
$9B/85FC 90 05       BCC $05    [$8603]      A:DDC0 X:0040 Y:EEE0 P:eNvmxdizC
$9B/85FE A8          TAY                     A:DDC0 X:0040 Y:EEE0 P:eNvmxdizC
$9B/85FF 8A          TXA                     A:DDC0 X:0040 Y:DDC0 P:eNvmxdizC
$9B/8600 04 15       TSB $15    [$00:0015]   A:0040 X:0040 Y:DDC0 P:envmxdizC
$9B/8602 98          TYA                     A:0040 X:0040 Y:DDC0 P:envmxdiZC
$9B/8603 0A          ASL A                   A:DDC0 X:0040 Y:DDC0 P:eNvmxdizC
$9B/8604 90 05       BCC $05    [$860B]      A:BB80 X:0040 Y:DDC0 P:eNvmxdizC
$9B/8606 A8          TAY                     A:BB80 X:0040 Y:DDC0 P:eNvmxdizC
$9B/8607 8A          TXA                     A:BB80 X:0040 Y:BB80 P:eNvmxdizC
$9B/8608 04 14       TSB $14    [$00:0014]   A:0040 X:0040 Y:BB80 P:envmxdizC
$9B/860A 98          TYA                     A:0040 X:0040 Y:BB80 P:envmxdiZC
$9B/860B 0A          ASL A                   A:BB80 X:0040 Y:BB80 P:eNvmxdizC
$9B/860C 90 05       BCC $05    [$8613]      A:7700 X:0040 Y:BB80 P:envmxdizC
$9B/860E A8          TAY                     A:7700 X:0040 Y:BB80 P:envmxdizC
$9B/860F 8A          TXA                     A:7700 X:0040 Y:7700 P:envmxdizC
$9B/8610 04 17       TSB $17    [$00:0017]   A:0040 X:0040 Y:7700 P:envmxdizC
$9B/8612 98          TYA                     A:0040 X:0040 Y:7700 P:envmxdiZC
$9B/8613 0A          ASL A                   A:7700 X:0040 Y:7700 P:envmxdizC
$9B/8614 90 05       BCC $05    [$861B]      A:EE00 X:0040 Y:7700 P:eNvmxdizc
$9B/861B A8          TAY                     A:EE00 X:0040 Y:7700 P:eNvmxdizc
$9B/861C 8A          TXA                     A:EE00 X:0040 Y:EE00 P:eNvmxdizc
$9B/861D 4A          LSR A                   A:0040 X:0040 Y:EE00 P:envmxdizc
$9B/861E AA          TAX                     A:0020 X:0040 Y:EE00 P:envmxdizc
$9B/861F E0 10 00    CPX #$0010              A:0020 X:0020 Y:EE00 P:envmxdizc
$9B/8622 B0 D6       BCS $D6    [$85FA]      A:0020 X:0020 Y:EE00 P:envmxdizC
$9B/85FA 98          TYA                     A:0020 X:0020 Y:EE00 P:envmxdizC
$9B/85FB 0A          ASL A                   A:EE00 X:0020 Y:EE00 P:eNvmxdizC
$9B/85FC 90 05       BCC $05    [$8603]      A:DC00 X:0020 Y:EE00 P:eNvmxdizC
$9B/85FE A8          TAY                     A:DC00 X:0020 Y:EE00 P:eNvmxdizC
$9B/85FF 8A          TXA                     A:DC00 X:0020 Y:DC00 P:eNvmxdizC
$9B/8600 04 15       TSB $15    [$00:0015]   A:0020 X:0020 Y:DC00 P:envmxdizC
$9B/8602 98          TYA                     A:0020 X:0020 Y:DC00 P:envmxdiZC
$9B/8603 0A          ASL A                   A:DC00 X:0020 Y:DC00 P:eNvmxdizC
$9B/8604 90 05       BCC $05    [$860B]      A:B800 X:0020 Y:DC00 P:eNvmxdizC
$9B/8606 A8          TAY                     A:B800 X:0020 Y:DC00 P:eNvmxdizC
$9B/8607 8A          TXA                     A:B800 X:0020 Y:B800 P:eNvmxdizC
$9B/8608 04 14       TSB $14    [$00:0014]   A:0020 X:0020 Y:B800 P:envmxdizC
$9B/860A 98          TYA                     A:0020 X:0020 Y:B800 P:envmxdiZC
$9B/860B 0A          ASL A                   A:B800 X:0020 Y:B800 P:eNvmxdizC
$9B/860C 90 05       BCC $05    [$8613]      A:7000 X:0020 Y:B800 P:envmxdizC
$9B/860E A8          TAY                     A:7000 X:0020 Y:B800 P:envmxdizC
$9B/860F 8A          TXA                     A:7000 X:0020 Y:7000 P:envmxdizC
$9B/8610 04 17       TSB $17    [$00:0017]   A:0020 X:0020 Y:7000 P:envmxdizC
$9B/8612 98          TYA                     A:0020 X:0020 Y:7000 P:envmxdiZC
$9B/8613 0A          ASL A                   A:7000 X:0020 Y:7000 P:envmxdizC
$9B/8614 90 05       BCC $05    [$861B]      A:E000 X:0020 Y:7000 P:eNvmxdizc
$9B/861B A8          TAY                     A:E000 X:0020 Y:7000 P:eNvmxdizc
$9B/861C 8A          TXA                     A:E000 X:0020 Y:E000 P:eNvmxdizc
$9B/861D 4A          LSR A                   A:0020 X:0020 Y:E000 P:envmxdizc
$9B/861E AA          TAX                     A:0010 X:0020 Y:E000 P:envmxdizc
$9B/861F E0 10 00    CPX #$0010              A:0010 X:0010 Y:E000 P:envmxdizc
$9B/8622 B0 D6       BCS $D6    [$85FA]      A:0010 X:0010 Y:E000 P:envmxdiZC
$9B/85FA 98          TYA                     A:0010 X:0010 Y:E000 P:envmxdiZC
$9B/85FB 0A          ASL A                   A:E000 X:0010 Y:E000 P:eNvmxdizC
$9B/85FC 90 05       BCC $05    [$8603]      A:C000 X:0010 Y:E000 P:eNvmxdizC
$9B/85FE A8          TAY                     A:C000 X:0010 Y:E000 P:eNvmxdizC
$9B/85FF 8A          TXA                     A:C000 X:0010 Y:C000 P:eNvmxdizC
$9B/8600 04 15       TSB $15    [$00:0015]   A:0010 X:0010 Y:C000 P:envmxdizC
$9B/8602 98          TYA                     A:0010 X:0010 Y:C000 P:envmxdiZC
$9B/8603 0A          ASL A                   A:C000 X:0010 Y:C000 P:eNvmxdizC
$9B/8604 90 05       BCC $05    [$860B]      A:8000 X:0010 Y:C000 P:eNvmxdizC
$9B/8606 A8          TAY                     A:8000 X:0010 Y:C000 P:eNvmxdizC
$9B/8607 8A          TXA                     A:8000 X:0010 Y:8000 P:eNvmxdizC
$9B/8608 04 14       TSB $14    [$00:0014]   A:0010 X:0010 Y:8000 P:envmxdizC
$9B/860A 98          TYA                     A:0010 X:0010 Y:8000 P:envmxdiZC
$9B/860B 0A          ASL A                   A:8000 X:0010 Y:8000 P:eNvmxdizC
$9B/860C 90 05       BCC $05    [$8613]      A:0000 X:0010 Y:8000 P:envmxdiZC
$9B/860E A8          TAY                     A:0000 X:0010 Y:8000 P:envmxdiZC
$9B/860F 8A          TXA                     A:0000 X:0010 Y:0000 P:envmxdiZC
$9B/8610 04 17       TSB $17    [$00:0017]   A:0010 X:0010 Y:0000 P:envmxdizC
$9B/8612 98          TYA                     A:0010 X:0010 Y:0000 P:envmxdiZC
$9B/8613 0A          ASL A                   A:0000 X:0010 Y:0000 P:envmxdiZC
$9B/8614 90 05       BCC $05    [$861B]      A:0000 X:0010 Y:0000 P:envmxdiZc
$9B/861B A8          TAY                     A:0000 X:0010 Y:0000 P:envmxdiZc
$9B/861C 8A          TXA                     A:0000 X:0010 Y:0000 P:envmxdiZc
$9B/861D 4A          LSR A                   A:0010 X:0010 Y:0000 P:envmxdizc
$9B/861E AA          TAX                     A:0008 X:0010 Y:0000 P:envmxdizc
$9B/861F E0 10 00    CPX #$0010              A:0008 X:0008 Y:0000 P:envmxdizc
$9B/8622 B0 D6       BCS $D6    [$85FA]      A:0008 X:0008 Y:0000 P:eNvmxdizc
$9B/8624 E0 00 00    CPX #$0000              A:0008 X:0008 Y:0000 P:eNvmxdizc
$9B/8627 F0 0E       BEQ $0E    [$8637]      A:0008 X:0008 Y:0000 P:envmxdizC
$9B/8629 E0 08 00    CPX #$0008              A:0008 X:0008 Y:0000 P:envmxdizC
$9B/862C 90 CC       BCC $CC    [$85FA]      A:0008 X:0008 Y:0000 P:envmxdiZC
$9B/862E A5 04       LDA $04    [$00:0004]   A:0008 X:0008 Y:0000 P:envmxdiZC
$9B/8630 0A          ASL A                   A:011D X:0008 Y:0000 P:envmxdizC
$9B/8631 0A          ASL A                   A:023A X:0008 Y:0000 P:envmxdizc
$9B/8632 A8          TAY                     A:0474 X:0008 Y:0000 P:envmxdizc
$9B/8633 C8          INY                     A:0474 X:0008 Y:0474 P:envmxdizc
$9B/8634 C8          INY                     A:0474 X:0008 Y:0475 P:envmxdizc
$9B/8635 80 BD       BRA $BD    [$85F4]      A:0474 X:0008 Y:0476 P:envmxdizc
$9B/85F4 B1 0C       LDA ($0C),y[$7F:0476]   A:0474 X:0008 Y:0476 P:envmxdizc
$9B/85F6 F0 E4       BEQ $E4    [$85DC]      A:00E0 X:0008 Y:0476 P:envmxdizc
$9B/85F8 EB          XBA                     A:00E0 X:0008 Y:0476 P:envmxdizc
$9B/85F9 A8          TAY                     A:E000 X:0008 Y:0476 P:envmxdiZc
$9B/85FA 98          TYA                     A:E000 X:0008 Y:E000 P:eNvmxdizc
$9B/85FB 0A          ASL A                   A:E000 X:0008 Y:E000 P:eNvmxdizc
$9B/85FC 90 05       BCC $05    [$8603]      A:C000 X:0008 Y:E000 P:eNvmxdizC
$9B/85FE A8          TAY                     A:C000 X:0008 Y:E000 P:eNvmxdizC
$9B/85FF 8A          TXA                     A:C000 X:0008 Y:C000 P:eNvmxdizC
$9B/8600 04 15       TSB $15    [$00:0015]   A:0008 X:0008 Y:C000 P:envmxdizC
$9B/8602 98          TYA                     A:0008 X:0008 Y:C000 P:envmxdiZC
$9B/8603 0A          ASL A                   A:C000 X:0008 Y:C000 P:eNvmxdizC
$9B/8604 90 05       BCC $05    [$860B]      A:8000 X:0008 Y:C000 P:eNvmxdizC
$9B/8606 A8          TAY                     A:8000 X:0008 Y:C000 P:eNvmxdizC
$9B/8607 8A          TXA                     A:8000 X:0008 Y:8000 P:eNvmxdizC
$9B/8608 04 14       TSB $14    [$00:0014]   A:0008 X:0008 Y:8000 P:envmxdizC
$9B/860A 98          TYA                     A:0008 X:0008 Y:8000 P:envmxdiZC
$9B/860B 0A          ASL A                   A:8000 X:0008 Y:8000 P:eNvmxdizC
$9B/860C 90 05       BCC $05    [$8613]      A:0000 X:0008 Y:8000 P:envmxdiZC
$9B/860E A8          TAY                     A:0000 X:0008 Y:8000 P:envmxdiZC
$9B/860F 8A          TXA                     A:0000 X:0008 Y:0000 P:envmxdiZC
$9B/8610 04 17       TSB $17    [$00:0017]   A:0008 X:0008 Y:0000 P:envmxdizC
$9B/8612 98          TYA                     A:0008 X:0008 Y:0000 P:envmxdiZC
$9B/8613 0A          ASL A                   A:0000 X:0008 Y:0000 P:envmxdiZC
$9B/8614 90 05       BCC $05    [$861B]      A:0000 X:0008 Y:0000 P:envmxdiZc
$9B/861B A8          TAY                     A:0000 X:0008 Y:0000 P:envmxdiZc
$9B/861C 8A          TXA                     A:0000 X:0008 Y:0000 P:envmxdiZc
$9B/861D 4A          LSR A                   A:0008 X:0008 Y:0000 P:envmxdizc
$9B/861E AA          TAX                     A:0004 X:0008 Y:0000 P:envmxdizc
$9B/861F E0 10 00    CPX #$0010              A:0004 X:0004 Y:0000 P:envmxdizc
$9B/8622 B0 D6       BCS $D6    [$85FA]      A:0004 X:0004 Y:0000 P:eNvmxdizc
$9B/8624 E0 00 00    CPX #$0000              A:0004 X:0004 Y:0000 P:eNvmxdizc
$9B/8627 F0 0E       BEQ $0E    [$8637]      A:0004 X:0004 Y:0000 P:envmxdizC
$9B/8629 E0 08 00    CPX #$0008              A:0004 X:0004 Y:0000 P:envmxdizC
$9B/862C 90 CC       BCC $CC    [$85FA]      A:0004 X:0004 Y:0000 P:eNvmxdizc
$9B/85FA 98          TYA                     A:0004 X:0004 Y:0000 P:eNvmxdizc
$9B/85FB 0A          ASL A                   A:0000 X:0004 Y:0000 P:envmxdiZc
$9B/85FC 90 05       BCC $05    [$8603]      A:0000 X:0004 Y:0000 P:envmxdiZc
$9B/8603 0A          ASL A                   A:0000 X:0004 Y:0000 P:envmxdiZc
$9B/8604 90 05       BCC $05    [$860B]      A:0000 X:0004 Y:0000 P:envmxdiZc
$9B/860B 0A          ASL A                   A:0000 X:0004 Y:0000 P:envmxdiZc
$9B/860C 90 05       BCC $05    [$8613]      A:0000 X:0004 Y:0000 P:envmxdiZc
$9B/8613 0A          ASL A                   A:0000 X:0004 Y:0000 P:envmxdiZc
$9B/8614 90 05       BCC $05    [$861B]      A:0000 X:0004 Y:0000 P:envmxdiZc
$9B/861B A8          TAY                     A:0000 X:0004 Y:0000 P:envmxdiZc
$9B/861C 8A          TXA                     A:0000 X:0004 Y:0000 P:envmxdiZc
$9B/861D 4A          LSR A                   A:0004 X:0004 Y:0000 P:envmxdizc
$9B/861E AA          TAX                     A:0002 X:0004 Y:0000 P:envmxdizc
$9B/861F E0 10 00    CPX #$0010              A:0002 X:0002 Y:0000 P:envmxdizc
$9B/8622 B0 D6       BCS $D6    [$85FA]      A:0002 X:0002 Y:0000 P:eNvmxdizc
$9B/8624 E0 00 00    CPX #$0000              A:0002 X:0002 Y:0000 P:eNvmxdizc
$9B/8627 F0 0E       BEQ $0E    [$8637]      A:0002 X:0002 Y:0000 P:envmxdizC
$9B/8629 E0 08 00    CPX #$0008              A:0002 X:0002 Y:0000 P:envmxdizC
$9B/862C 90 CC       BCC $CC    [$85FA]      A:0002 X:0002 Y:0000 P:eNvmxdizc
$9B/85FA 98          TYA                     A:0002 X:0002 Y:0000 P:eNvmxdizc
$9B/85FB 0A          ASL A                   A:0000 X:0002 Y:0000 P:envmxdiZc
$9B/85FC 90 05       BCC $05    [$8603]      A:0000 X:0002 Y:0000 P:envmxdiZc
$9B/8603 0A          ASL A                   A:0000 X:0002 Y:0000 P:envmxdiZc
$9B/8604 90 05       BCC $05    [$860B]      A:0000 X:0002 Y:0000 P:envmxdiZc
$9B/860B 0A          ASL A                   A:0000 X:0002 Y:0000 P:envmxdiZc
$9B/860C 90 05       BCC $05    [$8613]      A:0000 X:0002 Y:0000 P:envmxdiZc
$9B/8613 0A          ASL A                   A:0000 X:0002 Y:0000 P:envmxdiZc
$9B/8614 90 05       BCC $05    [$861B]      A:0000 X:0002 Y:0000 P:envmxdiZc
$9B/861B A8          TAY                     A:0000 X:0002 Y:0000 P:envmxdiZc
$9B/861C 8A          TXA                     A:0000 X:0002 Y:0000 P:envmxdiZc
$9B/861D 4A          LSR A                   A:0002 X:0002 Y:0000 P:envmxdizc
$9B/861E AA          TAX                     A:0001 X:0002 Y:0000 P:envmxdizc
$9B/861F E0 10 00    CPX #$0010              A:0001 X:0001 Y:0000 P:envmxdizc
$9B/8622 B0 D6       BCS $D6    [$85FA]      A:0001 X:0001 Y:0000 P:eNvmxdizc
$9B/8624 E0 00 00    CPX #$0000              A:0001 X:0001 Y:0000 P:eNvmxdizc
$9B/8627 F0 0E       BEQ $0E    [$8637]      A:0001 X:0001 Y:0000 P:envmxdizC
$9B/8629 E0 08 00    CPX #$0008              A:0001 X:0001 Y:0000 P:envmxdizC
$9B/862C 90 CC       BCC $CC    [$85FA]      A:0001 X:0001 Y:0000 P:eNvmxdizc
$9B/85FA 98          TYA                     A:0001 X:0001 Y:0000 P:eNvmxdizc
$9B/85FB 0A          ASL A                   A:0000 X:0001 Y:0000 P:envmxdiZc
$9B/85FC 90 05       BCC $05    [$8603]      A:0000 X:0001 Y:0000 P:envmxdiZc
$9B/8603 0A          ASL A                   A:0000 X:0001 Y:0000 P:envmxdiZc
$9B/8604 90 05       BCC $05    [$860B]      A:0000 X:0001 Y:0000 P:envmxdiZc
$9B/860B 0A          ASL A                   A:0000 X:0001 Y:0000 P:envmxdiZc
$9B/860C 90 05       BCC $05    [$8613]      A:0000 X:0001 Y:0000 P:envmxdiZc
$9B/8613 0A          ASL A                   A:0000 X:0001 Y:0000 P:envmxdiZc
$9B/8614 90 05       BCC $05    [$861B]      A:0000 X:0001 Y:0000 P:envmxdiZc
$9B/861B A8          TAY                     A:0000 X:0001 Y:0000 P:envmxdiZc
$9B/861C 8A          TXA                     A:0000 X:0001 Y:0000 P:envmxdiZc
$9B/861D 4A          LSR A                   A:0001 X:0001 Y:0000 P:envmxdizc
$9B/861E AA          TAX                     A:0000 X:0001 Y:0000 P:envmxdiZC
$9B/861F E0 10 00    CPX #$0010              A:0000 X:0000 Y:0000 P:envmxdiZC
$9B/8622 B0 D6       BCS $D6    [$85FA]      A:0000 X:0000 Y:0000 P:eNvmxdizc
$9B/8624 E0 00 00    CPX #$0000              A:0000 X:0000 Y:0000 P:eNvmxdizc
$9B/8627 F0 0E       BEQ $0E    [$8637]      A:0000 X:0000 Y:0000 P:envmxdiZC
$9B/8637 A5 06       LDA $06    [$00:0006]   A:0000 X:0000 Y:0000 P:envmxdiZC
$9B/8639 1A          INC A                   A:0468 X:0000 Y:0000 P:envmxdizC
$9B/863A 1A          INC A                   A:0469 X:0000 Y:0000 P:envmxdizC
$9B/863B A8          TAY                     A:046A X:0000 Y:0000 P:envmxdizC
$9B/863C 29 10 00    AND #$0010              A:046A X:0000 Y:046A P:envmxdizC
$9B/863F F0 06       BEQ $06    [$8647]      A:0000 X:0000 Y:046A P:envmxdiZC
$9B/8647 84 06       STY $06    [$00:0006]   A:0000 X:0000 Y:046A P:envmxdiZC
$9B/8649 A5 16       LDA $16    [$00:0016]   A:0000 X:0000 Y:046A P:envmxdiZC
$9B/864B 91 10       STA ($10),y[$7F:556A]   A:F800 X:0000 Y:046A P:eNvmxdizC
$9B/864D 98          TYA                     A:F800 X:0000 Y:046A P:eNvmxdizC
$9B/864E 18          CLC                     A:046A X:0000 Y:046A P:envmxdizC
$9B/864F 69 10 00    ADC #$0010              A:046A X:0000 Y:046A P:envmxdizc
$9B/8652 A8          TAY                     A:047A X:0000 Y:046A P:envmxdizc
$9B/8653 A5 14       LDA $14    [$00:0014]   A:047A X:0000 Y:047A P:envmxdizc
$9B/8655 91 10       STA ($10),y[$7F:557A]   A:F8F8 X:0000 Y:047A P:eNvmxdizc
$9B/8657 E6 04       INC $04    [$00:0004]   A:F8F8 X:0000 Y:047A P:eNvmxdizc
$9B/8659 C6 00       DEC $00    [$00:0000]   A:F8F8 X:0000 Y:047A P:envmxdizc
$9B/865B 10 8B       BPL $8B    [$85E8]      A:F8F8 X:0000 Y:047A P:envmxdizc
$9B/85E8 A2 80 00    LDX #$0080              A:F8F8 X:0000 Y:047A P:envmxdizc
$9B/85EB 64 14       STZ $14    [$00:0014]   A:F8F8 X:0080 Y:047A P:envmxdizc
$9B/85ED 64 16       STZ $16    [$00:0016]   A:F8F8 X:0080 Y:047A P:envmxdizc
$9B/85EF A5 04       LDA $04    [$00:0004]   A:F8F8 X:0080 Y:047A P:envmxdizc
$9B/85F1 0A          ASL A                   A:011E X:0080 Y:047A P:envmxdizc
$9B/85F2 0A          ASL A                   A:023C X:0080 Y:047A P:envmxdizc
$9B/85F3 A8          TAY                     A:0478 X:0080 Y:047A P:envmxdizc
$9B/85F4 B1 0C       LDA ($0C),y[$7F:0478]   A:0478 X:0080 Y:0478 P:envmxdizc
$9B/85F6 F0 E4       BEQ $E4    [$85DC]      A:EEEE X:0080 Y:0478 P:eNvmxdizc
$9B/85F8 EB          XBA                     A:EEEE X:0080 Y:0478 P:eNvmxdizc
$9B/85F9 A8          TAY                     A:EEEE X:0080 Y:0478 P:eNvmxdizc
$9B/85FA 98          TYA                     A:EEEE X:0080 Y:EEEE P:eNvmxdizc
$9B/85FB 0A          ASL A                   A:EEEE X:0080 Y:EEEE P:eNvmxdizc
$9B/85FC 90 05       BCC $05    [$8603]      A:DDDC X:0080 Y:EEEE P:eNvmxdizC
$9B/85FE A8          TAY                     A:DDDC X:0080 Y:EEEE P:eNvmxdizC
$9B/85FF 8A          TXA                     A:DDDC X:0080 Y:DDDC P:eNvmxdizC
$9B/8600 04 15       TSB $15    [$00:0015]   A:0080 X:0080 Y:DDDC P:envmxdizC
$9B/8602 98          TYA                     A:0080 X:0080 Y:DDDC P:envmxdiZC
$9B/8603 0A          ASL A                   A:DDDC X:0080 Y:DDDC P:eNvmxdizC
$9B/8604 90 05       BCC $05    [$860B]      A:BBB8 X:0080 Y:DDDC P:eNvmxdizC
$9B/8606 A8          TAY                     A:BBB8 X:0080 Y:DDDC P:eNvmxdizC
$9B/8607 8A          TXA                     A:BBB8 X:0080 Y:BBB8 P:eNvmxdizC
$9B/8608 04 14       TSB $14    [$00:0014]   A:0080 X:0080 Y:BBB8 P:envmxdizC
$9B/860A 98          TYA                     A:0080 X:0080 Y:BBB8 P:envmxdiZC
$9B/860B 0A          ASL A                   A:BBB8 X:0080 Y:BBB8 P:eNvmxdizC
$9B/860C 90 05       BCC $05    [$8613]      A:7770 X:0080 Y:BBB8 P:envmxdizC
$9B/860E A8          TAY                     A:7770 X:0080 Y:BBB8 P:envmxdizC
$9B/860F 8A          TXA                     A:7770 X:0080 Y:7770 P:envmxdizC
$9B/8610 04 17       TSB $17    [$00:0017]   A:0080 X:0080 Y:7770 P:envmxdizC
$9B/8612 98          TYA                     A:0080 X:0080 Y:7770 P:envmxdiZC
$9B/8613 0A          ASL A                   A:7770 X:0080 Y:7770 P:envmxdizC
$9B/8614 90 05       BCC $05    [$861B]      A:EEE0 X:0080 Y:7770 P:eNvmxdizc
$9B/861B A8          TAY                     A:EEE0 X:0080 Y:7770 P:eNvmxdizc
$9B/861C 8A          TXA                     A:EEE0 X:0080 Y:EEE0 P:eNvmxdizc
$9B/861D 4A          LSR A                   A:0080 X:0080 Y:EEE0 P:envmxdizc
$9B/861E AA          TAX                     A:0040 X:0080 Y:EEE0 P:envmxdizc
$9B/861F E0 10 00    CPX #$0010              A:0040 X:0040 Y:EEE0 P:envmxdizc
$9B/8622 B0 D6       BCS $D6    [$85FA]      A:0040 X:0040 Y:EEE0 P:envmxdizC
$9B/85FA 98          TYA                     A:0040 X:0040 Y:EEE0 P:envmxdizC
$9B/85FB 0A          ASL A                   A:EEE0 X:0040 Y:EEE0 P:eNvmxdizC
$9B/85FC 90 05       BCC $05    [$8603]      A:DDC0 X:0040 Y:EEE0 P:eNvmxdizC
$9B/85FE A8          TAY                     A:DDC0 X:0040 Y:EEE0 P:eNvmxdizC
$9B/85FF 8A          TXA                     A:DDC0 X:0040 Y:DDC0 P:eNvmxdizC
$9B/8600 04 15       TSB $15    [$00:0015]   A:0040 X:0040 Y:DDC0 P:envmxdizC
$9B/8602 98          TYA                     A:0040 X:0040 Y:DDC0 P:envmxdiZC
$9B/8603 0A          ASL A                   A:DDC0 X:0040 Y:DDC0 P:eNvmxdizC
$9B/8604 90 05       BCC $05    [$860B]      A:BB80 X:0040 Y:DDC0 P:eNvmxdizC
$9B/8606 A8          TAY                     A:BB80 X:0040 Y:DDC0 P:eNvmxdizC
$9B/8607 8A          TXA                     A:BB80 X:0040 Y:BB80 P:eNvmxdizC
$9B/8608 04 14       TSB $14    [$00:0014]   A:0040 X:0040 Y:BB80 P:envmxdizC
$9B/860A 98          TYA                     A:0040 X:0040 Y:BB80 P:envmxdiZC
$9B/860B 0A          ASL A                   A:BB80 X:0040 Y:BB80 P:eNvmxdizC
$9B/860C 90 05       BCC $05    [$8613]      A:7700 X:0040 Y:BB80 P:envmxdizC
$9B/860E A8          TAY                     A:7700 X:0040 Y:BB80 P:envmxdizC
$9B/860F 8A          TXA                     A:7700 X:0040 Y:7700 P:envmxdizC
$9B/8610 04 17       TSB $17    [$00:0017]   A:0040 X:0040 Y:7700 P:envmxdizC
$9B/8612 98          TYA                     A:0040 X:0040 Y:7700 P:envmxdiZC
$9B/8613 0A          ASL A                   A:7700 X:0040 Y:7700 P:envmxdizC
$9B/8614 90 05       BCC $05    [$861B]      A:EE00 X:0040 Y:7700 P:eNvmxdizc
$9B/861B A8          TAY                     A:EE00 X:0040 Y:7700 P:eNvmxdizc
$9B/861C 8A          TXA                     A:EE00 X:0040 Y:EE00 P:eNvmxdizc
$9B/861D 4A          LSR A                   A:0040 X:0040 Y:EE00 P:envmxdizc
$9B/861E AA          TAX                     A:0020 X:0040 Y:EE00 P:envmxdizc
$9B/861F E0 10 00    CPX #$0010              A:0020 X:0020 Y:EE00 P:envmxdizc
$9B/8622 B0 D6       BCS $D6    [$85FA]      A:0020 X:0020 Y:EE00 P:envmxdizC
$9B/85FA 98          TYA                     A:0020 X:0020 Y:EE00 P:envmxdizC
$9B/85FB 0A          ASL A                   A:EE00 X:0020 Y:EE00 P:eNvmxdizC
$9B/85FC 90 05       BCC $05    [$8603]      A:DC00 X:0020 Y:EE00 P:eNvmxdizC
$9B/85FE A8          TAY                     A:DC00 X:0020 Y:EE00 P:eNvmxdizC
$9B/85FF 8A          TXA                     A:DC00 X:0020 Y:DC00 P:eNvmxdizC
$9B/8600 04 15       TSB $15    [$00:0015]   A:0020 X:0020 Y:DC00 P:envmxdizC
$9B/8602 98          TYA                     A:0020 X:0020 Y:DC00 P:envmxdiZC
$9B/8603 0A          ASL A                   A:DC00 X:0020 Y:DC00 P:eNvmxdizC
$9B/8604 90 05       BCC $05    [$860B]      A:B800 X:0020 Y:DC00 P:eNvmxdizC
$9B/8606 A8          TAY                     A:B800 X:0020 Y:DC00 P:eNvmxdizC
$9B/8607 8A          TXA                     A:B800 X:0020 Y:B800 P:eNvmxdizC
$9B/8608 04 14       TSB $14    [$00:0014]   A:0020 X:0020 Y:B800 P:envmxdizC
$9B/860A 98          TYA                     A:0020 X:0020 Y:B800 P:envmxdiZC
$9B/860B 0A          ASL A                   A:B800 X:0020 Y:B800 P:eNvmxdizC
$9B/860C 90 05       BCC $05    [$8613]      A:7000 X:0020 Y:B800 P:envmxdizC
$9B/860E A8          TAY                     A:7000 X:0020 Y:B800 P:envmxdizC
$9B/860F 8A          TXA                     A:7000 X:0020 Y:7000 P:envmxdizC
$9B/8610 04 17       TSB $17    [$00:0017]   A:0020 X:0020 Y:7000 P:envmxdizC
$9B/8612 98          TYA                     A:0020 X:0020 Y:7000 P:envmxdiZC
$9B/8613 0A          ASL A                   A:7000 X:0020 Y:7000 P:envmxdizC
$9B/8614 90 05       BCC $05    [$861B]      A:E000 X:0020 Y:7000 P:eNvmxdizc
$9B/861B A8          TAY                     A:E000 X:0020 Y:7000 P:eNvmxdizc
$9B/861C 8A          TXA                     A:E000 X:0020 Y:E000 P:eNvmxdizc
$9B/861D 4A          LSR A                   A:0020 X:0020 Y:E000 P:envmxdizc
$9B/861E AA          TAX                     A:0010 X:0020 Y:E000 P:envmxdizc
$9B/861F E0 10 00    CPX #$0010              A:0010 X:0010 Y:E000 P:envmxdizc
$9B/8622 B0 D6       BCS $D6    [$85FA]      A:0010 X:0010 Y:E000 P:envmxdiZC
$9B/85FA 98          TYA                     A:0010 X:0010 Y:E000 P:envmxdiZC
$9B/85FB 0A          ASL A                   A:E000 X:0010 Y:E000 P:eNvmxdizC
$9B/85FC 90 05       BCC $05    [$8603]      A:C000 X:0010 Y:E000 P:eNvmxdizC
$9B/85FE A8          TAY                     A:C000 X:0010 Y:E000 P:eNvmxdizC
$9B/85FF 8A          TXA                     A:C000 X:0010 Y:C000 P:eNvmxdizC
$9B/8600 04 15       TSB $15    [$00:0015]   A:0010 X:0010 Y:C000 P:envmxdizC
$9B/8602 98          TYA                     A:0010 X:0010 Y:C000 P:envmxdiZC
$9B/8603 0A          ASL A                   A:C000 X:0010 Y:C000 P:eNvmxdizC
$9B/8604 90 05       BCC $05    [$860B]      A:8000 X:0010 Y:C000 P:eNvmxdizC
$9B/8606 A8          TAY                     A:8000 X:0010 Y:C000 P:eNvmxdizC
$9B/8607 8A          TXA                     A:8000 X:0010 Y:8000 P:eNvmxdizC
$9B/8608 04 14       TSB $14    [$00:0014]   A:0010 X:0010 Y:8000 P:envmxdizC
$9B/860A 98          TYA                     A:0010 X:0010 Y:8000 P:envmxdiZC
$9B/860B 0A          ASL A                   A:8000 X:0010 Y:8000 P:eNvmxdizC
$9B/860C 90 05       BCC $05    [$8613]      A:0000 X:0010 Y:8000 P:envmxdiZC
$9B/860E A8          TAY                     A:0000 X:0010 Y:8000 P:envmxdiZC
$9B/860F 8A          TXA                     A:0000 X:0010 Y:0000 P:envmxdiZC
$9B/8610 04 17       TSB $17    [$00:0017]   A:0010 X:0010 Y:0000 P:envmxdizC
$9B/8612 98          TYA                     A:0010 X:0010 Y:0000 P:envmxdiZC
$9B/8613 0A          ASL A                   A:0000 X:0010 Y:0000 P:envmxdiZC
$9B/8614 90 05       BCC $05    [$861B]      A:0000 X:0010 Y:0000 P:envmxdiZc
$9B/861B A8          TAY                     A:0000 X:0010 Y:0000 P:envmxdiZc
$9B/861C 8A          TXA                     A:0000 X:0010 Y:0000 P:envmxdiZc
$9B/861D 4A          LSR A                   A:0010 X:0010 Y:0000 P:envmxdizc
$9B/861E AA          TAX                     A:0008 X:0010 Y:0000 P:envmxdizc
$9B/861F E0 10 00    CPX #$0010              A:0008 X:0008 Y:0000 P:envmxdizc
$9B/8622 B0 D6       BCS $D6    [$85FA]      A:0008 X:0008 Y:0000 P:eNvmxdizc
$9B/8624 E0 00 00    CPX #$0000              A:0008 X:0008 Y:0000 P:eNvmxdizc
$9B/8627 F0 0E       BEQ $0E    [$8637]      A:0008 X:0008 Y:0000 P:envmxdizC
$9B/8629 E0 08 00    CPX #$0008              A:0008 X:0008 Y:0000 P:envmxdizC
$9B/862C 90 CC       BCC $CC    [$85FA]      A:0008 X:0008 Y:0000 P:envmxdiZC
$9B/862E A5 04       LDA $04    [$00:0004]   A:0008 X:0008 Y:0000 P:envmxdiZC
$9B/8630 0A          ASL A                   A:011E X:0008 Y:0000 P:envmxdizC
$9B/8631 0A          ASL A                   A:023C X:0008 Y:0000 P:envmxdizc
$9B/8632 A8          TAY                     A:0478 X:0008 Y:0000 P:envmxdizc
$9B/8633 C8          INY                     A:0478 X:0008 Y:0478 P:envmxdizc
$9B/8634 C8          INY                     A:0478 X:0008 Y:0479 P:envmxdizc
$9B/8635 80 BD       BRA $BD    [$85F4]      A:0478 X:0008 Y:047A P:envmxdizc
$9B/85F4 B1 0C       LDA ($0C),y[$7F:047A]   A:0478 X:0008 Y:047A P:envmxdizc
$9B/85F6 F0 E4       BEQ $E4    [$85DC]      A:E0EE X:0008 Y:047A P:eNvmxdizc
$9B/85F8 EB          XBA                     A:E0EE X:0008 Y:047A P:eNvmxdizc
$9B/85F9 A8          TAY                     A:EEE0 X:0008 Y:047A P:eNvmxdizc
$9B/85FA 98          TYA                     A:EEE0 X:0008 Y:EEE0 P:eNvmxdizc
$9B/85FB 0A          ASL A                   A:EEE0 X:0008 Y:EEE0 P:eNvmxdizc
$9B/85FC 90 05       BCC $05    [$8603]      A:DDC0 X:0008 Y:EEE0 P:eNvmxdizC
$9B/85FE A8          TAY                     A:DDC0 X:0008 Y:EEE0 P:eNvmxdizC
$9B/85FF 8A          TXA                     A:DDC0 X:0008 Y:DDC0 P:eNvmxdizC
$9B/8600 04 15       TSB $15    [$00:0015]   A:0008 X:0008 Y:DDC0 P:envmxdizC
$9B/8602 98          TYA                     A:0008 X:0008 Y:DDC0 P:envmxdiZC
$9B/8603 0A          ASL A                   A:DDC0 X:0008 Y:DDC0 P:eNvmxdizC
$9B/8604 90 05       BCC $05    [$860B]      A:BB80 X:0008 Y:DDC0 P:eNvmxdizC
$9B/8606 A8          TAY                     A:BB80 X:0008 Y:DDC0 P:eNvmxdizC
$9B/8607 8A          TXA                     A:BB80 X:0008 Y:BB80 P:eNvmxdizC
$9B/8608 04 14       TSB $14    [$00:0014]   A:0008 X:0008 Y:BB80 P:envmxdizC
$9B/860A 98          TYA                     A:0008 X:0008 Y:BB80 P:envmxdiZC
$9B/860B 0A          ASL A                   A:BB80 X:0008 Y:BB80 P:eNvmxdizC
$9B/860C 90 05       BCC $05    [$8613]      A:7700 X:0008 Y:BB80 P:envmxdizC
$9B/860E A8          TAY                     A:7700 X:0008 Y:BB80 P:envmxdizC
$9B/860F 8A          TXA                     A:7700 X:0008 Y:7700 P:envmxdizC
$9B/8610 04 17       TSB $17    [$00:0017]   A:0008 X:0008 Y:7700 P:envmxdizC
$9B/8612 98          TYA                     A:0008 X:0008 Y:7700 P:envmxdiZC
$9B/8613 0A          ASL A                   A:7700 X:0008 Y:7700 P:envmxdizC
$9B/8614 90 05       BCC $05    [$861B]      A:EE00 X:0008 Y:7700 P:eNvmxdizc
$9B/861B A8          TAY                     A:EE00 X:0008 Y:7700 P:eNvmxdizc
$9B/861C 8A          TXA                     A:EE00 X:0008 Y:EE00 P:eNvmxdizc
$9B/861D 4A          LSR A                   A:0008 X:0008 Y:EE00 P:envmxdizc
$9B/861E AA          TAX                     A:0004 X:0008 Y:EE00 P:envmxdizc
$9B/861F E0 10 00    CPX #$0010              A:0004 X:0004 Y:EE00 P:envmxdizc
$9B/8622 B0 D6       BCS $D6    [$85FA]      A:0004 X:0004 Y:EE00 P:eNvmxdizc
$9B/8624 E0 00 00    CPX #$0000              A:0004 X:0004 Y:EE00 P:eNvmxdizc
$9B/8627 F0 0E       BEQ $0E    [$8637]      A:0004 X:0004 Y:EE00 P:envmxdizC
$9B/8629 E0 08 00    CPX #$0008              A:0004 X:0004 Y:EE00 P:envmxdizC
$9B/862C 90 CC       BCC $CC    [$85FA]      A:0004 X:0004 Y:EE00 P:eNvmxdizc
$9B/85FA 98          TYA                     A:0004 X:0004 Y:EE00 P:eNvmxdizc
$9B/85FB 0A          ASL A                   A:EE00 X:0004 Y:EE00 P:eNvmxdizc
$9B/85FC 90 05       BCC $05    [$8603]      A:DC00 X:0004 Y:EE00 P:eNvmxdizC
$9B/85FE A8          TAY                     A:DC00 X:0004 Y:EE00 P:eNvmxdizC
$9B/85FF 8A          TXA                     A:DC00 X:0004 Y:DC00 P:eNvmxdizC
$9B/8600 04 15       TSB $15    [$00:0015]   A:0004 X:0004 Y:DC00 P:envmxdizC
$9B/8602 98          TYA                     A:0004 X:0004 Y:DC00 P:envmxdiZC
$9B/8603 0A          ASL A                   A:DC00 X:0004 Y:DC00 P:eNvmxdizC
$9B/8604 90 05       BCC $05    [$860B]      A:B800 X:0004 Y:DC00 P:eNvmxdizC
$9B/8606 A8          TAY                     A:B800 X:0004 Y:DC00 P:eNvmxdizC
$9B/8607 8A          TXA                     A:B800 X:0004 Y:B800 P:eNvmxdizC
$9B/8608 04 14       TSB $14    [$00:0014]   A:0004 X:0004 Y:B800 P:envmxdizC
$9B/860A 98          TYA                     A:0004 X:0004 Y:B800 P:envmxdiZC
$9B/860B 0A          ASL A                   A:B800 X:0004 Y:B800 P:eNvmxdizC
$9B/860C 90 05       BCC $05    [$8613]      A:7000 X:0004 Y:B800 P:envmxdizC
$9B/860E A8          TAY                     A:7000 X:0004 Y:B800 P:envmxdizC
$9B/860F 8A          TXA                     A:7000 X:0004 Y:7000 P:envmxdizC
$9B/8610 04 17       TSB $17    [$00:0017]   A:0004 X:0004 Y:7000 P:envmxdizC
$9B/8612 98          TYA                     A:0004 X:0004 Y:7000 P:envmxdiZC
$9B/8613 0A          ASL A                   A:7000 X:0004 Y:7000 P:envmxdizC
$9B/8614 90 05       BCC $05    [$861B]      A:E000 X:0004 Y:7000 P:eNvmxdizc
$9B/861B A8          TAY                     A:E000 X:0004 Y:7000 P:eNvmxdizc
$9B/861C 8A          TXA                     A:E000 X:0004 Y:E000 P:eNvmxdizc
$9B/861D 4A          LSR A                   A:0004 X:0004 Y:E000 P:envmxdizc
$9B/861E AA          TAX                     A:0002 X:0004 Y:E000 P:envmxdizc
$9B/861F E0 10 00    CPX #$0010              A:0002 X:0002 Y:E000 P:envmxdizc
$9B/8622 B0 D6       BCS $D6    [$85FA]      A:0002 X:0002 Y:E000 P:eNvmxdizc
$9B/8624 E0 00 00    CPX #$0000              A:0002 X:0002 Y:E000 P:eNvmxdizc
$9B/8627 F0 0E       BEQ $0E    [$8637]      A:0002 X:0002 Y:E000 P:envmxdizC
$9B/8629 E0 08 00    CPX #$0008              A:0002 X:0002 Y:E000 P:envmxdizC
$9B/862C 90 CC       BCC $CC    [$85FA]      A:0002 X:0002 Y:E000 P:eNvmxdizc
$9B/85FA 98          TYA                     A:0002 X:0002 Y:E000 P:eNvmxdizc
$9B/85FB 0A          ASL A                   A:E000 X:0002 Y:E000 P:eNvmxdizc
$9B/85FC 90 05       BCC $05    [$8603]      A:C000 X:0002 Y:E000 P:eNvmxdizC
$9B/85FE A8          TAY                     A:C000 X:0002 Y:E000 P:eNvmxdizC
$9B/85FF 8A          TXA                     A:C000 X:0002 Y:C000 P:eNvmxdizC
$9B/8600 04 15       TSB $15    [$00:0015]   A:0002 X:0002 Y:C000 P:envmxdizC
$9B/8602 98          TYA                     A:0002 X:0002 Y:C000 P:envmxdiZC
$9B/8603 0A          ASL A                   A:C000 X:0002 Y:C000 P:eNvmxdizC
$9B/8604 90 05       BCC $05    [$860B]      A:8000 X:0002 Y:C000 P:eNvmxdizC
$9B/8606 A8          TAY                     A:8000 X:0002 Y:C000 P:eNvmxdizC
$9B/8607 8A          TXA                     A:8000 X:0002 Y:8000 P:eNvmxdizC
$9B/8608 04 14       TSB $14    [$00:0014]   A:0002 X:0002 Y:8000 P:envmxdizC
$9B/860A 98          TYA                     A:0002 X:0002 Y:8000 P:envmxdiZC
$9B/860B 0A          ASL A                   A:8000 X:0002 Y:8000 P:eNvmxdizC
$9B/860C 90 05       BCC $05    [$8613]      A:0000 X:0002 Y:8000 P:envmxdiZC
$9B/860E A8          TAY                     A:0000 X:0002 Y:8000 P:envmxdiZC
$9B/860F 8A          TXA                     A:0000 X:0002 Y:0000 P:envmxdiZC
$9B/8610 04 17       TSB $17    [$00:0017]   A:0002 X:0002 Y:0000 P:envmxdizC
$9B/8612 98          TYA                     A:0002 X:0002 Y:0000 P:envmxdiZC
$9B/8613 0A          ASL A                   A:0000 X:0002 Y:0000 P:envmxdiZC
$9B/8614 90 05       BCC $05    [$861B]      A:0000 X:0002 Y:0000 P:envmxdiZc
$9B/861B A8          TAY                     A:0000 X:0002 Y:0000 P:envmxdiZc
$9B/861C 8A          TXA                     A:0000 X:0002 Y:0000 P:envmxdiZc
$9B/861D 4A          LSR A                   A:0002 X:0002 Y:0000 P:envmxdizc
$9B/861E AA          TAX                     A:0001 X:0002 Y:0000 P:envmxdizc
$9B/861F E0 10 00    CPX #$0010              A:0001 X:0001 Y:0000 P:envmxdizc
$9B/8622 B0 D6       BCS $D6    [$85FA]      A:0001 X:0001 Y:0000 P:eNvmxdizc
$9B/8624 E0 00 00    CPX #$0000              A:0001 X:0001 Y:0000 P:eNvmxdizc
$9B/8627 F0 0E       BEQ $0E    [$8637]      A:0001 X:0001 Y:0000 P:envmxdizC
$9B/8629 E0 08 00    CPX #$0008              A:0001 X:0001 Y:0000 P:envmxdizC
$9B/862C 90 CC       BCC $CC    [$85FA]      A:0001 X:0001 Y:0000 P:eNvmxdizc
$9B/85FA 98          TYA                     A:0001 X:0001 Y:0000 P:eNvmxdizc
$9B/85FB 0A          ASL A                   A:0000 X:0001 Y:0000 P:envmxdiZc
$9B/85FC 90 05       BCC $05    [$8603]      A:0000 X:0001 Y:0000 P:envmxdiZc
$9B/8603 0A          ASL A                   A:0000 X:0001 Y:0000 P:envmxdiZc
$9B/8604 90 05       BCC $05    [$860B]      A:0000 X:0001 Y:0000 P:envmxdiZc
$9B/860B 0A          ASL A                   A:0000 X:0001 Y:0000 P:envmxdiZc
$9B/860C 90 05       BCC $05    [$8613]      A:0000 X:0001 Y:0000 P:envmxdiZc
$9B/8613 0A          ASL A                   A:0000 X:0001 Y:0000 P:envmxdiZc
$9B/8614 90 05       BCC $05    [$861B]      A:0000 X:0001 Y:0000 P:envmxdiZc
$9B/861B A8          TAY                     A:0000 X:0001 Y:0000 P:envmxdiZc
$9B/861C 8A          TXA                     A:0000 X:0001 Y:0000 P:envmxdiZc
$9B/861D 4A          LSR A                   A:0001 X:0001 Y:0000 P:envmxdizc
$9B/861E AA          TAX                     A:0000 X:0001 Y:0000 P:envmxdiZC
$9B/861F E0 10 00    CPX #$0010              A:0000 X:0000 Y:0000 P:envmxdiZC
$9B/8622 B0 D6       BCS $D6    [$85FA]      A:0000 X:0000 Y:0000 P:eNvmxdizc
$9B/8624 E0 00 00    CPX #$0000              A:0000 X:0000 Y:0000 P:eNvmxdizc
$9B/8627 F0 0E       BEQ $0E    [$8637]      A:0000 X:0000 Y:0000 P:envmxdiZC
$9B/8637 A5 06       LDA $06    [$00:0006]   A:0000 X:0000 Y:0000 P:envmxdiZC
$9B/8639 1A          INC A                   A:046A X:0000 Y:0000 P:envmxdizC
$9B/863A 1A          INC A                   A:046B X:0000 Y:0000 P:envmxdizC
$9B/863B A8          TAY                     A:046C X:0000 Y:0000 P:envmxdizC
$9B/863C 29 10 00    AND #$0010              A:046C X:0000 Y:046C P:envmxdizC
$9B/863F F0 06       BEQ $06    [$8647]      A:0000 X:0000 Y:046C P:envmxdiZC
$9B/8647 84 06       STY $06    [$00:0006]   A:0000 X:0000 Y:046C P:envmxdiZC
$9B/8649 A5 16       LDA $16    [$00:0016]   A:0000 X:0000 Y:046C P:envmxdiZC
$9B/864B 91 10       STA ($10),y[$7F:556C]   A:FE00 X:0000 Y:046C P:eNvmxdizC
$9B/864D 98          TYA                     A:FE00 X:0000 Y:046C P:eNvmxdizC
$9B/864E 18          CLC                     A:046C X:0000 Y:046C P:envmxdizC
$9B/864F 69 10 00    ADC #$0010              A:046C X:0000 Y:046C P:envmxdizc
$9B/8652 A8          TAY                     A:047C X:0000 Y:046C P:envmxdizc
$9B/8653 A5 14       LDA $14    [$00:0014]   A:047C X:0000 Y:047C P:envmxdizc
$9B/8655 91 10       STA ($10),y[$7F:557C]   A:FEFE X:0000 Y:047C P:eNvmxdizc
$9B/8657 E6 04       INC $04    [$00:0004]   A:FEFE X:0000 Y:047C P:eNvmxdizc
$9B/8659 C6 00       DEC $00    [$00:0000]   A:FEFE X:0000 Y:047C P:envmxdizc
$9B/865B 10 8B       BPL $8B    [$85E8]      A:FEFE X:0000 Y:047C P:envmxdizc
$9B/85E8 A2 80 00    LDX #$0080              A:FEFE X:0000 Y:047C P:envmxdizc
$9B/85EB 64 14       STZ $14    [$00:0014]   A:FEFE X:0080 Y:047C P:envmxdizc
$9B/85ED 64 16       STZ $16    [$00:0016]   A:FEFE X:0080 Y:047C P:envmxdizc
$9B/85EF A5 04       LDA $04    [$00:0004]   A:FEFE X:0080 Y:047C P:envmxdizc
$9B/85F1 0A          ASL A                   A:011F X:0080 Y:047C P:envmxdizc
$9B/85F2 0A          ASL A                   A:023E X:0080 Y:047C P:envmxdizc
$9B/85F3 A8          TAY                     A:047C X:0080 Y:047C P:envmxdizc
$9B/85F4 B1 0C       LDA ($0C),y[$7F:047C]   A:047C X:0080 Y:047C P:envmxdizc
$9B/85F6 F0 E4       BEQ $E4    [$85DC]      A:EEEE X:0080 Y:047C P:eNvmxdizc
$9B/85F8 EB          XBA                     A:EEEE X:0080 Y:047C P:eNvmxdizc
$9B/85F9 A8          TAY                     A:EEEE X:0080 Y:047C P:eNvmxdizc
$9B/85FA 98          TYA                     A:EEEE X:0080 Y:EEEE P:eNvmxdizc
$9B/85FB 0A          ASL A                   A:EEEE X:0080 Y:EEEE P:eNvmxdizc
$9B/85FC 90 05       BCC $05    [$8603]      A:DDDC X:0080 Y:EEEE P:eNvmxdizC
$9B/85FE A8          TAY                     A:DDDC X:0080 Y:EEEE P:eNvmxdizC
$9B/85FF 8A          TXA                     A:DDDC X:0080 Y:DDDC P:eNvmxdizC
$9B/8600 04 15       TSB $15    [$00:0015]   A:0080 X:0080 Y:DDDC P:envmxdizC
$9B/8602 98          TYA                     A:0080 X:0080 Y:DDDC P:envmxdiZC
$9B/8603 0A          ASL A                   A:DDDC X:0080 Y:DDDC P:eNvmxdizC
$9B/8604 90 05       BCC $05    [$860B]      A:BBB8 X:0080 Y:DDDC P:eNvmxdizC
$9B/8606 A8          TAY                     A:BBB8 X:0080 Y:DDDC P:eNvmxdizC
$9B/8607 8A          TXA                     A:BBB8 X:0080 Y:BBB8 P:eNvmxdizC
$9B/8608 04 14       TSB $14    [$00:0014]   A:0080 X:0080 Y:BBB8 P:envmxdizC
$9B/860A 98          TYA                     A:0080 X:0080 Y:BBB8 P:envmxdiZC
$9B/860B 0A          ASL A                   A:BBB8 X:0080 Y:BBB8 P:eNvmxdizC
$9B/860C 90 05       BCC $05    [$8613]      A:7770 X:0080 Y:BBB8 P:envmxdizC
$9B/860E A8          TAY                     A:7770 X:0080 Y:BBB8 P:envmxdizC
$9B/860F 8A          TXA                     A:7770 X:0080 Y:7770 P:envmxdizC
$9B/8610 04 17       TSB $17    [$00:0017]   A:0080 X:0080 Y:7770 P:envmxdizC
$9B/8612 98          TYA                     A:0080 X:0080 Y:7770 P:envmxdiZC
$9B/8613 0A          ASL A                   A:7770 X:0080 Y:7770 P:envmxdizC
$9B/8614 90 05       BCC $05    [$861B]      A:EEE0 X:0080 Y:7770 P:eNvmxdizc
$9B/861B A8          TAY                     A:EEE0 X:0080 Y:7770 P:eNvmxdizc
$9B/861C 8A          TXA                     A:EEE0 X:0080 Y:EEE0 P:eNvmxdizc
$9B/861D 4A          LSR A                   A:0080 X:0080 Y:EEE0 P:envmxdizc
$9B/861E AA          TAX                     A:0040 X:0080 Y:EEE0 P:envmxdizc
$9B/861F E0 10 00    CPX #$0010              A:0040 X:0040 Y:EEE0 P:envmxdizc
$9B/8622 B0 D6       BCS $D6    [$85FA]      A:0040 X:0040 Y:EEE0 P:envmxdizC
$9B/85FA 98          TYA                     A:0040 X:0040 Y:EEE0 P:envmxdizC
$9B/85FB 0A          ASL A                   A:EEE0 X:0040 Y:EEE0 P:eNvmxdizC
$9B/85FC 90 05       BCC $05    [$8603]      A:DDC0 X:0040 Y:EEE0 P:eNvmxdizC
$9B/85FE A8          TAY                     A:DDC0 X:0040 Y:EEE0 P:eNvmxdizC
$9B/85FF 8A          TXA                     A:DDC0 X:0040 Y:DDC0 P:eNvmxdizC
$9B/8600 04 15       TSB $15    [$00:0015]   A:0040 X:0040 Y:DDC0 P:envmxdizC
$9B/8602 98          TYA                     A:0040 X:0040 Y:DDC0 P:envmxdiZC
$9B/8603 0A          ASL A                   A:DDC0 X:0040 Y:DDC0 P:eNvmxdizC
$9B/8604 90 05       BCC $05    [$860B]      A:BB80 X:0040 Y:DDC0 P:eNvmxdizC
$9B/8606 A8          TAY                     A:BB80 X:0040 Y:DDC0 P:eNvmxdizC
$9B/8607 8A          TXA                     A:BB80 X:0040 Y:BB80 P:eNvmxdizC
$9B/8608 04 14       TSB $14    [$00:0014]   A:0040 X:0040 Y:BB80 P:envmxdizC
$9B/860A 98          TYA                     A:0040 X:0040 Y:BB80 P:envmxdiZC
$9B/860B 0A          ASL A                   A:BB80 X:0040 Y:BB80 P:eNvmxdizC
$9B/860C 90 05       BCC $05    [$8613]      A:7700 X:0040 Y:BB80 P:envmxdizC
$9B/860E A8          TAY                     A:7700 X:0040 Y:BB80 P:envmxdizC
$9B/860F 8A          TXA                     A:7700 X:0040 Y:7700 P:envmxdizC
$9B/8610 04 17       TSB $17    [$00:0017]   A:0040 X:0040 Y:7700 P:envmxdizC
$9B/8612 98          TYA                     A:0040 X:0040 Y:7700 P:envmxdiZC
$9B/8613 0A          ASL A                   A:7700 X:0040 Y:7700 P:envmxdizC
$9B/8614 90 05       BCC $05    [$861B]      A:EE00 X:0040 Y:7700 P:eNvmxdizc
$9B/861B A8          TAY                     A:EE00 X:0040 Y:7700 P:eNvmxdizc
$9B/861C 8A          TXA                     A:EE00 X:0040 Y:EE00 P:eNvmxdizc
$9B/861D 4A          LSR A                   A:0040 X:0040 Y:EE00 P:envmxdizc
$9B/861E AA          TAX                     A:0020 X:0040 Y:EE00 P:envmxdizc
$9B/861F E0 10 00    CPX #$0010              A:0020 X:0020 Y:EE00 P:envmxdizc
$9B/8622 B0 D6       BCS $D6    [$85FA]      A:0020 X:0020 Y:EE00 P:envmxdizC
$9B/85FA 98          TYA                     A:0020 X:0020 Y:EE00 P:envmxdizC
$9B/85FB 0A          ASL A                   A:EE00 X:0020 Y:EE00 P:eNvmxdizC
$9B/85FC 90 05       BCC $05    [$8603]      A:DC00 X:0020 Y:EE00 P:eNvmxdizC
$9B/85FE A8          TAY                     A:DC00 X:0020 Y:EE00 P:eNvmxdizC
$9B/85FF 8A          TXA                     A:DC00 X:0020 Y:DC00 P:eNvmxdizC
$9B/8600 04 15       TSB $15    [$00:0015]   A:0020 X:0020 Y:DC00 P:envmxdizC
$9B/8602 98          TYA                     A:0020 X:0020 Y:DC00 P:envmxdiZC
$9B/8603 0A          ASL A                   A:DC00 X:0020 Y:DC00 P:eNvmxdizC
$9B/8604 90 05       BCC $05    [$860B]      A:B800 X:0020 Y:DC00 P:eNvmxdizC
$9B/8606 A8          TAY                     A:B800 X:0020 Y:DC00 P:eNvmxdizC
$9B/8607 8A          TXA                     A:B800 X:0020 Y:B800 P:eNvmxdizC
$9B/8608 04 14       TSB $14    [$00:0014]   A:0020 X:0020 Y:B800 P:envmxdizC
$9B/860A 98          TYA                     A:0020 X:0020 Y:B800 P:envmxdiZC
$9B/860B 0A          ASL A                   A:B800 X:0020 Y:B800 P:eNvmxdizC
$9B/860C 90 05       BCC $05    [$8613]      A:7000 X:0020 Y:B800 P:envmxdizC
$9B/860E A8          TAY                     A:7000 X:0020 Y:B800 P:envmxdizC
$9B/860F 8A          TXA                     A:7000 X:0020 Y:7000 P:envmxdizC
$9B/8610 04 17       TSB $17    [$00:0017]   A:0020 X:0020 Y:7000 P:envmxdizC
$9B/8612 98          TYA                     A:0020 X:0020 Y:7000 P:envmxdiZC
$9B/8613 0A          ASL A                   A:7000 X:0020 Y:7000 P:envmxdizC
$9B/8614 90 05       BCC $05    [$861B]      A:E000 X:0020 Y:7000 P:eNvmxdizc
$9B/861B A8          TAY                     A:E000 X:0020 Y:7000 P:eNvmxdizc
$9B/861C 8A          TXA                     A:E000 X:0020 Y:E000 P:eNvmxdizc
$9B/861D 4A          LSR A                   A:0020 X:0020 Y:E000 P:envmxdizc
$9B/861E AA          TAX                     A:0010 X:0020 Y:E000 P:envmxdizc
$9B/861F E0 10 00    CPX #$0010              A:0010 X:0010 Y:E000 P:envmxdizc
$9B/8622 B0 D6       BCS $D6    [$85FA]      A:0010 X:0010 Y:E000 P:envmxdiZC
$9B/85FA 98          TYA                     A:0010 X:0010 Y:E000 P:envmxdiZC
$9B/85FB 0A          ASL A                   A:E000 X:0010 Y:E000 P:eNvmxdizC
$9B/85FC 90 05       BCC $05    [$8603]      A:C000 X:0010 Y:E000 P:eNvmxdizC
$9B/85FE A8          TAY                     A:C000 X:0010 Y:E000 P:eNvmxdizC
$9B/85FF 8A          TXA                     A:C000 X:0010 Y:C000 P:eNvmxdizC
$9B/8600 04 15       TSB $15    [$00:0015]   A:0010 X:0010 Y:C000 P:envmxdizC
$9B/8602 98          TYA                     A:0010 X:0010 Y:C000 P:envmxdiZC
$9B/8603 0A          ASL A                   A:C000 X:0010 Y:C000 P:eNvmxdizC
$9B/8604 90 05       BCC $05    [$860B]      A:8000 X:0010 Y:C000 P:eNvmxdizC
$9B/8606 A8          TAY                     A:8000 X:0010 Y:C000 P:eNvmxdizC
$9B/8607 8A          TXA                     A:8000 X:0010 Y:8000 P:eNvmxdizC
$9B/8608 04 14       TSB $14    [$00:0014]   A:0010 X:0010 Y:8000 P:envmxdizC
$9B/860A 98          TYA                     A:0010 X:0010 Y:8000 P:envmxdiZC
$9B/860B 0A          ASL A                   A:8000 X:0010 Y:8000 P:eNvmxdizC
$9B/860C 90 05       BCC $05    [$8613]      A:0000 X:0010 Y:8000 P:envmxdiZC
$9B/860E A8          TAY                     A:0000 X:0010 Y:8000 P:envmxdiZC
$9B/860F 8A          TXA                     A:0000 X:0010 Y:0000 P:envmxdiZC
$9B/8610 04 17       TSB $17    [$00:0017]   A:0010 X:0010 Y:0000 P:envmxdizC
$9B/8612 98          TYA                     A:0010 X:0010 Y:0000 P:envmxdiZC
$9B/8613 0A          ASL A                   A:0000 X:0010 Y:0000 P:envmxdiZC
$9B/8614 90 05       BCC $05    [$861B]      A:0000 X:0010 Y:0000 P:envmxdiZc
$9B/861B A8          TAY                     A:0000 X:0010 Y:0000 P:envmxdiZc
$9B/861C 8A          TXA                     A:0000 X:0010 Y:0000 P:envmxdiZc
$9B/861D 4A          LSR A                   A:0010 X:0010 Y:0000 P:envmxdizc
$9B/861E AA          TAX                     A:0008 X:0010 Y:0000 P:envmxdizc
$9B/861F E0 10 00    CPX #$0010              A:0008 X:0008 Y:0000 P:envmxdizc
$9B/8622 B0 D6       BCS $D6    [$85FA]      A:0008 X:0008 Y:0000 P:eNvmxdizc
$9B/8624 E0 00 00    CPX #$0000              A:0008 X:0008 Y:0000 P:eNvmxdizc
$9B/8627 F0 0E       BEQ $0E    [$8637]      A:0008 X:0008 Y:0000 P:envmxdizC
$9B/8629 E0 08 00    CPX #$0008              A:0008 X:0008 Y:0000 P:envmxdizC
$9B/862C 90 CC       BCC $CC    [$85FA]      A:0008 X:0008 Y:0000 P:envmxdiZC
$9B/862E A5 04       LDA $04    [$00:0004]   A:0008 X:0008 Y:0000 P:envmxdiZC
$9B/8630 0A          ASL A                   A:011F X:0008 Y:0000 P:envmxdizC
$9B/8631 0A          ASL A                   A:023E X:0008 Y:0000 P:envmxdizc
$9B/8632 A8          TAY                     A:047C X:0008 Y:0000 P:envmxdizc
$9B/8633 C8          INY                     A:047C X:0008 Y:047C P:envmxdizc
$9B/8634 C8          INY                     A:047C X:0008 Y:047D P:envmxdizc
$9B/8635 80 BD       BRA $BD    [$85F4]      A:047C X:0008 Y:047E P:envmxdizc
$9B/85F4 B1 0C       LDA ($0C),y[$7F:047E]   A:047C X:0008 Y:047E P:envmxdizc
$9B/85F6 F0 E4       BEQ $E4    [$85DC]      A:EEEE X:0008 Y:047E P:eNvmxdizc
$9B/85F8 EB          XBA                     A:EEEE X:0008 Y:047E P:eNvmxdizc
$9B/85F9 A8          TAY                     A:EEEE X:0008 Y:047E P:eNvmxdizc
$9B/85FA 98          TYA                     A:EEEE X:0008 Y:EEEE P:eNvmxdizc
$9B/85FB 0A          ASL A                   A:EEEE X:0008 Y:EEEE P:eNvmxdizc
$9B/85FC 90 05       BCC $05    [$8603]      A:DDDC X:0008 Y:EEEE P:eNvmxdizC
$9B/85FE A8          TAY                     A:DDDC X:0008 Y:EEEE P:eNvmxdizC
$9B/85FF 8A          TXA                     A:DDDC X:0008 Y:DDDC P:eNvmxdizC
$9B/8600 04 15       TSB $15    [$00:0015]   A:0008 X:0008 Y:DDDC P:envmxdizC
$9B/8602 98          TYA                     A:0008 X:0008 Y:DDDC P:envmxdiZC
$9B/8603 0A          ASL A                   A:DDDC X:0008 Y:DDDC P:eNvmxdizC
$9B/8604 90 05       BCC $05    [$860B]      A:BBB8 X:0008 Y:DDDC P:eNvmxdizC
$9B/8606 A8          TAY                     A:BBB8 X:0008 Y:DDDC P:eNvmxdizC
$9B/8607 8A          TXA                     A:BBB8 X:0008 Y:BBB8 P:eNvmxdizC
$9B/8608 04 14       TSB $14    [$00:0014]   A:0008 X:0008 Y:BBB8 P:envmxdizC
$9B/860A 98          TYA                     A:0008 X:0008 Y:BBB8 P:envmxdiZC
$9B/860B 0A          ASL A                   A:BBB8 X:0008 Y:BBB8 P:eNvmxdizC
$9B/860C 90 05       BCC $05    [$8613]      A:7770 X:0008 Y:BBB8 P:envmxdizC
$9B/860E A8          TAY                     A:7770 X:0008 Y:BBB8 P:envmxdizC
$9B/860F 8A          TXA                     A:7770 X:0008 Y:7770 P:envmxdizC
$9B/8610 04 17       TSB $17    [$00:0017]   A:0008 X:0008 Y:7770 P:envmxdizC
$9B/8612 98          TYA                     A:0008 X:0008 Y:7770 P:envmxdiZC
$9B/8613 0A          ASL A                   A:7770 X:0008 Y:7770 P:envmxdizC
$9B/8614 90 05       BCC $05    [$861B]      A:EEE0 X:0008 Y:7770 P:eNvmxdizc
$9B/861B A8          TAY                     A:EEE0 X:0008 Y:7770 P:eNvmxdizc
$9B/861C 8A          TXA                     A:EEE0 X:0008 Y:EEE0 P:eNvmxdizc
$9B/861D 4A          LSR A                   A:0008 X:0008 Y:EEE0 P:envmxdizc
$9B/861E AA          TAX                     A:0004 X:0008 Y:EEE0 P:envmxdizc
$9B/861F E0 10 00    CPX #$0010              A:0004 X:0004 Y:EEE0 P:envmxdizc
$9B/8622 B0 D6       BCS $D6    [$85FA]      A:0004 X:0004 Y:EEE0 P:eNvmxdizc
$9B/8624 E0 00 00    CPX #$0000              A:0004 X:0004 Y:EEE0 P:eNvmxdizc
$9B/8627 F0 0E       BEQ $0E    [$8637]      A:0004 X:0004 Y:EEE0 P:envmxdizC
$9B/8629 E0 08 00    CPX #$0008              A:0004 X:0004 Y:EEE0 P:envmxdizC
$9B/862C 90 CC       BCC $CC    [$85FA]      A:0004 X:0004 Y:EEE0 P:eNvmxdizc
$9B/85FA 98          TYA                     A:0004 X:0004 Y:EEE0 P:eNvmxdizc
$9B/85FB 0A          ASL A                   A:EEE0 X:0004 Y:EEE0 P:eNvmxdizc
$9B/85FC 90 05       BCC $05    [$8603]      A:DDC0 X:0004 Y:EEE0 P:eNvmxdizC
$9B/85FE A8          TAY                     A:DDC0 X:0004 Y:EEE0 P:eNvmxdizC
$9B/85FF 8A          TXA                     A:DDC0 X:0004 Y:DDC0 P:eNvmxdizC
$9B/8600 04 15       TSB $15    [$00:0015]   A:0004 X:0004 Y:DDC0 P:envmxdizC
$9B/8602 98          TYA                     A:0004 X:0004 Y:DDC0 P:envmxdiZC
$9B/8603 0A          ASL A                   A:DDC0 X:0004 Y:DDC0 P:eNvmxdizC
$9B/8604 90 05       BCC $05    [$860B]      A:BB80 X:0004 Y:DDC0 P:eNvmxdizC
$9B/8606 A8          TAY                     A:BB80 X:0004 Y:DDC0 P:eNvmxdizC
$9B/8607 8A          TXA                     A:BB80 X:0004 Y:BB80 P:eNvmxdizC
$9B/8608 04 14       TSB $14    [$00:0014]   A:0004 X:0004 Y:BB80 P:envmxdizC
$9B/860A 98          TYA                     A:0004 X:0004 Y:BB80 P:envmxdiZC
$9B/860B 0A          ASL A                   A:BB80 X:0004 Y:BB80 P:eNvmxdizC
$9B/860C 90 05       BCC $05    [$8613]      A:7700 X:0004 Y:BB80 P:envmxdizC
$9B/860E A8          TAY                     A:7700 X:0004 Y:BB80 P:envmxdizC
$9B/860F 8A          TXA                     A:7700 X:0004 Y:7700 P:envmxdizC
$9B/8610 04 17       TSB $17    [$00:0017]   A:0004 X:0004 Y:7700 P:envmxdizC
$9B/8612 98          TYA                     A:0004 X:0004 Y:7700 P:envmxdiZC
$9B/8613 0A          ASL A                   A:7700 X:0004 Y:7700 P:envmxdizC
$9B/8614 90 05       BCC $05    [$861B]      A:EE00 X:0004 Y:7700 P:eNvmxdizc
$9B/861B A8          TAY                     A:EE00 X:0004 Y:7700 P:eNvmxdizc
*** IRQ
$00/84E5 5C E9 84 80 JMP $8084E9[$80:84E9]   A:EE00 X:0004 Y:EE00 P:eNvmxdIzc
$80/84E9 C2 30       REP #$30                A:EE00 X:0004 Y:EE00 P:eNvmxdIzc
$80/84EB 78          SEI                     A:EE00 X:0004 Y:EE00 P:eNvmxdIzc
$80/84EC 8B          PHB                     A:EE00 X:0004 Y:EE00 P:eNvmxdIzc
$80/84ED 4B          PHK                     A:EE00 X:0004 Y:EE00 P:eNvmxdIzc
$80/84EE AB          PLB                     A:EE00 X:0004 Y:EE00 P:eNvmxdIzc
$80/84EF 48          PHA                     A:EE00 X:0004 Y:EE00 P:eNvmxdIzc
$80/84F0 DA          PHX                     A:EE00 X:0004 Y:EE00 P:eNvmxdIzc
$80/84F1 5A          PHY                     A:EE00 X:0004 Y:EE00 P:eNvmxdIzc
$80/84F2 E2 10       SEP #$10                A:EE00 X:0004 Y:EE00 P:eNvmxdIzc
$80/84F4 AE 11 42    LDX $4211  [$80:4211]   A:EE00 X:0004 Y:0000 P:eNvmXdIzc
$80/84F7 A2 80       LDX #$80                A:EE00 X:00C2 Y:0000 P:eNvmXdIzc
$80/84F9 DA          PHX                     A:EE00 X:0080 Y:0000 P:eNvmXdIzc
$80/84FA F4 FF 84    PEA $84FF               A:EE00 X:0080 Y:0000 P:eNvmXdIzc
$80/84FD DC 8F 07    JML [$078F][$9D:CD0F]   A:EE00 X:0080 Y:0000 P:eNvmXdIzc
$9D/CD0F E2 20       SEP #$20                A:EE00 X:0080 Y:0000 P:eNvmXdIzc
$9D/CD11 A9 FC       LDA #$FC                A:EE00 X:0080 Y:0000 P:eNvMXdIzc
$9D/CD13 8D 0D 21    STA $210D  [$80:210D]   A:EEFC X:0080 Y:0000 P:eNvMXdIzc
$9D/CD16 A9 FF       LDA #$FF                A:EEFC X:0080 Y:0000 P:eNvMXdIzc
$9D/CD18 8D 0D 21    STA $210D  [$80:210D]   A:EEFF X:0080 Y:0000 P:eNvMXdIzc
$9D/CD1B A9 FB       LDA #$FB                A:EEFF X:0080 Y:0000 P:eNvMXdIzc
$9D/CD1D 8D 0E 21    STA $210E  [$80:210E]   A:EEFB X:0080 Y:0000 P:eNvMXdIzc
$9D/CD20 A9 FF       LDA #$FF                A:EEFB X:0080 Y:0000 P:eNvMXdIzc
$9D/CD22 8D 0E 21    STA $210E  [$80:210E]   A:EEFF X:0080 Y:0000 P:eNvMXdIzc
$9D/CD25 C2 20       REP #$20                A:EEFF X:0080 Y:0000 P:eNvMXdIzc
$9D/CD27 A9 34 CD    LDA #$CD34              A:EEFF X:0080 Y:0000 P:eNvmXdIzc
$9D/CD2A 8D 8F 07    STA $078F  [$80:078F]   A:CD34 X:0080 Y:0000 P:eNvmXdIzc
$9D/CD2D AD EF 1D    LDA $1DEF  [$80:1DEF]   A:CD34 X:0080 Y:0000 P:eNvmXdIzc
$9D/CD30 8D 09 42    STA $4209  [$80:4209]   A:0040 X:0080 Y:0000 P:envmXdIzc
$9D/CD33 6B          RTL                     A:0040 X:0080 Y:0000 P:envmXdIzc


$80/8500 C2 30       REP #$30                A:0040 X:0080 Y:0000 P:envmXdIzc
$80/8502 7A          PLY                     A:0040 X:0080 Y:0000 P:envmxdIzc
$80/8503 FA          PLX                     A:0040 X:0080 Y:EE00 P:eNvmxdIzc
$80/8504 68          PLA                     A:0040 X:0004 Y:EE00 P:envmxdIzc
$80/8505 AB          PLB                     A:EE00 X:0004 Y:EE00 P:eNvmxdIzc
$80/8506 40          RTI                     A:EE00 X:0004 Y:EE00 P:envmxdIzc
$9B/861C 8A          TXA                     A:EE00 X:0004 Y:EE00 P:eNvmxdizc
$9B/861D 4A          LSR A                   A:0004 X:0004 Y:EE00 P:envmxdizc
$9B/861E AA          TAX                     A:0002 X:0004 Y:EE00 P:envmxdizc
$9B/861F E0 10 00    CPX #$0010              A:0002 X:0002 Y:EE00 P:envmxdizc
$9B/8622 B0 D6       BCS $D6    [$85FA]      A:0002 X:0002 Y:EE00 P:eNvmxdizc
$9B/8624 E0 00 00    CPX #$0000              A:0002 X:0002 Y:EE00 P:eNvmxdizc
$9B/8627 F0 0E       BEQ $0E    [$8637]      A:0002 X:0002 Y:EE00 P:envmxdizC
$9B/8629 E0 08 00    CPX #$0008              A:0002 X:0002 Y:EE00 P:envmxdizC
$9B/862C 90 CC       BCC $CC    [$85FA]      A:0002 X:0002 Y:EE00 P:eNvmxdizc
$9B/85FA 98          TYA                     A:0002 X:0002 Y:EE00 P:eNvmxdizc
$9B/85FB 0A          ASL A                   A:EE00 X:0002 Y:EE00 P:eNvmxdizc
$9B/85FC 90 05       BCC $05    [$8603]      A:DC00 X:0002 Y:EE00 P:eNvmxdizC
$9B/85FE A8          TAY                     A:DC00 X:0002 Y:EE00 P:eNvmxdizC
$9B/85FF 8A          TXA                     A:DC00 X:0002 Y:DC00 P:eNvmxdizC
$9B/8600 04 15       TSB $15    [$00:0015]   A:0002 X:0002 Y:DC00 P:envmxdizC
$9B/8602 98          TYA                     A:0002 X:0002 Y:DC00 P:envmxdiZC
$9B/8603 0A          ASL A                   A:DC00 X:0002 Y:DC00 P:eNvmxdizC
$9B/8604 90 05       BCC $05    [$860B]      A:B800 X:0002 Y:DC00 P:eNvmxdizC
$9B/8606 A8          TAY                     A:B800 X:0002 Y:DC00 P:eNvmxdizC
$9B/8607 8A          TXA                     A:B800 X:0002 Y:B800 P:eNvmxdizC
$9B/8608 04 14       TSB $14    [$00:0014]   A:0002 X:0002 Y:B800 P:envmxdizC
$9B/860A 98          TYA                     A:0002 X:0002 Y:B800 P:envmxdiZC
$9B/860B 0A          ASL A                   A:B800 X:0002 Y:B800 P:eNvmxdizC
$9B/860C 90 05       BCC $05    [$8613]      A:7000 X:0002 Y:B800 P:envmxdizC
$9B/860E A8          TAY                     A:7000 X:0002 Y:B800 P:envmxdizC
$9B/860F 8A          TXA                     A:7000 X:0002 Y:7000 P:envmxdizC
$9B/8610 04 17       TSB $17    [$00:0017]   A:0002 X:0002 Y:7000 P:envmxdizC
$9B/8612 98          TYA                     A:0002 X:0002 Y:7000 P:envmxdiZC
$9B/8613 0A          ASL A                   A:7000 X:0002 Y:7000 P:envmxdizC
$9B/8614 90 05       BCC $05    [$861B]      A:E000 X:0002 Y:7000 P:eNvmxdizc
$9B/861B A8          TAY                     A:E000 X:0002 Y:7000 P:eNvmxdizc
$9B/861C 8A          TXA                     A:E000 X:0002 Y:E000 P:eNvmxdizc
$9B/861D 4A          LSR A                   A:0002 X:0002 Y:E000 P:envmxdizc
$9B/861E AA          TAX                     A:0001 X:0002 Y:E000 P:envmxdizc
$9B/861F E0 10 00    CPX #$0010              A:0001 X:0001 Y:E000 P:envmxdizc
$9B/8622 B0 D6       BCS $D6    [$85FA]      A:0001 X:0001 Y:E000 P:eNvmxdizc
$9B/8624 E0 00 00    CPX #$0000              A:0001 X:0001 Y:E000 P:eNvmxdizc
$9B/8627 F0 0E       BEQ $0E    [$8637]      A:0001 X:0001 Y:E000 P:envmxdizC
$9B/8629 E0 08 00    CPX #$0008              A:0001 X:0001 Y:E000 P:envmxdizC
$9B/862C 90 CC       BCC $CC    [$85FA]      A:0001 X:0001 Y:E000 P:eNvmxdizc
$9B/85FA 98          TYA                     A:0001 X:0001 Y:E000 P:eNvmxdizc
$9B/85FB 0A          ASL A                   A:E000 X:0001 Y:E000 P:eNvmxdizc
$9B/85FC 90 05       BCC $05    [$8603]      A:C000 X:0001 Y:E000 P:eNvmxdizC
$9B/85FE A8          TAY                     A:C000 X:0001 Y:E000 P:eNvmxdizC
$9B/85FF 8A          TXA                     A:C000 X:0001 Y:C000 P:eNvmxdizC
$9B/8600 04 15       TSB $15    [$00:0015]   A:0001 X:0001 Y:C000 P:envmxdizC
$9B/8602 98          TYA                     A:0001 X:0001 Y:C000 P:envmxdiZC
$9B/8603 0A          ASL A                   A:C000 X:0001 Y:C000 P:eNvmxdizC
$9B/8604 90 05       BCC $05    [$860B]      A:8000 X:0001 Y:C000 P:eNvmxdizC
$9B/8606 A8          TAY                     A:8000 X:0001 Y:C000 P:eNvmxdizC
$9B/8607 8A          TXA                     A:8000 X:0001 Y:8000 P:eNvmxdizC
$9B/8608 04 14       TSB $14    [$00:0014]   A:0001 X:0001 Y:8000 P:envmxdizC
$9B/860A 98          TYA                     A:0001 X:0001 Y:8000 P:envmxdiZC
$9B/860B 0A          ASL A                   A:8000 X:0001 Y:8000 P:eNvmxdizC
$9B/860C 90 05       BCC $05    [$8613]      A:0000 X:0001 Y:8000 P:envmxdiZC
$9B/860E A8          TAY                     A:0000 X:0001 Y:8000 P:envmxdiZC
$9B/860F 8A          TXA                     A:0000 X:0001 Y:0000 P:envmxdiZC
$9B/8610 04 17       TSB $17    [$00:0017]   A:0001 X:0001 Y:0000 P:envmxdizC
$9B/8612 98          TYA                     A:0001 X:0001 Y:0000 P:envmxdiZC
$9B/8613 0A          ASL A                   A:0000 X:0001 Y:0000 P:envmxdiZC
$9B/8614 90 05       BCC $05    [$861B]      A:0000 X:0001 Y:0000 P:envmxdiZc
$9B/861B A8          TAY                     A:0000 X:0001 Y:0000 P:envmxdiZc
$9B/861C 8A          TXA                     A:0000 X:0001 Y:0000 P:envmxdiZc
$9B/861D 4A          LSR A                   A:0001 X:0001 Y:0000 P:envmxdizc
$9B/861E AA          TAX                     A:0000 X:0001 Y:0000 P:envmxdiZC
$9B/861F E0 10 00    CPX #$0010              A:0000 X:0000 Y:0000 P:envmxdiZC
$9B/8622 B0 D6       BCS $D6    [$85FA]      A:0000 X:0000 Y:0000 P:eNvmxdizc
$9B/8624 E0 00 00    CPX #$0000              A:0000 X:0000 Y:0000 P:eNvmxdizc
$9B/8627 F0 0E       BEQ $0E    [$8637]      A:0000 X:0000 Y:0000 P:envmxdiZC
$9B/8637 A5 06       LDA $06    [$00:0006]   A:0000 X:0000 Y:0000 P:envmxdiZC
$9B/8639 1A          INC A                   A:046C X:0000 Y:0000 P:envmxdizC
$9B/863A 1A          INC A                   A:046D X:0000 Y:0000 P:envmxdizC
$9B/863B A8          TAY                     A:046E X:0000 Y:0000 P:envmxdizC
$9B/863C 29 10 00    AND #$0010              A:046E X:0000 Y:046E P:envmxdizC
$9B/863F F0 06       BEQ $06    [$8647]      A:0000 X:0000 Y:046E P:envmxdiZC
$9B/8647 84 06       STY $06    [$00:0006]   A:0000 X:0000 Y:046E P:envmxdiZC
$9B/8649 A5 16       LDA $16    [$00:0016]   A:0000 X:0000 Y:046E P:envmxdiZC
$9B/864B 91 10       STA ($10),y[$7F:556E]   A:FF00 X:0000 Y:046E P:eNvmxdizC
$9B/864D 98          TYA                     A:FF00 X:0000 Y:046E P:eNvmxdizC
$9B/864E 18          CLC                     A:046E X:0000 Y:046E P:envmxdizC
$9B/864F 69 10 00    ADC #$0010              A:046E X:0000 Y:046E P:envmxdizc
$9B/8652 A8          TAY                     A:047E X:0000 Y:046E P:envmxdizc
$9B/8653 A5 14       LDA $14    [$00:0014]   A:047E X:0000 Y:047E P:envmxdizc
$9B/8655 91 10       STA ($10),y[$7F:557E]   A:FFFF X:0000 Y:047E P:eNvmxdizc
$9B/8657 E6 04       INC $04    [$00:0004]   A:FFFF X:0000 Y:047E P:eNvmxdizc
$9B/8659 C6 00       DEC $00    [$00:0000]   A:FFFF X:0000 Y:047E P:envmxdizc
$9B/865B 10 8B       BPL $8B    [$85E8]      A:FFFF X:0000 Y:047E P:envmxdiZc
$9B/85E8 A2 80 00    LDX #$0080              A:FFFF X:0000 Y:047E P:envmxdiZc
$9B/85EB 64 14       STZ $14    [$00:0014]   A:FFFF X:0080 Y:047E P:envmxdizc
$9B/85ED 64 16       STZ $16    [$00:0016]   A:FFFF X:0080 Y:047E P:envmxdizc
$9B/85EF A5 04       LDA $04    [$00:0004]   A:FFFF X:0080 Y:047E P:envmxdizc
$9B/85F1 0A          ASL A                   A:0120 X:0080 Y:047E P:envmxdizc
$9B/85F2 0A          ASL A                   A:0240 X:0080 Y:047E P:envmxdizc
$9B/85F3 A8          TAY                     A:0480 X:0080 Y:047E P:envmxdizc
$9B/85F4 B1 0C       LDA ($0C),y[$7F:0480]   A:0480 X:0080 Y:0480 P:envmxdizc
$9B/85F6 F0 E4       BEQ $E4    [$85DC]      A:0000 X:0080 Y:0480 P:envmxdiZc
$9B/85DC 8A          TXA                     A:0000 X:0080 Y:0480 P:envmxdiZc
$9B/85DD 4A          LSR A                   A:0080 X:0080 Y:0480 P:envmxdizc
$9B/85DE 4A          LSR A                   A:0040 X:0080 Y:0480 P:envmxdizc
$9B/85DF 4A          LSR A                   A:0020 X:0080 Y:0480 P:envmxdizc
$9B/85E0 4A          LSR A                   A:0010 X:0080 Y:0480 P:envmxdizc
$9B/85E1 F0 54       BEQ $54    [$8637]      A:0008 X:0080 Y:0480 P:envmxdizc
$9B/85E3 AA          TAX                     A:0008 X:0080 Y:0480 P:envmxdizc
$9B/85E4 C8          INY                     A:0008 X:0008 Y:0480 P:envmxdizc
$9B/85E5 C8          INY                     A:0008 X:0008 Y:0481 P:envmxdizc
$9B/85E6 80 0C       BRA $0C    [$85F4]      A:0008 X:0008 Y:0482 P:envmxdizc
$9B/85F4 B1 0C       LDA ($0C),y[$7F:0482]   A:0008 X:0008 Y:0482 P:envmxdizc
$9B/85F6 F0 E4       BEQ $E4    [$85DC]      A:0000 X:0008 Y:0482 P:envmxdiZc
$9B/85DC 8A          TXA                     A:0000 X:0008 Y:0482 P:envmxdiZc
$9B/85DD 4A          LSR A                   A:0008 X:0008 Y:0482 P:envmxdizc
$9B/85DE 4A          LSR A                   A:0004 X:0008 Y:0482 P:envmxdizc
$9B/85DF 4A          LSR A                   A:0002 X:0008 Y:0482 P:envmxdizc
$9B/85E0 4A          LSR A                   A:0001 X:0008 Y:0482 P:envmxdizc
$9B/85E1 F0 54       BEQ $54    [$8637]      A:0000 X:0008 Y:0482 P:envmxdiZC
$9B/8637 A5 06       LDA $06    [$00:0006]   A:0000 X:0008 Y:0482 P:envmxdiZC
$9B/8639 1A          INC A                   A:046E X:0008 Y:0482 P:envmxdizC
$9B/863A 1A          INC A                   A:046F X:0008 Y:0482 P:envmxdizC
$9B/863B A8          TAY                     A:0470 X:0008 Y:0482 P:envmxdizC
$9B/863C 29 10 00    AND #$0010              A:0470 X:0008 Y:0470 P:envmxdizC
$9B/863F F0 06       BEQ $06    [$8647]      A:0010 X:0008 Y:0470 P:envmxdizC
$9B/8641 98          TYA                     A:0010 X:0008 Y:0470 P:envmxdizC
$9B/8642 18          CLC                     A:0470 X:0008 Y:0470 P:envmxdizC
$9B/8643 69 10 00    ADC #$0010              A:0470 X:0008 Y:0470 P:envmxdizc
$9B/8646 A8          TAY                     A:0480 X:0008 Y:0470 P:envmxdizc
$9B/8647 84 06       STY $06    [$00:0006]   A:0480 X:0008 Y:0480 P:envmxdizc
$9B/8649 A5 16       LDA $16    [$00:0016]   A:0480 X:0008 Y:0480 P:envmxdizc
$9B/864B 91 10       STA ($10),y[$7F:5580]   A:0000 X:0008 Y:0480 P:envmxdiZc
$9B/864D 98          TYA                     A:0000 X:0008 Y:0480 P:envmxdiZc
$9B/864E 18          CLC                     A:0480 X:0008 Y:0480 P:envmxdizc
$9B/864F 69 10 00    ADC #$0010              A:0480 X:0008 Y:0480 P:envmxdizc
$9B/8652 A8          TAY                     A:0490 X:0008 Y:0480 P:envmxdizc
$9B/8653 A5 14       LDA $14    [$00:0014]   A:0490 X:0008 Y:0490 P:envmxdizc
$9B/8655 91 10       STA ($10),y[$7F:5590]   A:0000 X:0008 Y:0490 P:envmxdiZc
$9B/8657 E6 04       INC $04    [$00:0004]   A:0000 X:0008 Y:0490 P:envmxdiZc
$9B/8659 C6 00       DEC $00    [$00:0000]   A:0000 X:0008 Y:0490 P:envmxdizc
$9B/865B 10 8B       BPL $8B    [$85E8]      A:0000 X:0008 Y:0490 P:eNvmxdizc
$9B/865D AB          PLB                     A:0000 X:0008 Y:0490 P:eNvmxdizc
$9B/865E 6B          RTL                     A:0000 X:0008 Y:0490 P:eNvmxdizc


$9D/CCA5 FA          PLX                     A:0000 X:0008 Y:0490 P:eNvmxdizc
$9D/CCA6 CA          DEX                     A:0000 X:0000 Y:0490 P:envmxdiZc
$9D/CCA7 CA          DEX                     A:0000 X:FFFF Y:0490 P:eNvmxdizc
$9D/CCA8 10 9E       BPL $9E    [$CC48]      A:0000 X:FFFE Y:0490 P:eNvmxdizc
$9D/CCAA 68          PLA                     A:0000 X:FFFE Y:0490 P:eNvmxdizc
$9D/CCAB 85 A5       STA $A5    [$00:00A5]   A:0000 X:FFFE Y:0490 P:envmxdiZc
